Log file open, 10/29/18 18:33:49
LogWindows: Failed to load 'aqProf.dll' (GetLastError=126)
LogWindows: File 'aqProf.dll' does not exist
LogWindows: Failed to load 'VSPerf140.dll' (GetLastError=126)
LogWindows: File 'VSPerf140.dll' does not exist
LogWindows: Failed to load 'VtuneApi.dll' (GetLastError=126)
LogWindows: File 'VtuneApi.dll' does not exist
LogWindows: Failed to load 'VtuneApi32e.dll' (GetLastError=126)
LogWindows: File 'VtuneApi32e.dll' does not exist
LogInit: Display: Running engine for game: Studio2ProjectT3
LogPlatformFile: Not using cached read wrapper
LogTaskGraph: Started task graph with 5 named threads and 11 total threads with 3 sets of task threads.
LogStats: Stats thread started at 0.187422
LogD3D11RHI: Loaded GFSDK_Aftermath_Lib.x64.dll
LogICUInternationalization: Display: ICU TimeZone Detection - Raw Offset: +10:00, Platform Override: ''
LogPluginManager: Mounting plugin Paper2D
LogPluginManager: Mounting plugin AISupport
LogPluginManager: Mounting plugin LightPropagationVolume
LogPluginManager: Mounting plugin CLionSourceCodeAccess
LogPluginManager: Mounting plugin CodeLiteSourceCodeAccess
LogPluginManager: Mounting plugin GitSourceControl
LogPluginManager: Mounting plugin KDevelopSourceCodeAccess
LogPluginManager: Mounting plugin NullSourceCodeAccess
LogPluginManager: Mounting plugin PerforceSourceControl
LogPluginManager: Mounting plugin SubversionSourceControl
LogPluginManager: Mounting plugin UObjectPlugin
LogPluginManager: Mounting plugin VisualStudioCodeSourceCodeAccess
LogPluginManager: Mounting plugin VisualStudioSourceCodeAccess
LogPluginManager: Mounting plugin XCodeSourceCodeAccess
LogPluginManager: Mounting plugin AssetManagerEditor
LogPluginManager: Mounting plugin CryptoKeys
LogPluginManager: Mounting plugin DataValidation
LogPluginManager: Mounting plugin FacialAnimation
LogPluginManager: Mounting plugin GameplayTagsEditor
LogPluginManager: Mounting plugin MacGraphicsSwitching
LogPluginManager: Mounting plugin MeshEditor
LogPluginManager: Mounting plugin MobileLauncherProfileWizard
LogPluginManager: Mounting plugin PluginBrowser
LogPluginManager: Mounting plugin SpeedTreeImporter
LogPluginManager: Mounting plugin DatasmithContent
LogPluginManager: Mounting plugin AlembicImporter
LogPluginManager: Mounting plugin AppleImageUtils
LogPluginManager: Mounting plugin AppleVision
LogPluginManager: Mounting plugin BackChannel
LogPluginManager: Mounting plugin CharacterAI
LogPluginManager: Mounting plugin GeometryCache
LogPluginManager: Mounting plugin HTML5Networking
LogPluginManager: Mounting plugin ProxyLODPlugin
LogPluginManager: Mounting plugin MagicLeap
LogPluginManager: Mounting plugin MagicLeapEmulator
LogPluginManager: Mounting plugin MagicLeapMedia
LogPluginManager: Mounting plugin AndroidMedia
LogPluginManager: Mounting plugin AvfMedia
LogPluginManager: Mounting plugin ImgMedia
LogPluginManager: Mounting plugin LinearTimecode
LogPluginManager: Mounting plugin MediaCompositing
LogPluginManager: Mounting plugin MediaPlayerEditor
LogPluginManager: Mounting plugin WmfMedia
LogPluginManager: Mounting plugin TcpMessaging
LogPluginManager: Mounting plugin UdpMessaging
LogPluginManager: Mounting plugin ActorSequence
LogPluginManager: Mounting plugin LevelSequenceEditor
LogPluginManager: Mounting plugin MatineeToLevelSequence
LogPluginManager: Mounting plugin NetcodeUnitTest
LogPluginManager: Mounting plugin NUTUnrealEngine4
LogPluginManager: Mounting plugin OnlineSubsystemGooglePlay
LogPluginManager: Mounting plugin OnlineSubsystemIOS
LogPluginManager: Mounting plugin OnlineSubsystem
LogPluginManager: Mounting plugin OnlineSubsystemNull
LogPluginManager: Mounting plugin OnlineSubsystemUtils
LogPluginManager: Mounting plugin LauncherChunkInstaller
LogPluginManager: Mounting plugin AndroidDeviceProfileSelector
LogPluginManager: Mounting plugin AndroidMoviePlayer
LogPluginManager: Mounting plugin AndroidPermission
LogPluginManager: Mounting plugin AppleMoviePlayer
LogPluginManager: Mounting plugin ArchVisCharacter
LogPluginManager: Mounting plugin AudioCapture
LogPluginManager: Mounting plugin CableComponent
LogPluginManager: Mounting plugin CustomMeshComponent
LogPluginManager: Mounting plugin EditableMesh
LogPluginManager: Mounting plugin ExampleDeviceProfileSelector
LogPluginManager: Mounting plugin GoogleCloudMessaging
LogPluginManager: Mounting plugin ImmediatePhysics
LogPluginManager: Mounting plugin IOSDeviceProfileSelector
LogPluginManager: Mounting plugin LinuxDeviceProfileSelector
LogPluginManager: Mounting plugin LocationServicesBPLibrary
LogPluginManager: Mounting plugin MobilePatchingUtils
LogPluginManager: Mounting plugin OculusVR
LogPluginManager: Plugin shader directory ../../../Engine/Plugins/Runtime/Oculus/OculusVR/Shaders found
LogPluginManager: Mapping shader source directory ../../../Engine/Plugins/Runtime/Oculus/OculusVR/Shaders to virtual directory /Plugin/OculusVR
LogPluginManager: Mounting plugin PhysXVehicles
LogPluginManager: Mounting plugin ProceduralMeshComponent
LogPluginManager: Mounting plugin RuntimePhysXCooking
LogPluginManager: Mounting plugin SteamVR
LogPluginManager: Mounting plugin WindowsMoviePlayer
LogStreaming: Display: Took  0.138s to configure plugins.
LogInit: Using libcurl 7.55.1-DEV
LogInit:  - built for x86_64-pc-win32
LogInit:  - supports SSL with OpenSSL/1.0.2h
LogInit:  - supports HTTP deflate (compression) using libz 1.2.8
LogInit:  - other features:
LogInit:      CURL_VERSION_SSL
LogInit:      CURL_VERSION_LIBZ
LogInit:      CURL_VERSION_IPV6
LogInit:      CURL_VERSION_ASYNCHDNS
LogInit:      CURL_VERSION_LARGEFILE
LogInit:      CURL_VERSION_IDN
LogInit:  CurlRequestOptions (configurable via config and command line):
LogInit:  - bVerifyPeer = false  - Libcurl will NOT verify peer certificate
LogInit:  - bUseHttpProxy = false  - Libcurl will NOT use HTTP proxy
LogInit:  - bDontReuseConnections = false  - Libcurl will reuse connections
LogInit:  - CertBundlePath = nullptr  - Libcurl will use whatever was configured at build time.
LogInit:  - MaxHostConnections = 16  - Libcurl will limit the number of connections to a host
LogInit:  - LocalHostAddr = Default
LogInit:  - BufferSize = 65536
LogInit: WinSock: version 1.1 (2.2), MaxSocks=32767, MaxUdp=65467
LogInit: Build: ++UE4+Release-4.20-CL-4369336
LogInit: Engine Version: 4.20.3-4369336+++UE4+Release-4.20
LogInit: Compatible Engine Version: 4.20.0-4212847+++UE4+Release-4.20
LogInit: Net CL: 4212847
LogInit: OS: Windows 10 (), CPU: Intel(R) Core(TM) i7-6500U CPU @ 2.50GHz, GPU: Intel(R) HD Graphics 520
LogInit: Compiled (64-bit): Sep 17 2018 12:26:19
LogInit: Compiled with Visual C++: 19.13.26129.00
LogInit: Build Configuration: Development
LogInit: Branch Name: ++UE4+Release-4.20
LogInit: Command Line:  
LogInit: Base Directory: C:/Program Files/Epic Games/UE_4.20/Engine/Binaries/Win64/
LogInit: Installed Engine Build: 1
LogDevObjectVersion: Number of dev versions registered: 20
LogDevObjectVersion:   Dev-Blueprints (B0D832E4-1F89-4F0D-ACCF-7EB736FD4AA2): 10
LogDevObjectVersion:   Dev-Build (E1C64328-A22C-4D53-A36C-8E866417BD8C): 0
LogDevObjectVersion:   Dev-Core (375EC13C-06E4-48FB-B500-84F0262A717E): 2
LogDevObjectVersion:   Dev-Editor (E4B068ED-F494-42E9-A231-DA0B2E46BB41): 24
LogDevObjectVersion:   Dev-Framework (CFFC743F-43B0-4480-9391-14DF171D2073): 34
LogDevObjectVersion:   Dev-Mobile (B02B49B5-BB20-44E9-A304-32B752E40360): 2
LogDevObjectVersion:   Dev-Networking (A4E4105C-59A1-49B5-A7C5-40C4547EDFEE): 0
LogDevObjectVersion:   Dev-Online (39C831C9-5AE6-47DC-9A44-9C173E1C8E7C): 0
LogDevObjectVersion:   Dev-Physics (78F01B33-EBEA-4F98-B9B4-84EACCB95AA2): 0
LogDevObjectVersion:   Dev-Platform (6631380F-2D4D-43E0-8009-CF276956A95A): 0
LogDevObjectVersion:   Dev-Rendering (12F88B9F-8875-4AFC-A67C-D90C383ABD29): 26
LogDevObjectVersion:   Dev-Sequencer (7B5AE74C-D270-4C10-A958-57980B212A5A): 9
LogDevObjectVersion:   Dev-VR (D7296918-1DD6-4BDD-9DE2-64A83CC13884): 2
LogDevObjectVersion:   Dev-LoadTimes (C2A15278-BFE7-4AFE-6C17-90FF531DF755): 1
LogDevObjectVersion:   Private-Geometry (6EACA3D4-40EC-4CC1-B786-8BED09428FC5): 3
LogDevObjectVersion:   Dev-AnimPhys (29E575DD-E0A3-4627-9D10-D276232CDCEA): 17
LogDevObjectVersion:   Dev-ReflectionCapture (6B266CEC-1EC7-4B8F-A30B-E4D90942FC07): 1
LogDevObjectVersion:   Dev-Automation (0DF73D61-A23F-47EA-B727-89E90C41499A): 1
LogDevObjectVersion:   FortniteMain (601D1886-AC64-4F84-AA16-D3DE0DEAC7D6): 12
LogDevObjectVersion:   Dev-Enterprise (9DFFBCD6-494F-0158-E221-12823C92A888): 1
LogStreaming: Display: Took  0.000s to delete old logs.
LogInit: Presizing for max 8388607 objects, including 0 objects not considered by GC, pre-allocating 0 bytes for permanent pool.
LogInit: Object subsystem initialized
[2018.10.29-07.33.50:368][  0]LogInit: Selected Device Profile: [Windows]
[2018.10.29-07.33.50:368][  0]LogInit: Applying CVar settings loaded from the selected device profile: [Windows]
[2018.10.29-07.33.50:390][  0]LogHAL: Display: Platform has ~ 12 GB [12786237440 / 17179869184 / 12], which maps to Larger [LargestMinGB=32, LargerMinGB=12, DefaultMinGB=8, SmallerMinGB=6, SmallestMinGB=0)
[2018.10.29-07.33.50:390][  0]LogInit: Setting Device Profile CVar: [[r.Vulkan.UseRealUBs:1]]
[2018.10.29-07.33.50:390][  0]LogInit: Going up to parent DeviceProfile []
[2018.10.29-07.33.50:390][  0]LogInit: Computer: LAPTOP-DGMNQ6HO
[2018.10.29-07.33.50:390][  0]LogInit: User: Kamikaze
[2018.10.29-07.33.50:390][  0]LogInit: CPU Page size=4096, Cores=2
[2018.10.29-07.33.50:390][  0]LogInit: High frequency timer resolution =2.531246 MHz
[2018.10.29-07.33.50:391][  0]LogMemory: Memory total: Physical=11.9GB (12GB approx)
[2018.10.29-07.33.50:391][  0]LogMemory: Platform Memory Stats for Windows
[2018.10.29-07.33.50:391][  0]LogMemory: Process Physical Memory: 100.04 MB used, 100.04 MB peak
[2018.10.29-07.33.50:391][  0]LogMemory: Process Virtual Memory: 84.34 MB used, 84.34 MB peak
[2018.10.29-07.33.50:391][  0]LogMemory: Physical Memory: 6979.38 MB used,  5214.52 MB free, 12193.91 MB total
[2018.10.29-07.33.50:391][  0]LogMemory: Virtual Memory: 4616.36 MB used,  5214.52 MB free, 134217728.00 MB total
[2018.10.29-07.33.50:413][  0]LogInit: Using OS detected language (en-US).
[2018.10.29-07.33.50:413][  0]LogInit: Using OS detected locale (en-AU).
[2018.10.29-07.33.50:414][  0]LogTextLocalizationManager: No specific localization for 'en-US' exists, so the 'en' localization will be used.
[2018.10.29-07.33.50:890][  0]LogStreaming: Display: Took  0.477s to InitEngineTextLocalization.
[2018.10.29-07.33.50:891][  0]LogInit: Setting process to per monitor DPI aware
[2018.10.29-07.33.50:941][  0]LogSlate: New Slate User Created.  User Index 0, Is Virtual User: 0
[2018.10.29-07.33.50:941][  0]LogSlate: Slate User Registered.  User Index 0, Is Virtual User: 0
[2018.10.29-07.33.51:222][  0]LogHMD: Failed to initialize OpenVR with code 101
[2018.10.29-07.33.51:223][  0]LogD3D11RHI: D3D11 adapters:
[2018.10.29-07.33.51:279][  0]LogD3D11RHI:    0. 'NVIDIA GeForce 920MX' (Feature Level 11_0)
[2018.10.29-07.33.51:279][  0]LogD3D11RHI:       2020/0/6096 MB DedicatedVideo/DedicatedSystem/SharedSystem, Outputs:1, VendorId:0x10de
[2018.10.29-07.33.51:291][  0]LogD3D11RHI:    1. 'Intel(R) HD Graphics 520' (Feature Level 11_0)
[2018.10.29-07.33.51:291][  0]LogD3D11RHI:       128/0/6096 MB DedicatedVideo/DedicatedSystem/SharedSystem, Outputs:0, VendorId:0x8086
[2018.10.29-07.33.51:294][  0]LogD3D11RHI:    2. 'Microsoft Basic Render Driver' (Feature Level 11_0)
[2018.10.29-07.33.51:294][  0]LogD3D11RHI:       0/0/6096 MB DedicatedVideo/DedicatedSystem/SharedSystem, Outputs:0, VendorId:0x1414
[2018.10.29-07.33.51:294][  0]LogD3D11RHI: Chosen D3D11 Adapter: 0
[2018.10.29-07.33.51:325][  0]LogD3D11RHI: Creating new Direct3DDevice
[2018.10.29-07.33.51:325][  0]LogD3D11RHI:     GPU DeviceId: 0x134f (for the marketing name, search the web for "GPU Device Id")
[2018.10.29-07.33.51:325][  0]LogWindows: EnumDisplayDevices:
[2018.10.29-07.33.51:325][  0]LogWindows:    0. 'Intel(R) HD Graphics 520' (P:1 D:1)
[2018.10.29-07.33.51:326][  0]LogWindows:    1. 'Intel(R) HD Graphics 520' (P:0 D:0)
[2018.10.29-07.33.51:326][  0]LogWindows:    2. 'Intel(R) HD Graphics 520' (P:0 D:0)
[2018.10.29-07.33.51:326][  0]LogWindows: DebugString: PrimaryIsNotTheChoosenAdapter PrimaryIsNotTheChoosenAdapter PrimaryIsNotTheChoosenAdapter FoundDriverCount:0 
[2018.10.29-07.33.51:326][  0]LogD3D11RHI:     Adapter Name: NVIDIA GeForce 920MX
[2018.10.29-07.33.51:327][  0]LogD3D11RHI:   Driver Version: Unknown (internal:Unknown, unified:Unknown)
[2018.10.29-07.33.51:327][  0]LogD3D11RHI:      Driver Date: Unknown
[2018.10.29-07.33.51:327][  0]LogRHI: Texture pool is 1414 MB (70% of 2020 MB)
[2018.10.29-07.33.51:375][  0]LogD3D11RHI: Async texture creation enabled
[2018.10.29-07.33.51:395][  0]LogD3D11RHI: GPU Timing Frequency: 1000.000000 (Debug: 2 2)
[2018.10.29-07.33.51:396][  0]LogShaderCompilers: Guid format shader working directory is -67 characters bigger than the processId version (../../../../../../Users/Kamikaze/Desktop/Unreal Engine Projects/Studio2ProjectFixed/Studio2Project/Studio2ProjectT3/Intermediate/Shaders/WorkingDirectory/10792/).
[2018.10.29-07.33.51:397][  0]LogShaderCompilers: Cleaned the shader compiler working directory 'C:/Users/Kamikaze/AppData/Local/Temp/UnrealShaderWorkingDir/FD7388E04F4FA302AC449B9A441315FB/'.
[2018.10.29-07.33.51:794][  0]LogTemp: Display: Loaded TP AllDesktopTargetPlatform
[2018.10.29-07.33.51:814][  0]LogTemp: Display: Loaded TP MacClientTargetPlatform
[2018.10.29-07.33.51:835][  0]LogTemp: Display: Loaded TP MacNoEditorTargetPlatform
[2018.10.29-07.33.51:859][  0]LogTemp: Display: Loaded TP MacServerTargetPlatform
[2018.10.29-07.33.51:882][  0]LogTemp: Display: Loaded TP MacTargetPlatform
[2018.10.29-07.33.51:906][  0]LogTemp: Display: Loaded TP WindowsClientTargetPlatform
[2018.10.29-07.33.51:927][  0]LogTemp: Display: Loaded TP WindowsNoEditorTargetPlatform
[2018.10.29-07.33.51:951][  0]LogTemp: Display: Loaded TP WindowsServerTargetPlatform
[2018.10.29-07.33.51:963][  0]LogTemp: Display: Loaded TP WindowsTargetPlatform
[2018.10.29-07.33.52:096][  0]LogTemp: Display: Loaded TP AndroidTargetPlatform
[2018.10.29-07.33.52:096][  0]LogTemp: Display: Loaded TP AndroidTargetPlatform
[2018.10.29-07.33.52:096][  0]LogTemp: Display: Loaded TP AndroidTargetPlatform
[2018.10.29-07.33.52:096][  0]LogTemp: Display: Loaded TP AndroidTargetPlatform
[2018.10.29-07.33.52:096][  0]LogTemp: Display: Loaded TP AndroidTargetPlatform
[2018.10.29-07.33.52:097][  0]LogTemp: Display: Loaded TP AndroidTargetPlatform
[2018.10.29-07.33.52:097][  0]LogTemp: Display: Loaded TP AndroidTargetPlatform
[2018.10.29-07.33.52:097][  0]LogTemp: Display: Loaded TP AndroidTargetPlatform
[2018.10.29-07.33.52:097][  0]LogTemp: Display: Loaded TP AndroidTargetPlatform
[2018.10.29-07.33.52:097][  0]LogTemp: Display: Loaded TP AndroidTargetPlatform
[2018.10.29-07.33.52:097][  0]LogTemp: Display: Loaded TP AndroidTargetPlatform
[2018.10.29-07.33.52:097][  0]LogTemp: Display: Loaded TP AndroidTargetPlatform
[2018.10.29-07.33.52:097][  0]LogTemp: Display: Loaded TP AndroidTargetPlatform
[2018.10.29-07.33.52:097][  0]LogTemp: Display: Loaded TP AndroidTargetPlatform
[2018.10.29-07.33.52:097][  0]LogTemp: Display: Loaded TP AndroidTargetPlatform
[2018.10.29-07.33.52:097][  0]LogTemp: Display: Loaded TP AndroidTargetPlatform
[2018.10.29-07.33.52:097][  0]LogTemp: Display: Loaded TP AndroidTargetPlatform
[2018.10.29-07.33.52:097][  0]LogTemp: Display: Loaded TP AndroidTargetPlatform
[2018.10.29-07.33.52:098][  0]LogTemp: Display: Loaded TP HTML5TargetPlatform
[2018.10.29-07.33.52:169][  0]LogTemp: Display: Loaded TP IOSTargetPlatform
[2018.10.29-07.33.52:169][  0]LogTemp: Display: Loaded TP IOSTargetPlatform
[2018.10.29-07.33.52:201][  0]LogTemp: Display: Loaded TP TVOSTargetPlatform
[2018.10.29-07.33.52:201][  0]LogTemp: Display: Loaded TP TVOSTargetPlatform
[2018.10.29-07.33.52:218][  0]LogTemp: Display: Loaded TP LinuxClientTargetPlatform
[2018.10.29-07.33.52:235][  0]LogTemp: Display: Loaded TP LinuxNoEditorTargetPlatform
[2018.10.29-07.33.52:253][  0]LogTemp: Display: Loaded TP LinuxServerTargetPlatform
[2018.10.29-07.33.52:272][  0]LogTemp: Display: Loaded TP LinuxTargetPlatform
[2018.10.29-07.33.52:283][  0]LogTemp: Display: Loaded TP LuminTargetPlatform
[2018.10.29-07.33.52:284][  0]LogTargetPlatformManager: Display: Building Assets For Windows
[2018.10.29-07.33.52:361][  0]LogXGEController: Cannot use XGE Controller as Incredibuild is not installed on this machine.
[2018.10.29-07.33.52:361][  0]LogShaderCompilers: Cannot use XGE Shader Compiler as Incredibuild is not installed on this machine.
[2018.10.29-07.33.52:361][  0]LogShaderCompilers: Display: Using Local Shader Compiler.
[2018.10.29-07.33.53:361][  0]LogDerivedDataCache: Display: Max Cache Size: 512 MB
[2018.10.29-07.33.53:430][  0]LogDerivedDataCache: Loaded boot cache 0.07s 71MB C:/Users/Kamikaze/AppData/Local/UnrealEngine/4.20/DerivedDataCache/Boot.ddc.
[2018.10.29-07.33.53:430][  0]LogDerivedDataCache: Display: Loaded Boot cache: C:/Users/Kamikaze/AppData/Local/UnrealEngine/4.20/DerivedDataCache/Boot.ddc
[2018.10.29-07.33.53:431][  0]LogDerivedDataCache: FDerivedDataBackendGraph:  Pak pak cache file ../../../../../../Users/Kamikaze/Desktop/Unreal Engine Projects/Studio2ProjectFixed/Studio2Project/Studio2ProjectT3/DerivedDataCache/DDC.ddp not found, will not use a pak cache.
[2018.10.29-07.33.53:431][  0]LogDerivedDataCache: Unable to find inner node Pak for hierarchical cache Hierarchy.
[2018.10.29-07.33.53:431][  0]LogDerivedDataCache: FDerivedDataBackendGraph:  CompressedPak pak cache file ../../../../../../Users/Kamikaze/Desktop/Unreal Engine Projects/Studio2ProjectFixed/Studio2Project/Studio2ProjectT3/DerivedDataCache/Compressed.ddp not found, will not use a pak cache.
[2018.10.29-07.33.53:431][  0]LogDerivedDataCache: Unable to find inner node CompressedPak for hierarchical cache Hierarchy.
[2018.10.29-07.33.53:448][  0]LogDerivedDataCache: Display: Pak cache opened for reading ../../../Engine/DerivedDataCache/Compressed.ddp.
[2018.10.29-07.33.53:460][  0]LogDerivedDataCache: Using Local data cache path C:/Users/Kamikaze/AppData/Local/UnrealEngine/Common/DerivedDataCache: Writable
[2018.10.29-07.33.53:460][  0]LogDerivedDataCache: Shared data cache path not found in *engine.ini, will not use an Shared cache.
[2018.10.29-07.33.53:460][  0]LogDerivedDataCache: Unable to find inner node Shared for hierarchical cache Hierarchy.
[2018.10.29-07.33.53:484][  0]LogMaterial: Verifying Global Shaders for PCD3D_SM5
[2018.10.29-07.33.53:486][  0]LogSlate: Using FreeType 2.6.0
[2018.10.29-07.33.53:487][  0]LogSlate: SlateFontServices - WITH_FREETYPE: 1, WITH_HARFBUZZ: 1
[2018.10.29-07.33.53:577][  0]LogAssetRegistry: FAssetRegistry took 0.0287 seconds to start up
[2018.10.29-07.33.54:073][  0]LogInit: Selected Device Profile: [Windows]
[2018.10.29-07.33.54:138][  0]LogSimplygon: Simplygon DLL not present - disabling.
[2018.10.29-07.33.54:142][  0]LogMeshReduction: Using SimplygonSwarm for distributed automatic mesh merging
[2018.10.29-07.33.54:142][  0]LogMeshReduction: Using ProxyLODMeshReduction for automatic mesh merging
[2018.10.29-07.33.54:142][  0]LogMeshReduction: Using QuadricMeshReduction for automatic static mesh reduction
[2018.10.29-07.33.54:142][  0]LogMeshReduction: No automatic skeletal mesh reduction module available
[2018.10.29-07.33.54:268][  0]LogNetVersion: Studio2ProjectT3 1.0.0, NetCL: 4212847, EngineNetVer: 5, GameNetVer: 0 (Checksum: 167173112)
[2018.10.29-07.33.54:970][  0]LogPackageLocalizationCache: Processed 11 localized package path(s) for 2 prioritized culture(s) in 0.174378 seconds
[2018.10.29-07.33.54:978][  0]LogUObjectArray: 38425 objects as part of root set at end of initial load.
[2018.10.29-07.33.54:978][  0]LogUObjectAllocator: 6690864 out of 0 bytes used by permanent object pool.
[2018.10.29-07.33.54:978][  0]LogUObjectArray: CloseDisregardForGC: 0/0 objects in disregard for GC pool
[2018.10.29-07.33.56:092][  0]LogTcpMessaging: Initializing TcpMessaging bridge
[2018.10.29-07.33.56:106][  0]LogUdpMessaging: Initializing bridge on interface 0.0.0.0:0 to multicast group 230.0.0.1:6666.
[2018.10.29-07.33.56:274][  0]SourceControl: Source control is disabled
[2018.10.29-07.33.56:274][  0]SourceControl: Source control is disabled
[2018.10.29-07.33.56:276][  0]SourceControl: Source control is disabled
[2018.10.29-07.33.56:277][  0]SourceControl: Source control is disabled
[2018.10.29-07.33.56:455][  0]LogAndroidPermission: UAndroidPermissionCallbackProxy::GetInstance
[2018.10.29-07.33.56:507][  0]LogOcInput: OculusInput pre-init called
[2018.10.29-07.33.56:584][  0]LogEngine: Initializing Engine...
[2018.10.29-07.33.56:587][  0]LogHMD: Failed to initialize OpenVR with code 101
[2018.10.29-07.33.56:589][  0]LogStats: UGameplayTagsManager::ConstructGameplayTagTree: ImportINI prefixes -  0.000 s
[2018.10.29-07.33.56:589][  0]LogStats: UGameplayTagsManager::ConstructGameplayTagTree: Construct from data asset -  0.000 s
[2018.10.29-07.33.56:589][  0]LogStats: UGameplayTagsManager::ConstructGameplayTagTree: ImportINI -  0.000 s
[2018.10.29-07.33.56:589][  0]LogStats: UGameplayTagsManager::ConstructGameplayTagTree: GameplayTagTreeChangedEvent.Broadcast -  0.000 s
[2018.10.29-07.33.56:888][  0]LogInit: Initializing FReadOnlyCVARCache
[2018.10.29-07.33.56:911][  0]LogAIModule: Creating AISystem for world Untitled
[2018.10.29-07.33.56:926][  0]LogInit: XAudio2 using 'Speakers (Conexant SmartAudio HD)' : 2 channels at 44.1 kHz using 32 bits per sample (channel mask 0x3)
[2018.10.29-07.33.56:946][  0]LogInit: FAudioDevice initialized.
[2018.10.29-07.33.56:946][  0]LogNetVersion: Set ProjectVersion to 1.0.0.0. Version Checksum will be recalculated on next use.
[2018.10.29-07.33.57:327][  0]LogDerivedDataCache: Saved boot cache 0.38s 71MB C:/Users/Kamikaze/AppData/Local/UnrealEngine/4.20/DerivedDataCache/Boot.ddc.
[2018.10.29-07.33.57:332][  0]LogInit: Texture streaming: Enabled
[2018.10.29-07.33.57:502][  0]LogEngineSessionManager: EngineSessionManager initialized
[2018.10.29-07.33.57:519][  0]LogInit: Transaction tracking system initialized
[2018.10.29-07.33.57:549][  0]BlueprintLog: New page: Editor Load
[2018.10.29-07.33.57:660][  0]LocalizationService: Localization service is disabled
[2018.10.29-07.33.58:501][  0]LogCook: Display: Max memory allowance for cook 16384mb min free memory 0mb
[2018.10.29-07.33.58:501][  0]LogCook: Display: Mobile HDR setting 1
[2018.10.29-07.33.58:502][  0]LogGameplayTags: Display: UGameplayTagsManager::DoneAddingNativeTags. DelegateIsBound: 0
[2018.10.29-07.33.58:502][  0]LogStats: UGameplayTagsManager::ConstructGameplayTagTree: ImportINI prefixes -  0.000 s
[2018.10.29-07.33.58:502][  0]LogStats: UGameplayTagsManager::ConstructGameplayTagTree: Construct from data asset -  0.000 s
[2018.10.29-07.33.58:502][  0]LogStats: UGameplayTagsManager::ConstructGameplayTagTree: ImportINI -  0.000 s
[2018.10.29-07.33.58:503][  0]LogStats: UGameplayTagsManager::ConstructGameplayTagTree: GameplayTagTreeChangedEvent.Broadcast -  0.000 s
[2018.10.29-07.33.58:682][  0]LogFileCache: Scanning file cache for directory 'C:/Users/Kamikaze/Desktop/Unreal Engine Projects/Studio2ProjectFixed/Studio2Project/Studio2ProjectT3/Content/' took 0.06s
[2018.10.29-07.33.58:682][  0]SourceControl: Source control is disabled
[2018.10.29-07.33.58:682][  0]LightingResults: New page: Lighting Build
[2018.10.29-07.33.58:688][  0]MapCheck: New page: Map Check
[2018.10.29-07.33.58:688][  0]LightingResults: New page: Lighting Build
[2018.10.29-07.33.59:344][  0]LogAIModule: Creating AISystem for world FirstPersonExampleMap
[2018.10.29-07.33.59:360][  0]LogEditorServer: Finished looking for orphan Actors (0.000 secs)
[2018.10.29-07.33.59:389][  0]Cmd: MAP CHECKDEP NOCLEARLOG
[2018.10.29-07.33.59:482][  0]MapCheck: Map check complete: 0 Error(s), 0 Warning(s), took 91.986ms to complete.
[2018.10.29-07.33.59:482][  0]LogFileHelpers: Loading map 'FirstPersonExampleMap' took 0.800
[2018.10.29-07.33.59:590][  0]LogSlate: Updating window title bar state: overlay mode, drag disabled, window buttons hidden, title bar hidden
[2018.10.29-07.33.59:600][  0]LogSlate: Updating window title bar state: overlay mode, drag disabled, window buttons hidden, title bar hidden
[2018.10.29-07.33.59:610][  0]LogSlate: Updating window title bar state: overlay mode, drag disabled, window buttons hidden, title bar hidden
[2018.10.29-07.33.59:620][  0]LogSlate: Updating window title bar state: overlay mode, drag disabled, window buttons hidden, title bar hidden
[2018.10.29-07.33.59:628][  0]LogCollectionManager: Loaded 0 collections in 0.002323 seconds
[2018.10.29-07.33.59:672][  0]LogFileCache: Scanning file cache for directory 'C:/Users/Kamikaze/Desktop/Unreal Engine Projects/Studio2ProjectFixed/Studio2Project/Studio2ProjectT3/Saved/Collections/' took 0.01s
[2018.10.29-07.33.59:672][  0]LogFileCache: Scanning file cache for directory 'C:/Users/Kamikaze/Desktop/Unreal Engine Projects/Studio2ProjectFixed/Studio2Project/Studio2ProjectT3/Content/Developers/Kamikaze/Collections/' took 0.01s
[2018.10.29-07.33.59:672][  0]LogFileCache: Scanning file cache for directory 'C:/Users/Kamikaze/Desktop/Unreal Engine Projects/Studio2ProjectFixed/Studio2Project/Studio2ProjectT3/Content/Collections/' took 0.01s
[2018.10.29-07.33.59:672][  0]LogCollectionManager: Rebuilt the GUID cache for 0 collections in 0.000000 seconds
[2018.10.29-07.33.59:683][  0]LogContentBrowser: Native class hierarchy populated in 0.0110 seconds. Added 2572 classes and 603 folders.
[2018.10.29-07.33.59:692][  0]LogContentBrowser: Native class hierarchy updated for 'WidgetCarousel' in 0.0003 seconds. Added 0 classes and 0 folders.
[2018.10.29-07.33.59:753][  0]LogContentBrowser: Native class hierarchy updated for 'AddContentDialog' in 0.0003 seconds. Added 0 classes and 0 folders.
[2018.10.29-07.33.59:829][  0]LogContentBrowser: Native class hierarchy updated for 'SceneOutliner' in 0.0003 seconds. Added 1 classes and 2 folders.
[2018.10.29-07.33.59:848][  0]LogContentBrowser: Native class hierarchy updated for 'WorldBrowser' in 0.0004 seconds. Added 2 classes and 3 folders.
[2018.10.29-07.33.59:858][  0]LogSlate: Took 0.000290 seconds to synchronously load lazily loaded font '../../../Engine/Content/Slate/Fonts/Roboto-Regular.ttf' (155K)
[2018.10.29-07.33.59:861][  0]LogSlate: Took 0.000267 seconds to synchronously load lazily loaded font '../../../Engine/Content/Slate/Fonts/Roboto-Bold.ttf' (160K)
[2018.10.29-07.33.59:870][  0]LogSlate: Took 0.000335 seconds to synchronously load lazily loaded font '../../../Engine/Content/Editor/Slate/Fonts/FontAwesome.ttf' (139K)
[2018.10.29-07.33.59:984][  0]LogRenderer: Reallocating scene render targets to support 804x424 Format 9 NumSamples 1 (Frame:1).
[2018.10.29-07.34.00:205][  0]LogContentBrowser: Native class hierarchy updated for 'HierarchicalLODOutliner' in 0.0003 seconds. Added 0 classes and 0 folders.
[2018.10.29-07.34.00:205][  0]LogLoad: (Engine Initialization) Total time: 11.95 seconds
[2018.10.29-07.34.00:205][  0]LogLoad: (Engine Initialization) Total Blueprint compile time: 0.00 seconds
[2018.10.29-07.34.00:224][  0]LogWindowsTextInputMethodSystem: Display: IME system now deactivated.
[2018.10.29-07.34.00:257][  0]LogContentStreaming: Texture pool size now 600 MB
[2018.10.29-07.34.00:272][  1]LogFileCache: Retrieving MD5 hashes for directory 'C:/Users/Kamikaze/Desktop/Unreal Engine Projects/Studio2ProjectFixed/Studio2Project/Studio2ProjectT3/Content/' took 0.04s
[2018.10.29-07.34.00:312][  1]LogSlate: Took 0.000179 seconds to synchronously load lazily loaded font '../../../Engine/Content/Slate/Fonts/Roboto-Light.ttf' (167K)
[2018.10.29-07.34.00:336][  2]LogAssetRegistry: Asset discovery search completed in 6.7810 seconds
[2018.10.29-07.34.00:338][  2]LogCollectionManager: Rebuilt the object cache for 0 collections in 0.000000 seconds (found 0 objects)
[2018.10.29-07.34.00:338][  2]LogCollectionManager: Fixed up redirectors for 0 collections in 0.000076 seconds (updated 0 objects)
[2018.10.29-07.34.16:402][955]LogSlate: FSceneViewport::OnFocusLost() reason 0
[2018.10.29-07.42.50:070][169]LogSlate: Took 0.000249 seconds to synchronously load lazily loaded font '../../../Engine/Content/Slate/Fonts/Roboto-Light.ttf' (167K)
[2018.10.29-07.42.50:899][169]LogAIModule: Creating AISystem for world OneTrueLevel
[2018.10.29-07.42.50:901][169]LogMaterial: Warning: Material /Game/InfinityBladeGrassLands/Environments/Plains/Env_Plains_Flora/Materials/M_PLains_Fern01.M_PLains_Fern01 needed to have new flag set bUsedWithInstancedStaticMeshes !
[2018.10.29-07.42.50:909][169]LogMaterial: Display: Missing cached shader map for material M_PLains_Fern01, compiling. 
[2018.10.29-07.42.51:044][169]MapCheck: Warning: M_PLains_Fern01 Material /Game/InfinityBladeGrassLands/Environments/Plains/Env_Plains_Flora/Materials/M_PLains_Fern01.M_PLains_Fern01 was missing the usage flag bUsedWithInstancedStaticMeshes. If the material asset is not re-saved, it may not render correctly when run outside the editor. Fix
[2018.10.29-07.42.51:051][169]LogShaderCompilers: Display: Shaders left to compile 117
[2018.10.29-07.42.51:051][169]LogShaderCompilers: Display: Shaders left to compile 107
[2018.10.29-07.42.51:051][169]LogShaderCompilers: Display: Shaders left to compile 97
[2018.10.29-07.42.51:055][169]LogMaterial: Warning: Material /Game/SoulCave/Environment/Materials/Nature/M_Soul_Tree02.M_Soul_Tree02 needed to have new flag set bUsedWithInstancedStaticMeshes !
[2018.10.29-07.42.51:058][169]LogMaterial: Display: Missing cached shader map for material M_Soul_Tree02, compiling. 
[2018.10.29-07.42.51:127][169]MapCheck: Warning: M_Soul_Tree02 Material /Game/SoulCave/Environment/Materials/Nature/M_Soul_Tree02.M_Soul_Tree02 was missing the usage flag bUsedWithInstancedStaticMeshes. If the material asset is not re-saved, it may not render correctly when run outside the editor. Fix
[2018.10.29-07.42.51:243][169]LogAssetEditorManager: Opening Asset editor for World /Game/FirstPersonBP/Levels/OneTrueLevel.OneTrueLevel
[2018.10.29-07.42.51:285][169]LightingResults: New page: Lighting Build
[2018.10.29-07.42.51:286][169]LoadErrors: New page: Loading map: OneTrueLevel.umap
[2018.10.29-07.42.51:287][169]MapCheck: New page: Map Check
[2018.10.29-07.42.51:287][169]LightingResults: New page: Lighting Build
[2018.10.29-07.42.51:615][169]LogEditorServer: Finished looking for orphan Actors (0.000 secs)
[2018.10.29-07.42.51:695][169]Cmd: MAP CHECKDEP NOCLEARLOG
[2018.10.29-07.42.53:627][169]MapCheck: Map check complete: 0 Error(s), 0 Warning(s), took 1,931.493ms to complete.
[2018.10.29-07.42.53:628][169]LogFileHelpers: Loading map 'OneTrueLevel' took 2.345
[2018.10.29-07.42.55:832][169]LogShaderCompilers: Display: Shaders left to compile 204
[2018.10.29-07.42.55:832][169]LogShaderCompilers: Display: Shaders left to compile 194
[2018.10.29-07.42.56:020][173]LogShaderCompilers: Display: Shaders left to compile 184
[2018.10.29-07.42.59:113][353]LogSlate: Window 'Message Log' being destroyed
[2018.10.29-07.42.59:120][353]LogSlate: Window 'Message Log' being destroyed
[2018.10.29-07.43.00:623][442]LogShaderCompilers: Display: Shaders left to compile 174
[2018.10.29-07.43.07:103][824]LogShaderCompilers: Display: Shaders left to compile 164
[2018.10.29-07.43.07:375][840]LogShaderCompilers: Display: Shaders left to compile 154
[2018.10.29-07.43.07:630][855]LogShaderCompilers: Display: Shaders left to compile 144
[2018.10.29-07.43.14:099][151]LogLevelStreaming: Display: Failed to find streaming level package file: /Game/FirstPersonBP/Levels/CharlesLevel. This streaming level may not load or save properly.
[2018.10.29-07.43.14:420][151]LogShaderCompilers: Display: Shaders left to compile 134
[2018.10.29-07.43.14:420][151]LogMaterial: Warning: Material /Game/SoulCave/Environment/Materials/Foliage/M_Aspen_Tree_Bark.M_Aspen_Tree_Bark needed to have new flag set bUsedWithInstancedStaticMeshes !
[2018.10.29-07.43.14:423][151]LogMaterial: Display: Missing cached shader map for material M_Aspen_Tree_Bark, compiling. 
[2018.10.29-07.43.14:485][151]MapCheck: Warning: M_Aspen_Tree_Bark Material /Game/SoulCave/Environment/Materials/Foliage/M_Aspen_Tree_Bark.M_Aspen_Tree_Bark was missing the usage flag bUsedWithInstancedStaticMeshes. If the material asset is not re-saved, it may not render correctly when run outside the editor. Fix
[2018.10.29-07.43.14:495][151]LogMaterial: Warning: Material /Game/SoulCave/Environment/Materials/Foliage/M_Aspen_Tree_Unlit_Blowing.M_Aspen_Tree_Unlit_Blowing needed to have new flag set bUsedWithInstancedStaticMeshes !
[2018.10.29-07.43.14:499][151]LogMaterial: Display: Missing cached shader map for material M_Aspen_Tree_Unlit_Blowing, compiling. 
[2018.10.29-07.43.14:552][151]MapCheck: Warning: M_Aspen_Tree_Unlit_Blowing Material /Game/SoulCave/Environment/Materials/Foliage/M_Aspen_Tree_Unlit_Blowing.M_Aspen_Tree_Unlit_Blowing was missing the usage flag bUsedWithInstancedStaticMeshes. If the material asset is not re-saved, it may not render correctly when run outside the editor. Fix
[2018.10.29-07.43.14:553][151]LogMaterial: Warning: Material /Game/SoulCave/Environment/Materials/Foliage/M_Cave_Grass.M_Cave_Grass needed to have new flag set bUsedWithInstancedStaticMeshes !
[2018.10.29-07.43.14:557][151]LogMaterial: Display: Missing cached shader map for material M_Cave_Grass, compiling. 
[2018.10.29-07.43.14:651][151]MapCheck: Warning: M_Cave_Grass Material /Game/SoulCave/Environment/Materials/Foliage/M_Cave_Grass.M_Cave_Grass was missing the usage flag bUsedWithInstancedStaticMeshes. If the material asset is not re-saved, it may not render correctly when run outside the editor. Fix
[2018.10.29-07.43.14:655][151]LogMaterial: Display: Missing cached shader map for material M_Cave_Grass, compiling. 
[2018.10.29-07.43.14:752][151]LogMaterial: Warning: Material /Game/InfinityBladeGrassLands/Environments/Earth/Materials/M_Exo_Generic_Plants.M_Exo_Generic_Plants needed to have new flag set bUsedWithInstancedStaticMeshes !
[2018.10.29-07.43.14:780][151]LogMaterial: Display: Missing cached shader map for material M_Exo_Generic_Plants, compiling. 
[2018.10.29-07.43.14:874][151]MapCheck: Warning: M_Exo_Generic_Plants Material /Game/InfinityBladeGrassLands/Environments/Earth/Materials/M_Exo_Generic_Plants.M_Exo_Generic_Plants was missing the usage flag bUsedWithInstancedStaticMeshes. If the material asset is not re-saved, it may not render correctly when run outside the editor. Fix
[2018.10.29-07.43.15:180][159]LogShaderCompilers: Display: Shaders left to compile 577
[2018.10.29-07.43.16:268][221]LogSlate: Window 'Message Log' being destroyed
[2018.10.29-07.43.16:272][221]LogSlate: Window 'Message Log' being destroyed
[2018.10.29-07.43.19:421][407]LogShaderCompilers: Display: Shaders left to compile 567
[2018.10.29-07.43.24:657][678]LogMaterial: Warning: Material /Game/InfinityBladeGrassLands/Environments/Plains/Env_Plains_Flora/Materials/M_Plains_Tree_Stump01.M_Plains_Tree_Stump01 needed to have new flag set bUsedWithInstancedStaticMeshes !
[2018.10.29-07.43.24:660][678]LogMaterial: Display: Missing cached shader map for material M_Plains_Tree_Stump01, compiling. 
[2018.10.29-07.43.24:719][678]MapCheck: Warning: M_Plains_Tree_Stump01 Material /Game/InfinityBladeGrassLands/Environments/Plains/Env_Plains_Flora/Materials/M_Plains_Tree_Stump01.M_Plains_Tree_Stump01 was missing the usage flag bUsedWithInstancedStaticMeshes. If the material asset is not re-saved, it may not render correctly when run outside the editor. Fix
[2018.10.29-07.43.24:728][678]LogMaterial: Warning: Material /Game/SoulCave/Environment/Materials/Nature/M_Soul_TwistedTree.M_Soul_TwistedTree needed to have new flag set bUsedWithInstancedStaticMeshes !
[2018.10.29-07.43.24:732][678]LogMaterial: Display: Missing cached shader map for material M_Soul_TwistedTree, compiling. 
[2018.10.29-07.43.24:795][678]MapCheck: Warning: M_Soul_TwistedTree Material /Game/SoulCave/Environment/Materials/Nature/M_Soul_TwistedTree.M_Soul_TwistedTree was missing the usage flag bUsedWithInstancedStaticMeshes. If the material asset is not re-saved, it may not render correctly when run outside the editor. Fix
[2018.10.29-07.43.25:808][724]LogSlate: Window 'Message Log' being destroyed
[2018.10.29-07.43.25:813][724]LogSlate: Window 'Message Log' being destroyed
[2018.10.29-07.43.27:418][818]LogShaderCompilers: Display: Shaders left to compile 679
[2018.10.29-07.43.27:467][821]LogShaderCompilers: Display: Shaders left to compile 669
[2018.10.29-07.43.28:611][860]LogLevelStreaming: Display: Failed to find streaming level package file: /Game/FirstPersonBP/Levels/CharlesLevel. This streaming level may not load or save properly.
[2018.10.29-07.43.28:974][860]LogShaderCompilers: Display: Shaders left to compile 659
[2018.10.29-07.43.31:142][861]LogShaderCompilers: Display: Shaders left to compile 649
[2018.10.29-07.43.31:677][861]LogShaderCompilers: Display: Shaders left to compile 639
[2018.10.29-07.43.34:954][862]LogShaderCompilers: Display: Shaders left to compile 629
[2018.10.29-07.43.40:809][868]LogShaderCompilers: Display: Shaders left to compile 619
[2018.10.29-07.43.41:739][868]LogShaderCompilers: Display: Shaders left to compile 609
[2018.10.29-07.43.43:272][868]LogShaderCompilers: Display: Shaders left to compile 599
[2018.10.29-07.43.47:185][922]LogShaderCompilers: Display: Shaders left to compile 589
[2018.10.29-07.43.47:742][934]LogShaderCompilers: Display: Shaders left to compile 579
[2018.10.29-07.43.53:476][ 51]LogShaderCompilers: Display: Shaders left to compile 569
[2018.10.29-07.43.54:737][ 78]LogShaderCompilers: Display: Shaders left to compile 559
[2018.10.29-07.43.56:891][129]LogShaderCompilers: Display: Shaders left to compile 549
[2018.10.29-07.43.59:892][138]LogShaderCompilers: Display: Shaders left to compile 539
[2018.10.29-07.44.01:710][138]LogShaderCompilers: Display: Shaders left to compile 529
[2018.10.29-07.44.01:805][139]LogShaderCompilers: Display: Shaders left to compile 519
[2018.10.29-07.44.07:157][250]LogShaderCompilers: Display: Shaders left to compile 509
[2018.10.29-07.44.08:188][272]LogShaderCompilers: Display: Shaders left to compile 499
[2018.10.29-07.44.11:374][334]LogShaderCompilers: Display: Shaders left to compile 489
[2018.10.29-07.44.12:837][340]LogShaderCompilers: Display: Shaders left to compile 479
[2018.10.29-07.44.17:699][431]LogShaderCompilers: Display: Shaders left to compile 469
[2018.10.29-07.44.18:006][437]LogShaderCompilers: Display: Shaders left to compile 459
[2018.10.29-07.44.22:478][521]LogShaderCompilers: Display: Shaders left to compile 449
[2018.10.29-07.44.22:754][526]LogShaderCompilers: Display: Shaders left to compile 439
[2018.10.29-07.44.23:334][526]LogShaderCompilers: Display: Shaders left to compile 429
[2018.10.29-07.44.26:717][593]LogShaderCompilers: Display: Shaders left to compile 419
[2018.10.29-07.44.31:862][696]LogShaderCompilers: Display: Shaders left to compile 409
[2018.10.29-07.44.32:845][716]LogShaderCompilers: Display: Shaders left to compile 399
[2018.10.29-07.44.33:243][728]LogShaderCompilers: Display: Shaders left to compile 389
[2018.10.29-07.44.36:749][743]LogShaderCompilers: Display: Shaders left to compile 379
[2018.10.29-07.44.38:339][766]LogShaderCompilers: Display: Shaders left to compile 369
[2018.10.29-07.44.39:000][770]LogShaderCompilers: Display: Shaders left to compile 359
[2018.10.29-07.44.45:626][881]LogShaderCompilers: Display: Shaders left to compile 349
[2018.10.29-07.44.47:609][920]LogShaderCompilers: Display: Shaders left to compile 339
[2018.10.29-07.44.51:674][963]LogShaderCompilers: Display: Shaders left to compile 329
[2018.10.29-07.44.52:738][982]LogShaderCompilers: Display: Shaders left to compile 319
[2018.10.29-07.44.55:025][ 31]LogShaderCompilers: Display: Shaders left to compile 309
[2018.10.29-07.44.57:225][ 77]LogShaderCompilers: Display: Shaders left to compile 299
[2018.10.29-07.45.01:377][159]LogShaderCompilers: Display: Shaders left to compile 289
[2018.10.29-07.45.02:626][185]LogShaderCompilers: Display: Shaders left to compile 279
[2018.10.29-07.45.04:610][221]LogShaderCompilers: Display: Shaders left to compile 269
[2018.10.29-07.45.08:773][296]LogShaderCompilers: Display: Shaders left to compile 259
[2018.10.29-07.45.08:972][301]LogShaderCompilers: Display: Shaders left to compile 249
[2018.10.29-07.45.12:684][373]LogShaderCompilers: Display: Shaders left to compile 239
[2018.10.29-07.45.17:832][476]LogShaderCompilers: Display: Shaders left to compile 229
[2018.10.29-07.45.18:081][479]LogShaderCompilers: Display: Shaders left to compile 219
[2018.10.29-07.45.18:801][494]LogShaderCompilers: Display: Shaders left to compile 209
[2018.10.29-07.45.22:079][498]LogShaderCompilers: Display: Shaders left to compile 199
[2018.10.29-07.45.22:725][502]LogShaderCompilers: Display: Shaders left to compile 189
[2018.10.29-07.45.25:509][548]LogShaderCompilers: Display: Shaders left to compile 179
[2018.10.29-07.45.29:887][556]LogShaderCompilers: Display: Shaders left to compile 169
[2018.10.29-07.45.30:388][560]LogShaderCompilers: Display: Shaders left to compile 159
[2018.10.29-07.45.30:973][573]LogShaderCompilers: Display: Shaders left to compile 149
[2018.10.29-07.45.35:541][576]LogShaderCompilers: Display: Shaders left to compile 139
[2018.10.29-07.45.36:109][589]LogShaderCompilers: Display: Shaders left to compile 129
[2018.10.29-07.45.43:139][612]LogSlate: FSceneViewport::OnFocusLost() reason 2
[2018.10.29-07.45.43:857][646]LogShaderCompilers: Display: Shaders left to compile 119
[2018.10.29-07.45.49:196][883]LogShaderCompilers: Display: Shaders left to compile 109
[2018.10.29-07.45.49:962][912]LogShaderCompilers: Display: Shaders left to compile 99
[2018.10.29-07.45.50:138][919]LogShaderCompilers: Display: Shaders left to compile 89
[2018.10.29-07.45.56:451][151]LogShaderCompilers: Display: Shaders left to compile 79
[2018.10.29-07.45.57:096][171]LogShaderCompilers: Display: Shaders left to compile 69
[2018.10.29-07.45.57:408][181]LogShaderCompilers: Display: Shaders left to compile 59
[2018.10.29-07.46.02:237][343]LogShaderCompilers: Display: Shaders left to compile 49
[2018.10.29-07.46.03:974][402]LogShaderCompilers: Display: Shaders left to compile 39
[2018.10.29-07.46.04:687][426]LogShaderCompilers: Display: Shaders left to compile 29
[2018.10.29-07.46.10:305][616]LogShaderCompilers: Display: Shaders left to compile 19
[2018.10.29-07.46.10:458][621]LogShaderCompilers: Display: Shaders left to compile 9
[2018.10.29-07.46.37:149][500]LogSlate: FSceneViewport::OnFocusLost() reason 0
[2018.10.29-07.46.40:427][653]LogLevelStreaming: Display: Failed to find streaming level package file: /Game/FirstPersonBP/Levels/CharlesLevel. This streaming level may not load or save properly.
[2018.10.29-07.46.43:854][804]LogLevelStreaming: Display: Failed to find streaming level package file: /Game/FirstPersonBP/Levels/CharlesLevel. This streaming level may not load or save properly.
[2018.10.29-07.47.07:667][601]LogSlate: FSceneViewport::OnFocusLost() reason 0
[2018.10.29-07.47.13:735][822]LogSlate: FSceneViewport::OnFocusLost() reason 0
[2018.10.29-07.47.16:768][920]LogSlate: FSceneViewport::OnFocusLost() reason 0
[2018.10.29-07.47.35:380][662]LogSlate: FSceneViewport::OnFocusLost() reason 0
[2018.10.29-07.47.55:784][384]LogSlate: FSceneViewport::OnFocusLost() reason 0
[2018.10.29-07.47.58:845][486]LogAssetEditorManager: Opening Asset editor for World /Game/FirstPersonBP/Levels/Level2/Mountains2Full.Mountains2Full
[2018.10.29-07.48.00:405][486]LogSlate: Window 'Save Content' being destroyed
[2018.10.29-07.48.00:412][486]LightingResults: New page: Lighting Build
[2018.10.29-07.48.00:413][486]LoadErrors: New page: Loading map: Mountains2Full.umap
[2018.10.29-07.48.00:424][486]MapCheck: New page: Map Check
[2018.10.29-07.48.00:424][486]LightingResults: New page: Lighting Build
[2018.10.29-07.48.00:469][486]LogAIModule: Creating AISystem for world Mountains2Full
[2018.10.29-07.48.00:470][486]LogStreaming: Display: ULevelStreaming::RequestLevel(/Game/FirstPersonBP/Levels/Level2/Mountains2Stephen) is flushing async loading
[2018.10.29-07.48.00:470][486]LogStreaming: Display: Flushing async loaders.
[2018.10.29-07.48.00:605][486]LogStreaming: Display: ULevelStreaming::RequestLevel(/Game/FirstPersonBP/Levels/Level2/Mountains2Davis) is flushing async loading
[2018.10.29-07.48.00:781][486]LogEditorServer: Finished looking for orphan Actors (0.000 secs)
[2018.10.29-07.48.00:842][486]Cmd: MAP CHECKDEP NOCLEARLOG
[2018.10.29-07.48.00:842][486]LogEditorServer: Warning: WorldSettings contains streaming level '/Game/FirstPersonBP/Levels/StephenTestLevel' which isn't loaded.
[2018.10.29-07.48.00:842][486]LogEditorServer: Warning: WorldSettings contains streaming level '/Game/FirstPersonBP/Levels/OneTrueLevel' which isn't loaded.
[2018.10.29-07.48.00:842][486]LogEditorServer: Warning: WorldSettings contains streaming level '/Game/FirstPersonBP/Levels/DavisLevel' which isn't loaded.
[2018.10.29-07.48.00:842][486]LogEditorServer: Warning: WorldSettings contains streaming level '/Game/FirstPersonBP/Levels/StephenTestLevel' which isn't loaded.
[2018.10.29-07.48.00:842][486]LogEditorServer: Warning: WorldSettings contains streaming level '/Game/FirstPersonBP/Levels/OneTrueLevel' which isn't loaded.
[2018.10.29-07.48.00:842][486]LogEditorServer: Warning: WorldSettings contains streaming level '/Game/FirstPersonBP/Levels/DavisLevel' which isn't loaded.
[2018.10.29-07.48.01:012][486]MapCheck: Map check complete: 0 Error(s), 0 Warning(s), took 169.805ms to complete.
[2018.10.29-07.48.01:013][486]LogFileHelpers: Loading map 'Mountains2Full' took 0.605
[2018.10.29-07.48.14:704][267]LogSlate: FSceneViewport::OnFocusLost() reason 0
[2018.10.29-07.48.24:414][787]LogAIModule: Creating AISystem for world OneTrueLevel
[2018.10.29-07.48.24:482][787]LogAssetEditorManager: Opening Asset editor for World /Game/FirstPersonBP/Levels/OneTrueLevel.OneTrueLevel
[2018.10.29-07.48.26:132][787]LogSlate: Window 'Save Content' being destroyed
[2018.10.29-07.48.26:139][787]LightingResults: New page: Lighting Build
[2018.10.29-07.48.26:141][787]LoadErrors: New page: Loading map: OneTrueLevel.umap
[2018.10.29-07.48.26:146][787]MapCheck: New page: Map Check
[2018.10.29-07.48.26:146][787]LightingResults: New page: Lighting Build
[2018.10.29-07.48.26:384][787]LogEditorServer: Finished looking for orphan Actors (0.000 secs)
[2018.10.29-07.48.26:443][787]Cmd: MAP CHECKDEP NOCLEARLOG
[2018.10.29-07.48.26:605][787]MapCheck: Map check complete: 0 Error(s), 0 Warning(s), took 163.098ms to complete.
[2018.10.29-07.48.26:610][787]LogFileHelpers: Loading map 'OneTrueLevel' took 0.474
[2018.10.29-07.50.20:884][547]LogSlate: FSceneViewport::OnFocusLost() reason 2
[2018.10.29-07.58.24:806][904]LogSavePackage: Moving '../../../../../../Users/Kamikaze/Desktop/Unreal Engine Projects/Studio2ProjectFixed/Studio2Project/Studio2ProjectT3/Saved/Mountains2Full_Auto1F8F786BC44AF068CC48ECAA551C40FE2.tmp' to '../../../../../../Users/Kamikaze/Desktop/Unreal Engine Projects/Studio2ProjectFixed/Studio2Project/Studio2ProjectT3/Saved/Autosaves/Game/FirstPersonBP/Levels/Level2/Mountains2Full_Auto1.umap'
[2018.10.29-07.58.24:810][904]LogFileHelpers: Editor autosave (incl. sublevels) for '/Game/FirstPersonBP/Levels/OneTrueLevel' took 0.050
[2018.10.29-07.58.24:810][904]LogFileHelpers: Editor autosave (incl. sublevels) for all levels took 0.050
[2018.10.29-08.04.07:253][356]LogSlate: Window 'Save Level As' being destroyed
[2018.10.29-08.04.07:524][356]LogSavePackage: Moving '../../../../../../Users/Kamikaze/Desktop/Unreal Engine Projects/Studio2ProjectFixed/Studio2Project/Studio2ProjectT3/Saved/CombinedLevel2MountainsTest081E7A3A4ABB612457BB219B179C1E9A.tmp' to '../../../../../../Users/Kamikaze/Desktop/Unreal Engine Projects/Studio2ProjectFixed/Studio2Project/Studio2ProjectT3/Content/FirstPersonBP/Levels/Level2/CombinedLevel2MountainsTest.umap'
[2018.10.29-08.04.07:535][356]LogFileHelpers: Saving map 'CombinedLevel2MountainsTest' took 0.225
[2018.10.29-08.04.24:544][362]LogSlate: Window 'Level Details' being destroyed
[2018.10.29-08.04.24:548][362]LogSlate: Window 'Level Details' being destroyed
[2018.10.29-08.04.25:858][433]LogSlate: Took 0.116128 seconds to synchronously load lazily loaded font '../../../Engine/Content/Slate/Fonts/Roboto-BoldCondensed.ttf' (158K)
[2018.10.29-08.04.28:319][578]LogSlate: Window 'World Composition' being destroyed
[2018.10.29-08.04.28:325][578]LogSlate: Window 'World Composition' being destroyed
[2018.10.29-08.04.29:873][670]LogAIModule: Creating AISystem for world CombinedLevel2MountainsTest
[2018.10.29-08.04.29:875][670]LogAssetEditorManager: Opening Asset editor for World /Game/FirstPersonBP/Levels/Level2/CombinedLevel2MountainsTest.CombinedLevel2MountainsTest
[2018.10.29-08.04.31:515][670]LogSlate: Window 'Save Content' being destroyed
[2018.10.29-08.04.31:521][670]LightingResults: New page: Lighting Build
[2018.10.29-08.04.31:521][670]LoadErrors: New page: Loading map: CombinedLevel2MountainsTest.umap
[2018.10.29-08.04.31:529][670]MapCheck: New page: Map Check
[2018.10.29-08.04.31:529][670]LightingResults: New page: Lighting Build
[2018.10.29-08.04.31:616][670]LogEditorServer: Finished looking for orphan Actors (0.000 secs)
[2018.10.29-08.04.31:665][670]Cmd: MAP CHECKDEP NOCLEARLOG
[2018.10.29-08.04.31:804][670]MapCheck: Map check complete: 0 Error(s), 0 Warning(s), took 139.516ms to complete.
[2018.10.29-08.04.31:806][670]LogFileHelpers: Loading map 'CombinedLevel2MountainsTest' took 0.288
[2018.10.29-08.04.44:719][421]LogStreaming: Display: ULevelStreaming::RequestLevel(/Game/FirstPersonBP/Levels/Level2/Mountains2Davis) is flushing async loading
[2018.10.29-08.04.44:719][421]LogStreaming: Display: Flushing async loaders.
[2018.10.29-08.04.44:867][421]LogSlate: Window 'Open Level' being destroyed
[2018.10.29-08.04.53:384][925]LogStreaming: Display: ULevelStreaming::RequestLevel(/Game/FirstPersonBP/Levels/Level2/Mountains2Stephen) is flushing async loading
[2018.10.29-08.04.53:384][925]LogStreaming: Display: Flushing async loaders.
[2018.10.29-08.04.53:515][925]LogSlate: Window 'Open Level' being destroyed
[2018.10.29-08.05.03:977][547]LogSlate: FSceneViewport::OnFocusLost() reason 0
[2018.10.29-08.05.15:230][143]LogSlate: FSceneViewport::OnFocusLost() reason 0
[2018.10.29-08.05.17:328][260]LogAIModule: Creating AISystem for world OneTrueLevel
[2018.10.29-08.05.17:393][260]LogAssetEditorManager: Opening Asset editor for World /Game/FirstPersonBP/Levels/OneTrueLevel.OneTrueLevel
[2018.10.29-08.05.22:972][260]LogSlate: Window 'Save Content' being destroyed
[2018.10.29-08.05.23:169][260]LogSavePackage: Moving '../../../../../../Users/Kamikaze/Desktop/Unreal Engine Projects/Studio2ProjectFixed/Studio2Project/Studio2ProjectT3/Saved/CombinedLevel2MountainsTestBE34219A4378D2ED3A3D8582BFA4468D.tmp' to '../../../../../../Users/Kamikaze/Desktop/Unreal Engine Projects/Studio2ProjectFixed/Studio2Project/Studio2ProjectT3/Content/FirstPersonBP/Levels/Level2/CombinedLevel2MountainsTest.umap'
[2018.10.29-08.05.23:200][260]LogFileHelpers: Saving map 'CombinedLevel2MountainsTest' took 0.219
[2018.10.29-08.05.23:201][260]LightingResults: New page: Lighting Build
[2018.10.29-08.05.23:202][260]LoadErrors: New page: Loading map: OneTrueLevel.umap
[2018.10.29-08.05.23:224][260]MapCheck: New page: Map Check
[2018.10.29-08.05.23:224][260]LightingResults: New page: Lighting Build
[2018.10.29-08.05.23:434][260]LogEditorServer: Finished looking for orphan Actors (0.000 secs)
[2018.10.29-08.05.23:488][260]Cmd: MAP CHECKDEP NOCLEARLOG
[2018.10.29-08.05.23:623][260]MapCheck: Map check complete: 0 Error(s), 0 Warning(s), took 135.862ms to complete.
[2018.10.29-08.05.23:623][260]LogFileHelpers: Loading map 'OneTrueLevel' took 0.424
[2018.10.29-08.05.27:689][481]LogLevelStreaming: Display: Failed to find streaming level package file: /Game/FirstPersonBP/Levels/CharlesLevel. This streaming level may not load or save properly.
[2018.10.29-08.05.30:146][598]LogLevelStreaming: Display: Failed to find streaming level package file: /Game/FirstPersonBP/Levels/CharlesLevel. This streaming level may not load or save properly.
[2018.10.29-08.05.34:884][852]LogSlate: FSceneViewport::OnFocusLost() reason 0
[2018.10.29-08.05.46:034][506]LogSlate: FSceneViewport::OnFocusLost() reason 0
[2018.10.29-08.06.21:927][833]LogSlate: Window 'Delete Assets' being destroyed
[2018.10.29-08.06.58:996][833]LogSlate: Window 'Message' being destroyed
[2018.10.29-08.07.10:952][530]LogSlate: FSceneViewport::OnFocusLost() reason 0
[2018.10.29-08.08.12:509][ 72]LogSlate: Window 'Message' being destroyed
[2018.10.29-08.08.12:590][ 72]MapCheck: New page: Map Check
[2018.10.29-08.08.12:590][ 72]LightingResults: New page: Lighting Build
[2018.10.29-08.08.18:036][392]LogAIModule: Creating AISystem for world CombinedLevel2MountainsTest
[2018.10.29-08.08.19:464][392]LogSlate: Window 'Delete Assets' being destroyed
[2018.10.29-08.08.29:143][890]LogSlate: Window 'Message' being destroyed
[2018.10.29-08.08.29:215][890]MapCheck: New page: Map Check
[2018.10.29-08.08.29:215][890]LightingResults: New page: Lighting Build
[2018.10.29-08.08.32:356][ 75]LogAIModule: Creating AISystem for world Mountains2Full
[2018.10.29-08.08.34:111][ 75]LogSlate: Window 'Delete Assets' being destroyed
[2018.10.29-08.10.40:484][741]LogSlate: Window 'Save Content' being destroyed
[2018.10.29-08.10.40:559][741]LogSlate: Window 'Studio2ProjectT3 - Unreal Editor' being destroyed
[2018.10.29-08.10.40:801][742]Cmd: QUIT_EDITOR
[2018.10.29-08.10.40:995][742]LogWindowsTextInputMethodSystem: Display: IME system now deactivated.
[2018.10.29-08.10.41:187][742]LogExit: Preparing to exit.
[2018.10.29-08.10.41:335][742]LogExit: Editor shut down
[2018.10.29-08.10.41:336][742]LogExit: Transaction tracking system shut down
[2018.10.29-08.10.42:337][742]LogExit: Object subsystem successfully closed.
[2018.10.29-08.10.42:357][742]LogShaderCompilers: Display: Shaders left to compile 0
[2018.10.29-08.10.42:367][742]LogD3D11RHI: Shutdown
[2018.10.29-08.10.42:367][742]LogD3D11RHI: CleanupD3DDevice
[2018.10.29-08.10.42:372][742]LogD3D11RHI: ~FD3D11DynamicRHI
[2018.10.29-08.10.42:393][742]LogModuleManager: Shutting down and abandoning module HierarchicalLODUtilities (614)
[2018.10.29-08.10.42:393][742]LogModuleManager: Shutting down and abandoning module HierarchicalLODOutliner (612)
[2018.10.29-08.10.42:393][742]LogModuleManager: Shutting down and abandoning module WorldBrowser (610)
[2018.10.29-08.10.42:393][742]LogModuleManager: Shutting down and abandoning module SceneOutliner (608)
[2018.10.29-08.10.42:393][742]LogModuleManager: Shutting down and abandoning module AddContentDialog (606)
[2018.10.29-08.10.42:397][742]LogModuleManager: Shutting down and abandoning module WidgetCarousel (605)
[2018.10.29-08.10.42:397][742]LogModuleManager: Shutting down and abandoning module EditorWidgets (602)
[2018.10.29-08.10.42:397][742]LogModuleManager: Shutting down and abandoning module CollectionManager (600)
[2018.10.29-08.10.42:397][742]LogModuleManager: Shutting down and abandoning module StatsViewer (598)
[2018.10.29-08.10.42:397][742]LogModuleManager: Shutting down and abandoning module FoliageEdit (596)
[2018.10.29-08.10.42:397][742]LogModuleManager: Shutting down and abandoning module LandscapeEditor (594)
[2018.10.29-08.10.42:398][742]LogModuleManager: Shutting down and abandoning module MeshPaintMode (592)
[2018.10.29-08.10.42:398][742]LogModuleManager: Shutting down and abandoning module SceneDepthPickerMode (590)
[2018.10.29-08.10.42:398][742]LogModuleManager: Shutting down and abandoning module ActorPickerMode (588)
[2018.10.29-08.10.42:398][742]LogModuleManager: Shutting down and abandoning module GeometryMode (586)
[2018.10.29-08.10.42:398][742]LogModuleManager: Shutting down and abandoning module TextureAlignMode (584)
[2018.10.29-08.10.42:398][742]LogModuleManager: Shutting down and abandoning module BspMode (582)
[2018.10.29-08.10.42:398][742]LogModuleManager: Shutting down and abandoning module PIEPreviewDeviceProfileSelector (580)
[2018.10.29-08.10.42:398][742]LogModuleManager: Shutting down and abandoning module SequenceRecorderSections (578)
[2018.10.29-08.10.42:398][742]LogModuleManager: Shutting down and abandoning module AutomationWorker (576)
[2018.10.29-08.10.42:398][742]LogModuleManager: Shutting down and abandoning module AudioCaptureEditor (574)
[2018.10.29-08.10.42:398][742]LogModuleManager: Shutting down and abandoning module SequenceRecorder (573)
[2018.10.29-08.10.42:398][742]LogModuleManager: Shutting down and abandoning module MatineeToLevelSequence (570)
[2018.10.29-08.10.42:398][742]LogModuleManager: Shutting down and abandoning module LevelSequenceEditor (568)
[2018.10.29-08.10.42:398][742]LogModuleManager: Shutting down and abandoning module PlacementMode (567)
[2018.10.29-08.10.42:398][742]LogModuleManager: Shutting down and abandoning module MaterialEditor (566)
[2018.10.29-08.10.42:398][742]LogModuleManager: Shutting down and abandoning module WmfMediaFactory (562)
[2018.10.29-08.10.42:398][742]LogModuleManager: Shutting down and abandoning module WmfMediaEditor (560)
[2018.10.29-08.10.42:398][742]LogModuleManager: Shutting down and abandoning module MediaPlayerEditor (558)
[2018.10.29-08.10.42:399][742]LogModuleManager: Shutting down and abandoning module OpenExrWrapper (556)
[2018.10.29-08.10.42:399][742]LogModuleManager: Shutting down and abandoning module ImgMediaFactory (554)
[2018.10.29-08.10.42:399][742]LogModuleManager: Shutting down and abandoning module ImgMediaEditor (552)
[2018.10.29-08.10.42:399][742]LogModuleManager: Shutting down and abandoning module AvfMediaFactory (550)
[2018.10.29-08.10.42:399][742]LogModuleManager: Shutting down and abandoning module AvfMediaEditor (548)
[2018.10.29-08.10.42:399][742]LogModuleManager: Shutting down and abandoning module AndroidMediaFactory (546)
[2018.10.29-08.10.42:399][742]LogModuleManager: Shutting down and abandoning module AndroidMediaEditor (544)
[2018.10.29-08.10.42:399][742]LogModuleManager: Shutting down and abandoning module MagicLeapCameraPreviewFactory (542)
[2018.10.29-08.10.42:399][742]LogModuleManager: Shutting down and abandoning module MagicLeapMediaFactory (540)
[2018.10.29-08.10.42:399][742]LogModuleManager: Shutting down and abandoning module MagicLeapMediaEditor (538)
[2018.10.29-08.10.42:399][742]LogModuleManager: Shutting down and abandoning module CharacterAI (536)
[2018.10.29-08.10.42:399][742]LogModuleManager: Shutting down and abandoning module SmartSnapping (534)
[2018.10.29-08.10.42:399][742]LogModuleManager: Shutting down and abandoning module SessionServices (532)
[2018.10.29-08.10.42:399][742]LogModuleManager: Shutting down and abandoning module ViewportSnapping (530)
[2018.10.29-08.10.42:399][742]LogModuleManager: Shutting down and abandoning module ViewportInteraction (528)
[2018.10.29-08.10.42:399][742]LogModuleManager: Shutting down and abandoning module ClothPainter (526)
[2018.10.29-08.10.42:399][742]LogModuleManager: Shutting down and abandoning module SkeletalMeshEditor (525)
[2018.10.29-08.10.42:399][742]LogModuleManager: Shutting down and abandoning module LogVisualizer (522)
[2018.10.29-08.10.42:399][742]LogModuleManager: Shutting down and abandoning module IntroTutorials (520)
[2018.10.29-08.10.42:399][742]LogModuleManager: Shutting down and abandoning module GameProjectGeneration (519)
[2018.10.29-08.10.42:399][742]LogModuleManager: Shutting down and abandoning module LuminPlatformEditor (516)
[2018.10.29-08.10.42:399][742]LogModuleManager: Shutting down and abandoning module IOSPlatformEditor (514)
[2018.10.29-08.10.42:400][742]LogModuleManager: Shutting down and abandoning module HTML5PlatformEditor (512)
[2018.10.29-08.10.42:400][742]LogModuleManager: Shutting down and abandoning module AndroidPlatformEditor (510)
[2018.10.29-08.10.42:400][742]LogModuleManager: Shutting down and abandoning module AndroidDeviceDetection (509)
[2018.10.29-08.10.44:154][742]LogModuleManager: Shutting down and abandoning module WindowsPlatformEditor (506)
[2018.10.29-08.10.44:155][742]LogModuleManager: Shutting down and abandoning module LuminRuntimeSettings (504)
[2018.10.29-08.10.44:155][742]LogModuleManager: Shutting down and abandoning module IOSRuntimeSettings (502)
[2018.10.29-08.10.44:155][742]LogModuleManager: Shutting down and abandoning module AndroidRuntimeSettings (500)
[2018.10.29-08.10.44:155][742]LogModuleManager: Shutting down and abandoning module InputBindingEditor (498)
[2018.10.29-08.10.44:155][742]LogModuleManager: Shutting down and abandoning module MergeActors (496)
[2018.10.29-08.10.44:155][742]LogModuleManager: Shutting down and abandoning module LocalizationDashboard (494)
[2018.10.29-08.10.44:155][742]LogModuleManager: Shutting down and abandoning module LocalizationService (493)
[2018.10.29-08.10.44:155][742]LogModuleManager: Shutting down and abandoning module HardwareTargeting (490)
[2018.10.29-08.10.44:155][742]LogModuleManager: Shutting down and abandoning module DeviceProfileEditor (488)
[2018.10.29-08.10.44:156][742]LogModuleManager: Shutting down and abandoning module UndoHistory (486)
[2018.10.29-08.10.44:156][742]LogModuleManager: Shutting down and abandoning module XmlParser (484)
[2018.10.29-08.10.44:156][742]LogModuleManager: Shutting down and abandoning module Blutility (482)
[2018.10.29-08.10.44:156][742]LogModuleManager: Shutting down and abandoning module ProjectSettingsViewer (480)
[2018.10.29-08.10.44:156][742]LogModuleManager: Shutting down and abandoning module ProjectTargetPlatformEditor (479)
[2018.10.29-08.10.44:157][742]LogModuleManager: Shutting down and abandoning module EditorSettingsViewer (476)
[2018.10.29-08.10.44:158][742]LogModuleManager: Shutting down and abandoning module SettingsEditor (474)
[2018.10.29-08.10.44:158][742]LogModuleManager: Shutting down and abandoning module ProjectLauncher (472)
[2018.10.29-08.10.44:158][742]LogModuleManager: Shutting down and abandoning module SessionFrontend (470)
[2018.10.29-08.10.44:158][742]LogModuleManager: Shutting down and abandoning module ProfilerClient (468)
[2018.10.29-08.10.44:158][742]LogModuleManager: Shutting down and abandoning module DeviceManager (466)
[2018.10.29-08.10.44:158][742]LogModuleManager: Shutting down and abandoning module TargetDeviceServices (465)
[2018.10.29-08.10.44:213][742]LogModuleManager: Shutting down and abandoning module AutomationController (462)
[2018.10.29-08.10.44:213][742]LogModuleManager: Shutting down and abandoning module AutomationWindow (460)
[2018.10.29-08.10.44:213][742]LogModuleManager: Shutting down and abandoning module Layers (458)
[2018.10.29-08.10.44:213][742]LogModuleManager: Shutting down and abandoning module ComponentVisualizers (456)
[2018.10.29-08.10.44:213][742]LogModuleManager: Shutting down and abandoning module DetailCustomizations (454)
[2018.10.29-08.10.44:213][742]LogModuleManager: Shutting down and abandoning module PackagesDialog (452)
[2018.10.29-08.10.44:213][742]LogModuleManager: Shutting down and abandoning module Persona (450)
[2018.10.29-08.10.44:215][742]LogModuleManager: Shutting down and abandoning module AdvancedPreviewScene (449)
[2018.10.29-08.10.44:215][742]LogModuleManager: Shutting down and abandoning module AnimGraph (447)
[2018.10.29-08.10.44:215][742]LogModuleManager: Shutting down and abandoning module Kismet (444)
[2018.10.29-08.10.44:215][742]LogModuleManager: Shutting down and abandoning module GraphEditor (442)
[2018.10.29-08.10.44:215][742]LogModuleManager: Shutting down and abandoning module ClassViewer (440)
[2018.10.29-08.10.44:215][742]LogModuleManager: Shutting down and abandoning module Toolbox (438)
[2018.10.29-08.10.44:215][742]LogModuleManager: Shutting down and abandoning module ModuleUI (436)
[2018.10.29-08.10.44:215][742]LogModuleManager: Shutting down and abandoning module MovieSceneTools (434)
[2018.10.29-08.10.44:215][742]LogModuleManager: Shutting down and abandoning module OutputLog (432)
[2018.10.29-08.10.44:215][742]LogModuleManager: Shutting down and abandoning module GammaUI (430)
[2018.10.29-08.10.44:215][742]LogModuleManager: Shutting down and abandoning module Documentation (428)
[2018.10.29-08.10.44:215][742]LogModuleManager: Shutting down and abandoning module MovieSceneTracks (426)
[2018.10.29-08.10.44:215][742]LogModuleManager: Shutting down and abandoning module MovieScene (424)
[2018.10.29-08.10.44:215][742]LogModuleManager: Shutting down and abandoning module StreamingPauseRendering (422)
[2018.10.29-08.10.44:215][742]LogModuleManager: Shutting down and abandoning module LauncherPlatform (420)
[2018.10.29-08.10.44:215][742]LogModuleManager: Shutting down and abandoning module AnalyticsET (418)
[2018.10.29-08.10.44:215][742]LogModuleManager: Shutting down and abandoning module PortalServices (416)
[2018.10.29-08.10.44:215][742]LogModuleManager: Shutting down and abandoning module PortalRpc (414)
[2018.10.29-08.10.44:217][742]LogModuleManager: Shutting down and abandoning module MessagingRpc (412)
[2018.10.29-08.10.44:217][742]LogModuleManager: Shutting down and abandoning module AIModule (410)
[2018.10.29-08.10.44:217][742]LogModuleManager: Shutting down and abandoning module GameplayDebugger (409)
[2018.10.29-08.10.44:217][742]LogModuleManager: Shutting down and abandoning module AITestSuite (407)
[2018.10.29-08.10.44:217][742]LogModuleManager: Shutting down and abandoning module NavigationSystem (405)
[2018.10.29-08.10.44:217][742]LogModuleManager: Shutting down and abandoning module DesktopPlatform (402)
[2018.10.29-08.10.44:217][742]LogModuleManager: Shutting down and abandoning module ProfilerService (400)
[2018.10.29-08.10.44:336][742]LogModuleManager: Shutting down and abandoning module TaskGraph (398)
[2018.10.29-08.10.44:337][742]LogModuleManager: Shutting down and abandoning module SteamVRController (396)
[2018.10.29-08.10.44:337][742]LogModuleManager: Shutting down and abandoning module ProceduralMeshComponentEditor (394)
[2018.10.29-08.10.44:337][742]LogModuleManager: Shutting down and abandoning module ProceduralMeshComponent (392)
[2018.10.29-08.10.44:337][742]LogModuleManager: Shutting down and abandoning module OculusInput (390)
[2018.10.29-08.10.44:337][742]LogModuleManager: Shutting down and abandoning module MobilePatchingUtils (388)
[2018.10.29-08.10.44:337][742]LogModuleManager: Shutting down and abandoning module EditableMesh (386)
[2018.10.29-08.10.44:337][742]LogModuleManager: Shutting down and abandoning module CustomMeshComponent (384)
[2018.10.29-08.10.44:337][742]LogModuleManager: Shutting down and abandoning module CableComponent (382)
[2018.10.29-08.10.44:337][742]LogModuleManager: Shutting down and abandoning module AudioCapture (380)
[2018.10.29-08.10.44:337][742]LogModuleManager: Shutting down and abandoning module ArchVisCharacter (378)
[2018.10.29-08.10.44:337][742]LogModuleManager: Shutting down and abandoning module AndroidPermission (376)
[2018.10.29-08.10.44:337][742]LogModuleManager: Shutting down and abandoning module NUTUnrealEngine4 (374)
[2018.10.29-08.10.44:337][742]LogModuleManager: Shutting down and abandoning module NetcodeUnitTest (372)
[2018.10.29-08.10.44:337][742]LogModuleManager: Shutting down and abandoning module MediaCompositingEditor (370)
[2018.10.29-08.10.44:337][742]LogModuleManager: Shutting down and abandoning module MediaCompositing (368)
[2018.10.29-08.10.44:337][742]LogModuleManager: Shutting down and abandoning module LinearTimecode (366)
[2018.10.29-08.10.44:337][742]LogModuleManager: Shutting down and abandoning module ImgMedia (364)
[2018.10.29-08.10.44:341][742]LogModuleManager: Shutting down and abandoning module HTML5Networking (362)
[2018.10.29-08.10.44:341][742]LogModuleManager: Shutting down and abandoning module GeometryCacheTracks (360)
[2018.10.29-08.10.44:341][742]LogModuleManager: Shutting down and abandoning module GeometryCacheSequencer (358)
[2018.10.29-08.10.44:341][742]LogModuleManager: Shutting down and abandoning module BackChannel (356)
[2018.10.29-08.10.44:341][742]LogModuleManager: Shutting down and abandoning module AppleVision (354)
[2018.10.29-08.10.44:341][742]LogModuleManager: Shutting down and abandoning module AppleImageUtils (352)
[2018.10.29-08.10.44:341][742]LogModuleManager: Shutting down and abandoning module AlembicImporter (350)
[2018.10.29-08.10.44:341][742]LogModuleManager: Shutting down and abandoning module AlembicLibrary (349)
[2018.10.29-08.10.44:341][742]LogModuleManager: Shutting down and abandoning module GeometryCache (348)
[2018.10.29-08.10.44:342][742]LogModuleManager: Shutting down and abandoning module GeometryCacheEd (347)
[2018.10.29-08.10.44:342][742]LogModuleManager: Shutting down and abandoning module DatasmithContentEditor (342)
[2018.10.29-08.10.44:342][742]LogModuleManager: Shutting down and abandoning module DatasmithContent (340)
[2018.10.29-08.10.44:342][742]LogModuleManager: Shutting down and abandoning module SpeedTreeImporter (338)
[2018.10.29-08.10.44:342][742]LogModuleManager: Shutting down and abandoning module PluginBrowser (336)
[2018.10.29-08.10.44:342][742]LogModuleManager: Shutting down and abandoning module MobileLauncherProfileWizard (334)
[2018.10.29-08.10.44:342][742]LogModuleManager: Shutting down and abandoning module PolygonModeling (332)
[2018.10.29-08.10.44:342][742]LogModuleManager: Shutting down and abandoning module MeshEditor (330)
[2018.10.29-08.10.44:342][742]LogModuleManager: Shutting down and abandoning module CryptoKeysOpenSSL (328)
[2018.10.29-08.10.44:342][742]LogModuleManager: Shutting down and abandoning module CryptoKeys (326)
[2018.10.29-08.10.44:342][742]LogModuleManager: Shutting down and abandoning module VisualStudioSourceCodeAccess (324)
[2018.10.29-08.10.44:342][742]LogModuleManager: Shutting down and abandoning module VisualStudioCodeSourceCodeAccess (322)
[2018.10.29-08.10.44:343][742]LogModuleManager: Shutting down and abandoning module UObjectPlugin (320)
[2018.10.29-08.10.44:343][742]LogModuleManager: Shutting down and abandoning module SubversionSourceControl (318)
[2018.10.29-08.10.44:343][742]LogModuleManager: Shutting down and abandoning module PerforceSourceControl (316)
[2018.10.29-08.10.44:343][742]LogModuleManager: Shutting down and abandoning module GitSourceControl (314)
[2018.10.29-08.10.44:343][742]LogModuleManager: Shutting down and abandoning module SourceControl (313)
[2018.10.29-08.10.44:343][742]LogModuleManager: Shutting down and abandoning module CLionSourceCodeAccess (310)
[2018.10.29-08.10.44:343][742]LogModuleManager: Shutting down and abandoning module LightPropagationVolumeEditor (308)
[2018.10.29-08.10.44:343][742]LogModuleManager: Shutting down and abandoning module PaperTiledImporter (306)
[2018.10.29-08.10.44:343][742]LogModuleManager: Shutting down and abandoning module PaperSpriteSheetImporter (304)
[2018.10.29-08.10.44:343][742]LogModuleManager: Shutting down and abandoning module Paper2DEditor (302)
[2018.10.29-08.10.44:343][742]LogModuleManager: Shutting down and abandoning module MeshPaint (301)
[2018.10.29-08.10.44:343][742]LogModuleManager: Shutting down and abandoning module RuntimePhysXCooking (298)
[2018.10.29-08.10.44:343][742]LogModuleManager: Shutting down and abandoning module PhysXVehiclesEditor (296)
[2018.10.29-08.10.44:343][742]LogModuleManager: Shutting down and abandoning module PhysXVehicles (294)
[2018.10.29-08.10.44:343][742]LogModuleManager: Shutting down and abandoning module OculusEditor (292)
[2018.10.29-08.10.44:343][742]LogModuleManager: Shutting down and abandoning module LocationServicesBPLibrary (290)
[2018.10.29-08.10.44:343][742]LogModuleManager: Shutting down and abandoning module ImmediatePhysicsEditor (288)
[2018.10.29-08.10.44:343][742]LogModuleManager: Shutting down and abandoning module ImmediatePhysics (286)
[2018.10.29-08.10.44:343][742]LogModuleManager: Shutting down and abandoning module ActorSequence (284)
[2018.10.29-08.10.44:343][742]LogModuleManager: Shutting down and abandoning module UdpMessaging (282)
[2018.10.29-08.10.44:445][742]LogModuleManager: Shutting down and abandoning module TcpMessaging (280)
[2018.10.29-08.10.44:584][742]LogModuleManager: Shutting down and abandoning module MagicLeapAudio (278)
[2018.10.29-08.10.44:584][742]LogModuleManager: Shutting down and abandoning module GameplayTagsEditor (276)
[2018.10.29-08.10.44:584][742]LogModuleManager: Shutting down and abandoning module FacialAnimationEditor (274)
[2018.10.29-08.10.44:584][742]LogModuleManager: Shutting down and abandoning module FacialAnimation (272)
[2018.10.29-08.10.44:584][742]LogModuleManager: Shutting down and abandoning module DataValidation (270)
[2018.10.29-08.10.44:584][742]LogModuleManager: Shutting down and abandoning module AssetManagerEditor (268)
[2018.10.29-08.10.44:585][742]LogModuleManager: Shutting down and abandoning module LevelEditor (267)
[2018.10.29-08.10.44:589][742]LogModuleManager: Shutting down and abandoning module PixelInspectorModule (266)
[2018.10.29-08.10.44:590][742]LogModuleManager: Shutting down and abandoning module CommonMenuExtensions (264)
[2018.10.29-08.10.44:590][742]LogModuleManager: Shutting down and abandoning module MainFrame (262)
[2018.10.29-08.10.44:590][742]LogModuleManager: Shutting down and abandoning module HotReload (261)
[2018.10.29-08.10.44:591][742]LogModuleManager: Shutting down and abandoning module ContentBrowser (257)
[2018.10.29-08.10.44:598][742]LogModuleManager: Shutting down and abandoning module TreeMap (255)
[2018.10.29-08.10.44:598][742]LogModuleManager: Shutting down and abandoning module LightPropagationVolumeRuntime (252)
[2018.10.29-08.10.44:598][742]LogModuleManager: Shutting down and abandoning module AISupportModule (250)
[2018.10.29-08.10.44:598][742]LogModuleManager: Shutting down and abandoning module Paper2D (248)
[2018.10.29-08.10.44:598][742]LogModuleManager: Shutting down and abandoning module WindowsMoviePlayer (246)
[2018.10.29-08.10.44:599][742]LogModuleManager: Shutting down and abandoning module WmfMedia (244)
[2018.10.29-08.10.44:602][742]LogModuleManager: Shutting down and abandoning module Media (243)
[2018.10.29-08.10.44:608][742]LogModuleManager: Shutting down and abandoning module PacketHandler (240)
[2018.10.29-08.10.44:608][742]LogModuleManager: Shutting down and abandoning module ClothingSystemEditor (238)
[2018.10.29-08.10.44:608][742]LogModuleManager: Shutting down and abandoning module ClothingSystemRuntime (236)
[2018.10.29-08.10.44:608][742]LogModuleManager: Shutting down and abandoning module MediaAssets (234)
[2018.10.29-08.10.44:609][742]LogModuleManager: Shutting down and abandoning module Overlay (232)
[2018.10.29-08.10.44:609][742]LogModuleManager: Shutting down and abandoning module OverlayEditor (231)
[2018.10.29-08.10.44:609][742]LogModuleManager: Shutting down and abandoning module VREditor (228)
[2018.10.29-08.10.44:609][742]LogModuleManager: Shutting down and abandoning module StringTableEditor (226)
[2018.10.29-08.10.44:609][742]LogModuleManager: Shutting down and abandoning module GameplayTasksEditor (224)
[2018.10.29-08.10.44:609][742]LogModuleManager: Shutting down and abandoning module BehaviorTreeEditor (222)
[2018.10.29-08.10.44:609][742]LogModuleManager: Shutting down and abandoning module FunctionalTesting (220)
[2018.10.29-08.10.44:609][742]LogModuleManager: Shutting down and abandoning module CollisionAnalyzer (218)
[2018.10.29-08.10.44:609][742]LogModuleManager: Shutting down and abandoning module WorkspaceMenuStructure (217)
[2018.10.29-08.10.44:609][742]LogModuleManager: Shutting down and abandoning module UMG (214)
[2018.10.29-08.10.44:609][742]LogModuleManager: Shutting down and abandoning module UMGEditor (213)
[2018.10.29-08.10.44:609][742]LogModuleManager: Shutting down and abandoning module Sequencer (212)
[2018.10.29-08.10.44:609][742]LogModuleManager: Shutting down and abandoning module MessageLog (209)
[2018.10.29-08.10.44:609][742]LogModuleManager: Shutting down and abandoning module SlateReflector (204)
[2018.10.29-08.10.44:609][742]LogModuleManager: Shutting down and abandoning module Slate (202)
[2018.10.29-08.10.44:609][742]LogModuleManager: Shutting down and abandoning module EditorStyle (200)
[2018.10.29-08.10.44:613][742]LogModuleManager: Shutting down and abandoning module MRMesh (198)
[2018.10.29-08.10.44:613][742]LogModuleManager: Shutting down and abandoning module SourceCodeAccess (196)
[2018.10.29-08.10.44:613][742]LogModuleManager: Shutting down and abandoning module HeadMountedDisplay (194)
[2018.10.29-08.10.44:613][742]LogModuleManager: Shutting down and abandoning module XAudio2 (192)
[2018.10.29-08.10.44:613][742]LogModuleManager: Shutting down and abandoning module Networking (190)
[2018.10.29-08.10.44:613][742]LogModuleManager: Shutting down and abandoning module Core (188)
[2018.10.29-08.10.44:613][742]LogModuleManager: Shutting down and abandoning module LevelSequence (186)
[2018.10.29-08.10.44:613][742]LogModuleManager: Shutting down and abandoning module KismetCompiler (184)
[2018.10.29-08.10.44:613][742]LogModuleManager: Shutting down and abandoning module MeshUtilities (182)
[2018.10.29-08.10.44:613][742]LogModuleManager: Shutting down and abandoning module MeshMergeUtilities (181)
[2018.10.29-08.10.44:614][742]LogModuleManager: Shutting down and abandoning module MeshReductionInterface (180)
[2018.10.29-08.10.44:614][742]LogModuleManager: Shutting down and abandoning module SimplygonSwarm (179)
[2018.10.29-08.10.44:614][742]LogModuleManager: Shutting down and abandoning module ProxyLODMeshReduction (177)
[2018.10.29-08.10.44:614][742]LogModuleManager: Shutting down and abandoning module SimplygonMeshReduction (175)
[2018.10.29-08.10.44:614][742]LogModuleManager: Shutting down and abandoning module QuadricMeshReduction (173)
[2018.10.29-08.10.44:614][742]LogModuleManager: Shutting down and abandoning module MaterialBaking (169)
[2018.10.29-08.10.44:614][742]LogModuleManager: Shutting down and abandoning module DirectoryWatcher (165)
[2018.10.29-08.10.44:616][742]LogModuleManager: Shutting down and abandoning module DerivedDataCache (162)
[2018.10.29-08.10.44:685][742]LogDerivedDataCache: Shutdown
[2018.10.29-08.10.44:685][742]LogModuleManager: Shutting down and abandoning module XGEController (160)
[2018.10.29-08.10.44:686][742]LogModuleManager: Shutting down and abandoning module TargetPlatform (158)
[2018.10.29-08.10.44:686][742]LogModuleManager: Shutting down and abandoning module VulkanShaderFormat (157)
[2018.10.29-08.10.44:686][742]LogModuleManager: Shutting down and abandoning module ShaderFormatVectorVM (155)
[2018.10.29-08.10.44:686][742]LogModuleManager: Shutting down and abandoning module ShaderFormatOpenGL (153)
[2018.10.29-08.10.44:686][742]LogModuleManager: Shutting down and abandoning module ShaderFormatD3D (151)
[2018.10.29-08.10.44:686][742]LogModuleManager: Shutting down and abandoning module MetalShaderFormat (149)
[2018.10.29-08.10.44:686][742]LogModuleManager: Shutting down and abandoning module TextureFormatUncompressed (147)
[2018.10.29-08.10.44:686][742]LogModuleManager: Shutting down and abandoning module TextureFormatPVR (145)
[2018.10.29-08.10.44:686][742]LogModuleManager: Shutting down and abandoning module TextureFormatDXT (143)
[2018.10.29-08.10.44:686][742]LogModuleManager: Shutting down and abandoning module TextureFormatIntelISPCTexComp (141)
[2018.10.29-08.10.44:686][742]LogModuleManager: Shutting down and abandoning module TextureFormatASTC (139)
[2018.10.29-08.10.44:686][742]LogModuleManager: Shutting down and abandoning module ImageWrapper (138)
[2018.10.29-08.10.44:686][742]LogModuleManager: Shutting down and abandoning module TextureFormatAndroid (135)
[2018.10.29-08.10.44:686][742]LogModuleManager: Shutting down and abandoning module AudioFormatOpus (133)
[2018.10.29-08.10.44:686][742]LogModuleManager: Shutting down and abandoning module AudioFormatOgg (131)
[2018.10.29-08.10.44:686][742]LogModuleManager: Shutting down and abandoning module AudioFormatADPCM (129)
[2018.10.29-08.10.44:686][742]LogModuleManager: Shutting down and abandoning module LuminTargetPlatform (127)
[2018.10.29-08.10.44:686][742]LogModuleManager: Shutting down and abandoning module LinuxTargetPlatform (125)
[2018.10.29-08.10.44:687][742]LogModuleManager: Shutting down and abandoning module LinuxServerTargetPlatform (123)
[2018.10.29-08.10.44:687][742]LogModuleManager: Shutting down and abandoning module LinuxNoEditorTargetPlatform (121)
[2018.10.29-08.10.44:687][742]LogModuleManager: Shutting down and abandoning module LinuxClientTargetPlatform (119)
[2018.10.29-08.10.44:687][742]LogModuleManager: Shutting down and abandoning module TVOSTargetPlatform (117)
[2018.10.29-08.10.44:696][742]LogModuleManager: Shutting down and abandoning module Messaging (115)
[2018.10.29-08.10.44:696][742]LogModuleManager: Shutting down and abandoning module IOSTargetPlatform (113)
[2018.10.29-08.10.44:703][742]LogModuleManager: Shutting down and abandoning module HTML5TargetPlatform (111)
[2018.10.29-08.10.44:703][742]LogModuleManager: Shutting down and abandoning module AndroidTargetPlatform (109)
[2018.10.29-08.10.44:746][742]LogModuleManager: Shutting down and abandoning module WindowsTargetPlatform (107)
[2018.10.29-08.10.44:747][742]LogModuleManager: Shutting down and abandoning module WindowsServerTargetPlatform (105)
[2018.10.29-08.10.44:747][742]LogModuleManager: Shutting down and abandoning module WindowsNoEditorTargetPlatform (103)
[2018.10.29-08.10.44:747][742]LogModuleManager: Shutting down and abandoning module WindowsClientTargetPlatform (101)
[2018.10.29-08.10.44:747][742]LogModuleManager: Shutting down and abandoning module MacTargetPlatform (99)
[2018.10.29-08.10.44:747][742]LogModuleManager: Shutting down and abandoning module MacServerTargetPlatform (97)
[2018.10.29-08.10.44:747][742]LogModuleManager: Shutting down and abandoning module MacNoEditorTargetPlatform (95)
[2018.10.29-08.10.44:747][742]LogModuleManager: Shutting down and abandoning module MacClientTargetPlatform (93)
[2018.10.29-08.10.44:747][742]LogModuleManager: Shutting down and abandoning module AllDesktopTargetPlatform (91)
[2018.10.29-08.10.44:747][742]LogModuleManager: Shutting down and abandoning module InputCore (88)
[2018.10.29-08.10.44:747][742]LogModuleManager: Shutting down and abandoning module Settings (86)
[2018.10.29-08.10.44:748][742]LogModuleManager: Shutting down and abandoning module PhysXCooking (84)
[2018.10.29-08.10.44:748][742]LogModuleManager: Shutting down and abandoning module SteamVR (82)
[2018.10.29-08.10.44:748][742]LogModuleManager: Shutting down and abandoning module OculusHMD (80)
[2018.10.29-08.10.44:748][742]LogModuleManager: Shutting down and abandoning module ExampleDeviceProfileSelector (78)
[2018.10.29-08.10.44:748][742]LogModuleManager: Shutting down and abandoning module LauncherChunkInstaller (76)
[2018.10.29-08.10.44:748][742]LogModuleManager: Shutting down and abandoning module OnlineBlueprintSupport (74)
[2018.10.29-08.10.44:748][742]LogModuleManager: Shutting down and abandoning module OnlineSubsystem (70)
[2018.10.29-08.10.44:749][742]LogModuleManager: Shutting down and abandoning module XMPP (65)
[2018.10.29-08.10.44:749][742]LogModuleManager: Shutting down and abandoning module WebSockets (64)
[2018.10.29-08.10.44:756][742]LogModuleManager: Shutting down and abandoning module HTTP (61)
[2018.10.29-08.10.44:756][742]LogHttp: Display: Http module shutting down, but needs to wait on 1 outstanding Http requests:
[2018.10.29-08.10.44:756][742]LogHttp: Display: 	verb=[POST] url=[https://datarouter.ol.epicgames.com/datarouter/api/v1/public/data?SessionID=%7BB644A427-413C-5EE4-8D22-1491CBEE556C%7D&AppID=UEEditor.Rocket.Release&AppVersion=4.20.3-4369336%2B%2B%2BUE4%2BRelease-4.20&UserID=512aebd343a78a6b091b069fc164a147%7C27cea6e5595d47ecbbc13c52eabc7706%7C0332b042-37ed-415c-8e38-f83ea0648ac0&AppEnvironment=datacollector-binary&UploadType=eteventstream] status=Processing
[2018.10.29-08.10.44:764][742]LogModuleManager: Shutting down and abandoning module SSL (60)
[2018.10.29-08.10.44:766][742]LogModuleManager: Shutting down and abandoning module MagicLeapEmulator (56)
[2018.10.29-08.10.44:766][742]LogModuleManager: Shutting down and abandoning module MagicLeapPrivileges (54)
[2018.10.29-08.10.44:766][742]LogModuleManager: Shutting down and abandoning module MagicLeapIdentity (52)
[2018.10.29-08.10.44:766][742]LogModuleManager: Shutting down and abandoning module MagicLeapHelperVulkan (50)
[2018.10.29-08.10.44:766][742]LogModuleManager: Shutting down and abandoning module MagicLeapHelperOpenGL (48)
[2018.10.29-08.10.44:766][742]LogModuleManager: Shutting down and abandoning module MagicLeapSecureStorage (46)
[2018.10.29-08.10.44:766][742]LogModuleManager: Shutting down and abandoning module MagicLeapGestures (44)
[2018.10.29-08.10.44:766][742]LogModuleManager: Shutting down and abandoning module MagicLeapEyeTracker (42)
[2018.10.29-08.10.44:766][742]LogModuleManager: Shutting down and abandoning module MagicLeapController (40)
[2018.10.29-08.10.44:767][742]LogSlate: Slate User Destroyed.  User Index 0, Is Virtual User: 0
[2018.10.29-08.10.44:767][742]LogModuleManager: Shutting down and abandoning module MagicLeap (38)
[2018.10.29-08.10.44:767][742]LogModuleManager: Shutting down and abandoning module AnimationModifiers (36)
[2018.10.29-08.10.44:767][742]LogModuleManager: Shutting down and abandoning module PropertyEditor (35)
[2018.10.29-08.10.44:767][742]LogModuleManager: Shutting down and abandoning module AudioEditor (32)
[2018.10.29-08.10.44:767][742]LogModuleManager: Shutting down and abandoning module TextureCompressor (30)
[2018.10.29-08.10.44:767][742]LogModuleManager: Shutting down and abandoning module ShaderCore (28)
[2018.10.29-08.10.44:767][742]LogModuleManager: Shutting down and abandoning module Landscape (26)
[2018.10.29-08.10.44:767][742]LogModuleManager: Shutting down and abandoning module SlateRHIRenderer (24)
[2018.10.29-08.10.44:768][742]LogModuleManager: Shutting down and abandoning module OpenGLDrv (22)
[2018.10.29-08.10.44:768][742]LogModuleManager: Shutting down and abandoning module D3D11RHI (20)
[2018.10.29-08.10.44:768][742]LogModuleManager: Shutting down and abandoning module AnimGraphRuntime (18)
[2018.10.29-08.10.44:768][742]LogModuleManager: Shutting down and abandoning module Renderer (16)
[2018.10.29-08.10.44:768][742]LogModuleManager: Shutting down and abandoning module Engine (14)
[2018.10.29-08.10.44:768][742]LogModuleManager: Shutting down and abandoning module CoreUObject (12)
[2018.10.29-08.10.44:768][742]LogModuleManager: Shutting down and abandoning module NetworkFile (10)
[2018.10.29-08.10.44:768][742]LogModuleManager: Shutting down and abandoning module CookedIterativeFile (8)
[2018.10.29-08.10.44:768][742]LogModuleManager: Shutting down and abandoning module StreamingFile (6)
[2018.10.29-08.10.44:768][742]LogModuleManager: Shutting down and abandoning module SandboxFile (4)
[2018.10.29-08.10.44:768][742]LogModuleManager: Shutting down and abandoning module PakFile (2)
[2018.10.29-08.10.44:770][742]LogExit: Exiting.
[2018.10.29-08.10.44:798][742]Log file closed, 10/29/18 19:10:44
