Log file open, 10/29/18 20:22:43
LogWindows: Failed to load 'aqProf.dll' (GetLastError=126)
LogWindows: File 'aqProf.dll' does not exist
LogWindows: Failed to load 'VSPerf140.dll' (GetLastError=126)
LogWindows: File 'VSPerf140.dll' does not exist
LogWindows: Failed to load 'VtuneApi.dll' (GetLastError=126)
LogWindows: File 'VtuneApi.dll' does not exist
LogWindows: Failed to load 'VtuneApi32e.dll' (GetLastError=126)
LogWindows: File 'VtuneApi32e.dll' does not exist
LogInit: Display: Running engine for game: Studio2ProjectT3
LogPlatformFile: Not using cached read wrapper
LogTaskGraph: Started task graph with 5 named threads and 11 total threads with 3 sets of task threads.
LogStats: Stats thread started at 0.186995
LogD3D11RHI: Loaded GFSDK_Aftermath_Lib.x64.dll
LogICUInternationalization: Display: ICU TimeZone Detection - Raw Offset: +10:00, Platform Override: ''
LogPluginManager: Mounting plugin Paper2D
LogPluginManager: Mounting plugin AISupport
LogPluginManager: Mounting plugin LightPropagationVolume
LogPluginManager: Mounting plugin CLionSourceCodeAccess
LogPluginManager: Mounting plugin CodeLiteSourceCodeAccess
LogPluginManager: Mounting plugin GitSourceControl
LogPluginManager: Mounting plugin KDevelopSourceCodeAccess
LogPluginManager: Mounting plugin NullSourceCodeAccess
LogPluginManager: Mounting plugin PerforceSourceControl
LogPluginManager: Mounting plugin SubversionSourceControl
LogPluginManager: Mounting plugin UObjectPlugin
LogPluginManager: Mounting plugin VisualStudioCodeSourceCodeAccess
LogPluginManager: Mounting plugin VisualStudioSourceCodeAccess
LogPluginManager: Mounting plugin XCodeSourceCodeAccess
LogPluginManager: Mounting plugin AssetManagerEditor
LogPluginManager: Mounting plugin CryptoKeys
LogPluginManager: Mounting plugin DataValidation
LogPluginManager: Mounting plugin FacialAnimation
LogPluginManager: Mounting plugin GameplayTagsEditor
LogPluginManager: Mounting plugin MacGraphicsSwitching
LogPluginManager: Mounting plugin MeshEditor
LogPluginManager: Mounting plugin MobileLauncherProfileWizard
LogPluginManager: Mounting plugin PluginBrowser
LogPluginManager: Mounting plugin SpeedTreeImporter
LogPluginManager: Mounting plugin DatasmithContent
LogPluginManager: Mounting plugin AlembicImporter
LogPluginManager: Mounting plugin AppleImageUtils
LogPluginManager: Mounting plugin AppleVision
LogPluginManager: Mounting plugin BackChannel
LogPluginManager: Mounting plugin CharacterAI
LogPluginManager: Mounting plugin GeometryCache
LogPluginManager: Mounting plugin HTML5Networking
LogPluginManager: Mounting plugin ProxyLODPlugin
LogPluginManager: Mounting plugin MagicLeap
LogPluginManager: Mounting plugin MagicLeapEmulator
LogPluginManager: Mounting plugin MagicLeapMedia
LogPluginManager: Mounting plugin AndroidMedia
LogPluginManager: Mounting plugin AvfMedia
LogPluginManager: Mounting plugin ImgMedia
LogPluginManager: Mounting plugin LinearTimecode
LogPluginManager: Mounting plugin MediaCompositing
LogPluginManager: Mounting plugin MediaPlayerEditor
LogPluginManager: Mounting plugin WmfMedia
LogPluginManager: Mounting plugin TcpMessaging
LogPluginManager: Mounting plugin UdpMessaging
LogPluginManager: Mounting plugin ActorSequence
LogPluginManager: Mounting plugin LevelSequenceEditor
LogPluginManager: Mounting plugin MatineeToLevelSequence
LogPluginManager: Mounting plugin NetcodeUnitTest
LogPluginManager: Mounting plugin NUTUnrealEngine4
LogPluginManager: Mounting plugin OnlineSubsystemGooglePlay
LogPluginManager: Mounting plugin OnlineSubsystemIOS
LogPluginManager: Mounting plugin OnlineSubsystem
LogPluginManager: Mounting plugin OnlineSubsystemNull
LogPluginManager: Mounting plugin OnlineSubsystemUtils
LogPluginManager: Mounting plugin LauncherChunkInstaller
LogPluginManager: Mounting plugin AndroidDeviceProfileSelector
LogPluginManager: Mounting plugin AndroidMoviePlayer
LogPluginManager: Mounting plugin AndroidPermission
LogPluginManager: Mounting plugin AppleMoviePlayer
LogPluginManager: Mounting plugin ArchVisCharacter
LogPluginManager: Mounting plugin AudioCapture
LogPluginManager: Mounting plugin CableComponent
LogPluginManager: Mounting plugin CustomMeshComponent
LogPluginManager: Mounting plugin EditableMesh
LogPluginManager: Mounting plugin ExampleDeviceProfileSelector
LogPluginManager: Mounting plugin GoogleCloudMessaging
LogPluginManager: Mounting plugin ImmediatePhysics
LogPluginManager: Mounting plugin IOSDeviceProfileSelector
LogPluginManager: Mounting plugin LinuxDeviceProfileSelector
LogPluginManager: Mounting plugin LocationServicesBPLibrary
LogPluginManager: Mounting plugin MobilePatchingUtils
LogPluginManager: Mounting plugin OculusVR
LogPluginManager: Plugin shader directory ../../../Engine/Plugins/Runtime/Oculus/OculusVR/Shaders found
LogPluginManager: Mapping shader source directory ../../../Engine/Plugins/Runtime/Oculus/OculusVR/Shaders to virtual directory /Plugin/OculusVR
LogPluginManager: Mounting plugin PhysXVehicles
LogPluginManager: Mounting plugin ProceduralMeshComponent
LogPluginManager: Mounting plugin RuntimePhysXCooking
LogPluginManager: Mounting plugin SteamVR
LogPluginManager: Mounting plugin WindowsMoviePlayer
LogStreaming: Display: Took  0.183s to configure plugins.
LogInit: Using libcurl 7.55.1-DEV
LogInit:  - built for x86_64-pc-win32
LogInit:  - supports SSL with OpenSSL/1.0.2h
LogInit:  - supports HTTP deflate (compression) using libz 1.2.8
LogInit:  - other features:
LogInit:      CURL_VERSION_SSL
LogInit:      CURL_VERSION_LIBZ
LogInit:      CURL_VERSION_IPV6
LogInit:      CURL_VERSION_ASYNCHDNS
LogInit:      CURL_VERSION_LARGEFILE
LogInit:      CURL_VERSION_IDN
LogInit:  CurlRequestOptions (configurable via config and command line):
LogInit:  - bVerifyPeer = false  - Libcurl will NOT verify peer certificate
LogInit:  - bUseHttpProxy = false  - Libcurl will NOT use HTTP proxy
LogInit:  - bDontReuseConnections = false  - Libcurl will reuse connections
LogInit:  - CertBundlePath = nullptr  - Libcurl will use whatever was configured at build time.
LogInit:  - MaxHostConnections = 16  - Libcurl will limit the number of connections to a host
LogInit:  - LocalHostAddr = Default
LogInit:  - BufferSize = 65536
LogInit: WinSock: version 1.1 (2.2), MaxSocks=32767, MaxUdp=65467
LogInit: Build: ++UE4+Release-4.20-CL-4369336
LogInit: Engine Version: 4.20.3-4369336+++UE4+Release-4.20
LogInit: Compatible Engine Version: 4.20.0-4212847+++UE4+Release-4.20
LogInit: Net CL: 4212847
LogInit: OS: Windows 10 (), CPU: Intel(R) Core(TM) i7-6500U CPU @ 2.50GHz, GPU: Intel(R) HD Graphics 520
LogInit: Compiled (64-bit): Sep 17 2018 12:26:19
LogInit: Compiled with Visual C++: 19.13.26129.00
LogInit: Build Configuration: Development
LogInit: Branch Name: ++UE4+Release-4.20
LogInit: Command Line:  
LogInit: Base Directory: C:/Program Files/Epic Games/UE_4.20/Engine/Binaries/Win64/
LogInit: Installed Engine Build: 1
LogDevObjectVersion: Number of dev versions registered: 20
LogDevObjectVersion:   Dev-Blueprints (B0D832E4-1F89-4F0D-ACCF-7EB736FD4AA2): 10
LogDevObjectVersion:   Dev-Build (E1C64328-A22C-4D53-A36C-8E866417BD8C): 0
LogDevObjectVersion:   Dev-Core (375EC13C-06E4-48FB-B500-84F0262A717E): 2
LogDevObjectVersion:   Dev-Editor (E4B068ED-F494-42E9-A231-DA0B2E46BB41): 24
LogDevObjectVersion:   Dev-Framework (CFFC743F-43B0-4480-9391-14DF171D2073): 34
LogDevObjectVersion:   Dev-Mobile (B02B49B5-BB20-44E9-A304-32B752E40360): 2
LogDevObjectVersion:   Dev-Networking (A4E4105C-59A1-49B5-A7C5-40C4547EDFEE): 0
LogDevObjectVersion:   Dev-Online (39C831C9-5AE6-47DC-9A44-9C173E1C8E7C): 0
LogDevObjectVersion:   Dev-Physics (78F01B33-EBEA-4F98-B9B4-84EACCB95AA2): 0
LogDevObjectVersion:   Dev-Platform (6631380F-2D4D-43E0-8009-CF276956A95A): 0
LogDevObjectVersion:   Dev-Rendering (12F88B9F-8875-4AFC-A67C-D90C383ABD29): 26
LogDevObjectVersion:   Dev-Sequencer (7B5AE74C-D270-4C10-A958-57980B212A5A): 9
LogDevObjectVersion:   Dev-VR (D7296918-1DD6-4BDD-9DE2-64A83CC13884): 2
LogDevObjectVersion:   Dev-LoadTimes (C2A15278-BFE7-4AFE-6C17-90FF531DF755): 1
LogDevObjectVersion:   Private-Geometry (6EACA3D4-40EC-4CC1-B786-8BED09428FC5): 3
LogDevObjectVersion:   Dev-AnimPhys (29E575DD-E0A3-4627-9D10-D276232CDCEA): 17
LogDevObjectVersion:   Dev-ReflectionCapture (6B266CEC-1EC7-4B8F-A30B-E4D90942FC07): 1
LogDevObjectVersion:   Dev-Automation (0DF73D61-A23F-47EA-B727-89E90C41499A): 1
LogDevObjectVersion:   FortniteMain (601D1886-AC64-4F84-AA16-D3DE0DEAC7D6): 12
LogDevObjectVersion:   Dev-Enterprise (9DFFBCD6-494F-0158-E221-12823C92A888): 1
LogStreaming: Display: Took  0.001s to delete old logs.
LogInit: Presizing for max 8388607 objects, including 0 objects not considered by GC, pre-allocating 0 bytes for permanent pool.
LogInit: Object subsystem initialized
[2018.10.29-09.22.44:505][  0]LogInit: Selected Device Profile: [Windows]
[2018.10.29-09.22.44:505][  0]LogInit: Applying CVar settings loaded from the selected device profile: [Windows]
[2018.10.29-09.22.44:552][  0]LogHAL: Display: Platform has ~ 12 GB [12786237440 / 17179869184 / 12], which maps to Larger [LargestMinGB=32, LargerMinGB=12, DefaultMinGB=8, SmallerMinGB=6, SmallestMinGB=0)
[2018.10.29-09.22.44:552][  0]LogInit: Setting Device Profile CVar: [[r.Vulkan.UseRealUBs:1]]
[2018.10.29-09.22.44:552][  0]LogInit: Going up to parent DeviceProfile []
[2018.10.29-09.22.44:552][  0]LogInit: Computer: LAPTOP-DGMNQ6HO
[2018.10.29-09.22.44:552][  0]LogInit: User: Kamikaze
[2018.10.29-09.22.44:552][  0]LogInit: CPU Page size=4096, Cores=2
[2018.10.29-09.22.44:552][  0]LogInit: High frequency timer resolution =2.531246 MHz
[2018.10.29-09.22.44:553][  0]LogMemory: Memory total: Physical=11.9GB (12GB approx)
[2018.10.29-09.22.44:553][  0]LogMemory: Platform Memory Stats for Windows
[2018.10.29-09.22.44:553][  0]LogMemory: Process Physical Memory: 100.28 MB used, 100.28 MB peak
[2018.10.29-09.22.44:553][  0]LogMemory: Process Virtual Memory: 84.52 MB used, 84.52 MB peak
[2018.10.29-09.22.44:553][  0]LogMemory: Physical Memory: 6959.65 MB used,  5234.25 MB free, 12193.91 MB total
[2018.10.29-09.22.44:553][  0]LogMemory: Virtual Memory: 4616.36 MB used,  5234.25 MB free, 134217728.00 MB total
[2018.10.29-09.22.44:572][  0]LogInit: Using OS detected language (en-US).
[2018.10.29-09.22.44:572][  0]LogInit: Using OS detected locale (en-AU).
[2018.10.29-09.22.44:573][  0]LogTextLocalizationManager: No specific localization for 'en-US' exists, so the 'en' localization will be used.
[2018.10.29-09.22.45:556][  0]LogStreaming: Display: Took  0.985s to InitEngineTextLocalization.
[2018.10.29-09.22.45:557][  0]LogInit: Setting process to per monitor DPI aware
[2018.10.29-09.22.45:958][  0]LogSlate: New Slate User Created.  User Index 0, Is Virtual User: 0
[2018.10.29-09.22.45:958][  0]LogSlate: Slate User Registered.  User Index 0, Is Virtual User: 0
[2018.10.29-09.22.56:490][  0]LogHMD: Failed to initialize OpenVR with code 101
[2018.10.29-09.22.56:490][  0]LogD3D11RHI: D3D11 adapters:
[2018.10.29-09.22.56:544][  0]LogD3D11RHI:    0. 'NVIDIA GeForce 920MX' (Feature Level 11_0)
[2018.10.29-09.22.56:544][  0]LogD3D11RHI:       2020/0/6096 MB DedicatedVideo/DedicatedSystem/SharedSystem, Outputs:1, VendorId:0x10de
[2018.10.29-09.22.56:552][  0]LogD3D11RHI:    1. 'Intel(R) HD Graphics 520' (Feature Level 11_0)
[2018.10.29-09.22.56:552][  0]LogD3D11RHI:       128/0/6096 MB DedicatedVideo/DedicatedSystem/SharedSystem, Outputs:0, VendorId:0x8086
[2018.10.29-09.22.56:597][  0]LogD3D11RHI:    2. 'Microsoft Basic Render Driver' (Feature Level 11_0)
[2018.10.29-09.22.56:597][  0]LogD3D11RHI:       0/0/6096 MB DedicatedVideo/DedicatedSystem/SharedSystem, Outputs:0, VendorId:0x1414
[2018.10.29-09.22.56:597][  0]LogD3D11RHI: Chosen D3D11 Adapter: 0
[2018.10.29-09.22.56:616][  0]LogD3D11RHI: Creating new Direct3DDevice
[2018.10.29-09.22.56:616][  0]LogD3D11RHI:     GPU DeviceId: 0x134f (for the marketing name, search the web for "GPU Device Id")
[2018.10.29-09.22.56:616][  0]LogWindows: EnumDisplayDevices:
[2018.10.29-09.22.56:616][  0]LogWindows:    0. 'Intel(R) HD Graphics 520' (P:1 D:1)
[2018.10.29-09.22.56:616][  0]LogWindows:    1. 'Intel(R) HD Graphics 520' (P:0 D:0)
[2018.10.29-09.22.56:617][  0]LogWindows:    2. 'Intel(R) HD Graphics 520' (P:0 D:0)
[2018.10.29-09.22.56:617][  0]LogWindows: DebugString: PrimaryIsNotTheChoosenAdapter PrimaryIsNotTheChoosenAdapter PrimaryIsNotTheChoosenAdapter FoundDriverCount:0 
[2018.10.29-09.22.56:617][  0]LogD3D11RHI:     Adapter Name: NVIDIA GeForce 920MX
[2018.10.29-09.22.56:617][  0]LogD3D11RHI:   Driver Version: Unknown (internal:Unknown, unified:Unknown)
[2018.10.29-09.22.56:617][  0]LogD3D11RHI:      Driver Date: Unknown
[2018.10.29-09.22.56:617][  0]LogRHI: Texture pool is 1414 MB (70% of 2020 MB)
[2018.10.29-09.22.56:646][  0]LogD3D11RHI: Async texture creation enabled
[2018.10.29-09.22.56:663][  0]LogD3D11RHI: GPU Timing Frequency: 1000.000000 (Debug: 2 2)
[2018.10.29-09.22.56:664][  0]LogShaderCompilers: Guid format shader working directory is -66 characters bigger than the processId version (../../../../../../Users/Kamikaze/Desktop/Unreal Engine Projects/Studio2ProjectFixed/Studio2Project/Studio2ProjectT3/Intermediate/Shaders/WorkingDirectory/4336/).
[2018.10.29-09.22.56:664][  0]LogShaderCompilers: Cleaned the shader compiler working directory 'C:/Users/Kamikaze/AppData/Local/Temp/UnrealShaderWorkingDir/653311BF4BEC59AD0A15A380C7B2B9E8/'.
[2018.10.29-09.22.57:497][  0]LogTemp: Display: Loaded TP AllDesktopTargetPlatform
[2018.10.29-09.22.57:512][  0]LogTemp: Display: Loaded TP MacClientTargetPlatform
[2018.10.29-09.22.57:527][  0]LogTemp: Display: Loaded TP MacNoEditorTargetPlatform
[2018.10.29-09.22.57:542][  0]LogTemp: Display: Loaded TP MacServerTargetPlatform
[2018.10.29-09.22.58:878][  0]LogTemp: Display: Loaded TP MacTargetPlatform
[2018.10.29-09.22.58:895][  0]LogTemp: Display: Loaded TP WindowsClientTargetPlatform
[2018.10.29-09.22.58:913][  0]LogTemp: Display: Loaded TP WindowsNoEditorTargetPlatform
[2018.10.29-09.22.58:930][  0]LogTemp: Display: Loaded TP WindowsServerTargetPlatform
[2018.10.29-09.22.58:938][  0]LogTemp: Display: Loaded TP WindowsTargetPlatform
[2018.10.29-09.22.59:077][  0]LogTemp: Display: Loaded TP AndroidTargetPlatform
[2018.10.29-09.22.59:077][  0]LogTemp: Display: Loaded TP AndroidTargetPlatform
[2018.10.29-09.22.59:077][  0]LogTemp: Display: Loaded TP AndroidTargetPlatform
[2018.10.29-09.22.59:077][  0]LogTemp: Display: Loaded TP AndroidTargetPlatform
[2018.10.29-09.22.59:077][  0]LogTemp: Display: Loaded TP AndroidTargetPlatform
[2018.10.29-09.22.59:077][  0]LogTemp: Display: Loaded TP AndroidTargetPlatform
[2018.10.29-09.22.59:077][  0]LogTemp: Display: Loaded TP AndroidTargetPlatform
[2018.10.29-09.22.59:077][  0]LogTemp: Display: Loaded TP AndroidTargetPlatform
[2018.10.29-09.22.59:077][  0]LogTemp: Display: Loaded TP AndroidTargetPlatform
[2018.10.29-09.22.59:077][  0]LogTemp: Display: Loaded TP AndroidTargetPlatform
[2018.10.29-09.22.59:077][  0]LogTemp: Display: Loaded TP AndroidTargetPlatform
[2018.10.29-09.22.59:077][  0]LogTemp: Display: Loaded TP AndroidTargetPlatform
[2018.10.29-09.22.59:077][  0]LogTemp: Display: Loaded TP AndroidTargetPlatform
[2018.10.29-09.22.59:077][  0]LogTemp: Display: Loaded TP AndroidTargetPlatform
[2018.10.29-09.22.59:077][  0]LogTemp: Display: Loaded TP AndroidTargetPlatform
[2018.10.29-09.22.59:077][  0]LogTemp: Display: Loaded TP AndroidTargetPlatform
[2018.10.29-09.22.59:077][  0]LogTemp: Display: Loaded TP AndroidTargetPlatform
[2018.10.29-09.22.59:077][  0]LogTemp: Display: Loaded TP AndroidTargetPlatform
[2018.10.29-09.22.59:078][  0]LogTemp: Display: Loaded TP HTML5TargetPlatform
[2018.10.29-09.22.59:189][  0]LogTemp: Display: Loaded TP IOSTargetPlatform
[2018.10.29-09.22.59:189][  0]LogTemp: Display: Loaded TP IOSTargetPlatform
[2018.10.29-09.22.59:214][  0]LogTemp: Display: Loaded TP TVOSTargetPlatform
[2018.10.29-09.22.59:214][  0]LogTemp: Display: Loaded TP TVOSTargetPlatform
[2018.10.29-09.22.59:228][  0]LogTemp: Display: Loaded TP LinuxClientTargetPlatform
[2018.10.29-09.22.59:243][  0]LogTemp: Display: Loaded TP LinuxNoEditorTargetPlatform
[2018.10.29-09.22.59:256][  0]LogTemp: Display: Loaded TP LinuxServerTargetPlatform
[2018.10.29-09.22.59:288][  0]LogTemp: Display: Loaded TP LinuxTargetPlatform
[2018.10.29-09.22.59:299][  0]LogTemp: Display: Loaded TP LuminTargetPlatform
[2018.10.29-09.22.59:299][  0]LogTargetPlatformManager: Display: Building Assets For Windows
[2018.10.29-09.22.59:367][  0]LogXGEController: Cannot use XGE Controller as Incredibuild is not installed on this machine.
[2018.10.29-09.22.59:367][  0]LogShaderCompilers: Cannot use XGE Shader Compiler as Incredibuild is not installed on this machine.
[2018.10.29-09.22.59:368][  0]LogShaderCompilers: Display: Using Local Shader Compiler.
[2018.10.29-09.23.05:098][  0]LogDerivedDataCache: Display: Max Cache Size: 512 MB
[2018.10.29-09.23.05:157][  0]LogDerivedDataCache: Loaded boot cache 0.06s 71MB C:/Users/Kamikaze/AppData/Local/UnrealEngine/4.20/DerivedDataCache/Boot.ddc.
[2018.10.29-09.23.05:158][  0]LogDerivedDataCache: Display: Loaded Boot cache: C:/Users/Kamikaze/AppData/Local/UnrealEngine/4.20/DerivedDataCache/Boot.ddc
[2018.10.29-09.23.05:158][  0]LogDerivedDataCache: FDerivedDataBackendGraph:  Pak pak cache file ../../../../../../Users/Kamikaze/Desktop/Unreal Engine Projects/Studio2ProjectFixed/Studio2Project/Studio2ProjectT3/DerivedDataCache/DDC.ddp not found, will not use a pak cache.
[2018.10.29-09.23.05:158][  0]LogDerivedDataCache: Unable to find inner node Pak for hierarchical cache Hierarchy.
[2018.10.29-09.23.05:158][  0]LogDerivedDataCache: FDerivedDataBackendGraph:  CompressedPak pak cache file ../../../../../../Users/Kamikaze/Desktop/Unreal Engine Projects/Studio2ProjectFixed/Studio2Project/Studio2ProjectT3/DerivedDataCache/Compressed.ddp not found, will not use a pak cache.
[2018.10.29-09.23.05:158][  0]LogDerivedDataCache: Unable to find inner node CompressedPak for hierarchical cache Hierarchy.
[2018.10.29-09.23.05:173][  0]LogDerivedDataCache: Display: Pak cache opened for reading ../../../Engine/DerivedDataCache/Compressed.ddp.
[2018.10.29-09.23.05:185][  0]LogDerivedDataCache: Using Local data cache path C:/Users/Kamikaze/AppData/Local/UnrealEngine/Common/DerivedDataCache: Writable
[2018.10.29-09.23.05:185][  0]LogDerivedDataCache: Shared data cache path not found in *engine.ini, will not use an Shared cache.
[2018.10.29-09.23.05:185][  0]LogDerivedDataCache: Unable to find inner node Shared for hierarchical cache Hierarchy.
[2018.10.29-09.23.05:205][  0]LogMaterial: Verifying Global Shaders for PCD3D_SM5
[2018.10.29-09.23.05:206][  0]LogSlate: Using FreeType 2.6.0
[2018.10.29-09.23.05:236][  0]LogSlate: SlateFontServices - WITH_FREETYPE: 1, WITH_HARFBUZZ: 1
[2018.10.29-09.23.06:884][  0]LogAssetRegistry: FAssetRegistry took 0.0272 seconds to start up
[2018.10.29-09.23.07:248][  0]LogInit: Selected Device Profile: [Windows]
[2018.10.29-09.23.07:412][  0]LogSimplygon: Simplygon DLL not present - disabling.
[2018.10.29-09.23.07:415][  0]LogMeshReduction: Using SimplygonSwarm for distributed automatic mesh merging
[2018.10.29-09.23.07:415][  0]LogMeshReduction: Using ProxyLODMeshReduction for automatic mesh merging
[2018.10.29-09.23.07:415][  0]LogMeshReduction: Using QuadricMeshReduction for automatic static mesh reduction
[2018.10.29-09.23.07:415][  0]LogMeshReduction: No automatic skeletal mesh reduction module available
[2018.10.29-09.23.07:432][  0]LogNetVersion: Studio2ProjectT3 1.0.0, NetCL: 4212847, EngineNetVer: 5, GameNetVer: 0 (Checksum: 167173112)
[2018.10.29-09.23.08:049][  0]LogPackageLocalizationCache: Processed 11 localized package path(s) for 2 prioritized culture(s) in 0.131020 seconds
[2018.10.29-09.23.08:055][  0]LogUObjectArray: 38425 objects as part of root set at end of initial load.
[2018.10.29-09.23.08:055][  0]LogUObjectAllocator: 6690864 out of 0 bytes used by permanent object pool.
[2018.10.29-09.23.08:055][  0]LogUObjectArray: CloseDisregardForGC: 0/0 objects in disregard for GC pool
[2018.10.29-09.23.41:340][  0]LogTcpMessaging: Initializing TcpMessaging bridge
[2018.10.29-09.23.41:354][  0]LogUdpMessaging: Initializing bridge on interface 0.0.0.0:0 to multicast group 230.0.0.1:6666.
[2018.10.29-09.23.42:079][  0]SourceControl: Source control is disabled
[2018.10.29-09.23.42:079][  0]SourceControl: Source control is disabled
[2018.10.29-09.23.42:080][  0]SourceControl: Source control is disabled
[2018.10.29-09.23.42:081][  0]SourceControl: Source control is disabled
[2018.10.29-09.23.42:398][  0]LogAndroidPermission: UAndroidPermissionCallbackProxy::GetInstance
[2018.10.29-09.23.42:441][  0]LogOcInput: OculusInput pre-init called
[2018.10.29-09.23.42:552][  0]LogEngine: Initializing Engine...
[2018.10.29-09.23.42:553][  0]LogHMD: Failed to initialize OpenVR with code 101
[2018.10.29-09.23.42:554][  0]LogStats: UGameplayTagsManager::ConstructGameplayTagTree: ImportINI prefixes -  0.000 s
[2018.10.29-09.23.42:554][  0]LogStats: UGameplayTagsManager::ConstructGameplayTagTree: Construct from data asset -  0.000 s
[2018.10.29-09.23.42:555][  0]LogStats: UGameplayTagsManager::ConstructGameplayTagTree: ImportINI -  0.000 s
[2018.10.29-09.23.42:555][  0]LogStats: UGameplayTagsManager::ConstructGameplayTagTree: GameplayTagTreeChangedEvent.Broadcast -  0.000 s
[2018.10.29-09.23.42:786][  0]LogInit: Initializing FReadOnlyCVARCache
[2018.10.29-09.23.42:803][  0]LogAIModule: Creating AISystem for world Untitled
[2018.10.29-09.23.42:818][  0]LogInit: XAudio2 using 'Speakers (Conexant SmartAudio HD)' : 2 channels at 44.1 kHz using 32 bits per sample (channel mask 0x3)
[2018.10.29-09.23.42:836][  0]LogInit: FAudioDevice initialized.
[2018.10.29-09.23.42:837][  0]LogNetVersion: Set ProjectVersion to 1.0.0.0. Version Checksum will be recalculated on next use.
[2018.10.29-09.23.46:590][  0]LogDerivedDataCache: Saved boot cache 3.75s 71MB C:/Users/Kamikaze/AppData/Local/UnrealEngine/4.20/DerivedDataCache/Boot.ddc.
[2018.10.29-09.23.46:594][  0]LogInit: Texture streaming: Enabled
[2018.10.29-09.23.46:612][  0]LogEngineSessionManager: EngineSessionManager initialized
[2018.10.29-09.23.46:630][  0]LogInit: Transaction tracking system initialized
[2018.10.29-09.23.46:654][  0]BlueprintLog: New page: Editor Load
[2018.10.29-09.23.48:329][  0]LocalizationService: Localization service is disabled
[2018.10.29-09.23.50:073][  0]LogCook: Display: Max memory allowance for cook 16384mb min free memory 0mb
[2018.10.29-09.23.50:073][  0]LogCook: Display: Mobile HDR setting 1
[2018.10.29-09.23.50:073][  0]LogGameplayTags: Display: UGameplayTagsManager::DoneAddingNativeTags. DelegateIsBound: 0
[2018.10.29-09.23.50:073][  0]LogStats: UGameplayTagsManager::ConstructGameplayTagTree: ImportINI prefixes -  0.000 s
[2018.10.29-09.23.50:073][  0]LogStats: UGameplayTagsManager::ConstructGameplayTagTree: Construct from data asset -  0.000 s
[2018.10.29-09.23.50:073][  0]LogStats: UGameplayTagsManager::ConstructGameplayTagTree: ImportINI -  0.000 s
[2018.10.29-09.23.50:073][  0]LogStats: UGameplayTagsManager::ConstructGameplayTagTree: GameplayTagTreeChangedEvent.Broadcast -  0.000 s
[2018.10.29-09.23.50:557][  0]LogFileCache: Scanning file cache for directory 'C:/Users/Kamikaze/Desktop/Unreal Engine Projects/Studio2ProjectFixed/Studio2Project/Studio2ProjectT3/Content/' took 0.08s
[2018.10.29-09.23.51:481][  0]SourceControl: Source control is disabled
[2018.10.29-09.23.51:482][  0]LightingResults: New page: Lighting Build
[2018.10.29-09.23.51:485][  0]MapCheck: New page: Map Check
[2018.10.29-09.23.51:485][  0]LightingResults: New page: Lighting Build
[2018.10.29-09.23.52:541][  0]LogAIModule: Creating AISystem for world FirstPersonExampleMap
[2018.10.29-09.23.52:555][  0]LogEditorServer: Finished looking for orphan Actors (0.000 secs)
[2018.10.29-09.23.52:582][  0]Cmd: MAP CHECKDEP NOCLEARLOG
[2018.10.29-09.23.52:655][  0]MapCheck: Map check complete: 0 Error(s), 0 Warning(s), took 73.313ms to complete.
[2018.10.29-09.23.52:655][  0]LogFileHelpers: Loading map 'FirstPersonExampleMap' took 1.174
[2018.10.29-09.23.53:004][  0]LogSlate: Updating window title bar state: overlay mode, drag disabled, window buttons hidden, title bar hidden
[2018.10.29-09.23.53:013][  0]LogSlate: Updating window title bar state: overlay mode, drag disabled, window buttons hidden, title bar hidden
[2018.10.29-09.23.53:021][  0]LogSlate: Updating window title bar state: overlay mode, drag disabled, window buttons hidden, title bar hidden
[2018.10.29-09.23.53:029][  0]LogSlate: Updating window title bar state: overlay mode, drag disabled, window buttons hidden, title bar hidden
[2018.10.29-09.23.53:041][  0]LogCollectionManager: Loaded 0 collections in 0.002480 seconds
[2018.10.29-09.23.53:082][  0]LogFileCache: Scanning file cache for directory 'C:/Users/Kamikaze/Desktop/Unreal Engine Projects/Studio2ProjectFixed/Studio2Project/Studio2ProjectT3/Saved/Collections/' took 0.01s
[2018.10.29-09.23.53:083][  0]LogFileCache: Scanning file cache for directory 'C:/Users/Kamikaze/Desktop/Unreal Engine Projects/Studio2ProjectFixed/Studio2Project/Studio2ProjectT3/Content/Developers/Kamikaze/Collections/' took 0.01s
[2018.10.29-09.23.53:083][  0]LogFileCache: Scanning file cache for directory 'C:/Users/Kamikaze/Desktop/Unreal Engine Projects/Studio2ProjectFixed/Studio2Project/Studio2ProjectT3/Content/Collections/' took 0.01s
[2018.10.29-09.23.53:083][  0]LogCollectionManager: Rebuilt the GUID cache for 0 collections in 0.000000 seconds
[2018.10.29-09.23.53:092][  0]LogContentBrowser: Native class hierarchy populated in 0.0094 seconds. Added 2572 classes and 603 folders.
[2018.10.29-09.23.53:100][  0]LogContentBrowser: Native class hierarchy updated for 'WidgetCarousel' in 0.0003 seconds. Added 0 classes and 0 folders.
[2018.10.29-09.23.54:047][  0]LogContentBrowser: Native class hierarchy updated for 'AddContentDialog' in 0.0002 seconds. Added 0 classes and 0 folders.
[2018.10.29-09.23.54:106][  0]LogContentBrowser: Native class hierarchy updated for 'SceneOutliner' in 0.0003 seconds. Added 1 classes and 2 folders.
[2018.10.29-09.23.54:120][  0]LogContentBrowser: Native class hierarchy updated for 'WorldBrowser' in 0.0003 seconds. Added 2 classes and 3 folders.
[2018.10.29-09.23.54:128][  0]LogSlate: Took 0.000303 seconds to synchronously load lazily loaded font '../../../Engine/Content/Slate/Fonts/Roboto-Regular.ttf' (155K)
[2018.10.29-09.23.54:131][  0]LogSlate: Took 0.000245 seconds to synchronously load lazily loaded font '../../../Engine/Content/Slate/Fonts/Roboto-Bold.ttf' (160K)
[2018.10.29-09.23.54:436][  0]LogSlate: Took 0.298707 seconds to synchronously load lazily loaded font '../../../Engine/Content/Editor/Slate/Fonts/FontAwesome.ttf' (139K)
[2018.10.29-09.23.54:537][  0]LogRenderer: Reallocating scene render targets to support 852x436 Format 9 NumSamples 1 (Frame:1).
[2018.10.29-09.23.54:707][  0]LogContentBrowser: Native class hierarchy updated for 'HierarchicalLODOutliner' in 0.0002 seconds. Added 0 classes and 0 folders.
[2018.10.29-09.23.54:707][  0]LogLoad: (Engine Initialization) Total time: 82.05 seconds
[2018.10.29-09.23.54:707][  0]LogLoad: (Engine Initialization) Total Blueprint compile time: 0.00 seconds
[2018.10.29-09.23.54:759][  0]LogContentStreaming: Texture pool size now 600 MB
[2018.10.29-09.23.55:485][  2]LogAssetRegistry: Asset discovery search completed in 48.6232 seconds
[2018.10.29-09.23.55:487][  2]LogCollectionManager: Rebuilt the object cache for 0 collections in 0.000000 seconds (found 0 objects)
[2018.10.29-09.23.55:487][  2]LogCollectionManager: Fixed up redirectors for 0 collections in 0.000066 seconds (updated 0 objects)
[2018.10.29-09.23.55:504][  2]LogSlate: Took 0.000193 seconds to synchronously load lazily loaded font '../../../Engine/Content/Slate/Fonts/Roboto-Light.ttf' (167K)
[2018.10.29-09.24.00:167][281]LogFileCache: Retrieving MD5 hashes for directory 'C:/Users/Kamikaze/Desktop/Unreal Engine Projects/Studio2ProjectFixed/Studio2Project/Studio2ProjectT3/Content/' took 5.43s
[2018.10.29-09.25.08:769][395]LogSlate: FSceneViewport::OnFocusLost() reason 0
[2018.10.29-09.25.08:906][403]LogSlate: Took 0.000228 seconds to synchronously load lazily loaded font '../../../Engine/Content/Slate/Fonts/Roboto-Light.ttf' (167K)
[2018.10.29-09.25.12:918][403]LogAIModule: Creating AISystem for world Mountains2Stephen
[2018.10.29-09.25.12:923][403]LogMaterial: Warning: Material /Game/InfinityBladeGrassLands/Environments/Plains/Env_Plains_Flora/Materials/M_Plains_Tree_Stump01.M_Plains_Tree_Stump01 needed to have new flag set bUsedWithInstancedStaticMeshes !
[2018.10.29-09.25.12:926][403]LogMaterial: Display: Missing cached shader map for material M_Plains_Tree_Stump01, compiling. 
[2018.10.29-09.25.13:026][403]MapCheck: Warning: M_Plains_Tree_Stump01 Material /Game/InfinityBladeGrassLands/Environments/Plains/Env_Plains_Flora/Materials/M_Plains_Tree_Stump01.M_Plains_Tree_Stump01 was missing the usage flag bUsedWithInstancedStaticMeshes. If the material asset is not re-saved, it may not render correctly when run outside the editor. Fix
[2018.10.29-09.25.13:036][403]LogShaderCompilers: Display: Shaders left to compile 61
[2018.10.29-09.25.13:036][403]LogShaderCompilers: Display: Shaders left to compile 51
[2018.10.29-09.25.13:036][403]LogShaderCompilers: Display: Shaders left to compile 41
[2018.10.29-09.25.13:036][403]LogMaterial: Warning: Material /Game/SoulCave/Environment/Materials/Nature/M_Soul_Tree02.M_Soul_Tree02 needed to have new flag set bUsedWithInstancedStaticMeshes !
[2018.10.29-09.25.13:040][403]LogMaterial: Display: Missing cached shader map for material M_Soul_Tree02, compiling. 
[2018.10.29-09.25.13:167][403]MapCheck: Warning: M_Soul_Tree02 Material /Game/SoulCave/Environment/Materials/Nature/M_Soul_Tree02.M_Soul_Tree02 was missing the usage flag bUsedWithInstancedStaticMeshes. If the material asset is not re-saved, it may not render correctly when run outside the editor. Fix
[2018.10.29-09.25.13:168][403]LogMaterial: Warning: Material /Game/SoulCave/Environment/Materials/Nature/M_Soul_TwistedTree.M_Soul_TwistedTree needed to have new flag set bUsedWithInstancedStaticMeshes !
[2018.10.29-09.25.13:171][403]LogMaterial: Display: Missing cached shader map for material M_Soul_TwistedTree, compiling. 
[2018.10.29-09.25.13:231][403]MapCheck: Warning: M_Soul_TwistedTree Material /Game/SoulCave/Environment/Materials/Nature/M_Soul_TwistedTree.M_Soul_TwistedTree was missing the usage flag bUsedWithInstancedStaticMeshes. If the material asset is not re-saved, it may not render correctly when run outside the editor. Fix
[2018.10.29-09.25.13:232][403]LogMaterial: Warning: Material /Game/SoulCave/Environment/Materials/Foliage/M_Cave_Grass.M_Cave_Grass needed to have new flag set bUsedWithInstancedStaticMeshes !
[2018.10.29-09.25.13:235][403]LogMaterial: Display: Missing cached shader map for material M_Cave_Grass, compiling. 
[2018.10.29-09.25.13:306][403]MapCheck: Warning: M_Cave_Grass Material /Game/SoulCave/Environment/Materials/Foliage/M_Cave_Grass.M_Cave_Grass was missing the usage flag bUsedWithInstancedStaticMeshes. If the material asset is not re-saved, it may not render correctly when run outside the editor. Fix
[2018.10.29-09.25.13:310][403]LogMaterial: Display: Missing cached shader map for material M_Cave_Grass, compiling. 
[2018.10.29-09.25.13:395][403]LogMaterial: Warning: Material /Game/SoulCave/Environment/Materials/Foliage/M_Aspen_Tree_Bark.M_Aspen_Tree_Bark needed to have new flag set bUsedWithInstancedStaticMeshes !
[2018.10.29-09.25.13:399][403]LogMaterial: Display: Missing cached shader map for material M_Aspen_Tree_Bark, compiling. 
[2018.10.29-09.25.13:457][403]MapCheck: Warning: M_Aspen_Tree_Bark Material /Game/SoulCave/Environment/Materials/Foliage/M_Aspen_Tree_Bark.M_Aspen_Tree_Bark was missing the usage flag bUsedWithInstancedStaticMeshes. If the material asset is not re-saved, it may not render correctly when run outside the editor. Fix
[2018.10.29-09.25.13:458][403]LogMaterial: Warning: Material /Game/SoulCave/Environment/Materials/Foliage/M_Aspen_Tree_Unlit_Blowing.M_Aspen_Tree_Unlit_Blowing needed to have new flag set bUsedWithInstancedStaticMeshes !
[2018.10.29-09.25.13:461][403]LogMaterial: Display: Missing cached shader map for material M_Aspen_Tree_Unlit_Blowing, compiling. 
[2018.10.29-09.25.13:502][403]MapCheck: Warning: M_Aspen_Tree_Unlit_Blowing Material /Game/SoulCave/Environment/Materials/Foliage/M_Aspen_Tree_Unlit_Blowing.M_Aspen_Tree_Unlit_Blowing was missing the usage flag bUsedWithInstancedStaticMeshes. If the material asset is not re-saved, it may not render correctly when run outside the editor. Fix
[2018.10.29-09.25.13:503][403]LogMaterial: Warning: Material /Game/InfinityBladeGrassLands/Environments/Earth/Materials/M_Exo_Generic_Plants.M_Exo_Generic_Plants needed to have new flag set bUsedWithInstancedStaticMeshes !
[2018.10.29-09.25.13:507][403]LogMaterial: Display: Missing cached shader map for material M_Exo_Generic_Plants, compiling. 
[2018.10.29-09.25.13:595][403]MapCheck: Warning: M_Exo_Generic_Plants Material /Game/InfinityBladeGrassLands/Environments/Earth/Materials/M_Exo_Generic_Plants.M_Exo_Generic_Plants was missing the usage flag bUsedWithInstancedStaticMeshes. If the material asset is not re-saved, it may not render correctly when run outside the editor. Fix
[2018.10.29-09.25.13:596][403]LogMaterial: Warning: Material /Game/InfinityBladeGrassLands/Environments/Plains/Env_Plains_Flora/Materials/M_PLains_Fern01.M_PLains_Fern01 needed to have new flag set bUsedWithInstancedStaticMeshes !
[2018.10.29-09.25.13:600][403]LogMaterial: Display: Missing cached shader map for material M_PLains_Fern01, compiling. 
[2018.10.29-09.25.13:687][403]MapCheck: Warning: M_PLains_Fern01 Material /Game/InfinityBladeGrassLands/Environments/Plains/Env_Plains_Flora/Materials/M_PLains_Fern01.M_PLains_Fern01 was missing the usage flag bUsedWithInstancedStaticMeshes. If the material asset is not re-saved, it may not render correctly when run outside the editor. Fix
[2018.10.29-09.25.13:709][403]LogAssetEditorManager: Opening Asset editor for World /Game/FirstPersonBP/Levels/Level2/Mountains2Stephen.Mountains2Stephen
[2018.10.29-09.25.13:750][403]LightingResults: New page: Lighting Build
[2018.10.29-09.25.13:751][403]LoadErrors: New page: Loading map: Mountains2Stephen.umap
[2018.10.29-09.25.13:752][403]MapCheck: New page: Map Check
[2018.10.29-09.25.13:753][403]LightingResults: New page: Lighting Build
[2018.10.29-09.25.14:567][403]LogStreaming: Display: ULevelStreaming::RequestLevel(/Game/FirstPersonBP/Levels/StephenTestLevel) is flushing async loading
[2018.10.29-09.25.14:567][403]LogStreaming: Display: Flushing async loaders.
[2018.10.29-09.25.16:704][403]LogLevelStreaming: Display: Failed to find streaming level package file: /Game/FirstPersonBP/Levels/CharlesLevel. This streaming level may not load or save properly.
[2018.10.29-09.25.17:226][403]LogStreaming: Display: ULevelStreaming::RequestLevel(/Game/FirstPersonBP/Levels/OneTrueLevel) is flushing async loading
[2018.10.29-09.25.18:132][403]LogShaderCompilers: Display: Shaders left to compile 779
[2018.10.29-09.25.19:589][403]LogShaderCompilers: Display: Shaders left to compile 769
[2018.10.29-09.25.19:589][403]LogShaderCompilers: Display: Shaders left to compile 759
[2018.10.29-09.25.19:589][403]LogStreaming: Display: ULevelStreaming::RequestLevel(/Game/FirstPersonBP/Levels/DavisLevel) is flushing async loading
[2018.10.29-09.25.21:324][403]LogLevelStreaming: Display: Failed to find streaming level package file: /Game/FirstPersonBP/Levels/CharlesLevel. This streaming level may not load or save properly.
[2018.10.29-09.25.22:218][403]LogStreaming: Display: ULevelStreaming::RequestLevel(/Game/FirstPersonBP/Levels/Level2/Mountains2Davis) is flushing async loading
[2018.10.29-09.25.22:780][403]LogShaderCompilers: Display: Shaders left to compile 749
[2018.10.29-09.25.22:927][403]LogEditorServer: Finished looking for orphan Actors (0.000 secs)
[2018.10.29-09.25.23:021][403]Cmd: MAP CHECKDEP NOCLEARLOG
[2018.10.29-09.25.23:021][403]LogEditorServer: Warning: WorldSettings contains streaming level '/Game/FirstPersonBP/Levels/OneTrueLevel' which isn't loaded.
[2018.10.29-09.25.23:021][403]LogEditorServer: Warning: WorldSettings contains streaming level '/Game/FirstPersonBP/Levels/DavisLevel' which isn't loaded.
[2018.10.29-09.25.23:021][403]LogEditorServer: Warning: WorldSettings contains streaming level '/Game/FirstPersonBP/Levels/CharlesLevel' which isn't loaded.
[2018.10.29-09.25.23:021][403]LogEditorServer: Warning: WorldSettings contains streaming level '/Game/FirstPersonBP/Levels/StephenMountains' which isn't loaded.
[2018.10.29-09.25.23:021][403]LogEditorServer: Warning: WorldSettings contains streaming level '/Game/FirstPersonBP/Levels/OneTrueLevel' which isn't loaded.
[2018.10.29-09.25.23:021][403]LogEditorServer: Warning: WorldSettings contains streaming level '/Game/FirstPersonBP/Levels/StephenTestLevel' which isn't loaded.
[2018.10.29-09.25.23:021][403]LogEditorServer: Warning: WorldSettings contains streaming level '/Game/FirstPersonBP/Levels/CharlesLevel' which isn't loaded.
[2018.10.29-09.25.23:021][403]LogEditorServer: Warning: WorldSettings contains streaming level '/Game/FirstPersonBP/Levels/StephenTestLevel' which isn't loaded.
[2018.10.29-09.25.23:021][403]LogEditorServer: Warning: WorldSettings contains streaming level '/Game/FirstPersonBP/Levels/OneTrueLevel' which isn't loaded.
[2018.10.29-09.25.23:021][403]LogEditorServer: Warning: WorldSettings contains streaming level '/Game/FirstPersonBP/Levels/DavisLevel' which isn't loaded.
[2018.10.29-09.25.23:021][403]LogEditorServer: Warning: WorldSettings contains streaming level '/Game/FirstPersonBP/Levels/Level2/StephenLakeLevel2' which isn't loaded.
[2018.10.29-09.25.23:021][403]LogEditorServer: Warning: WorldSettings contains streaming level '/Game/FirstPersonBP/Levels/Level2/Mountains2Stephen' which isn't loaded.
[2018.10.29-09.25.23:281][403]MapCheck: Map check complete: 0 Error(s), 0 Warning(s), took 260.404ms to complete.
[2018.10.29-09.25.23:283][403]LogFileHelpers: Loading map 'Mountains2Stephen' took 9.535
[2018.10.29-09.25.24:699][468]LogSlate: Window 'Message Log' being destroyed
[2018.10.29-09.25.24:704][468]LogSlate: Window 'Message Log' being destroyed
[2018.10.29-09.25.28:106][665]LogSlate: FSceneViewport::OnFocusLost() reason 0
[2018.10.29-09.25.28:409][683]LogShaderCompilers: Display: Shaders left to compile 739
[2018.10.29-09.25.28:696][700]LogShaderCompilers: Display: Shaders left to compile 729
[2018.10.29-09.25.28:827][707]LogShaderCompilers: Display: Shaders left to compile 719
[2018.10.29-09.25.33:667][782]LogShaderCompilers: Display: Shaders left to compile 709
[2018.10.29-09.25.33:667][782]LogShaderCompilers: Display: Shaders left to compile 699
[2018.10.29-09.25.38:573][ 53]LogShaderCompilers: Display: Shaders left to compile 689
[2018.10.29-09.25.40:110][143]LogSlate: FSceneViewport::OnFocusLost() reason 0
[2018.10.29-09.25.41:820][188]LogShaderCompilers: Display: Shaders left to compile 679
[2018.10.29-09.25.42:162][208]LogShaderCompilers: Display: Shaders left to compile 669
[2018.10.29-09.25.45:909][399]LogShaderCompilers: Display: Shaders left to compile 659
[2018.10.29-09.25.47:290][480]LogSlate: FSceneViewport::OnFocusLost() reason 0
[2018.10.29-09.25.49:890][488]LogShaderCompilers: Display: Shaders left to compile 649
[2018.10.29-09.25.49:890][488]LogShaderCompilers: Display: Shaders left to compile 639
[2018.10.29-09.25.55:801][631]LogShaderCompilers: Display: Shaders left to compile 629
[2018.10.29-09.25.58:494][755]LogShaderCompilers: Display: Shaders left to compile 619
[2018.10.29-09.25.59:007][781]LogShaderCompilers: Display: Shaders left to compile 609
[2018.10.29-09.25.59:719][785]LogShaderCompilers: Display: Shaders left to compile 599
[2018.10.29-09.26.03:241][785]LogShaderCompilers: Display: Shaders left to compile 589
[2018.10.29-09.26.03:363][785]LogShaderCompilers: Display: Shaders left to compile 579
[2018.10.29-09.26.03:585][785]LogShaderCompilers: Display: Shaders left to compile 569
[2018.10.29-09.26.08:280][982]LogShaderCompilers: Display: Shaders left to compile 559
[2018.10.29-09.26.12:525][106]LogShaderCompilers: Display: Shaders left to compile 549
[2018.10.29-09.26.12:525][106]LogShaderCompilers: Display: Shaders left to compile 539
[2018.10.29-09.26.12:527][106]LogAIModule: Creating AISystem for world StephenLakeLevel2
[2018.10.29-09.26.12:745][113]LogShaderCompilers: Display: Shaders left to compile 529
[2018.10.29-09.26.16:792][329]LogShaderCompilers: Display: Shaders left to compile 519
[2018.10.29-09.26.18:438][329]LogAIModule: Creating AISystem for world DavisPlainsLevel2
[2018.10.29-09.26.20:838][446]LogShaderCompilers: Display: Shaders left to compile 509
[2018.10.29-09.26.24:059][619]LogShaderCompilers: Display: Shaders left to compile 499
[2018.10.29-09.26.25:969][730]LogShaderCompilers: Display: Shaders left to compile 489
[2018.10.29-09.26.26:860][781]LogSlate: FSceneViewport::OnFocusLost() reason 0
[2018.10.29-09.26.27:829][786]LogSavePackage: Moving '../../../../../../Users/Kamikaze/Desktop/Unreal Engine Projects/Studio2ProjectFixed/Studio2Project/Studio2ProjectT3/Saved/DavisPlainsLevel2EFD45B094E4DD68402A303AF3C12A007.tmp' to '../../../../../../Users/Kamikaze/Desktop/Unreal Engine Projects/Studio2ProjectFixed/Studio2Project/Studio2ProjectT3/Content/FirstPersonBP/Levels/Level2/DavisPlainsLevel2.umap'
[2018.10.29-09.26.28:541][820]LogShaderCompilers: Display: Shaders left to compile 479
[2018.10.29-09.26.31:058][927]LogSavePackage: Moving '../../../../../../Users/Kamikaze/Desktop/Unreal Engine Projects/Studio2ProjectFixed/Studio2Project/Studio2ProjectT3/Saved/DavisPlainsLevel284DAC6574085808C204BC3B845BC0D4A.tmp' to '../../../../../../Users/Kamikaze/Desktop/Unreal Engine Projects/Studio2ProjectFixed/Studio2Project/Studio2ProjectT3/Content/FirstPersonBP/Levels/Level2/DavisPlainsLevel2.umap'
[2018.10.29-09.26.32:257][992]LogShaderCompilers: Display: Shaders left to compile 469
[2018.10.29-09.26.32:305][995]LogShaderCompilers: Display: Shaders left to compile 459
[2018.10.29-09.26.36:775][214]LogSavePackage: Moving '../../../../../../Users/Kamikaze/Desktop/Unreal Engine Projects/Studio2ProjectFixed/Studio2Project/Studio2ProjectT3/Saved/DavisPlainsLevel2EA4D71EA45CE1D798007D8B010F96A0F.tmp' to '../../../../../../Users/Kamikaze/Desktop/Unreal Engine Projects/Studio2ProjectFixed/Studio2Project/Studio2ProjectT3/Content/FirstPersonBP/Levels/Level2/DavisPlainsLevel2.umap'
[2018.10.29-09.26.41:016][459]LogShaderCompilers: Display: Shaders left to compile 449
[2018.10.29-09.26.42:517][546]LogShaderCompilers: Display: Shaders left to compile 439
[2018.10.29-09.26.45:693][732]LogShaderCompilers: Display: Shaders left to compile 429
[2018.10.29-09.26.47:918][861]LogShaderCompilers: Display: Shaders left to compile 419
[2018.10.29-09.26.50:160][987]LogShaderCompilers: Display: Shaders left to compile 409
[2018.10.29-09.26.52:231][100]LogShaderCompilers: Display: Shaders left to compile 399
[2018.10.29-09.27.00:276][525]LogShaderCompilers: Display: Shaders left to compile 389
[2018.10.29-09.27.01:658][597]LogAssetEditorManager: Opening Asset editor for World /Game/FirstPersonBP/Levels/Level2/Mountains2Davis.Mountains2Davis
[2018.10.29-09.27.02:051][597]LogShaderCompilers: Display: Shaders left to compile 379
[2018.10.29-09.27.02:441][597]LogShaderCompilers: Display: Shaders left to compile 369
[2018.10.29-09.27.03:472][597]LogSlate: Window 'Save Content' being destroyed
[2018.10.29-09.27.04:142][597]LogSavePackage: Moving '../../../../../../Users/Kamikaze/Desktop/Unreal Engine Projects/Studio2ProjectFixed/Studio2Project/Studio2ProjectT3/Saved/Mountains2Stephen2A891FC14E533FC0F8CD5382B8AD9B7A.tmp' to '../../../../../../Users/Kamikaze/Desktop/Unreal Engine Projects/Studio2ProjectFixed/Studio2Project/Studio2ProjectT3/Content/FirstPersonBP/Levels/Level2/Mountains2Stephen.umap'
[2018.10.29-09.27.04:202][597]LogFileHelpers: Saving map 'Mountains2Stephen' took 0.722
[2018.10.29-09.27.04:205][597]LightingResults: New page: Lighting Build
[2018.10.29-09.27.04:206][597]LoadErrors: New page: Loading map: Mountains2Davis.umap
[2018.10.29-09.27.04:215][597]MapCheck: New page: Map Check
[2018.10.29-09.27.04:215][597]LightingResults: New page: Lighting Build
[2018.10.29-09.27.04:285][597]LogAIModule: Creating AISystem for world Mountains2Davis
[2018.10.29-09.27.04:288][597]LogStreaming: Display: ULevelStreaming::RequestLevel(/Game/FirstPersonBP/Levels/StephenTestLevel) is flushing async loading
[2018.10.29-09.27.04:288][597]LogStreaming: Display: Flushing async loaders.
[2018.10.29-09.27.06:127][597]LogShaderCompilers: Display: Shaders left to compile 359
[2018.10.29-09.27.06:127][597]LogLevelStreaming: Display: Failed to find streaming level package file: /Game/FirstPersonBP/Levels/CharlesLevel. This streaming level may not load or save properly.
[2018.10.29-09.27.06:131][597]LogStreaming: Display: ULevelStreaming::RequestLevel(/Game/FirstPersonBP/Levels/OneTrueLevel) is flushing async loading
[2018.10.29-09.27.06:513][597]LogStreaming: Display: ULevelStreaming::RequestLevel(/Game/FirstPersonBP/Levels/DavisLevel) is flushing async loading
[2018.10.29-09.27.08:191][597]LogShaderCompilers: Display: Shaders left to compile 349
[2018.10.29-09.27.08:191][597]LogShaderCompilers: Display: Shaders left to compile 339
[2018.10.29-09.27.08:191][597]LogLevelStreaming: Display: Failed to find streaming level package file: /Game/FirstPersonBP/Levels/CharlesLevel. This streaming level may not load or save properly.
[2018.10.29-09.27.08:196][597]LogStreaming: Display: ULevelStreaming::RequestLevel(/Game/FirstPersonBP/Levels/Level2/StephenLakeLevel2) is flushing async loading
[2018.10.29-09.27.08:428][597]LogStreaming: Display: ULevelStreaming::RequestLevel(/Game/FirstPersonBP/Levels/Level2/Mountains2Stephen) is flushing async loading
[2018.10.29-09.27.09:235][597]LogEditorServer: Finished looking for orphan Actors (0.000 secs)
[2018.10.29-09.27.09:326][597]Cmd: MAP CHECKDEP NOCLEARLOG
[2018.10.29-09.27.09:327][597]LogEditorServer: Warning: WorldSettings contains streaming level '/Game/FirstPersonBP/Levels/OneTrueLevel' which isn't loaded.
[2018.10.29-09.27.09:327][597]LogEditorServer: Warning: WorldSettings contains streaming level '/Game/FirstPersonBP/Levels/DavisLevel' which isn't loaded.
[2018.10.29-09.27.09:327][597]LogEditorServer: Warning: WorldSettings contains streaming level '/Game/FirstPersonBP/Levels/CharlesLevel' which isn't loaded.
[2018.10.29-09.27.09:327][597]LogEditorServer: Warning: WorldSettings contains streaming level '/Game/FirstPersonBP/Levels/StephenMountains' which isn't loaded.
[2018.10.29-09.27.09:327][597]LogEditorServer: Warning: WorldSettings contains streaming level '/Game/FirstPersonBP/Levels/OneTrueLevel' which isn't loaded.
[2018.10.29-09.27.09:327][597]LogEditorServer: Warning: WorldSettings contains streaming level '/Game/FirstPersonBP/Levels/StephenTestLevel' which isn't loaded.
[2018.10.29-09.27.09:327][597]LogEditorServer: Warning: WorldSettings contains streaming level '/Game/FirstPersonBP/Levels/CharlesLevel' which isn't loaded.
[2018.10.29-09.27.09:327][597]LogEditorServer: Warning: WorldSettings contains streaming level '/Game/FirstPersonBP/Levels/OneTrueLevel' which isn't loaded.
[2018.10.29-09.27.09:327][597]LogEditorServer: Warning: WorldSettings contains streaming level '/Game/FirstPersonBP/Levels/DavisLevel' which isn't loaded.
[2018.10.29-09.27.09:327][597]LogEditorServer: Warning: WorldSettings contains streaming level '/Game/FirstPersonBP/Levels/StephenMountains' which isn't loaded.
[2018.10.29-09.27.09:327][597]LogEditorServer: Warning: WorldSettings contains streaming level '/Game/FirstPersonBP/Levels/StephenTestLevel' which isn't loaded.
[2018.10.29-09.27.09:327][597]LogEditorServer: Warning: WorldSettings contains streaming level '/Game/FirstPersonBP/Levels/OneTrueLevel' which isn't loaded.
[2018.10.29-09.27.09:327][597]LogEditorServer: Warning: WorldSettings contains streaming level '/Game/FirstPersonBP/Levels/DavisLevel' which isn't loaded.
[2018.10.29-09.27.09:327][597]LogEditorServer: Warning: WorldSettings contains streaming level '/Game/FirstPersonBP/Levels/Level2/Mountains2Davis' which isn't loaded.
[2018.10.29-09.27.09:327][597]LogEditorServer: Warning: WorldSettings contains streaming level '/Game/FirstPersonBP/Levels/Level2/StephenLakeLevel2' which isn't loaded.
[2018.10.29-09.27.09:327][597]LogEditorServer: Warning: WorldSettings contains streaming level '/Game/FirstPersonBP/Levels/Level2/DavisPlainsLevel2' which isn't loaded.
[2018.10.29-09.27.09:579][597]MapCheck: Map check complete: 0 Error(s), 0 Warning(s), took 253.094ms to complete.
[2018.10.29-09.27.09:582][597]LogFileHelpers: Loading map 'Mountains2Davis' took 5.378
[2018.10.29-09.27.13:720][834]LogShaderCompilers: Display: Shaders left to compile 329
[2018.10.29-09.27.15:590][943]LogShaderCompilers: Display: Shaders left to compile 319
[2018.10.29-09.27.18:830][ 74]LogShaderCompilers: Display: Shaders left to compile 309
[2018.10.29-09.27.21:786][213]LogShaderCompilers: Display: Shaders left to compile 299
[2018.10.29-09.27.24:196][324]LogShaderCompilers: Display: Shaders left to compile 289
[2018.10.29-09.27.24:351][333]LogShaderCompilers: Display: Shaders left to compile 279
[2018.10.29-09.27.25:545][396]LogSlate: FSceneViewport::OnFocusLost() reason 0
[2018.10.29-09.27.31:037][716]LogShaderCompilers: Display: Shaders left to compile 269
[2018.10.29-09.27.31:602][749]LogShaderCompilers: Display: Shaders left to compile 259
[2018.10.29-09.27.34:198][900]LogShaderCompilers: Display: Shaders left to compile 249
[2018.10.29-09.27.37:486][ 92]LogShaderCompilers: Display: Shaders left to compile 239
[2018.10.29-09.27.42:275][372]LogShaderCompilers: Display: Shaders left to compile 229
[2018.10.29-09.27.42:551][388]LogShaderCompilers: Display: Shaders left to compile 219
[2018.10.29-09.27.47:682][685]LogShaderCompilers: Display: Shaders left to compile 209
[2018.10.29-09.27.47:939][700]LogShaderCompilers: Display: Shaders left to compile 199
[2018.10.29-09.27.48:858][754]LogShaderCompilers: Display: Shaders left to compile 189
[2018.10.29-09.27.53:352][ 16]LogShaderCompilers: Display: Shaders left to compile 179
[2018.10.29-09.27.58:443][313]LogShaderCompilers: Display: Shaders left to compile 169
[2018.10.29-09.27.58:479][315]LogShaderCompilers: Display: Shaders left to compile 159
[2018.10.29-09.27.59:236][359]LogSlate: FSceneViewport::OnFocusLost() reason 0
[2018.10.29-09.28.01:128][468]LogShaderCompilers: Display: Shaders left to compile 149
[2018.10.29-09.28.02:662][520]LogAIModule: Creating AISystem for world StephenMountains
[2018.10.29-09.28.04:566][565]LogShaderCompilers: Display: Shaders left to compile 139
[2018.10.29-09.28.04:741][565]LogShaderCompilers: Display: Shaders left to compile 129
[2018.10.29-09.28.06:020][565]LogShaderCompilers: Display: Shaders left to compile 119
[2018.10.29-09.28.09:209][609]LogShaderCompilers: Display: Shaders left to compile 109
[2018.10.29-09.28.11:840][731]LogShaderCompilers: Display: Shaders left to compile 99
[2018.10.29-09.28.13:366][803]LogShaderCompilers: Display: Shaders left to compile 89
[2018.10.29-09.28.14:708][828]LogShaderCompilers: Display: Shaders left to compile 79
[2018.10.29-09.28.15:929][828]LogShaderCompilers: Display: Shaders left to compile 69
[2018.10.29-09.28.17:204][828]LogShaderCompilers: Display: Shaders left to compile 59
[2018.10.29-09.28.20:839][910]LogShaderCompilers: Display: Shaders left to compile 49
[2018.10.29-09.28.21:816][955]LogShaderCompilers: Display: Shaders left to compile 39
[2018.10.29-09.28.23:220][ 25]LogShaderCompilers: Display: Shaders left to compile 29
[2018.10.29-09.28.28:947][361]LogShaderCompilers: Display: Shaders left to compile 19
[2018.10.29-09.28.29:035][366]LogShaderCompilers: Display: Shaders left to compile 9
[2018.10.29-09.28.39:568][925]LogAIModule: Creating AISystem for world DavisPlainsLevel2
[2018.10.29-09.28.45:956][120]LogSlate: FSceneViewport::OnFocusLost() reason 0
[2018.10.29-09.28.50:625][388]LogSlate: FSceneViewport::OnFocusLost() reason 0
[2018.10.29-09.28.51:306][394]LogSavePackage: Moving '../../../../../../Users/Kamikaze/Desktop/Unreal Engine Projects/Studio2ProjectFixed/Studio2Project/Studio2ProjectT3/Saved/DavisPlainsLevel2820989F84934854024D4F096552D2FB4.tmp' to '../../../../../../Users/Kamikaze/Desktop/Unreal Engine Projects/Studio2ProjectFixed/Studio2Project/Studio2ProjectT3/Content/FirstPersonBP/Levels/Level2/DavisPlainsLevel2.umap'
[2018.10.29-09.28.59:080][844]LogSlate: FSceneViewport::OnFocusLost() reason 0
[2018.10.29-09.29.20:708][634]LogSlate: FSceneViewport::OnFocusLost() reason 0
[2018.10.29-09.29.25:331][900]LogSlate: FSceneViewport::OnFocusLost() reason 0
[2018.10.29-09.29.27:241][907]LogSlate: Window 'Save Content' being destroyed
[2018.10.29-09.29.27:644][907]LogSavePackage: Moving '../../../../../../Users/Kamikaze/Desktop/Unreal Engine Projects/Studio2ProjectFixed/Studio2Project/Studio2ProjectT3/Saved/Mountains2Davis45B32C6D4A93D56EAE6376BF432183E9.tmp' to '../../../../../../Users/Kamikaze/Desktop/Unreal Engine Projects/Studio2ProjectFixed/Studio2Project/Studio2ProjectT3/Content/FirstPersonBP/Levels/Level2/Mountains2Davis.umap'
[2018.10.29-09.29.27:680][907]LogFileHelpers: Saving map 'Mountains2Davis' took 0.405
[2018.10.29-09.29.27:763][907]LogSlate: Window 'Studio2ProjectT3 - Unreal Editor' being destroyed
[2018.10.29-09.29.27:764][907]LogWindowsTextInputMethodSystem: Display: IME system now deactivated.
[2018.10.29-09.29.27:977][908]Cmd: QUIT_EDITOR
[2018.10.29-09.29.28:177][908]LogExit: Preparing to exit.
[2018.10.29-09.29.28:576][908]LogDirectoryWatcher: A directory notification failed for 'C:/Users/Kamikaze/Desktop/Unreal Engine Projects/Studio2ProjectFixed/Studio2Project/Studio2ProjectT3/Content/', and we were unable to create a new request.
[2018.10.29-09.29.28:657][908]LogExit: Editor shut down
[2018.10.29-09.29.28:658][908]LogExit: Transaction tracking system shut down
[2018.10.29-09.29.28:960][908]LogExit: Object subsystem successfully closed.
[2018.10.29-09.29.28:974][908]LogShaderCompilers: Display: Shaders left to compile 0
[2018.10.29-09.29.28:981][908]LogD3D11RHI: Shutdown
[2018.10.29-09.29.28:981][908]LogD3D11RHI: CleanupD3DDevice
[2018.10.29-09.29.28:984][908]LogD3D11RHI: ~FD3D11DynamicRHI
[2018.10.29-09.29.29:006][908]LogModuleManager: Shutting down and abandoning module HierarchicalLODOutliner (612)
[2018.10.29-09.29.29:006][908]LogModuleManager: Shutting down and abandoning module WorldBrowser (610)
[2018.10.29-09.29.29:006][908]LogModuleManager: Shutting down and abandoning module SceneOutliner (608)
[2018.10.29-09.29.29:006][908]LogModuleManager: Shutting down and abandoning module AddContentDialog (606)
[2018.10.29-09.29.29:007][908]LogModuleManager: Shutting down and abandoning module WidgetCarousel (605)
[2018.10.29-09.29.29:007][908]LogModuleManager: Shutting down and abandoning module EditorWidgets (602)
[2018.10.29-09.29.29:007][908]LogModuleManager: Shutting down and abandoning module CollectionManager (600)
[2018.10.29-09.29.29:007][908]LogModuleManager: Shutting down and abandoning module StatsViewer (598)
[2018.10.29-09.29.29:007][908]LogModuleManager: Shutting down and abandoning module FoliageEdit (596)
[2018.10.29-09.29.29:007][908]LogModuleManager: Shutting down and abandoning module LandscapeEditor (594)
[2018.10.29-09.29.29:007][908]LogModuleManager: Shutting down and abandoning module MeshPaintMode (592)
[2018.10.29-09.29.29:007][908]LogModuleManager: Shutting down and abandoning module SceneDepthPickerMode (590)
[2018.10.29-09.29.29:007][908]LogModuleManager: Shutting down and abandoning module ActorPickerMode (588)
[2018.10.29-09.29.29:007][908]LogModuleManager: Shutting down and abandoning module GeometryMode (586)
[2018.10.29-09.29.29:007][908]LogModuleManager: Shutting down and abandoning module TextureAlignMode (584)
[2018.10.29-09.29.29:008][908]LogModuleManager: Shutting down and abandoning module BspMode (582)
[2018.10.29-09.29.29:008][908]LogModuleManager: Shutting down and abandoning module PIEPreviewDeviceProfileSelector (580)
[2018.10.29-09.29.29:008][908]LogModuleManager: Shutting down and abandoning module SequenceRecorderSections (578)
[2018.10.29-09.29.29:008][908]LogModuleManager: Shutting down and abandoning module AutomationWorker (576)
[2018.10.29-09.29.29:008][908]LogModuleManager: Shutting down and abandoning module AudioCaptureEditor (574)
[2018.10.29-09.29.29:008][908]LogModuleManager: Shutting down and abandoning module SequenceRecorder (573)
[2018.10.29-09.29.29:008][908]LogModuleManager: Shutting down and abandoning module MatineeToLevelSequence (570)
[2018.10.29-09.29.29:008][908]LogModuleManager: Shutting down and abandoning module LevelSequenceEditor (568)
[2018.10.29-09.29.29:008][908]LogModuleManager: Shutting down and abandoning module PlacementMode (567)
[2018.10.29-09.29.29:008][908]LogModuleManager: Shutting down and abandoning module MaterialEditor (566)
[2018.10.29-09.29.29:008][908]LogModuleManager: Shutting down and abandoning module WmfMediaFactory (562)
[2018.10.29-09.29.29:008][908]LogModuleManager: Shutting down and abandoning module WmfMediaEditor (560)
[2018.10.29-09.29.29:008][908]LogModuleManager: Shutting down and abandoning module MediaPlayerEditor (558)
[2018.10.29-09.29.29:008][908]LogModuleManager: Shutting down and abandoning module OpenExrWrapper (556)
[2018.10.29-09.29.29:008][908]LogModuleManager: Shutting down and abandoning module ImgMediaFactory (554)
[2018.10.29-09.29.29:008][908]LogModuleManager: Shutting down and abandoning module ImgMediaEditor (552)
[2018.10.29-09.29.29:008][908]LogModuleManager: Shutting down and abandoning module AvfMediaFactory (550)
[2018.10.29-09.29.29:008][908]LogModuleManager: Shutting down and abandoning module AvfMediaEditor (548)
[2018.10.29-09.29.29:008][908]LogModuleManager: Shutting down and abandoning module AndroidMediaFactory (546)
[2018.10.29-09.29.29:008][908]LogModuleManager: Shutting down and abandoning module AndroidMediaEditor (544)
[2018.10.29-09.29.29:008][908]LogModuleManager: Shutting down and abandoning module MagicLeapCameraPreviewFactory (542)
[2018.10.29-09.29.29:008][908]LogModuleManager: Shutting down and abandoning module MagicLeapMediaFactory (540)
[2018.10.29-09.29.29:008][908]LogModuleManager: Shutting down and abandoning module MagicLeapMediaEditor (538)
[2018.10.29-09.29.29:008][908]LogModuleManager: Shutting down and abandoning module CharacterAI (536)
[2018.10.29-09.29.29:008][908]LogModuleManager: Shutting down and abandoning module SmartSnapping (534)
[2018.10.29-09.29.29:008][908]LogModuleManager: Shutting down and abandoning module SessionServices (532)
[2018.10.29-09.29.29:008][908]LogModuleManager: Shutting down and abandoning module ViewportSnapping (530)
[2018.10.29-09.29.29:008][908]LogModuleManager: Shutting down and abandoning module ViewportInteraction (528)
[2018.10.29-09.29.29:008][908]LogModuleManager: Shutting down and abandoning module ClothPainter (526)
[2018.10.29-09.29.29:008][908]LogModuleManager: Shutting down and abandoning module SkeletalMeshEditor (525)
[2018.10.29-09.29.29:008][908]LogModuleManager: Shutting down and abandoning module LogVisualizer (522)
[2018.10.29-09.29.29:008][908]LogModuleManager: Shutting down and abandoning module IntroTutorials (520)
[2018.10.29-09.29.29:009][908]LogModuleManager: Shutting down and abandoning module GameProjectGeneration (519)
[2018.10.29-09.29.29:009][908]LogModuleManager: Shutting down and abandoning module LuminPlatformEditor (516)
[2018.10.29-09.29.29:009][908]LogModuleManager: Shutting down and abandoning module IOSPlatformEditor (514)
[2018.10.29-09.29.29:009][908]LogModuleManager: Shutting down and abandoning module HTML5PlatformEditor (512)
[2018.10.29-09.29.29:009][908]LogModuleManager: Shutting down and abandoning module AndroidPlatformEditor (510)
[2018.10.29-09.29.29:009][908]LogModuleManager: Shutting down and abandoning module AndroidDeviceDetection (509)
[2018.10.29-09.29.29:612][908]LogModuleManager: Shutting down and abandoning module WindowsPlatformEditor (506)
[2018.10.29-09.29.29:612][908]LogModuleManager: Shutting down and abandoning module LuminRuntimeSettings (504)
[2018.10.29-09.29.29:612][908]LogModuleManager: Shutting down and abandoning module IOSRuntimeSettings (502)
[2018.10.29-09.29.29:612][908]LogModuleManager: Shutting down and abandoning module AndroidRuntimeSettings (500)
[2018.10.29-09.29.29:612][908]LogModuleManager: Shutting down and abandoning module InputBindingEditor (498)
[2018.10.29-09.29.29:612][908]LogModuleManager: Shutting down and abandoning module MergeActors (496)
[2018.10.29-09.29.29:612][908]LogModuleManager: Shutting down and abandoning module LocalizationDashboard (494)
[2018.10.29-09.29.29:612][908]LogModuleManager: Shutting down and abandoning module LocalizationService (493)
[2018.10.29-09.29.29:613][908]LogModuleManager: Shutting down and abandoning module HardwareTargeting (490)
[2018.10.29-09.29.29:613][908]LogModuleManager: Shutting down and abandoning module DeviceProfileEditor (488)
[2018.10.29-09.29.29:613][908]LogModuleManager: Shutting down and abandoning module UndoHistory (486)
[2018.10.29-09.29.29:613][908]LogModuleManager: Shutting down and abandoning module XmlParser (484)
[2018.10.29-09.29.29:613][908]LogModuleManager: Shutting down and abandoning module Blutility (482)
[2018.10.29-09.29.29:613][908]LogModuleManager: Shutting down and abandoning module ProjectSettingsViewer (480)
[2018.10.29-09.29.29:613][908]LogModuleManager: Shutting down and abandoning module ProjectTargetPlatformEditor (479)
[2018.10.29-09.29.29:613][908]LogModuleManager: Shutting down and abandoning module EditorSettingsViewer (476)
[2018.10.29-09.29.29:613][908]LogModuleManager: Shutting down and abandoning module SettingsEditor (474)
[2018.10.29-09.29.29:613][908]LogModuleManager: Shutting down and abandoning module ProjectLauncher (472)
[2018.10.29-09.29.29:613][908]LogModuleManager: Shutting down and abandoning module SessionFrontend (470)
[2018.10.29-09.29.29:613][908]LogModuleManager: Shutting down and abandoning module ProfilerClient (468)
[2018.10.29-09.29.29:613][908]LogModuleManager: Shutting down and abandoning module DeviceManager (466)
[2018.10.29-09.29.29:613][908]LogModuleManager: Shutting down and abandoning module TargetDeviceServices (465)
[2018.10.29-09.29.29:668][908]LogModuleManager: Shutting down and abandoning module AutomationController (462)
[2018.10.29-09.29.29:668][908]LogModuleManager: Shutting down and abandoning module AutomationWindow (460)
[2018.10.29-09.29.29:668][908]LogModuleManager: Shutting down and abandoning module Layers (458)
[2018.10.29-09.29.29:668][908]LogModuleManager: Shutting down and abandoning module ComponentVisualizers (456)
[2018.10.29-09.29.29:668][908]LogModuleManager: Shutting down and abandoning module DetailCustomizations (454)
[2018.10.29-09.29.29:668][908]LogModuleManager: Shutting down and abandoning module PackagesDialog (452)
[2018.10.29-09.29.29:668][908]LogModuleManager: Shutting down and abandoning module Persona (450)
[2018.10.29-09.29.29:669][908]LogModuleManager: Shutting down and abandoning module AdvancedPreviewScene (449)
[2018.10.29-09.29.29:669][908]LogModuleManager: Shutting down and abandoning module AnimGraph (447)
[2018.10.29-09.29.29:669][908]LogModuleManager: Shutting down and abandoning module Kismet (444)
[2018.10.29-09.29.29:669][908]LogModuleManager: Shutting down and abandoning module GraphEditor (442)
[2018.10.29-09.29.29:669][908]LogModuleManager: Shutting down and abandoning module ClassViewer (440)
[2018.10.29-09.29.29:669][908]LogModuleManager: Shutting down and abandoning module Toolbox (438)
[2018.10.29-09.29.29:669][908]LogModuleManager: Shutting down and abandoning module ModuleUI (436)
[2018.10.29-09.29.29:669][908]LogModuleManager: Shutting down and abandoning module MovieSceneTools (434)
[2018.10.29-09.29.29:669][908]LogModuleManager: Shutting down and abandoning module OutputLog (432)
[2018.10.29-09.29.29:669][908]LogModuleManager: Shutting down and abandoning module GammaUI (430)
[2018.10.29-09.29.29:669][908]LogModuleManager: Shutting down and abandoning module Documentation (428)
[2018.10.29-09.29.29:669][908]LogModuleManager: Shutting down and abandoning module MovieSceneTracks (426)
[2018.10.29-09.29.29:669][908]LogModuleManager: Shutting down and abandoning module MovieScene (424)
[2018.10.29-09.29.29:669][908]LogModuleManager: Shutting down and abandoning module StreamingPauseRendering (422)
[2018.10.29-09.29.29:669][908]LogModuleManager: Shutting down and abandoning module LauncherPlatform (420)
[2018.10.29-09.29.29:670][908]LogModuleManager: Shutting down and abandoning module AnalyticsET (418)
[2018.10.29-09.29.29:670][908]LogModuleManager: Shutting down and abandoning module PortalServices (416)
[2018.10.29-09.29.29:670][908]LogModuleManager: Shutting down and abandoning module PortalRpc (414)
[2018.10.29-09.29.29:670][908]LogModuleManager: Shutting down and abandoning module MessagingRpc (412)
[2018.10.29-09.29.29:670][908]LogModuleManager: Shutting down and abandoning module AIModule (410)
[2018.10.29-09.29.29:670][908]LogModuleManager: Shutting down and abandoning module GameplayDebugger (409)
[2018.10.29-09.29.29:670][908]LogModuleManager: Shutting down and abandoning module AITestSuite (407)
[2018.10.29-09.29.29:670][908]LogModuleManager: Shutting down and abandoning module NavigationSystem (405)
[2018.10.29-09.29.29:670][908]LogModuleManager: Shutting down and abandoning module DesktopPlatform (402)
[2018.10.29-09.29.29:670][908]LogModuleManager: Shutting down and abandoning module ProfilerService (400)
[2018.10.29-09.29.29:790][908]LogModuleManager: Shutting down and abandoning module TaskGraph (398)
[2018.10.29-09.29.29:790][908]LogModuleManager: Shutting down and abandoning module SteamVRController (396)
[2018.10.29-09.29.29:790][908]LogModuleManager: Shutting down and abandoning module ProceduralMeshComponentEditor (394)
[2018.10.29-09.29.29:790][908]LogModuleManager: Shutting down and abandoning module ProceduralMeshComponent (392)
[2018.10.29-09.29.29:790][908]LogModuleManager: Shutting down and abandoning module OculusInput (390)
[2018.10.29-09.29.29:790][908]LogModuleManager: Shutting down and abandoning module MobilePatchingUtils (388)
[2018.10.29-09.29.29:790][908]LogModuleManager: Shutting down and abandoning module EditableMesh (386)
[2018.10.29-09.29.29:790][908]LogModuleManager: Shutting down and abandoning module CustomMeshComponent (384)
[2018.10.29-09.29.29:790][908]LogModuleManager: Shutting down and abandoning module CableComponent (382)
[2018.10.29-09.29.29:790][908]LogModuleManager: Shutting down and abandoning module AudioCapture (380)
[2018.10.29-09.29.29:790][908]LogModuleManager: Shutting down and abandoning module ArchVisCharacter (378)
[2018.10.29-09.29.29:790][908]LogModuleManager: Shutting down and abandoning module AndroidPermission (376)
[2018.10.29-09.29.29:790][908]LogModuleManager: Shutting down and abandoning module NUTUnrealEngine4 (374)
[2018.10.29-09.29.29:790][908]LogModuleManager: Shutting down and abandoning module NetcodeUnitTest (372)
[2018.10.29-09.29.29:790][908]LogModuleManager: Shutting down and abandoning module MediaCompositingEditor (370)
[2018.10.29-09.29.29:790][908]LogModuleManager: Shutting down and abandoning module MediaCompositing (368)
[2018.10.29-09.29.29:790][908]LogModuleManager: Shutting down and abandoning module LinearTimecode (366)
[2018.10.29-09.29.29:790][908]LogModuleManager: Shutting down and abandoning module ImgMedia (364)
[2018.10.29-09.29.29:795][908]LogModuleManager: Shutting down and abandoning module HTML5Networking (362)
[2018.10.29-09.29.29:795][908]LogModuleManager: Shutting down and abandoning module GeometryCacheTracks (360)
[2018.10.29-09.29.29:795][908]LogModuleManager: Shutting down and abandoning module GeometryCacheSequencer (358)
[2018.10.29-09.29.29:795][908]LogModuleManager: Shutting down and abandoning module BackChannel (356)
[2018.10.29-09.29.29:795][908]LogModuleManager: Shutting down and abandoning module AppleVision (354)
[2018.10.29-09.29.29:795][908]LogModuleManager: Shutting down and abandoning module AppleImageUtils (352)
[2018.10.29-09.29.29:795][908]LogModuleManager: Shutting down and abandoning module AlembicImporter (350)
[2018.10.29-09.29.29:795][908]LogModuleManager: Shutting down and abandoning module AlembicLibrary (349)
[2018.10.29-09.29.29:795][908]LogModuleManager: Shutting down and abandoning module GeometryCache (348)
[2018.10.29-09.29.29:795][908]LogModuleManager: Shutting down and abandoning module GeometryCacheEd (347)
[2018.10.29-09.29.29:795][908]LogModuleManager: Shutting down and abandoning module DatasmithContentEditor (342)
[2018.10.29-09.29.29:795][908]LogModuleManager: Shutting down and abandoning module DatasmithContent (340)
[2018.10.29-09.29.29:795][908]LogModuleManager: Shutting down and abandoning module SpeedTreeImporter (338)
[2018.10.29-09.29.29:795][908]LogModuleManager: Shutting down and abandoning module PluginBrowser (336)
[2018.10.29-09.29.29:796][908]LogModuleManager: Shutting down and abandoning module MobileLauncherProfileWizard (334)
[2018.10.29-09.29.29:796][908]LogModuleManager: Shutting down and abandoning module PolygonModeling (332)
[2018.10.29-09.29.29:796][908]LogModuleManager: Shutting down and abandoning module MeshEditor (330)
[2018.10.29-09.29.29:796][908]LogModuleManager: Shutting down and abandoning module CryptoKeysOpenSSL (328)
[2018.10.29-09.29.29:796][908]LogModuleManager: Shutting down and abandoning module CryptoKeys (326)
[2018.10.29-09.29.29:796][908]LogModuleManager: Shutting down and abandoning module VisualStudioSourceCodeAccess (324)
[2018.10.29-09.29.29:796][908]LogModuleManager: Shutting down and abandoning module VisualStudioCodeSourceCodeAccess (322)
[2018.10.29-09.29.29:796][908]LogModuleManager: Shutting down and abandoning module UObjectPlugin (320)
[2018.10.29-09.29.29:796][908]LogModuleManager: Shutting down and abandoning module SubversionSourceControl (318)
[2018.10.29-09.29.29:796][908]LogModuleManager: Shutting down and abandoning module PerforceSourceControl (316)
[2018.10.29-09.29.29:796][908]LogModuleManager: Shutting down and abandoning module GitSourceControl (314)
[2018.10.29-09.29.29:796][908]LogModuleManager: Shutting down and abandoning module SourceControl (313)
[2018.10.29-09.29.29:796][908]LogModuleManager: Shutting down and abandoning module CLionSourceCodeAccess (310)
[2018.10.29-09.29.29:796][908]LogModuleManager: Shutting down and abandoning module LightPropagationVolumeEditor (308)
[2018.10.29-09.29.29:796][908]LogModuleManager: Shutting down and abandoning module PaperTiledImporter (306)
[2018.10.29-09.29.29:796][908]LogModuleManager: Shutting down and abandoning module PaperSpriteSheetImporter (304)
[2018.10.29-09.29.29:796][908]LogModuleManager: Shutting down and abandoning module Paper2DEditor (302)
[2018.10.29-09.29.29:796][908]LogModuleManager: Shutting down and abandoning module MeshPaint (301)
[2018.10.29-09.29.29:796][908]LogModuleManager: Shutting down and abandoning module RuntimePhysXCooking (298)
[2018.10.29-09.29.29:796][908]LogModuleManager: Shutting down and abandoning module PhysXVehiclesEditor (296)
[2018.10.29-09.29.29:796][908]LogModuleManager: Shutting down and abandoning module PhysXVehicles (294)
[2018.10.29-09.29.29:796][908]LogModuleManager: Shutting down and abandoning module OculusEditor (292)
[2018.10.29-09.29.29:796][908]LogModuleManager: Shutting down and abandoning module LocationServicesBPLibrary (290)
[2018.10.29-09.29.29:796][908]LogModuleManager: Shutting down and abandoning module ImmediatePhysicsEditor (288)
[2018.10.29-09.29.29:796][908]LogModuleManager: Shutting down and abandoning module ImmediatePhysics (286)
[2018.10.29-09.29.29:796][908]LogModuleManager: Shutting down and abandoning module ActorSequence (284)
[2018.10.29-09.29.29:796][908]LogModuleManager: Shutting down and abandoning module UdpMessaging (282)
[2018.10.29-09.29.29:897][908]LogModuleManager: Shutting down and abandoning module TcpMessaging (280)
[2018.10.29-09.29.29:998][908]LogModuleManager: Shutting down and abandoning module MagicLeapAudio (278)
[2018.10.29-09.29.29:998][908]LogModuleManager: Shutting down and abandoning module GameplayTagsEditor (276)
[2018.10.29-09.29.29:998][908]LogModuleManager: Shutting down and abandoning module FacialAnimationEditor (274)
[2018.10.29-09.29.29:998][908]LogModuleManager: Shutting down and abandoning module FacialAnimation (272)
[2018.10.29-09.29.29:998][908]LogModuleManager: Shutting down and abandoning module DataValidation (270)
[2018.10.29-09.29.29:998][908]LogModuleManager: Shutting down and abandoning module AssetManagerEditor (268)
[2018.10.29-09.29.29:998][908]LogModuleManager: Shutting down and abandoning module LevelEditor (267)
[2018.10.29-09.29.29:998][908]LogModuleManager: Shutting down and abandoning module PixelInspectorModule (266)
[2018.10.29-09.29.29:998][908]LogModuleManager: Shutting down and abandoning module CommonMenuExtensions (264)
[2018.10.29-09.29.29:998][908]LogModuleManager: Shutting down and abandoning module MainFrame (262)
[2018.10.29-09.29.29:998][908]LogModuleManager: Shutting down and abandoning module HotReload (261)
[2018.10.29-09.29.29:999][908]LogModuleManager: Shutting down and abandoning module ContentBrowser (257)
[2018.10.29-09.29.30:000][908]LogModuleManager: Shutting down and abandoning module TreeMap (255)
[2018.10.29-09.29.30:000][908]LogModuleManager: Shutting down and abandoning module LightPropagationVolumeRuntime (252)
[2018.10.29-09.29.30:000][908]LogModuleManager: Shutting down and abandoning module AISupportModule (250)
[2018.10.29-09.29.30:000][908]LogModuleManager: Shutting down and abandoning module Paper2D (248)
[2018.10.29-09.29.30:000][908]LogModuleManager: Shutting down and abandoning module WindowsMoviePlayer (246)
[2018.10.29-09.29.30:000][908]LogModuleManager: Shutting down and abandoning module WmfMedia (244)
[2018.10.29-09.29.30:001][908]LogModuleManager: Shutting down and abandoning module Media (243)
[2018.10.29-09.29.30:008][908]LogModuleManager: Shutting down and abandoning module PacketHandler (240)
[2018.10.29-09.29.30:008][908]LogModuleManager: Shutting down and abandoning module ClothingSystemEditor (238)
[2018.10.29-09.29.30:008][908]LogModuleManager: Shutting down and abandoning module ClothingSystemRuntime (236)
[2018.10.29-09.29.30:008][908]LogModuleManager: Shutting down and abandoning module MediaAssets (234)
[2018.10.29-09.29.30:009][908]LogModuleManager: Shutting down and abandoning module Overlay (232)
[2018.10.29-09.29.30:009][908]LogModuleManager: Shutting down and abandoning module OverlayEditor (231)
[2018.10.29-09.29.30:009][908]LogModuleManager: Shutting down and abandoning module VREditor (228)
[2018.10.29-09.29.30:009][908]LogModuleManager: Shutting down and abandoning module StringTableEditor (226)
[2018.10.29-09.29.30:009][908]LogModuleManager: Shutting down and abandoning module GameplayTasksEditor (224)
[2018.10.29-09.29.30:009][908]LogModuleManager: Shutting down and abandoning module BehaviorTreeEditor (222)
[2018.10.29-09.29.30:009][908]LogModuleManager: Shutting down and abandoning module FunctionalTesting (220)
[2018.10.29-09.29.30:009][908]LogModuleManager: Shutting down and abandoning module CollisionAnalyzer (218)
[2018.10.29-09.29.30:009][908]LogModuleManager: Shutting down and abandoning module WorkspaceMenuStructure (217)
[2018.10.29-09.29.30:009][908]LogModuleManager: Shutting down and abandoning module UMG (214)
[2018.10.29-09.29.30:009][908]LogModuleManager: Shutting down and abandoning module UMGEditor (213)
[2018.10.29-09.29.30:009][908]LogModuleManager: Shutting down and abandoning module Sequencer (212)
[2018.10.29-09.29.30:009][908]LogModuleManager: Shutting down and abandoning module MessageLog (209)
[2018.10.29-09.29.30:009][908]LogModuleManager: Shutting down and abandoning module SlateReflector (204)
[2018.10.29-09.29.30:009][908]LogModuleManager: Shutting down and abandoning module Slate (202)
[2018.10.29-09.29.30:009][908]LogModuleManager: Shutting down and abandoning module EditorStyle (200)
[2018.10.29-09.29.30:011][908]LogModuleManager: Shutting down and abandoning module MRMesh (198)
[2018.10.29-09.29.30:011][908]LogModuleManager: Shutting down and abandoning module SourceCodeAccess (196)
[2018.10.29-09.29.30:011][908]LogModuleManager: Shutting down and abandoning module HeadMountedDisplay (194)
[2018.10.29-09.29.30:011][908]LogModuleManager: Shutting down and abandoning module XAudio2 (192)
[2018.10.29-09.29.30:011][908]LogModuleManager: Shutting down and abandoning module Networking (190)
[2018.10.29-09.29.30:011][908]LogModuleManager: Shutting down and abandoning module Core (188)
[2018.10.29-09.29.30:011][908]LogModuleManager: Shutting down and abandoning module LevelSequence (186)
[2018.10.29-09.29.30:011][908]LogModuleManager: Shutting down and abandoning module KismetCompiler (184)
[2018.10.29-09.29.30:011][908]LogModuleManager: Shutting down and abandoning module MeshUtilities (182)
[2018.10.29-09.29.30:011][908]LogModuleManager: Shutting down and abandoning module MeshMergeUtilities (181)
[2018.10.29-09.29.30:011][908]LogModuleManager: Shutting down and abandoning module MeshReductionInterface (180)
[2018.10.29-09.29.30:011][908]LogModuleManager: Shutting down and abandoning module SimplygonSwarm (179)
[2018.10.29-09.29.30:011][908]LogModuleManager: Shutting down and abandoning module ProxyLODMeshReduction (177)
[2018.10.29-09.29.30:011][908]LogModuleManager: Shutting down and abandoning module SimplygonMeshReduction (175)
[2018.10.29-09.29.30:011][908]LogModuleManager: Shutting down and abandoning module QuadricMeshReduction (173)
[2018.10.29-09.29.30:011][908]LogModuleManager: Shutting down and abandoning module MaterialBaking (169)
[2018.10.29-09.29.30:011][908]LogModuleManager: Shutting down and abandoning module DirectoryWatcher (165)
[2018.10.29-09.29.30:012][908]LogModuleManager: Shutting down and abandoning module DerivedDataCache (162)
[2018.10.29-09.29.30:031][908]LogDerivedDataCache: Shutdown
[2018.10.29-09.29.30:031][908]LogModuleManager: Shutting down and abandoning module XGEController (160)
[2018.10.29-09.29.30:031][908]LogModuleManager: Shutting down and abandoning module TargetPlatform (158)
[2018.10.29-09.29.30:031][908]LogModuleManager: Shutting down and abandoning module VulkanShaderFormat (157)
[2018.10.29-09.29.30:031][908]LogModuleManager: Shutting down and abandoning module ShaderFormatVectorVM (155)
[2018.10.29-09.29.30:031][908]LogModuleManager: Shutting down and abandoning module ShaderFormatOpenGL (153)
[2018.10.29-09.29.30:031][908]LogModuleManager: Shutting down and abandoning module ShaderFormatD3D (151)
[2018.10.29-09.29.30:031][908]LogModuleManager: Shutting down and abandoning module MetalShaderFormat (149)
[2018.10.29-09.29.30:031][908]LogModuleManager: Shutting down and abandoning module TextureFormatUncompressed (147)
[2018.10.29-09.29.30:031][908]LogModuleManager: Shutting down and abandoning module TextureFormatPVR (145)
[2018.10.29-09.29.30:031][908]LogModuleManager: Shutting down and abandoning module TextureFormatDXT (143)
[2018.10.29-09.29.30:031][908]LogModuleManager: Shutting down and abandoning module TextureFormatIntelISPCTexComp (141)
[2018.10.29-09.29.30:032][908]LogModuleManager: Shutting down and abandoning module TextureFormatASTC (139)
[2018.10.29-09.29.30:032][908]LogModuleManager: Shutting down and abandoning module ImageWrapper (138)
[2018.10.29-09.29.30:032][908]LogModuleManager: Shutting down and abandoning module TextureFormatAndroid (135)
[2018.10.29-09.29.30:032][908]LogModuleManager: Shutting down and abandoning module AudioFormatOpus (133)
[2018.10.29-09.29.30:032][908]LogModuleManager: Shutting down and abandoning module AudioFormatOgg (131)
[2018.10.29-09.29.30:032][908]LogModuleManager: Shutting down and abandoning module AudioFormatADPCM (129)
[2018.10.29-09.29.30:032][908]LogModuleManager: Shutting down and abandoning module LuminTargetPlatform (127)
[2018.10.29-09.29.30:032][908]LogModuleManager: Shutting down and abandoning module LinuxTargetPlatform (125)
[2018.10.29-09.29.30:032][908]LogModuleManager: Shutting down and abandoning module LinuxServerTargetPlatform (123)
[2018.10.29-09.29.30:032][908]LogModuleManager: Shutting down and abandoning module LinuxNoEditorTargetPlatform (121)
[2018.10.29-09.29.30:032][908]LogModuleManager: Shutting down and abandoning module LinuxClientTargetPlatform (119)
[2018.10.29-09.29.30:032][908]LogModuleManager: Shutting down and abandoning module TVOSTargetPlatform (117)
[2018.10.29-09.29.30:033][908]LogModuleManager: Shutting down and abandoning module Messaging (115)
[2018.10.29-09.29.30:033][908]LogModuleManager: Shutting down and abandoning module IOSTargetPlatform (113)
[2018.10.29-09.29.30:033][908]LogModuleManager: Shutting down and abandoning module HTML5TargetPlatform (111)
[2018.10.29-09.29.30:034][908]LogModuleManager: Shutting down and abandoning module AndroidTargetPlatform (109)
[2018.10.29-09.29.30:040][908]LogModuleManager: Shutting down and abandoning module WindowsTargetPlatform (107)
[2018.10.29-09.29.30:040][908]LogModuleManager: Shutting down and abandoning module WindowsServerTargetPlatform (105)
[2018.10.29-09.29.30:040][908]LogModuleManager: Shutting down and abandoning module WindowsNoEditorTargetPlatform (103)
[2018.10.29-09.29.30:040][908]LogModuleManager: Shutting down and abandoning module WindowsClientTargetPlatform (101)
[2018.10.29-09.29.30:040][908]LogModuleManager: Shutting down and abandoning module MacTargetPlatform (99)
[2018.10.29-09.29.30:040][908]LogModuleManager: Shutting down and abandoning module MacServerTargetPlatform (97)
[2018.10.29-09.29.30:040][908]LogModuleManager: Shutting down and abandoning module MacNoEditorTargetPlatform (95)
[2018.10.29-09.29.30:040][908]LogModuleManager: Shutting down and abandoning module MacClientTargetPlatform (93)
[2018.10.29-09.29.30:040][908]LogModuleManager: Shutting down and abandoning module AllDesktopTargetPlatform (91)
[2018.10.29-09.29.30:040][908]LogModuleManager: Shutting down and abandoning module InputCore (88)
[2018.10.29-09.29.30:040][908]LogModuleManager: Shutting down and abandoning module Settings (86)
[2018.10.29-09.29.30:040][908]LogModuleManager: Shutting down and abandoning module PhysXCooking (84)
[2018.10.29-09.29.30:040][908]LogModuleManager: Shutting down and abandoning module SteamVR (82)
[2018.10.29-09.29.30:040][908]LogModuleManager: Shutting down and abandoning module OculusHMD (80)
[2018.10.29-09.29.30:040][908]LogModuleManager: Shutting down and abandoning module ExampleDeviceProfileSelector (78)
[2018.10.29-09.29.30:040][908]LogModuleManager: Shutting down and abandoning module LauncherChunkInstaller (76)
[2018.10.29-09.29.30:040][908]LogModuleManager: Shutting down and abandoning module OnlineBlueprintSupport (74)
[2018.10.29-09.29.30:040][908]LogModuleManager: Shutting down and abandoning module OnlineSubsystem (70)
[2018.10.29-09.29.30:041][908]LogModuleManager: Shutting down and abandoning module XMPP (65)
[2018.10.29-09.29.30:041][908]LogModuleManager: Shutting down and abandoning module WebSockets (64)
[2018.10.29-09.29.30:054][908]LogModuleManager: Shutting down and abandoning module HTTP (61)
[2018.10.29-09.29.30:054][908]LogHttp: Display: Http module shutting down, but needs to wait on 1 outstanding Http requests:
[2018.10.29-09.29.30:054][908]LogHttp: Display: 	verb=[POST] url=[https://datarouter.ol.epicgames.com/datarouter/api/v1/public/data?SessionID=%7BD66A3C00-4CD7-31CA-A02E-DA846DAA2A90%7D&AppID=UEEditor.Rocket.Release&AppVersion=4.20.3-4369336%2B%2B%2BUE4%2BRelease-4.20&UserID=512aebd343a78a6b091b069fc164a147%7C27cea6e5595d47ecbbc13c52eabc7706%7C0332b042-37ed-415c-8e38-f83ea0648ac0&AppEnvironment=datacollector-binary&UploadType=eteventstream] status=Processing
[2018.10.29-09.29.30:074][908]LogModuleManager: Shutting down and abandoning module SSL (60)
[2018.10.29-09.29.30:075][908]LogModuleManager: Shutting down and abandoning module MagicLeapEmulator (56)
[2018.10.29-09.29.30:075][908]LogModuleManager: Shutting down and abandoning module MagicLeapPrivileges (54)
[2018.10.29-09.29.30:075][908]LogModuleManager: Shutting down and abandoning module MagicLeapIdentity (52)
[2018.10.29-09.29.30:075][908]LogModuleManager: Shutting down and abandoning module MagicLeapHelperVulkan (50)
[2018.10.29-09.29.30:075][908]LogModuleManager: Shutting down and abandoning module MagicLeapHelperOpenGL (48)
[2018.10.29-09.29.30:075][908]LogModuleManager: Shutting down and abandoning module MagicLeapSecureStorage (46)
[2018.10.29-09.29.30:075][908]LogModuleManager: Shutting down and abandoning module MagicLeapGestures (44)
[2018.10.29-09.29.30:075][908]LogModuleManager: Shutting down and abandoning module MagicLeapEyeTracker (42)
[2018.10.29-09.29.30:075][908]LogModuleManager: Shutting down and abandoning module MagicLeapController (40)
[2018.10.29-09.29.30:075][908]LogSlate: Slate User Destroyed.  User Index 0, Is Virtual User: 0
[2018.10.29-09.29.30:075][908]LogModuleManager: Shutting down and abandoning module MagicLeap (38)
[2018.10.29-09.29.30:075][908]LogModuleManager: Shutting down and abandoning module AnimationModifiers (36)
[2018.10.29-09.29.30:076][908]LogModuleManager: Shutting down and abandoning module PropertyEditor (35)
[2018.10.29-09.29.30:076][908]LogModuleManager: Shutting down and abandoning module AudioEditor (32)
[2018.10.29-09.29.30:076][908]LogModuleManager: Shutting down and abandoning module TextureCompressor (30)
[2018.10.29-09.29.30:076][908]LogModuleManager: Shutting down and abandoning module ShaderCore (28)
[2018.10.29-09.29.30:076][908]LogModuleManager: Shutting down and abandoning module Landscape (26)
[2018.10.29-09.29.30:076][908]LogModuleManager: Shutting down and abandoning module SlateRHIRenderer (24)
[2018.10.29-09.29.30:076][908]LogModuleManager: Shutting down and abandoning module OpenGLDrv (22)
[2018.10.29-09.29.30:076][908]LogModuleManager: Shutting down and abandoning module D3D11RHI (20)
[2018.10.29-09.29.30:077][908]LogModuleManager: Shutting down and abandoning module AnimGraphRuntime (18)
[2018.10.29-09.29.30:077][908]LogModuleManager: Shutting down and abandoning module Renderer (16)
[2018.10.29-09.29.30:077][908]LogModuleManager: Shutting down and abandoning module Engine (14)
[2018.10.29-09.29.30:077][908]LogModuleManager: Shutting down and abandoning module CoreUObject (12)
[2018.10.29-09.29.30:077][908]LogModuleManager: Shutting down and abandoning module NetworkFile (10)
[2018.10.29-09.29.30:077][908]LogModuleManager: Shutting down and abandoning module CookedIterativeFile (8)
[2018.10.29-09.29.30:077][908]LogModuleManager: Shutting down and abandoning module StreamingFile (6)
[2018.10.29-09.29.30:077][908]LogModuleManager: Shutting down and abandoning module SandboxFile (4)
[2018.10.29-09.29.30:077][908]LogModuleManager: Shutting down and abandoning module PakFile (2)
[2018.10.29-09.29.30:080][908]LogExit: Exiting.
[2018.10.29-09.29.30:082][908]Log file closed, 10/29/18 20:29:30
