Log file open, 11/09/18 10:17:08
LogWindows: Failed to load 'aqProf.dll' (GetLastError=126)
LogWindows: File 'aqProf.dll' does not exist
LogWindows: Failed to load 'VSPerf140.dll' (GetLastError=126)
LogWindows: File 'VSPerf140.dll' does not exist
LogWindows: Failed to load 'VtuneApi.dll' (GetLastError=126)
LogWindows: File 'VtuneApi.dll' does not exist
LogWindows: Failed to load 'VtuneApi32e.dll' (GetLastError=126)
LogWindows: File 'VtuneApi32e.dll' does not exist
LogInit: Display: Running engine for game: Studio2ProjectT3
LogPlatformFile: Not using cached read wrapper
LogTaskGraph: Started task graph with 5 named threads and 23 total threads with 3 sets of task threads.
LogStats: Stats thread started at 0.274278
LogD3D11RHI: Loaded GFSDK_Aftermath_Lib.x64.dll
LogICUInternationalization: Display: ICU TimeZone Detection - Raw Offset: +10:00, Platform Override: ''
LogPluginManager: Mounting plugin Paper2D
LogPluginManager: Mounting plugin AISupport
LogPluginManager: Mounting plugin LightPropagationVolume
LogPluginManager: Mounting plugin CLionSourceCodeAccess
LogPluginManager: Mounting plugin CodeLiteSourceCodeAccess
LogPluginManager: Mounting plugin GitSourceControl
LogPluginManager: Mounting plugin KDevelopSourceCodeAccess
LogPluginManager: Mounting plugin NullSourceCodeAccess
LogPluginManager: Mounting plugin PerforceSourceControl
LogPluginManager: Mounting plugin SubversionSourceControl
LogPluginManager: Mounting plugin UObjectPlugin
LogPluginManager: Mounting plugin VisualStudioCodeSourceCodeAccess
LogPluginManager: Mounting plugin VisualStudioSourceCodeAccess
LogPluginManager: Mounting plugin XCodeSourceCodeAccess
LogPluginManager: Mounting plugin AssetManagerEditor
LogPluginManager: Mounting plugin CryptoKeys
LogPluginManager: Mounting plugin DataValidation
LogPluginManager: Mounting plugin EditorScriptingUtilities
LogPluginManager: Mounting plugin FacialAnimation
LogPluginManager: Mounting plugin GameplayTagsEditor
LogPluginManager: Mounting plugin MacGraphicsSwitching
LogPluginManager: Mounting plugin MeshEditor
LogPluginManager: Mounting plugin MobileLauncherProfileWizard
LogPluginManager: Mounting plugin PluginBrowser
LogPluginManager: Mounting plugin SpeedTreeImporter
LogPluginManager: Mounting plugin DatasmithContent
LogPluginManager: Mounting plugin AlembicImporter
LogPluginManager: Mounting plugin AppleImageUtils
LogPluginManager: Mounting plugin AppleVision
LogPluginManager: Mounting plugin BackChannel
LogPluginManager: Mounting plugin CharacterAI
LogPluginManager: Mounting plugin GeometryCache
LogPluginManager: Mounting plugin HTML5Networking
LogPluginManager: Mounting plugin ProxyLODPlugin
LogPluginManager: Mounting plugin MagicLeap
LogPluginManager: Mounting plugin MagicLeapEmulator
LogPluginManager: Mounting plugin MagicLeapMedia
LogPluginManager: Mounting plugin AndroidMedia
LogPluginManager: Mounting plugin AvfMedia
LogPluginManager: Mounting plugin ImgMedia
LogPluginManager: Mounting plugin LinearTimecode
LogPluginManager: Mounting plugin MediaCompositing
LogPluginManager: Mounting plugin MediaPlayerEditor
LogPluginManager: Mounting plugin WmfMedia
LogPluginManager: Mounting plugin TcpMessaging
LogPluginManager: Mounting plugin UdpMessaging
LogPluginManager: Mounting plugin ActorSequence
LogPluginManager: Mounting plugin LevelSequenceEditor
LogPluginManager: Mounting plugin MatineeToLevelSequence
LogPluginManager: Mounting plugin NetcodeUnitTest
LogPluginManager: Mounting plugin NUTUnrealEngine4
LogPluginManager: Mounting plugin OnlineSubsystemGooglePlay
LogPluginManager: Mounting plugin OnlineSubsystemIOS
LogPluginManager: Mounting plugin OnlineSubsystem
LogPluginManager: Mounting plugin OnlineSubsystemNull
LogPluginManager: Mounting plugin OnlineSubsystemUtils
LogPluginManager: Mounting plugin LauncherChunkInstaller
LogPluginManager: Mounting plugin AndroidDeviceProfileSelector
LogPluginManager: Mounting plugin AndroidMoviePlayer
LogPluginManager: Mounting plugin AndroidPermission
LogPluginManager: Mounting plugin AppleMoviePlayer
LogPluginManager: Mounting plugin ArchVisCharacter
LogPluginManager: Mounting plugin AudioCapture
LogPluginManager: Mounting plugin CableComponent
LogPluginManager: Mounting plugin CustomMeshComponent
LogPluginManager: Mounting plugin EditableMesh
LogPluginManager: Mounting plugin ExampleDeviceProfileSelector
LogPluginManager: Mounting plugin GoogleCloudMessaging
LogPluginManager: Mounting plugin ImmediatePhysics
LogPluginManager: Mounting plugin IOSDeviceProfileSelector
LogPluginManager: Mounting plugin LinuxDeviceProfileSelector
LogPluginManager: Mounting plugin LocationServicesBPLibrary
LogPluginManager: Mounting plugin MobilePatchingUtils
LogPluginManager: Mounting plugin OculusVR
LogPluginManager: Plugin shader directory ../../../Engine/Plugins/Runtime/Oculus/OculusVR/Shaders found
LogPluginManager: Mapping shader source directory ../../../Engine/Plugins/Runtime/Oculus/OculusVR/Shaders to virtual directory /Plugin/OculusVR
LogPluginManager: Mounting plugin PhysXVehicles
LogPluginManager: Mounting plugin ProceduralMeshComponent
LogPluginManager: Mounting plugin RuntimePhysXCooking
LogPluginManager: Mounting plugin SteamVR
LogPluginManager: Mounting plugin WindowsMoviePlayer
LogPluginManager: Mounting plugin DatasmithCADImporter
LogPluginManager: Mounting plugin DatasmithFBXImporter
LogPluginManager: Mounting plugin DatasmithImporter
LogPluginManager: Mounting plugin DatasmithMDLImporter
LogPluginManager: Mounting plugin StaticMeshEditorExtension
LogStreaming: Display: Took  0.093s to configure plugins.
LogInit: Using libcurl 7.55.1-DEV
LogInit:  - built for x86_64-pc-win32
LogInit:  - supports SSL with OpenSSL/1.0.2h
LogInit:  - supports HTTP deflate (compression) using libz 1.2.8
LogInit:  - other features:
LogInit:      CURL_VERSION_SSL
LogInit:      CURL_VERSION_LIBZ
LogInit:      CURL_VERSION_IPV6
LogInit:      CURL_VERSION_ASYNCHDNS
LogInit:      CURL_VERSION_LARGEFILE
LogInit:      CURL_VERSION_IDN
LogInit:  CurlRequestOptions (configurable via config and command line):
LogInit:  - bVerifyPeer = false  - Libcurl will NOT verify peer certificate
LogInit:  - bUseHttpProxy = false  - Libcurl will NOT use HTTP proxy
LogInit:  - bDontReuseConnections = false  - Libcurl will reuse connections
LogInit:  - CertBundlePath = nullptr  - Libcurl will use whatever was configured at build time.
LogInit:  - MaxHostConnections = 16  - Libcurl will limit the number of connections to a host
LogInit:  - LocalHostAddr = Default
LogInit:  - BufferSize = 65536
LogInit: WinSock: version 1.1 (2.2), MaxSocks=32767, MaxUdp=65467
LogInit: Build: ++UE4+Release-4.20-CL-4302132
LogInit: Engine Version: 4.20.2-4302132+++UE4+Release-4.20
LogInit: Compatible Engine Version: 4.20.0-4212847+++UE4+Release-4.20
LogInit: Net CL: 4212847
LogInit: OS: Windows 10 (), CPU: Intel(R) Core(TM) i7-6700 CPU @ 3.40GHz, GPU: NVIDIA GeForce GTX 980
LogInit: Compiled (64-bit): Aug 21 2018 02:06:06
LogInit: Compiled with Visual C++: 19.13.26129.00
LogInit: Build Configuration: Development
LogInit: Branch Name: ++UE4+Release-4.20
LogInit: Command Line:  
LogInit: Base Directory: C:/Program Files/Epic Games/UE_4.20/Engine/Binaries/Win64/
LogInit: Installed Engine Build: 1
LogDevObjectVersion: Number of dev versions registered: 20
LogDevObjectVersion:   Dev-Blueprints (B0D832E4-1F89-4F0D-ACCF-7EB736FD4AA2): 10
LogDevObjectVersion:   Dev-Build (E1C64328-A22C-4D53-A36C-8E866417BD8C): 0
LogDevObjectVersion:   Dev-Core (375EC13C-06E4-48FB-B500-84F0262A717E): 2
LogDevObjectVersion:   Dev-Editor (E4B068ED-F494-42E9-A231-DA0B2E46BB41): 24
LogDevObjectVersion:   Dev-Framework (CFFC743F-43B0-4480-9391-14DF171D2073): 34
LogDevObjectVersion:   Dev-Mobile (B02B49B5-BB20-44E9-A304-32B752E40360): 2
LogDevObjectVersion:   Dev-Networking (A4E4105C-59A1-49B5-A7C5-40C4547EDFEE): 0
LogDevObjectVersion:   Dev-Online (39C831C9-5AE6-47DC-9A44-9C173E1C8E7C): 0
LogDevObjectVersion:   Dev-Physics (78F01B33-EBEA-4F98-B9B4-84EACCB95AA2): 0
LogDevObjectVersion:   Dev-Platform (6631380F-2D4D-43E0-8009-CF276956A95A): 0
LogDevObjectVersion:   Dev-Rendering (12F88B9F-8875-4AFC-A67C-D90C383ABD29): 26
LogDevObjectVersion:   Dev-Sequencer (7B5AE74C-D270-4C10-A958-57980B212A5A): 9
LogDevObjectVersion:   Dev-VR (D7296918-1DD6-4BDD-9DE2-64A83CC13884): 2
LogDevObjectVersion:   Dev-LoadTimes (C2A15278-BFE7-4AFE-6C17-90FF531DF755): 1
LogDevObjectVersion:   Private-Geometry (6EACA3D4-40EC-4CC1-B786-8BED09428FC5): 3
LogDevObjectVersion:   Dev-AnimPhys (29E575DD-E0A3-4627-9D10-D276232CDCEA): 17
LogDevObjectVersion:   Dev-ReflectionCapture (6B266CEC-1EC7-4B8F-A30B-E4D90942FC07): 1
LogDevObjectVersion:   Dev-Automation (0DF73D61-A23F-47EA-B727-89E90C41499A): 1
LogDevObjectVersion:   FortniteMain (601D1886-AC64-4F84-AA16-D3DE0DEAC7D6): 12
LogDevObjectVersion:   Dev-Enterprise (9DFFBCD6-494F-0158-E221-12823C92A888): 1
LogStreaming: Display: Took  0.004s to delete old logs.
LogInit: Presizing for max 8388607 objects, including 0 objects not considered by GC, pre-allocating 0 bytes for permanent pool.
LogInit: Object subsystem initialized
[2018.11.08-23.17.09:136][  0]LogInit: Selected Device Profile: [Windows]
[2018.11.08-23.17.09:136][  0]LogInit: Applying CVar settings loaded from the selected device profile: [Windows]
[2018.11.08-23.17.09:149][  0]LogHAL: Display: Platform has ~ 32 GB [34295693312 / 34359738368 / 32], which maps to Largest [LargestMinGB=32, LargerMinGB=12, DefaultMinGB=8, SmallerMinGB=6, SmallestMinGB=0)
[2018.11.08-23.17.09:149][  0]LogInit: Setting Device Profile CVar: [[r.Vulkan.UseRealUBs:1]]
[2018.11.08-23.17.09:149][  0]LogInit: Going up to parent DeviceProfile []
[2018.11.08-23.17.09:149][  0]LogInit: Computer: SYD-R101-PC09
[2018.11.08-23.17.09:149][  0]LogInit: User: cmullins2
[2018.11.08-23.17.09:149][  0]LogInit: CPU Page size=4096, Cores=4
[2018.11.08-23.17.09:149][  0]LogInit: High frequency timer resolution =3.328120 MHz
[2018.11.08-23.17.09:150][  0]LogMemory: Memory total: Physical=31.9GB (32GB approx)
[2018.11.08-23.17.09:150][  0]LogMemory: Platform Memory Stats for Windows
[2018.11.08-23.17.09:150][  0]LogMemory: Process Physical Memory: 100.98 MB used, 100.98 MB peak
[2018.11.08-23.17.09:150][  0]LogMemory: Process Virtual Memory: 89.66 MB used, 89.66 MB peak
[2018.11.08-23.17.09:150][  0]LogMemory: Physical Memory: 6764.61 MB used,  25942.31 MB free, 32706.92 MB total
[2018.11.08-23.17.09:150][  0]LogMemory: Virtual Memory: 4639.00 MB used,  25942.31 MB free, 134217728.00 MB total
[2018.11.08-23.17.09:171][  0]LogInit: Using OS detected language (en-US).
[2018.11.08-23.17.09:171][  0]LogInit: Using OS detected locale (en-AU).
[2018.11.08-23.17.09:172][  0]LogTextLocalizationManager: No specific localization for 'en-US' exists, so the 'en' localization will be used.
[2018.11.08-23.17.09:506][  0]LogStreaming: Display: Took  0.335s to InitEngineTextLocalization.
[2018.11.08-23.17.09:506][  0]LogInit: Setting process to per monitor DPI aware
[2018.11.08-23.17.09:547][  0]LogSlate: New Slate User Created.  User Index 0, Is Virtual User: 0
[2018.11.08-23.17.09:547][  0]LogSlate: Slate User Registered.  User Index 0, Is Virtual User: 0
[2018.11.08-23.17.09:723][  0]LogHMD: Failed to initialize OpenVR with code 110
[2018.11.08-23.17.09:724][  0]LogD3D11RHI: D3D11 adapters:
[2018.11.08-23.17.09:778][  0]LogD3D11RHI:    0. 'NVIDIA GeForce GTX 980' (Feature Level 11_0)
[2018.11.08-23.17.09:778][  0]LogD3D11RHI:       4053/0/16353 MB DedicatedVideo/DedicatedSystem/SharedSystem, Outputs:1, VendorId:0x10de
[2018.11.08-23.17.09:780][  0]LogD3D11RHI:    1. 'Microsoft Basic Render Driver' (Feature Level 11_0)
[2018.11.08-23.17.09:780][  0]LogD3D11RHI:       0/0/16353 MB DedicatedVideo/DedicatedSystem/SharedSystem, Outputs:0, VendorId:0x1414
[2018.11.08-23.17.09:780][  0]LogD3D11RHI: Chosen D3D11 Adapter: 0
[2018.11.08-23.17.09:785][  0]LogD3D11RHI: Creating new Direct3DDevice
[2018.11.08-23.17.09:785][  0]LogD3D11RHI:     GPU DeviceId: 0x13c0 (for the marketing name, search the web for "GPU Device Id")
[2018.11.08-23.17.09:785][  0]LogWindows: EnumDisplayDevices:
[2018.11.08-23.17.09:785][  0]LogWindows:    0. 'NVIDIA GeForce GTX 980' (P:1 D:1)
[2018.11.08-23.17.09:785][  0]LogWindows:    1. 'NVIDIA GeForce GTX 980' (P:0 D:0)
[2018.11.08-23.17.09:786][  0]LogWindows:    2. 'NVIDIA GeForce GTX 980' (P:0 D:0)
[2018.11.08-23.17.09:786][  0]LogWindows:    3. 'NVIDIA GeForce GTX 980' (P:0 D:0)
[2018.11.08-23.17.09:786][  0]LogWindows: DebugString: FoundDriverCount:4 
[2018.11.08-23.17.09:786][  0]LogD3D11RHI:     Adapter Name: NVIDIA GeForce GTX 980
[2018.11.08-23.17.09:786][  0]LogD3D11RHI:   Driver Version: 398.82 (internal:24.21.13.9882, unified:398.82)
[2018.11.08-23.17.09:786][  0]LogD3D11RHI:      Driver Date: 7-30-2018
[2018.11.08-23.17.09:786][  0]LogRHI: Texture pool is 2837 MB (70% of 4053 MB)
[2018.11.08-23.17.09:818][  0]LogD3D11RHI: Async texture creation enabled
[2018.11.08-23.17.09:833][  0]LogD3D11RHI: GPU Timing Frequency: 1000.000000 (Debug: 2 2)
[2018.11.08-23.17.09:875][  0]LogShaderCompilers: Guid format shader working directory is -36 characters bigger than the processId version (../../../../../../Users/cmullins2/Documents/GitKraken/Studio2Project/Studio2ProjectT3/Intermediate/Shaders/WorkingDirectory/24840/).
[2018.11.08-23.17.09:875][  0]LogShaderCompilers: Cleaned the shader compiler working directory 'C:/Users/cmullins2/AppData/Local/Temp/UnrealShaderWorkingDir/A05EE0B74268E7B29A17C599734956D9/'.
[2018.11.08-23.17.10:147][  0]LogTemp: Display: Loaded TP AllDesktopTargetPlatform
[2018.11.08-23.17.10:159][  0]LogTemp: Display: Loaded TP MacClientTargetPlatform
[2018.11.08-23.17.10:172][  0]LogTemp: Display: Loaded TP MacNoEditorTargetPlatform
[2018.11.08-23.17.10:185][  0]LogTemp: Display: Loaded TP MacServerTargetPlatform
[2018.11.08-23.17.10:198][  0]LogTemp: Display: Loaded TP MacTargetPlatform
[2018.11.08-23.17.10:211][  0]LogTemp: Display: Loaded TP WindowsClientTargetPlatform
[2018.11.08-23.17.10:225][  0]LogTemp: Display: Loaded TP WindowsNoEditorTargetPlatform
[2018.11.08-23.17.10:237][  0]LogTemp: Display: Loaded TP WindowsServerTargetPlatform
[2018.11.08-23.17.10:244][  0]LogTemp: Display: Loaded TP WindowsTargetPlatform
[2018.11.08-23.17.10:315][  0]LogTemp: Display: Loaded TP AndroidTargetPlatform
[2018.11.08-23.17.10:315][  0]LogTemp: Display: Loaded TP AndroidTargetPlatform
[2018.11.08-23.17.10:315][  0]LogTemp: Display: Loaded TP AndroidTargetPlatform
[2018.11.08-23.17.10:315][  0]LogTemp: Display: Loaded TP AndroidTargetPlatform
[2018.11.08-23.17.10:315][  0]LogTemp: Display: Loaded TP AndroidTargetPlatform
[2018.11.08-23.17.10:315][  0]LogTemp: Display: Loaded TP AndroidTargetPlatform
[2018.11.08-23.17.10:315][  0]LogTemp: Display: Loaded TP AndroidTargetPlatform
[2018.11.08-23.17.10:315][  0]LogTemp: Display: Loaded TP AndroidTargetPlatform
[2018.11.08-23.17.10:315][  0]LogTemp: Display: Loaded TP AndroidTargetPlatform
[2018.11.08-23.17.10:315][  0]LogTemp: Display: Loaded TP AndroidTargetPlatform
[2018.11.08-23.17.10:315][  0]LogTemp: Display: Loaded TP AndroidTargetPlatform
[2018.11.08-23.17.10:315][  0]LogTemp: Display: Loaded TP AndroidTargetPlatform
[2018.11.08-23.17.10:315][  0]LogTemp: Display: Loaded TP AndroidTargetPlatform
[2018.11.08-23.17.10:315][  0]LogTemp: Display: Loaded TP AndroidTargetPlatform
[2018.11.08-23.17.10:315][  0]LogTemp: Display: Loaded TP AndroidTargetPlatform
[2018.11.08-23.17.10:315][  0]LogTemp: Display: Loaded TP AndroidTargetPlatform
[2018.11.08-23.17.10:315][  0]LogTemp: Display: Loaded TP AndroidTargetPlatform
[2018.11.08-23.17.10:315][  0]LogTemp: Display: Loaded TP AndroidTargetPlatform
[2018.11.08-23.17.10:317][  0]LogTemp: Display: Loaded TP HTML5TargetPlatform
[2018.11.08-23.17.10:377][  0]LogTemp: Display: Loaded TP IOSTargetPlatform
[2018.11.08-23.17.10:377][  0]LogTemp: Display: Loaded TP IOSTargetPlatform
[2018.11.08-23.17.10:397][  0]LogTemp: Display: Loaded TP TVOSTargetPlatform
[2018.11.08-23.17.10:397][  0]LogTemp: Display: Loaded TP TVOSTargetPlatform
[2018.11.08-23.17.10:408][  0]LogTemp: Display: Loaded TP LinuxClientTargetPlatform
[2018.11.08-23.17.10:422][  0]LogTemp: Display: Loaded TP LinuxNoEditorTargetPlatform
[2018.11.08-23.17.10:435][  0]LogTemp: Display: Loaded TP LinuxServerTargetPlatform
[2018.11.08-23.17.10:451][  0]LogTemp: Display: Loaded TP LinuxTargetPlatform
[2018.11.08-23.17.10:459][  0]LogTemp: Display: Loaded TP LuminTargetPlatform
[2018.11.08-23.17.10:459][  0]LogTargetPlatformManager: Display: Building Assets For Windows
[2018.11.08-23.17.10:532][  0]LogXGEController: Cleaning working directory: C:/Users/cmullins2/AppData/Local/Temp/UnrealXGEWorkingDir/
[2018.11.08-23.17.10:533][  0]LogXGEController: Cannot use XGE Controller as Incredibuild is not installed on this machine.
[2018.11.08-23.17.10:533][  0]LogShaderCompilers: Cannot use XGE Shader Compiler as Incredibuild is not installed on this machine.
[2018.11.08-23.17.10:533][  0]LogShaderCompilers: Display: Using Local Shader Compiler.
[2018.11.08-23.17.11:132][  0]LogDerivedDataCache: Display: Max Cache Size: 512 MB
[2018.11.08-23.17.11:178][  0]LogDerivedDataCache: Loaded boot cache 0.05s 72MB C:/Users/cmullins2/AppData/Local/UnrealEngine/4.20/DerivedDataCache/Boot.ddc.
[2018.11.08-23.17.11:178][  0]LogDerivedDataCache: Display: Loaded Boot cache: C:/Users/cmullins2/AppData/Local/UnrealEngine/4.20/DerivedDataCache/Boot.ddc
[2018.11.08-23.17.11:178][  0]LogDerivedDataCache: FDerivedDataBackendGraph:  Pak pak cache file ../../../../../../Users/cmullins2/Documents/GitKraken/Studio2Project/Studio2ProjectT3/DerivedDataCache/DDC.ddp not found, will not use a pak cache.
[2018.11.08-23.17.11:178][  0]LogDerivedDataCache: Unable to find inner node Pak for hierarchical cache Hierarchy.
[2018.11.08-23.17.11:178][  0]LogDerivedDataCache: FDerivedDataBackendGraph:  CompressedPak pak cache file ../../../../../../Users/cmullins2/Documents/GitKraken/Studio2Project/Studio2ProjectT3/DerivedDataCache/Compressed.ddp not found, will not use a pak cache.
[2018.11.08-23.17.11:178][  0]LogDerivedDataCache: Unable to find inner node CompressedPak for hierarchical cache Hierarchy.
[2018.11.08-23.17.11:189][  0]LogDerivedDataCache: Display: Pak cache opened for reading ../../../Engine/DerivedDataCache/Compressed.ddp.
[2018.11.08-23.17.11:202][  0]LogDerivedDataCache: Using Local data cache path C:/Users/cmullins2/AppData/Local/UnrealEngine/Common/DerivedDataCache: Writable
[2018.11.08-23.17.11:202][  0]LogDerivedDataCache: Shared data cache path not found in *engine.ini, will not use an Shared cache.
[2018.11.08-23.17.11:202][  0]LogDerivedDataCache: Unable to find inner node Shared for hierarchical cache Hierarchy.
[2018.11.08-23.17.11:217][  0]LogMaterial: Verifying Global Shaders for PCD3D_SM5
[2018.11.08-23.17.11:218][  0]LogSlate: Using FreeType 2.6.0
[2018.11.08-23.17.11:219][  0]LogSlate: SlateFontServices - WITH_FREETYPE: 1, WITH_HARFBUZZ: 1
[2018.11.08-23.17.11:291][  0]LogAssetRegistry: FAssetRegistry took 0.0259 seconds to start up
[2018.11.08-23.17.11:571][  0]LogInit: Selected Device Profile: [Windows]
[2018.11.08-23.17.11:700][  0]LogSimplygon: Simplygon DLL not present - disabling.
[2018.11.08-23.17.11:705][  0]LogMeshReduction: Using SimplygonSwarm for distributed automatic mesh merging
[2018.11.08-23.17.11:705][  0]LogMeshReduction: Using ProxyLODMeshReduction for automatic mesh merging
[2018.11.08-23.17.11:705][  0]LogMeshReduction: Using QuadricMeshReduction for automatic static mesh reduction
[2018.11.08-23.17.11:705][  0]LogMeshReduction: No automatic skeletal mesh reduction module available
[2018.11.08-23.17.11:720][  0]LogNetVersion: Studio2ProjectT3 1.0.0, NetCL: 4212847, EngineNetVer: 5, GameNetVer: 0 (Checksum: 167173112)
[2018.11.08-23.17.12:225][  0]LogPackageLocalizationCache: Processed 13 localized package path(s) for 2 prioritized culture(s) in 0.133571 seconds
[2018.11.08-23.17.12:231][  0]LogUObjectArray: 38425 objects as part of root set at end of initial load.
[2018.11.08-23.17.12:232][  0]LogUObjectAllocator: 6690864 out of 0 bytes used by permanent object pool.
[2018.11.08-23.17.12:232][  0]LogUObjectArray: CloseDisregardForGC: 0/0 objects in disregard for GC pool
[2018.11.08-23.17.13:062][  0]LogTcpMessaging: Initializing TcpMessaging bridge
[2018.11.08-23.17.13:075][  0]LogUdpMessaging: Initializing bridge on interface 0.0.0.0:0 to multicast group 230.0.0.1:6666.
[2018.11.08-23.17.13:214][  0]SourceControl: Source control is disabled
[2018.11.08-23.17.13:214][  0]SourceControl: Source control is disabled
[2018.11.08-23.17.13:216][  0]SourceControl: Source control is disabled
[2018.11.08-23.17.13:217][  0]SourceControl: Source control is disabled
[2018.11.08-23.17.13:387][  0]LogAndroidPermission: UAndroidPermissionCallbackProxy::GetInstance
[2018.11.08-23.17.13:492][  0]LogOcInput: OculusInput pre-init called
[2018.11.08-23.17.15:286][  0]LogEngine: Initializing Engine...
[2018.11.08-23.17.15:287][  0]LogHMD: Failed to initialize OpenVR with code 110
[2018.11.08-23.17.15:288][  0]LogStats: UGameplayTagsManager::ConstructGameplayTagTree: ImportINI prefixes -  0.000 s
[2018.11.08-23.17.15:288][  0]LogStats: UGameplayTagsManager::ConstructGameplayTagTree: Construct from data asset -  0.000 s
[2018.11.08-23.17.15:289][  0]LogStats: UGameplayTagsManager::ConstructGameplayTagTree: ImportINI -  0.000 s
[2018.11.08-23.17.15:289][  0]LogStats: UGameplayTagsManager::ConstructGameplayTagTree: GameplayTagTreeChangedEvent.Broadcast -  0.000 s
[2018.11.08-23.17.15:483][  0]LogInit: Initializing FReadOnlyCVARCache
[2018.11.08-23.17.15:496][  0]LogAIModule: Creating AISystem for world Untitled
[2018.11.08-23.17.15:536][  0]LogInit: XAudio2 using 'U28E850 (2- NVIDIA High Definition Audio)' : 2 channels at 48 kHz using 16 bits per sample (channel mask 0x3)
[2018.11.08-23.17.15:615][  0]LogInit: FAudioDevice initialized.
[2018.11.08-23.17.15:616][  0]LogNetVersion: Set ProjectVersion to 1.0.0.0. Version Checksum will be recalculated on next use.
[2018.11.08-23.17.15:688][  0]LogDerivedDataCache: Saved boot cache 0.07s 72MB C:/Users/cmullins2/AppData/Local/UnrealEngine/4.20/DerivedDataCache/Boot.ddc.
[2018.11.08-23.17.15:697][  0]LogInit: Texture streaming: Enabled
[2018.11.08-23.17.15:713][  0]LogEngineSessionManager: EngineSessionManager initialized
[2018.11.08-23.17.15:728][  0]LogInit: Transaction tracking system initialized
[2018.11.08-23.17.15:752][  0]BlueprintLog: New page: Editor Load
[2018.11.08-23.17.15:820][  0]LocalizationService: Localization service is disabled
[2018.11.08-23.17.16:063][  0]LogCook: Display: Max memory allowance for cook 16384mb min free memory 0mb
[2018.11.08-23.17.16:063][  0]LogCook: Display: Mobile HDR setting 1
[2018.11.08-23.17.16:063][  0]LogGameplayTags: Display: UGameplayTagsManager::DoneAddingNativeTags. DelegateIsBound: 0
[2018.11.08-23.17.16:063][  0]LogStats: UGameplayTagsManager::ConstructGameplayTagTree: ImportINI prefixes -  0.000 s
[2018.11.08-23.17.16:063][  0]LogStats: UGameplayTagsManager::ConstructGameplayTagTree: Construct from data asset -  0.000 s
[2018.11.08-23.17.16:063][  0]LogStats: UGameplayTagsManager::ConstructGameplayTagTree: ImportINI -  0.000 s
[2018.11.08-23.17.16:063][  0]LogStats: UGameplayTagsManager::ConstructGameplayTagTree: GameplayTagTreeChangedEvent.Broadcast -  0.000 s
[2018.11.08-23.17.16:175][  0]LogFileCache: Scanning file cache for directory 'C:/Users/cmullins2/Documents/GitKraken/Studio2Project/Studio2ProjectT3/Content/' took 0.05s
[2018.11.08-23.17.17:288][  0]SourceControl: Source control is disabled
[2018.11.08-23.17.17:288][  0]Cmd: MAP LOAD FILE="../../../../../../Users/cmullins2/Documents/GitKraken/Studio2Project/Studio2ProjectT3/Content/FirstPersonBP/Maps/FirstPersonExampleMap.umap" TEMPLATE=0 SHOWPROGRESS=1 FEATURELEVEL=3
[2018.11.08-23.17.17:288][  0]LightingResults: New page: Lighting Build
[2018.11.08-23.17.17:291][  0]MapCheck: New page: Map Check
[2018.11.08-23.17.17:291][  0]LightingResults: New page: Lighting Build
[2018.11.08-23.17.17:744][  0]LogAIModule: Creating AISystem for world FirstPersonExampleMap
[2018.11.08-23.17.17:754][  0]LogEditorServer: Finished looking for orphan Actors (0.000 secs)
[2018.11.08-23.17.17:775][  0]Cmd: MAP CHECKDEP NOCLEARLOG
[2018.11.08-23.17.17:865][  0]MapCheck: Map check complete: 0 Error(s), 0 Warning(s), took 89.227ms to complete.
[2018.11.08-23.17.17:865][  0]LogFileHelpers: Loading map 'FirstPersonExampleMap' took 0.577
[2018.11.08-23.17.17:967][  0]LogSlate: Updating window title bar state: overlay mode, drag disabled, window buttons hidden, title bar hidden
[2018.11.08-23.17.17:974][  0]LogSlate: Updating window title bar state: overlay mode, drag disabled, window buttons hidden, title bar hidden
[2018.11.08-23.17.17:980][  0]LogSlate: Updating window title bar state: overlay mode, drag disabled, window buttons hidden, title bar hidden
[2018.11.08-23.17.17:987][  0]LogSlate: Updating window title bar state: overlay mode, drag disabled, window buttons hidden, title bar hidden
[2018.11.08-23.17.17:993][  0]LogCollectionManager: Loaded 0 collections in 0.001590 seconds
[2018.11.08-23.17.18:036][  0]LogFileCache: Scanning file cache for directory 'C:/Users/cmullins2/Documents/GitKraken/Studio2Project/Studio2ProjectT3/Saved/Collections/' took 0.01s
[2018.11.08-23.17.18:036][  0]LogFileCache: Scanning file cache for directory 'C:/Users/cmullins2/Documents/GitKraken/Studio2Project/Studio2ProjectT3/Content/Developers/cmullins2/Collections/' took 0.01s
[2018.11.08-23.17.18:036][  0]LogFileCache: Scanning file cache for directory 'C:/Users/cmullins2/Documents/GitKraken/Studio2Project/Studio2ProjectT3/Content/Collections/' took 0.01s
[2018.11.08-23.17.18:036][  0]LogCollectionManager: Rebuilt the GUID cache for 0 collections in 0.000001 seconds
[2018.11.08-23.17.18:044][  0]LogContentBrowser: Native class hierarchy populated in 0.0081 seconds. Added 2622 classes and 631 folders.
[2018.11.08-23.17.18:051][  0]LogContentBrowser: Native class hierarchy updated for 'WidgetCarousel' in 0.0002 seconds. Added 0 classes and 0 folders.
[2018.11.08-23.17.18:105][  0]LogContentBrowser: Native class hierarchy updated for 'AddContentDialog' in 0.0002 seconds. Added 0 classes and 0 folders.
[2018.11.08-23.17.18:162][  0]LogContentBrowser: Native class hierarchy updated for 'WorldBrowser' in 0.0002 seconds. Added 2 classes and 3 folders.
[2018.11.08-23.17.18:170][  0]LogSlate: Took 0.000216 seconds to synchronously load lazily loaded font '../../../Engine/Content/Slate/Fonts/Roboto-Regular.ttf' (155K)
[2018.11.08-23.17.18:173][  0]LogSlate: Took 0.000288 seconds to synchronously load lazily loaded font '../../../Engine/Content/Slate/Fonts/Roboto-Bold.ttf' (160K)
[2018.11.08-23.17.18:178][  0]LogSlate: Took 0.000203 seconds to synchronously load lazily loaded font '../../../Engine/Content/Editor/Slate/Fonts/FontAwesome.ttf' (139K)
[2018.11.08-23.17.18:247][  0]LogRenderer: Reallocating scene render targets to support 1696x988 Format 10 NumSamples 1 (Frame:1).
[2018.11.08-23.17.18:388][  0]LogContentBrowser: Native class hierarchy updated for 'HierarchicalLODOutliner' in 0.0003 seconds. Added 0 classes and 0 folders.
[2018.11.08-23.17.18:388][  0]LogLoad: (Engine Initialization) Total time: 11.07 seconds
[2018.11.08-23.17.18:388][  0]LogLoad: (Engine Initialization) Total Blueprint compile time: 0.00 seconds
[2018.11.08-23.17.18:398][  0]LogWindowsTextInputMethodSystem: Display: IME system now deactivated.
[2018.11.08-23.17.18:434][  0]LogContentStreaming: Texture pool size now 1000 MB
[2018.11.08-23.17.18:554][  2]LogAssetRegistry: Asset discovery search completed in 7.2861 seconds
[2018.11.08-23.17.18:557][  2]LogCollectionManager: Rebuilt the object cache for 0 collections in 0.000000 seconds (found 0 objects)
[2018.11.08-23.17.18:557][  2]LogCollectionManager: Fixed up redirectors for 0 collections in 0.000051 seconds (updated 0 objects)
[2018.11.08-23.17.23:649][256]LogFileCache: Retrieving MD5 hashes for directory 'C:/Users/cmullins2/Documents/GitKraken/Studio2Project/Studio2ProjectT3/Content/' took 5.24s
[2018.11.08-23.20.52:291][ 60]LogSlate: FSceneViewport::OnFocusLost() reason 0
[2018.11.08-23.21.07:996][928]LogSlate: Took 0.000198 seconds to synchronously load lazily loaded font '../../../Engine/Content/Slate/Fonts/Roboto-Light.ttf' (167K)
[2018.11.08-23.21.08:046][928]LogSlate: Took 0.000226 seconds to synchronously load lazily loaded font '../../../Engine/Content/Slate/Fonts/Roboto-BoldCondensed.ttf' (158K)
[2018.11.08-23.21.24:694][924]LogSlate: Window 'Add C++ Class' being destroyed
[2018.11.08-23.21.52:521][230]Running C:/Program Files/Epic Games/UE_4.20/Engine/Binaries/DotNET/UnrealBuildTool.exe  -projectfiles -project="C:/Users/cmullins2/Documents/GitKraken/Studio2Project/Studio2ProjectT3/Studio2ProjectT3.uproject" -game -rocket -progress
[2018.11.08-23.21.52:827][230]Discovering modules, targets and source code for project...
[2018.11.08-23.22.00:976][230]C:\Program Files\Epic Games\UE_4.20\Engine\Source\ThirdParty\Expat\Expat.Build.cs: warning: Referenced directory 'C:\Program Files\Epic Games\UE_4.20\Engine\Source\ThirdParty\Expat\expat-2.2.0\Win64\VS2015\Release' does not exist.
[2018.11.08-23.22.02:285][230]C:\Program Files\Epic Games\UE_4.20\Enterprise\Plugins\Editor\DatasmithMDLImporter\Source\DatasmithMDLImporter\DatasmithMDLImporter.Build.cs: warning: Referenced directory 'C:\Program Files\Epic Games\UE_4.20\Enterprise\Plugins\Editor\DatasmithMDLImporter\Source\ThirdParty\NotForLicensees\AxF-Decoding-SDK-1.5.1\include' does not exist.
[2018.11.08-23.22.02:285][230]C:\Program Files\Epic Games\UE_4.20\Enterprise\Plugins\Editor\DatasmithMDLImporter\Source\DatasmithMDLImporter\DatasmithMDLImporter.Build.cs: warning: Referenced directory 'C:\Program Files\Epic Games\UE_4.20\Enterprise\Plugins\Editor\DatasmithMDLImporter\Source\ThirdParty\NotForLicensees\mdl-sdk-302800.547\include' does not exist.
[2018.11.08-23.22.05:128][230]LogHotReload: Recompiling module Studio2ProjectT3...
[2018.11.08-23.22.05:135][230]LogVSAccessor: Warning: Couldn't access Visual Studio
[2018.11.08-23.22.05:172][230]Candidate modules for hot reload:
[2018.11.08-23.22.05:172][230]  Studio2ProjectT3
[2018.11.08-23.22.05:173][230]Launching UnrealBuildTool... [C:/Program Files/Epic Games/UE_4.20/Engine/Binaries/DotNET/UnrealBuildTool.exe  -ModuleWithSuffix=Studio2ProjectT3,6648 Win64 Development -TargetType=Editor -Project="../../../../../../Users/cmullins2/Documents/GitKraken/Studio2Project/Studio2ProjectT3/Studio2ProjectT3.uproject" -canskiplink -nosharedpch "C:/Users/cmullins2/Documents/GitKraken/Studio2Project/Studio2ProjectT3/Studio2ProjectT3.uproject" ]
[2018.11.08-23.22.53:783][230]Performing full C++ include scan (hot reloading a new target)
Using 'git status' to determine working set for adaptive non-unity build.
Creating makefile for hot reloading Studio2ProjectT3Editor (no existing makefile)
Compiling game modules for hot reload
Using Visual Studio 2017 14.14.26428 toolchain (C:\Program Files (x86)\Microsoft Visual Studio\2017\Community\VC\Tools\MSVC\14.14.26428) and Windows 10.0.16299.0 SDK (C:\Program Files (x86)\Windows Kits\10).
C:\Program Files\Epic Games\UE_4.20\Enterprise\Plugins\Editor\DatasmithMDLImporter\Source\DatasmithMDLImporter\DatasmithMDLImporter.Build.cs: warning: Referenced directory 'C:\Program Files\Epic Games\UE_4.20\Enterprise\Plugins\Editor\DatasmithMDLImporter\Source\ThirdParty\NotForLicensees\AxF-Decoding-SDK-1.5.1\include' does not exist.
C:\Program Files\Epic Games\UE_4.20\Enterprise\Plugins\Editor\DatasmithMDLImporter\Source\DatasmithMDLImporter\DatasmithMDLImporter.Build.cs: warning: Referenced directory 'C:\Program Files\Epic Games\UE_4.20\Enterprise\Plugins\Editor\DatasmithMDLImporter\Source\ThirdParty\NotForLicensees\mdl-sdk-302800.547\include' does not exist.
Parsing headers for Studio2ProjectT3Editor
  Running UnrealHeaderTool "C:\Users\cmullins2\Documents\GitKraken\Studio2Project\Studio2ProjectT3\Studio2ProjectT3.uproject" "C:\Users\cmullins2\Documents\GitKraken\Studio2Project\Studio2ProjectT3\Intermediate\Build\Win64\Studio2ProjectT3Editor\Development\Studio2ProjectT3Editor.uhtmanifest" -LogCmds="loginit warning, logexit warning, logdatabase error" -Unattended -WarningsAsErrors -installed
Reflection code generated for Studio2ProjectT3Editor in 9.0586772 seconds
Building 7 actions with 8 processes...
  [1/7] PCLaunch.rc
  [2/7] Studio2ProjectT3.cpp
  [3/7] Studio2ProjectT3.init.gen.cpp
  [4/7] MyActorComponent.gen.cpp
  [5/7] MyActorComponent.cpp
  [6/7] UE4Editor-Studio2ProjectT3-6648.lib
     Creating library C:\Users\cmullins2\Documents\GitKraken\Studio2Project\Studio2ProjectT3\Intermediate\Build\Win64\UE4Editor\Development\Studio2ProjectT3\UE4Editor-Studio2ProjectT3-6648.lib and object C:\Users\cmullins2\Documents\GitKraken\Studio2Project\Studio2ProjectT3\Intermediate\Build\Win64\UE4Editor\Development\Studio2ProjectT3\UE4Editor-Studio2ProjectT3-6648.exp
  [7/7] UE4Editor-Studio2ProjectT3-6648.dll
     Creating library C:\Users\cmullins2\Documents\GitKraken\Studio2Project\Studio2ProjectT3\Intermediate\Build\Win64\UE4Editor\Development\Studio2ProjectT3\UE4Editor-Studio2ProjectT3-6648.suppressed.lib and object C:\Users\cmullins2\Documents\GitKraken\Studio2Project\Studio2ProjectT3\Intermediate\Build\Win64\UE4Editor\Development\Studio2ProjectT3\UE4Editor-Studio2ProjectT3-6648.suppressed.exp
Total build time: 48.37 seconds (Parallel executor: 5.78 seconds)

[2018.11.08-23.22.53:783][230]CompilerResultsLog: New page: Compilation - 9 Nov 2018 9:22:53 pm
[2018.11.08-23.22.53:784][230]CompilerResultsLog: Performing full C++ include scan (hot reloading a new target)
[2018.11.08-23.22.53:784][230]CompilerResultsLog: Using 'git status' to determine working set for adaptive non-unity build.
[2018.11.08-23.22.53:784][230]CompilerResultsLog: Creating makefile for hot reloading Studio2ProjectT3Editor (no existing makefile)
[2018.11.08-23.22.53:784][230]CompilerResultsLog: Compiling game modules for hot reload
[2018.11.08-23.22.53:784][230]CompilerResultsLog: Using Visual Studio 2017 14.14.26428 toolchain (C:\Program Files (x86)\Microsoft Visual Studio\2017\Community\VC\Tools\MSVC\14.14.26428) and Windows 10.0.16299.0 SDK (C:\Program Files (x86)\Windows Kits\10).
[2018.11.08-23.22.53:784][230]CompilerResultsLog: C:\Program Files\Epic Games\UE_4.20\Enterprise\Plugins\Editor\DatasmithMDLImporter\Source\DatasmithMDLImporter\DatasmithMDLImporter.Build.cs: warning: Referenced directory 'C:\Program Files\Epic Games\UE_4.20\Enterprise\Plugins\Editor\DatasmithMDLImporter\Source\ThirdParty\NotForLicensees\AxF-Decoding-SDK-1.5.1\include' does not exist.
[2018.11.08-23.22.53:784][230]CompilerResultsLog: C:\Program Files\Epic Games\UE_4.20\Enterprise\Plugins\Editor\DatasmithMDLImporter\Source\DatasmithMDLImporter\DatasmithMDLImporter.Build.cs: warning: Referenced directory 'C:\Program Files\Epic Games\UE_4.20\Enterprise\Plugins\Editor\DatasmithMDLImporter\Source\ThirdParty\NotForLicensees\mdl-sdk-302800.547\include' does not exist.
[2018.11.08-23.22.53:784][230]CompilerResultsLog: Parsing headers for Studio2ProjectT3Editor
[2018.11.08-23.22.53:784][230]CompilerResultsLog:   Running UnrealHeaderTool "C:\Users\cmullins2\Documents\GitKraken\Studio2Project\Studio2ProjectT3\Studio2ProjectT3.uproject" "C:\Users\cmullins2\Documents\GitKraken\Studio2Project\Studio2ProjectT3\Intermediate\Build\Win64\Studio2ProjectT3Editor\Development\Studio2ProjectT3Editor.uhtmanifest" -LogCmds="loginit warning, logexit warning, logdatabase error" -Unattended -WarningsAsErrors -installed
[2018.11.08-23.22.53:784][230]CompilerResultsLog: Reflection code generated for Studio2ProjectT3Editor in 9.0586772 seconds
[2018.11.08-23.22.53:784][230]CompilerResultsLog: Building 7 actions with 8 processes...
[2018.11.08-23.22.53:784][230]CompilerResultsLog:   [1/7] PCLaunch.rc
[2018.11.08-23.22.53:784][230]CompilerResultsLog:   [2/7] Studio2ProjectT3.cpp
[2018.11.08-23.22.53:784][230]CompilerResultsLog:   [3/7] Studio2ProjectT3.init.gen.cpp
[2018.11.08-23.22.53:784][230]CompilerResultsLog:   [4/7] MyActorComponent.gen.cpp
[2018.11.08-23.22.53:784][230]CompilerResultsLog:   [5/7] MyActorComponent.cpp
[2018.11.08-23.22.53:784][230]CompilerResultsLog:   [6/7] UE4Editor-Studio2ProjectT3-6648.lib
[2018.11.08-23.22.53:784][230]CompilerResultsLog:      Creating library C:\Users\cmullins2\Documents\GitKraken\Studio2Project\Studio2ProjectT3\Intermediate\Build\Win64\UE4Editor\Development\Studio2ProjectT3\UE4Editor-Studio2ProjectT3-6648.lib and object C:\Users\cmullins2\Documents\GitKraken\Studio2Project\Studio2ProjectT3\Intermediate\Build\Win64\UE4Editor\Development\Studio2ProjectT3\UE4Editor-Studio2ProjectT3-6648.exp
[2018.11.08-23.22.53:784][230]CompilerResultsLog:   [7/7] UE4Editor-Studio2ProjectT3-6648.dll
[2018.11.08-23.22.53:784][230]CompilerResultsLog:      Creating library C:\Users\cmullins2\Documents\GitKraken\Studio2Project\Studio2ProjectT3\Intermediate\Build\Win64\UE4Editor\Development\Studio2ProjectT3\UE4Editor-Studio2ProjectT3-6648.suppressed.lib and object C:\Users\cmullins2\Documents\GitKraken\Studio2Project\Studio2ProjectT3\Intermediate\Build\Win64\UE4Editor\Development\Studio2ProjectT3\UE4Editor-Studio2ProjectT3-6648.suppressed.exp
[2018.11.08-23.22.53:784][230]CompilerResultsLog: Total build time: 48.37 seconds (Parallel executor: 5.78 seconds)
[2018.11.08-23.22.53:784][230]LogMainFrame: MainFrame: Module compiling took 48.650 seconds
[2018.11.08-23.22.53:784][230]Reloading module Studio2ProjectT3 after successful compile.
[2018.11.08-23.22.53:820][230]LogClass: Could not find existing package /Script/Studio2ProjectT3 for HotReload of class MyActorComponent, assuming a new package.
[2018.11.08-23.22.53:823][230]LogContentBrowser: Native class hierarchy updated for 'Studio2ProjectT3' in 0.0010 seconds. Added 1 classes and 2 folders.
[2018.11.08-23.22.53:854][230]LogContentBrowser: Native class hierarchy populated in 0.0083 seconds. Added 2625 classes and 636 folders.
[2018.11.08-23.22.53:939][230]LogSlate: Window 'Add C++ Class' being destroyed
[2018.11.08-23.23.12:583][462]LogVSAccessor: Warning: Visual Studio is open but could not be queried - it may be blocked by a modal operation
[2018.11.08-23.27.09:905][472]LogSlate: Window 'Add C++ Class' being destroyed
[2018.11.08-23.29.19:618][698]Running C:/Program Files/Epic Games/UE_4.20/Engine/Binaries/DotNET/UnrealBuildTool.exe  -projectfiles -project="C:/Users/cmullins2/Documents/GitKraken/Studio2Project/Studio2ProjectT3/Studio2ProjectT3.uproject" -game -rocket -progress
[2018.11.08-23.29.19:924][698]Discovering modules, targets and source code for project...
[2018.11.08-23.29.22:342][698]C:\Program Files\Epic Games\UE_4.20\Engine\Source\ThirdParty\Expat\Expat.Build.cs: warning: Referenced directory 'C:\Program Files\Epic Games\UE_4.20\Engine\Source\ThirdParty\Expat\expat-2.2.0\Win64\VS2015\Release' does not exist.
[2018.11.08-23.29.22:645][698]C:\Program Files\Epic Games\UE_4.20\Enterprise\Plugins\Editor\DatasmithMDLImporter\Source\DatasmithMDLImporter\DatasmithMDLImporter.Build.cs: warning: Referenced directory 'C:\Program Files\Epic Games\UE_4.20\Enterprise\Plugins\Editor\DatasmithMDLImporter\Source\ThirdParty\NotForLicensees\AxF-Decoding-SDK-1.5.1\include' does not exist.
[2018.11.08-23.29.22:645][698]C:\Program Files\Epic Games\UE_4.20\Enterprise\Plugins\Editor\DatasmithMDLImporter\Source\DatasmithMDLImporter\DatasmithMDLImporter.Build.cs: warning: Referenced directory 'C:\Program Files\Epic Games\UE_4.20\Enterprise\Plugins\Editor\DatasmithMDLImporter\Source\ThirdParty\NotForLicensees\mdl-sdk-302800.547\include' does not exist.
[2018.11.08-23.29.25:075][698]LogHotReload: Recompiling module Studio2ProjectT3...
[2018.11.08-23.29.25:080][698]LogVSAccessor: Warning: Couldn't access Visual Studio
[2018.11.08-23.29.25:089][698]Candidate modules for hot reload:
[2018.11.08-23.29.25:089][698]  Studio2ProjectT3
[2018.11.08-23.29.25:090][698]Launching UnrealBuildTool... [C:/Program Files/Epic Games/UE_4.20/Engine/Binaries/DotNET/UnrealBuildTool.exe  -ModuleWithSuffix=Studio2ProjectT3,3308 Win64 Development -TargetType=Editor -Project="../../../../../../Users/cmullins2/Documents/GitKraken/Studio2Project/Studio2ProjectT3/Studio2ProjectT3.uproject" -canskiplink -nosharedpch "C:/Users/cmullins2/Documents/GitKraken/Studio2Project/Studio2ProjectT3/Studio2ProjectT3.uproject" ]
[2018.11.08-23.29.42:691][698]Using 'git status' to determine working set for adaptive non-unity build.
Creating makefile for hot reloading Studio2ProjectT3Editor (.uproject file is newer)
Compiling game modules for hot reload
Using Visual Studio 2017 14.14.26428 toolchain (C:\Program Files (x86)\Microsoft Visual Studio\2017\Community\VC\Tools\MSVC\14.14.26428) and Windows 10.0.16299.0 SDK (C:\Program Files (x86)\Windows Kits\10).
C:\Program Files\Epic Games\UE_4.20\Enterprise\Plugins\Editor\DatasmithMDLImporter\Source\DatasmithMDLImporter\DatasmithMDLImporter.Build.cs: warning: Referenced directory 'C:\Program Files\Epic Games\UE_4.20\Enterprise\Plugins\Editor\DatasmithMDLImporter\Source\ThirdParty\NotForLicensees\AxF-Decoding-SDK-1.5.1\include' does not exist.
C:\Program Files\Epic Games\UE_4.20\Enterprise\Plugins\Editor\DatasmithMDLImporter\Source\DatasmithMDLImporter\DatasmithMDLImporter.Build.cs: warning: Referenced directory 'C:\Program Files\Epic Games\UE_4.20\Enterprise\Plugins\Editor\DatasmithMDLImporter\Source\ThirdParty\NotForLicensees\mdl-sdk-302800.547\include' does not exist.
Parsing headers for Studio2ProjectT3Editor
  Running UnrealHeaderTool "C:\Users\cmullins2\Documents\GitKraken\Studio2Project\Studio2ProjectT3\Studio2ProjectT3.uproject" "C:\Users\cmullins2\Documents\GitKraken\Studio2Project\Studio2ProjectT3\Intermediate\Build\Win64\Studio2ProjectT3Editor\Development\Studio2ProjectT3Editor.uhtmanifest" -LogCmds="loginit warning, logexit warning, logdatabase error" -Unattended -WarningsAsErrors -installed
Reflection code generated for Studio2ProjectT3Editor in 8.2672755 seconds
Building 6 actions with 8 processes...
  [1/6] Studio2ProjectT3.cpp
  [2/6] Studio2ProjectT3.init.gen.cpp
  [3/6] MyActorComponent2.cpp
  [4/6] MyActorComponent2.gen.cpp
  [5/6] UE4Editor-Studio2ProjectT3-3308.lib
     Creating library C:\Users\cmullins2\Documents\GitKraken\Studio2Project\Studio2ProjectT3\Intermediate\Build\Win64\UE4Editor\Development\Studio2ProjectT3\UE4Editor-Studio2ProjectT3-3308.lib and object C:\Users\cmullins2\Documents\GitKraken\Studio2Project\Studio2ProjectT3\Intermediate\Build\Win64\UE4Editor\Development\Studio2ProjectT3\UE4Editor-Studio2ProjectT3-3308.exp
  [6/6] UE4Editor-Studio2ProjectT3-3308.dll
     Creating library C:\Users\cmullins2\Documents\GitKraken\Studio2Project\Studio2ProjectT3\Intermediate\Build\Win64\UE4Editor\Development\Studio2ProjectT3\UE4Editor-Studio2ProjectT3-3308.suppressed.lib and object C:\Users\cmullins2\Documents\GitKraken\Studio2Project\Studio2ProjectT3\Intermediate\Build\Win64\UE4Editor\Development\Studio2ProjectT3\UE4Editor-Studio2ProjectT3-3308.suppressed.exp
Total build time: 17.37 seconds (Parallel executor: 3.38 seconds)

[2018.11.08-23.29.42:691][698]CompilerResultsLog: New page: Compilation - 9 Nov 2018 9:29:42 pm
[2018.11.08-23.29.42:691][698]CompilerResultsLog: Using 'git status' to determine working set for adaptive non-unity build.
[2018.11.08-23.29.42:691][698]CompilerResultsLog: Creating makefile for hot reloading Studio2ProjectT3Editor (.uproject file is newer)
[2018.11.08-23.29.42:691][698]CompilerResultsLog: Compiling game modules for hot reload
[2018.11.08-23.29.42:691][698]CompilerResultsLog: Using Visual Studio 2017 14.14.26428 toolchain (C:\Program Files (x86)\Microsoft Visual Studio\2017\Community\VC\Tools\MSVC\14.14.26428) and Windows 10.0.16299.0 SDK (C:\Program Files (x86)\Windows Kits\10).
[2018.11.08-23.29.42:691][698]CompilerResultsLog: C:\Program Files\Epic Games\UE_4.20\Enterprise\Plugins\Editor\DatasmithMDLImporter\Source\DatasmithMDLImporter\DatasmithMDLImporter.Build.cs: warning: Referenced directory 'C:\Program Files\Epic Games\UE_4.20\Enterprise\Plugins\Editor\DatasmithMDLImporter\Source\ThirdParty\NotForLicensees\AxF-Decoding-SDK-1.5.1\include' does not exist.
[2018.11.08-23.29.42:691][698]CompilerResultsLog: C:\Program Files\Epic Games\UE_4.20\Enterprise\Plugins\Editor\DatasmithMDLImporter\Source\DatasmithMDLImporter\DatasmithMDLImporter.Build.cs: warning: Referenced directory 'C:\Program Files\Epic Games\UE_4.20\Enterprise\Plugins\Editor\DatasmithMDLImporter\Source\ThirdParty\NotForLicensees\mdl-sdk-302800.547\include' does not exist.
[2018.11.08-23.29.42:691][698]CompilerResultsLog: Parsing headers for Studio2ProjectT3Editor
[2018.11.08-23.29.42:691][698]CompilerResultsLog:   Running UnrealHeaderTool "C:\Users\cmullins2\Documents\GitKraken\Studio2Project\Studio2ProjectT3\Studio2ProjectT3.uproject" "C:\Users\cmullins2\Documents\GitKraken\Studio2Project\Studio2ProjectT3\Intermediate\Build\Win64\Studio2ProjectT3Editor\Development\Studio2ProjectT3Editor.uhtmanifest" -LogCmds="loginit warning, logexit warning, logdatabase error" -Unattended -WarningsAsErrors -installed
[2018.11.08-23.29.42:691][698]CompilerResultsLog: Reflection code generated for Studio2ProjectT3Editor in 8.2672755 seconds
[2018.11.08-23.29.42:691][698]CompilerResultsLog: Building 6 actions with 8 processes...
[2018.11.08-23.29.42:691][698]CompilerResultsLog:   [1/6] Studio2ProjectT3.cpp
[2018.11.08-23.29.42:691][698]CompilerResultsLog:   [2/6] Studio2ProjectT3.init.gen.cpp
[2018.11.08-23.29.42:691][698]CompilerResultsLog:   [3/6] MyActorComponent2.cpp
[2018.11.08-23.29.42:691][698]CompilerResultsLog:   [4/6] MyActorComponent2.gen.cpp
[2018.11.08-23.29.42:691][698]CompilerResultsLog:   [5/6] UE4Editor-Studio2ProjectT3-3308.lib
[2018.11.08-23.29.42:691][698]CompilerResultsLog:      Creating library C:\Users\cmullins2\Documents\GitKraken\Studio2Project\Studio2ProjectT3\Intermediate\Build\Win64\UE4Editor\Development\Studio2ProjectT3\UE4Editor-Studio2ProjectT3-3308.lib and object C:\Users\cmullins2\Documents\GitKraken\Studio2Project\Studio2ProjectT3\Intermediate\Build\Win64\UE4Editor\Development\Studio2ProjectT3\UE4Editor-Studio2ProjectT3-3308.exp
[2018.11.08-23.29.42:691][698]CompilerResultsLog:   [6/6] UE4Editor-Studio2ProjectT3-3308.dll
[2018.11.08-23.29.42:691][698]CompilerResultsLog:      Creating library C:\Users\cmullins2\Documents\GitKraken\Studio2Project\Studio2ProjectT3\Intermediate\Build\Win64\UE4Editor\Development\Studio2ProjectT3\UE4Editor-Studio2ProjectT3-3308.suppressed.lib and object C:\Users\cmullins2\Documents\GitKraken\Studio2Project\Studio2ProjectT3\Intermediate\Build\Win64\UE4Editor\Development\Studio2ProjectT3\UE4Editor-Studio2ProjectT3-3308.suppressed.exp
[2018.11.08-23.29.42:691][698]CompilerResultsLog: Total build time: 17.37 seconds (Parallel executor: 3.38 seconds)
[2018.11.08-23.29.42:691][698]LogMainFrame: MainFrame: Module compiling took 17.611 seconds
[2018.11.08-23.29.42:691][698]Unloading module before compile.
[2018.11.08-23.29.42:692][698]Reloading module Studio2ProjectT3 after successful compile.
[2018.11.08-23.30.00:683][698]LogWindows: Failed to load 'C:/Users/cmullins2/Documents/GitKraken/Studio2Project/Studio2ProjectT3/Binaries/Win64/UE4Editor-Studio2ProjectT3-6648.dll' (GetLastError=1114)
[2018.11.08-23.30.00:684][698]LogModuleManager: Warning: ModuleManager: Unable to load module 'C:/Users/cmullins2/Documents/GitKraken/Studio2Project/Studio2ProjectT3/Binaries/Win64/UE4Editor-Studio2ProjectT3-6648.dll' because the file couldn't be loaded by the OS.
[2018.11.08-23.30.00:684][698]Module couldn't be loaded.
[2018.11.08-23.30.13:371][698]LogSlate: Window 'Message' being destroyed
[2018.11.08-23.30.13:389][698]LogSlate: Window 'Add C++ Class' being destroyed
[2018.11.08-23.30.13:401][698]LogSlate: Took 0.005565 seconds to synchronously load lazily loaded font '../../../Engine/Content/Slate/Fonts/DroidSansMono.ttf' (77K)
[2018.11.08-23.30.15:283][913]LogSlate: Window 'Output Log' being destroyed
[2018.11.08-23.30.15:287][913]LogSlate: Window 'Output Log' being destroyed
[2018.11.08-23.30.19:071][184]LogSlate: Window 'Studio2ProjectT3 - Unreal Editor' being destroyed
[2018.11.08-23.30.19:073][184]LogWindowsTextInputMethodSystem: Display: IME system now deactivated.
[2018.11.08-23.30.19:328][185]Cmd: QUIT_EDITOR
[2018.11.08-23.30.19:366][185]LogExit: Preparing to exit.
[2018.11.08-23.30.21:333][185]LogWindows: Error: === Critical error: ===
[2018.11.08-23.30.21:333][185]LogWindows: Error: 
[2018.11.08-23.30.21:333][185]LogWindows: Error: Fatal error!
[2018.11.08-23.30.21:333][185]LogWindows: Error: 
[2018.11.08-23.30.21:333][185]LogWindows: Error: Unhandled Exception: EXCEPTION_ACCESS_VIOLATION reading address 0x8e086230
[2018.11.08-23.30.21:333][185]LogWindows: Error: 
[2018.11.08-23.30.21:333][185]LogWindows: Error: [Callstack] 0x00007ffb3a922acb UE4Editor-CoreUObject.dll!UnknownFunction []
[2018.11.08-23.30.21:333][185]LogWindows: Error: [Callstack] 0x00007ffb3a96ec93 UE4Editor-CoreUObject.dll!UnknownFunction []
[2018.11.08-23.30.21:334][185]LogWindows: Error: [Callstack] 0x00007ffb3a770a57 UE4Editor-CoreUObject.dll!UnknownFunction []
[2018.11.08-23.30.21:334][185]LogWindows: Error: [Callstack] 0x00007ff717b20134 UE4Editor.exe!UnknownFunction []
[2018.11.08-23.30.21:334][185]LogWindows: Error: [Callstack] 0x00007ff717b1ffb6 UE4Editor.exe!UnknownFunction []
[2018.11.08-23.30.21:334][185]LogWindows: Error: [Callstack] 0x00007ff717b250af UE4Editor.exe!UnknownFunction []
[2018.11.08-23.30.21:334][185]LogWindows: Error: [Callstack] 0x00007ff717b25b71 UE4Editor.exe!UnknownFunction []
[2018.11.08-23.30.21:334][185]LogWindows: Error: [Callstack] 0x00007ff717b25bba UE4Editor.exe!UnknownFunction []
[2018.11.08-23.30.21:334][185]LogWindows: Error: [Callstack] 0x00007ff717b33dac UE4Editor.exe!UnknownFunction []
[2018.11.08-23.30.21:334][185]LogWindows: Error: [Callstack] 0x00007ff717b35aaa UE4Editor.exe!UnknownFunction []
[2018.11.08-23.30.21:334][185]LogWindows: Error: [Callstack] 0x00007ffb92533034 KERNEL32.DLL!UnknownFunction []
[2018.11.08-23.30.21:334][185]LogWindows: Error: [Callstack] 0x00007ffb95101431 ntdll.dll!UnknownFunction []
[2018.11.08-23.30.21:334][185]LogWindows: Error: 
[2018.11.08-23.30.21:342][185]LogExit: Executing StaticShutdownAfterError
