Log file open, 10/12/18 11:04:18
LogWindows: Failed to load 'aqProf.dll' (GetLastError=126)
LogWindows: File 'aqProf.dll' does not exist
LogWindows: Failed to load 'VSPerf140.dll' (GetLastError=126)
LogWindows: File 'VSPerf140.dll' does not exist
LogWindows: Failed to load 'VtuneApi.dll' (GetLastError=126)
LogWindows: File 'VtuneApi.dll' does not exist
LogWindows: Failed to load 'VtuneApi32e.dll' (GetLastError=126)
LogWindows: File 'VtuneApi32e.dll' does not exist
LogInit: Display: Running engine for game: Studio2ProjectT3
LogPlatformFile: Not using cached read wrapper
LogTaskGraph: Started task graph with 5 named threads and 23 total threads with 3 sets of task threads.
LogStats: Stats thread started at 0.290690
LogD3D11RHI: Loaded GFSDK_Aftermath_Lib.x64.dll
LogICUInternationalization: Display: ICU TimeZone Detection - Raw Offset: +10:00, Platform Override: ''
LogPluginManager: Mounting plugin Paper2D
LogPluginManager: Mounting plugin AISupport
LogPluginManager: Mounting plugin LightPropagationVolume
LogPluginManager: Mounting plugin CLionSourceCodeAccess
LogPluginManager: Mounting plugin CodeLiteSourceCodeAccess
LogPluginManager: Mounting plugin GitSourceControl
LogPluginManager: Mounting plugin KDevelopSourceCodeAccess
LogPluginManager: Mounting plugin NullSourceCodeAccess
LogPluginManager: Mounting plugin PerforceSourceControl
LogPluginManager: Mounting plugin SubversionSourceControl
LogPluginManager: Mounting plugin UObjectPlugin
LogPluginManager: Mounting plugin VisualStudioCodeSourceCodeAccess
LogPluginManager: Mounting plugin VisualStudioSourceCodeAccess
LogPluginManager: Mounting plugin XCodeSourceCodeAccess
LogPluginManager: Mounting plugin AssetManagerEditor
LogPluginManager: Mounting plugin CryptoKeys
LogPluginManager: Mounting plugin DataValidation
LogPluginManager: Mounting plugin FacialAnimation
LogPluginManager: Mounting plugin GameplayTagsEditor
LogPluginManager: Mounting plugin MacGraphicsSwitching
LogPluginManager: Mounting plugin MeshEditor
LogPluginManager: Mounting plugin MobileLauncherProfileWizard
LogPluginManager: Mounting plugin PluginBrowser
LogPluginManager: Mounting plugin SpeedTreeImporter
LogPluginManager: Mounting plugin DatasmithContent
LogPluginManager: Mounting plugin AlembicImporter
LogPluginManager: Mounting plugin AppleImageUtils
LogPluginManager: Mounting plugin AppleVision
LogPluginManager: Mounting plugin BackChannel
LogPluginManager: Mounting plugin CharacterAI
LogPluginManager: Mounting plugin GeometryCache
LogPluginManager: Mounting plugin HTML5Networking
LogPluginManager: Mounting plugin ProxyLODPlugin
LogPluginManager: Mounting plugin MagicLeap
LogPluginManager: Mounting plugin MagicLeapEmulator
LogPluginManager: Mounting plugin MagicLeapMedia
LogPluginManager: Mounting plugin AndroidMedia
LogPluginManager: Mounting plugin AvfMedia
LogPluginManager: Mounting plugin ImgMedia
LogPluginManager: Mounting plugin LinearTimecode
LogPluginManager: Mounting plugin MediaCompositing
LogPluginManager: Mounting plugin MediaPlayerEditor
LogPluginManager: Mounting plugin WmfMedia
LogPluginManager: Mounting plugin TcpMessaging
LogPluginManager: Mounting plugin UdpMessaging
LogPluginManager: Mounting plugin ActorSequence
LogPluginManager: Mounting plugin LevelSequenceEditor
LogPluginManager: Mounting plugin MatineeToLevelSequence
LogPluginManager: Mounting plugin NetcodeUnitTest
LogPluginManager: Mounting plugin NUTUnrealEngine4
LogPluginManager: Mounting plugin OnlineSubsystemGooglePlay
LogPluginManager: Mounting plugin OnlineSubsystemIOS
LogPluginManager: Mounting plugin OnlineSubsystem
LogPluginManager: Mounting plugin OnlineSubsystemNull
LogPluginManager: Mounting plugin OnlineSubsystemUtils
LogPluginManager: Mounting plugin LauncherChunkInstaller
LogPluginManager: Mounting plugin AndroidDeviceProfileSelector
LogPluginManager: Mounting plugin AndroidMoviePlayer
LogPluginManager: Mounting plugin AndroidPermission
LogPluginManager: Mounting plugin AppleMoviePlayer
LogPluginManager: Mounting plugin ArchVisCharacter
LogPluginManager: Mounting plugin AudioCapture
LogPluginManager: Mounting plugin CableComponent
LogPluginManager: Mounting plugin CustomMeshComponent
LogPluginManager: Mounting plugin EditableMesh
LogPluginManager: Mounting plugin ExampleDeviceProfileSelector
LogPluginManager: Mounting plugin GoogleCloudMessaging
LogPluginManager: Mounting plugin ImmediatePhysics
LogPluginManager: Mounting plugin IOSDeviceProfileSelector
LogPluginManager: Mounting plugin LinuxDeviceProfileSelector
LogPluginManager: Mounting plugin LocationServicesBPLibrary
LogPluginManager: Mounting plugin MobilePatchingUtils
LogPluginManager: Mounting plugin OculusVR
LogPluginManager: Plugin shader directory ../../../Engine/Plugins/Runtime/Oculus/OculusVR/Shaders found
LogPluginManager: Mapping shader source directory ../../../Engine/Plugins/Runtime/Oculus/OculusVR/Shaders to virtual directory /Plugin/OculusVR
LogPluginManager: Mounting plugin PhysXVehicles
LogPluginManager: Mounting plugin ProceduralMeshComponent
LogPluginManager: Mounting plugin RuntimePhysXCooking
LogPluginManager: Mounting plugin SteamVR
LogPluginManager: Mounting plugin WindowsMoviePlayer
LogStreaming: Display: Took  0.091s to configure plugins.
LogInit: Using libcurl 7.55.1-DEV
LogInit:  - built for x86_64-pc-win32
LogInit:  - supports SSL with OpenSSL/1.0.2h
LogInit:  - supports HTTP deflate (compression) using libz 1.2.8
LogInit:  - other features:
LogInit:      CURL_VERSION_SSL
LogInit:      CURL_VERSION_LIBZ
LogInit:      CURL_VERSION_IPV6
LogInit:      CURL_VERSION_ASYNCHDNS
LogInit:      CURL_VERSION_LARGEFILE
LogInit:      CURL_VERSION_IDN
LogInit:  CurlRequestOptions (configurable via config and command line):
LogInit:  - bVerifyPeer = false  - Libcurl will NOT verify peer certificate
LogInit:  - bUseHttpProxy = false  - Libcurl will NOT use HTTP proxy
LogInit:  - bDontReuseConnections = false  - Libcurl will reuse connections
LogInit:  - CertBundlePath = nullptr  - Libcurl will use whatever was configured at build time.
LogInit:  - MaxHostConnections = 16  - Libcurl will limit the number of connections to a host
LogInit:  - LocalHostAddr = Default
LogInit:  - BufferSize = 65536
LogInit: WinSock: version 1.1 (2.2), MaxSocks=32767, MaxUdp=65467
LogInit: Build: ++UE4+Release-4.20-CL-4369336
LogInit: Engine Version: 4.20.3-4369336+++UE4+Release-4.20
LogInit: Compatible Engine Version: 4.20.0-4212847+++UE4+Release-4.20
LogInit: Net CL: 4212847
LogInit: OS: Windows 10 (), CPU: Intel(R) Core(TM) i7-7700HQ CPU @ 2.80GHz, GPU: Intel(R) HD Graphics 630
LogInit: Compiled (64-bit): Sep 17 2018 12:26:19
LogInit: Compiled with Visual C++: 19.13.26129.00
LogInit: Build Configuration: Development
LogInit: Branch Name: ++UE4+Release-4.20
LogInit: Command Line: -EpicPortal 
LogInit: Base Directory: C:/Program Files/Epic Games/UE_4.20/Engine/Binaries/Win64/
LogInit: Installed Engine Build: 1
LogDevObjectVersion: Number of dev versions registered: 20
LogDevObjectVersion:   Dev-Blueprints (B0D832E4-1F89-4F0D-ACCF-7EB736FD4AA2): 10
LogDevObjectVersion:   Dev-Build (E1C64328-A22C-4D53-A36C-8E866417BD8C): 0
LogDevObjectVersion:   Dev-Core (375EC13C-06E4-48FB-B500-84F0262A717E): 2
LogDevObjectVersion:   Dev-Editor (E4B068ED-F494-42E9-A231-DA0B2E46BB41): 24
LogDevObjectVersion:   Dev-Framework (CFFC743F-43B0-4480-9391-14DF171D2073): 34
LogDevObjectVersion:   Dev-Mobile (B02B49B5-BB20-44E9-A304-32B752E40360): 2
LogDevObjectVersion:   Dev-Networking (A4E4105C-59A1-49B5-A7C5-40C4547EDFEE): 0
LogDevObjectVersion:   Dev-Online (39C831C9-5AE6-47DC-9A44-9C173E1C8E7C): 0
LogDevObjectVersion:   Dev-Physics (78F01B33-EBEA-4F98-B9B4-84EACCB95AA2): 0
LogDevObjectVersion:   Dev-Platform (6631380F-2D4D-43E0-8009-CF276956A95A): 0
LogDevObjectVersion:   Dev-Rendering (12F88B9F-8875-4AFC-A67C-D90C383ABD29): 26
LogDevObjectVersion:   Dev-Sequencer (7B5AE74C-D270-4C10-A958-57980B212A5A): 9
LogDevObjectVersion:   Dev-VR (D7296918-1DD6-4BDD-9DE2-64A83CC13884): 2
LogDevObjectVersion:   Dev-LoadTimes (C2A15278-BFE7-4AFE-6C17-90FF531DF755): 1
LogDevObjectVersion:   Private-Geometry (6EACA3D4-40EC-4CC1-B786-8BED09428FC5): 3
LogDevObjectVersion:   Dev-AnimPhys (29E575DD-E0A3-4627-9D10-D276232CDCEA): 17
LogDevObjectVersion:   Dev-ReflectionCapture (6B266CEC-1EC7-4B8F-A30B-E4D90942FC07): 1
LogDevObjectVersion:   Dev-Automation (0DF73D61-A23F-47EA-B727-89E90C41499A): 1
LogDevObjectVersion:   FortniteMain (601D1886-AC64-4F84-AA16-D3DE0DEAC7D6): 12
LogDevObjectVersion:   Dev-Enterprise (9DFFBCD6-494F-0158-E221-12823C92A888): 1
LogStreaming: Display: Took  0.001s to delete old logs.
LogInit: Presizing for max 8388607 objects, including 0 objects not considered by GC, pre-allocating 0 bytes for permanent pool.
LogInit: Object subsystem initialized
[2018.10.12-00.04.19:239][  0]LogInit: Selected Device Profile: [Windows]
[2018.10.12-00.04.19:239][  0]LogInit: Applying CVar settings loaded from the selected device profile: [Windows]
[2018.10.12-00.04.19:299][  0]LogHAL: Display: Platform has ~ 16 GB [17053179904 / 17179869184 / 16], which maps to Larger [LargestMinGB=32, LargerMinGB=12, DefaultMinGB=8, SmallerMinGB=6, SmallestMinGB=0)
[2018.10.12-00.04.19:299][  0]LogInit: Setting Device Profile CVar: [[r.Vulkan.UseRealUBs:1]]
[2018.10.12-00.04.19:299][  0]LogInit: Going up to parent DeviceProfile []
[2018.10.12-00.04.19:300][  0]LogInit: Computer: DESKTOP-FMC2008
[2018.10.12-00.04.19:300][  0]LogInit: User: myles
[2018.10.12-00.04.19:300][  0]LogInit: CPU Page size=4096, Cores=4
[2018.10.12-00.04.19:300][  0]LogInit: High frequency timer resolution =2.742188 MHz
[2018.10.12-00.04.19:301][  0]LogMemory: Memory total: Physical=15.9GB (16GB approx)
[2018.10.12-00.04.19:301][  0]LogMemory: Platform Memory Stats for Windows
[2018.10.12-00.04.19:301][  0]LogMemory: Process Physical Memory: 100.30 MB used, 100.30 MB peak
[2018.10.12-00.04.19:301][  0]LogMemory: Process Virtual Memory: 89.41 MB used, 89.41 MB peak
[2018.10.12-00.04.19:301][  0]LogMemory: Physical Memory: 7447.02 MB used,  8816.16 MB free, 16263.18 MB total
[2018.10.12-00.04.19:301][  0]LogMemory: Virtual Memory: 4638.61 MB used,  8816.16 MB free, 134217728.00 MB total
[2018.10.12-00.04.19:337][  0]LogInit: Using OS detected language (en-US).
[2018.10.12-00.04.19:337][  0]LogInit: Using OS detected locale (en-AU).
[2018.10.12-00.04.19:339][  0]LogTextLocalizationManager: No specific localization for 'en-US' exists, so the 'en' localization will be used.
[2018.10.12-00.04.19:754][  0]LogStreaming: Display: Took  0.416s to InitEngineTextLocalization.
[2018.10.12-00.04.19:754][  0]LogInit: Setting process to per monitor DPI aware
[2018.10.12-00.04.19:789][  0]LogSlate: New Slate User Created.  User Index 0, Is Virtual User: 0
[2018.10.12-00.04.19:789][  0]LogSlate: Slate User Registered.  User Index 0, Is Virtual User: 0
[2018.10.12-00.04.19:997][  0]LogHMD: Failed to initialize OpenVR with code 110
[2018.10.12-00.04.19:997][  0]LogD3D11RHI: D3D11 adapters:
[2018.10.12-00.04.20:041][  0]LogD3D11RHI:    0. 'NVIDIA GeForce GTX 1060' (Feature Level 11_0)
[2018.10.12-00.04.20:041][  0]LogD3D11RHI:       6084/0/8131 MB DedicatedVideo/DedicatedSystem/SharedSystem, Outputs:1, VendorId:0x10de
[2018.10.12-00.04.20:052][  0]LogD3D11RHI:    1. 'Intel(R) HD Graphics 630' (Feature Level 11_0)
[2018.10.12-00.04.20:052][  0]LogD3D11RHI:       128/0/8131 MB DedicatedVideo/DedicatedSystem/SharedSystem, Outputs:0, VendorId:0x8086
[2018.10.12-00.04.20:055][  0]LogD3D11RHI:    2. 'Microsoft Basic Render Driver' (Feature Level 11_0)
[2018.10.12-00.04.20:055][  0]LogD3D11RHI:       0/0/8131 MB DedicatedVideo/DedicatedSystem/SharedSystem, Outputs:0, VendorId:0x1414
[2018.10.12-00.04.20:055][  0]LogD3D11RHI: Chosen D3D11 Adapter: 0
[2018.10.12-00.04.20:072][  0]LogD3D11RHI: Creating new Direct3DDevice
[2018.10.12-00.04.20:072][  0]LogD3D11RHI:     GPU DeviceId: 0x1c20 (for the marketing name, search the web for "GPU Device Id")
[2018.10.12-00.04.20:072][  0]LogWindows: EnumDisplayDevices:
[2018.10.12-00.04.20:072][  0]LogWindows:    0. 'Intel(R) HD Graphics 630' (P:1 D:1)
[2018.10.12-00.04.20:072][  0]LogWindows:    1. 'Intel(R) HD Graphics 630' (P:0 D:0)
[2018.10.12-00.04.20:073][  0]LogWindows:    2. 'Intel(R) HD Graphics 630' (P:0 D:0)
[2018.10.12-00.04.20:073][  0]LogWindows:    3. 'NVIDIA GeForce GTX 1060' (P:0 D:0)
[2018.10.12-00.04.20:073][  0]LogWindows:    4. 'NVIDIA GeForce GTX 1060' (P:0 D:0)
[2018.10.12-00.04.20:074][  0]LogWindows:    5. 'NVIDIA GeForce GTX 1060' (P:0 D:0)
[2018.10.12-00.04.20:074][  0]LogWindows:    6. 'NVIDIA GeForce GTX 1060' (P:0 D:0)
[2018.10.12-00.04.20:074][  0]LogWindows: DebugString: PrimaryIsNotTheChoosenAdapter PrimaryIsNotTheChoosenAdapter PrimaryIsNotTheChoosenAdapter FoundDriverCount:4 
[2018.10.12-00.04.20:074][  0]LogD3D11RHI:     Adapter Name: NVIDIA GeForce GTX 1060
[2018.10.12-00.04.20:074][  0]LogD3D11RHI:   Driver Version: 382.05 (internal:22.21.13.8205, unified:382.05)
[2018.10.12-00.04.20:074][  0]LogD3D11RHI:      Driver Date: 5-1-2017
[2018.10.12-00.04.20:074][  0]LogRHI: Texture pool is 4259 MB (70% of 6084 MB)
[2018.10.12-00.04.20:105][  0]LogD3D11RHI: Async texture creation enabled
[2018.10.12-00.04.20:118][  0]LogD3D11RHI: GPU Timing Frequency: 1000.000000 (Debug: 2 1)
[2018.10.12-00.04.20:120][  0]LogShaderCompilers: Guid format shader working directory is -45 characters bigger than the processId version (../../../../../../Users/myles/Documents/item name generator/Studio2Project/Studio2ProjectT3/Intermediate/Shaders/WorkingDirectory/3532/).
[2018.10.12-00.04.20:120][  0]LogShaderCompilers: Cleaned the shader compiler working directory 'C:/Users/myles/AppData/Local/Temp/UnrealShaderWorkingDir/80AEAAE748C5898C5485B29D994946F1/'.
[2018.10.12-00.04.20:392][  0]LogTemp: Display: Loaded TP AllDesktopTargetPlatform
[2018.10.12-00.04.20:405][  0]LogTemp: Display: Loaded TP MacClientTargetPlatform
[2018.10.12-00.04.20:419][  0]LogTemp: Display: Loaded TP MacNoEditorTargetPlatform
[2018.10.12-00.04.20:432][  0]LogTemp: Display: Loaded TP MacServerTargetPlatform
[2018.10.12-00.04.20:445][  0]LogTemp: Display: Loaded TP MacTargetPlatform
[2018.10.12-00.04.20:457][  0]LogTemp: Display: Loaded TP WindowsClientTargetPlatform
[2018.10.12-00.04.20:469][  0]LogTemp: Display: Loaded TP WindowsNoEditorTargetPlatform
[2018.10.12-00.04.20:483][  0]LogTemp: Display: Loaded TP WindowsServerTargetPlatform
[2018.10.12-00.04.20:490][  0]LogTemp: Display: Loaded TP WindowsTargetPlatform
[2018.10.12-00.04.20:573][  0]LogTemp: Display: Loaded TP AndroidTargetPlatform
[2018.10.12-00.04.20:573][  0]LogTemp: Display: Loaded TP AndroidTargetPlatform
[2018.10.12-00.04.20:573][  0]LogTemp: Display: Loaded TP AndroidTargetPlatform
[2018.10.12-00.04.20:573][  0]LogTemp: Display: Loaded TP AndroidTargetPlatform
[2018.10.12-00.04.20:573][  0]LogTemp: Display: Loaded TP AndroidTargetPlatform
[2018.10.12-00.04.20:573][  0]LogTemp: Display: Loaded TP AndroidTargetPlatform
[2018.10.12-00.04.20:573][  0]LogTemp: Display: Loaded TP AndroidTargetPlatform
[2018.10.12-00.04.20:573][  0]LogTemp: Display: Loaded TP AndroidTargetPlatform
[2018.10.12-00.04.20:573][  0]LogTemp: Display: Loaded TP AndroidTargetPlatform
[2018.10.12-00.04.20:573][  0]LogTemp: Display: Loaded TP AndroidTargetPlatform
[2018.10.12-00.04.20:573][  0]LogTemp: Display: Loaded TP AndroidTargetPlatform
[2018.10.12-00.04.20:573][  0]LogTemp: Display: Loaded TP AndroidTargetPlatform
[2018.10.12-00.04.20:573][  0]LogTemp: Display: Loaded TP AndroidTargetPlatform
[2018.10.12-00.04.20:573][  0]LogTemp: Display: Loaded TP AndroidTargetPlatform
[2018.10.12-00.04.20:573][  0]LogTemp: Display: Loaded TP AndroidTargetPlatform
[2018.10.12-00.04.20:573][  0]LogTemp: Display: Loaded TP AndroidTargetPlatform
[2018.10.12-00.04.20:573][  0]LogTemp: Display: Loaded TP AndroidTargetPlatform
[2018.10.12-00.04.20:573][  0]LogTemp: Display: Loaded TP AndroidTargetPlatform
[2018.10.12-00.04.20:574][  0]LogTemp: Display: Loaded TP HTML5TargetPlatform
[2018.10.12-00.04.20:639][  0]LogTemp: Display: Loaded TP IOSTargetPlatform
[2018.10.12-00.04.20:639][  0]LogTemp: Display: Loaded TP IOSTargetPlatform
[2018.10.12-00.04.20:689][  0]LogTemp: Display: Loaded TP TVOSTargetPlatform
[2018.10.12-00.04.20:689][  0]LogTemp: Display: Loaded TP TVOSTargetPlatform
[2018.10.12-00.04.20:700][  0]LogTemp: Display: Loaded TP LinuxClientTargetPlatform
[2018.10.12-00.04.20:714][  0]LogTemp: Display: Loaded TP LinuxNoEditorTargetPlatform
[2018.10.12-00.04.20:726][  0]LogTemp: Display: Loaded TP LinuxServerTargetPlatform
[2018.10.12-00.04.20:740][  0]LogTemp: Display: Loaded TP LinuxTargetPlatform
[2018.10.12-00.04.20:749][  0]LogTemp: Display: Loaded TP LuminTargetPlatform
[2018.10.12-00.04.20:749][  0]LogTargetPlatformManager: Display: Building Assets For Windows
[2018.10.12-00.04.20:812][  0]LogShaderCompilers: Display: Using XGE Shader Compiler (Interception Interface).
[2018.10.12-00.04.21:607][  0]LogDerivedDataCache: Display: Max Cache Size: 512 MB
[2018.10.12-00.04.21:676][  0]LogDerivedDataCache: Loaded boot cache 0.07s 71MB C:/Users/myles/AppData/Local/UnrealEngine/4.20/DerivedDataCache/Boot.ddc.
[2018.10.12-00.04.21:677][  0]LogDerivedDataCache: Display: Loaded Boot cache: C:/Users/myles/AppData/Local/UnrealEngine/4.20/DerivedDataCache/Boot.ddc
[2018.10.12-00.04.21:677][  0]LogDerivedDataCache: FDerivedDataBackendGraph:  Pak pak cache file ../../../../../../Users/myles/Documents/item name generator/Studio2Project/Studio2ProjectT3/DerivedDataCache/DDC.ddp not found, will not use a pak cache.
[2018.10.12-00.04.21:677][  0]LogDerivedDataCache: Unable to find inner node Pak for hierarchical cache Hierarchy.
[2018.10.12-00.04.21:677][  0]LogDerivedDataCache: FDerivedDataBackendGraph:  CompressedPak pak cache file ../../../../../../Users/myles/Documents/item name generator/Studio2Project/Studio2ProjectT3/DerivedDataCache/Compressed.ddp not found, will not use a pak cache.
[2018.10.12-00.04.21:677][  0]LogDerivedDataCache: Unable to find inner node CompressedPak for hierarchical cache Hierarchy.
[2018.10.12-00.04.21:691][  0]LogDerivedDataCache: Display: Pak cache opened for reading ../../../Engine/DerivedDataCache/Compressed.ddp.
[2018.10.12-00.04.21:703][  0]LogDerivedDataCache: Using Local data cache path C:/Users/myles/AppData/Local/UnrealEngine/Common/DerivedDataCache: Writable
[2018.10.12-00.04.21:703][  0]LogDerivedDataCache: Shared data cache path not found in *engine.ini, will not use an Shared cache.
[2018.10.12-00.04.21:703][  0]LogDerivedDataCache: Unable to find inner node Shared for hierarchical cache Hierarchy.
[2018.10.12-00.04.21:725][  0]LogMaterial: Verifying Global Shaders for PCD3D_SM5
[2018.10.12-00.04.21:727][  0]LogSlate: Using FreeType 2.6.0
[2018.10.12-00.04.21:727][  0]LogSlate: SlateFontServices - WITH_FREETYPE: 1, WITH_HARFBUZZ: 1
[2018.10.12-00.04.21:802][  0]LogAssetRegistry: FAssetRegistry took 0.0256 seconds to start up
[2018.10.12-00.04.22:141][  0]LogInit: Selected Device Profile: [Windows]
[2018.10.12-00.04.22:281][  0]LogSimplygon: Simplygon DLL not present - disabling.
[2018.10.12-00.04.22:285][  0]LogMeshReduction: Using SimplygonSwarm for distributed automatic mesh merging
[2018.10.12-00.04.22:285][  0]LogMeshReduction: Using ProxyLODMeshReduction for automatic mesh merging
[2018.10.12-00.04.22:285][  0]LogMeshReduction: Using QuadricMeshReduction for automatic static mesh reduction
[2018.10.12-00.04.22:285][  0]LogMeshReduction: No automatic skeletal mesh reduction module available
[2018.10.12-00.04.22:304][  0]LogNetVersion: Studio2ProjectT3 1.0.0, NetCL: 4212847, EngineNetVer: 5, GameNetVer: 0 (Checksum: 167173112)
[2018.10.12-00.04.22:906][  0]LogPackageLocalizationCache: Processed 11 localized package path(s) for 2 prioritized culture(s) in 0.129687 seconds
[2018.10.12-00.04.22:913][  0]LogUObjectArray: 38425 objects as part of root set at end of initial load.
[2018.10.12-00.04.22:913][  0]LogUObjectAllocator: 6690872 out of 0 bytes used by permanent object pool.
[2018.10.12-00.04.22:913][  0]LogUObjectArray: CloseDisregardForGC: 0/0 objects in disregard for GC pool
[2018.10.12-00.04.23:536][  0]LogPackageName: Warning: String asset reference "S_ClothTarps_03.SM.Mesh.S_ClothTarps_03" is in short form, which is unsupported and -- even if valid -- resolving it will be really slow.
[2018.10.12-00.04.23:536][  0]LogPackageName: Warning: Please consider resaving package in order to speed-up loading.
[2018.10.12-00.04.23:536][  0]LogPackageName: SearchForPackageOnDisk took   0.096s, but failed to resolve S_ClothTarps_03.
[2018.10.12-00.04.23:536][  0]LogPackageName: Warning: String asset reference "S_ClothTarps_03.SM.Mesh.S_ClothTarps_03" could not be resolved.
[2018.10.12-00.04.23:773][  0]LogTcpMessaging: Initializing TcpMessaging bridge
[2018.10.12-00.04.23:787][  0]LogUdpMessaging: Initializing bridge on interface 0.0.0.0:0 to multicast group 230.0.0.1:6666.
[2018.10.12-00.04.23:939][  0]SourceControl: Source control is disabled
[2018.10.12-00.04.23:939][  0]SourceControl: Source control is disabled
[2018.10.12-00.04.23:940][  0]SourceControl: Source control is disabled
[2018.10.12-00.04.23:941][  0]SourceControl: Source control is disabled
[2018.10.12-00.04.24:115][  0]LogAndroidPermission: UAndroidPermissionCallbackProxy::GetInstance
[2018.10.12-00.04.24:189][  0]LogOcInput: OculusInput pre-init called
[2018.10.12-00.04.24:255][  0]LogEngine: Initializing Engine...
[2018.10.12-00.04.24:256][  0]LogHMD: Failed to initialize OpenVR with code 110
[2018.10.12-00.04.24:257][  0]LogStats: UGameplayTagsManager::ConstructGameplayTagTree: ImportINI prefixes -  0.000 s
[2018.10.12-00.04.24:257][  0]LogStats: UGameplayTagsManager::ConstructGameplayTagTree: Construct from data asset -  0.000 s
[2018.10.12-00.04.24:257][  0]LogStats: UGameplayTagsManager::ConstructGameplayTagTree: ImportINI -  0.000 s
[2018.10.12-00.04.24:257][  0]LogStats: UGameplayTagsManager::ConstructGameplayTagTree: GameplayTagTreeChangedEvent.Broadcast -  0.000 s
[2018.10.12-00.04.24:570][  0]LogInit: Initializing FReadOnlyCVARCache
[2018.10.12-00.04.24:582][  0]LogAIModule: Creating AISystem for world Untitled
[2018.10.12-00.04.24:596][  0]LogInit: XAudio2 using 'Speakers (Realtek High Definition Audio)' : 2 channels at 48 kHz using 32 bits per sample (channel mask 0x3)
[2018.10.12-00.04.24:717][  0]LogInit: FAudioDevice initialized.
[2018.10.12-00.04.24:717][  0]LogNetVersion: Set ProjectVersion to 1.0.0.0. Version Checksum will be recalculated on next use.
[2018.10.12-00.04.24:808][  0]LogDerivedDataCache: Saved boot cache 0.09s 71MB C:/Users/myles/AppData/Local/UnrealEngine/4.20/DerivedDataCache/Boot.ddc.
[2018.10.12-00.04.24:820][  0]LogInit: Texture streaming: Enabled
[2018.10.12-00.04.24:837][  0]LogEngineSessionManager: EngineSessionManager initialized
[2018.10.12-00.04.24:859][  0]LogInit: Transaction tracking system initialized
[2018.10.12-00.04.24:880][  0]BlueprintLog: New page: Editor Load
[2018.10.12-00.04.24:957][  0]LocalizationService: Localization service is disabled
[2018.10.12-00.04.25:268][  0]LogCook: Display: Max memory allowance for cook 16384mb min free memory 0mb
[2018.10.12-00.04.25:268][  0]LogCook: Display: Mobile HDR setting 1
[2018.10.12-00.04.25:268][  0]LogGameplayTags: Display: UGameplayTagsManager::DoneAddingNativeTags. DelegateIsBound: 0
[2018.10.12-00.04.25:268][  0]LogStats: UGameplayTagsManager::ConstructGameplayTagTree: ImportINI prefixes -  0.000 s
[2018.10.12-00.04.25:268][  0]LogStats: UGameplayTagsManager::ConstructGameplayTagTree: Construct from data asset -  0.000 s
[2018.10.12-00.04.25:268][  0]LogStats: UGameplayTagsManager::ConstructGameplayTagTree: ImportINI -  0.000 s
[2018.10.12-00.04.25:268][  0]LogStats: UGameplayTagsManager::ConstructGameplayTagTree: GameplayTagTreeChangedEvent.Broadcast -  0.000 s
[2018.10.12-00.04.25:392][  0]LogFileCache: Scanning file cache for directory 'C:/Users/myles/Documents/item name generator/Studio2Project/Studio2ProjectT3/Content/' took 0.04s
[2018.10.12-00.04.25:393][  0]SourceControl: Source control is disabled
[2018.10.12-00.04.25:393][  0]LightingResults: New page: Lighting Build
[2018.10.12-00.04.25:395][  0]MapCheck: New page: Map Check
[2018.10.12-00.04.25:396][  0]LightingResults: New page: Lighting Build
[2018.10.12-00.04.25:784][  0]LogLinker: Warning: Can't find file '/Game/FirstPersonBP/Maps/FirstPersonExampleMap_BuiltData'
[2018.10.12-00.04.25:784][  0]LogLinker: Warning: Can't find file for asset '/Game/FirstPersonBP/Maps/FirstPersonExampleMap_BuiltData' while loading ../../../../../../Users/myles/Documents/item name generator/Studio2Project/Studio2ProjectT3/Content/FirstPersonBP/Maps/FirstPersonExampleMap.umap.
[2018.10.12-00.04.25:784][  0]LoadErrors: Error: /Game/FirstPersonBP/Maps/FirstPersonExampleMap : Can't find file for asset. /Game/FirstPersonBP/Maps/FirstPersonExampleMap_BuiltData
[2018.10.12-00.04.25:790][  0]LogLinker: Warning: Can't find file '/Game/FirstPersonBP/Maps/FirstPersonExampleMap_BuiltData'
[2018.10.12-00.04.25:790][  0]LogLinker: Warning: Can't find file for asset '/Game/FirstPersonBP/Maps/FirstPersonExampleMap_BuiltData' while loading ../../../../../../Users/myles/Documents/item name generator/Studio2Project/Studio2ProjectT3/Content/FirstPersonBP/Maps/FirstPersonExampleMap.umap.
[2018.10.12-00.04.25:790][  0]LoadErrors: Error: /Game/FirstPersonBP/Maps/FirstPersonExampleMap : Can't find file for asset. /Game/FirstPersonBP/Maps/FirstPersonExampleMap_BuiltData
[2018.10.12-00.04.25:794][  0]LogLinker: Warning: Can't find file '/Game/FirstPersonBP/Maps/FirstPersonExampleMap_BuiltData'
[2018.10.12-00.04.25:794][  0]LogLinker: Warning: Can't find file for asset '/Game/FirstPersonBP/Maps/FirstPersonExampleMap_BuiltData' while loading NULL.
[2018.10.12-00.04.25:795][  0]LogLinker: Warning: Can't find file '/Game/FirstPersonBP/Maps/FirstPersonExampleMap_BuiltData'
[2018.10.12-00.04.25:795][  0]LogLinker: Warning: Can't find file for asset '/Game/FirstPersonBP/Maps/FirstPersonExampleMap_BuiltData' while loading NULL.
[2018.10.12-00.04.25:864][  0]LogLinker: Warning: Can't find file '/Game/FirstPersonBP/Maps/FirstPersonExampleMap_BuiltData'
[2018.10.12-00.04.25:865][  0]LoadErrors: Failed to load /Game/FirstPersonBP/Maps/FirstPersonExampleMap_BuiltData.FirstPersonExampleMap_BuiltData Referenced by PersistentLevel
[2018.10.12-00.04.25:865][  0]LogLinker: Warning: Can't find file for asset '/Game/FirstPersonBP/Maps/FirstPersonExampleMap_BuiltData' while loading NULL.
[2018.10.12-00.04.25:865][  0]LoadErrors: Failed to load /Game/FirstPersonBP/Maps/FirstPersonExampleMap_BuiltData.FirstPersonExampleMap_BuiltData Referenced by PersistentLevel
[2018.10.12-00.04.26:073][  0]LogAIModule: Creating AISystem for world FirstPersonExampleMap
[2018.10.12-00.04.26:092][  0]LogEditorServer: Finished looking for orphan Actors (0.000 secs)
[2018.10.12-00.04.26:118][  0]Cmd: MAP CHECKDEP NOCLEARLOG
[2018.10.12-00.04.26:193][  0]MapCheck: Map check complete: 0 Error(s), 0 Warning(s), took 75.093ms to complete.
[2018.10.12-00.04.26:193][  0]LogFileHelpers: Loading map 'FirstPersonExampleMap' took 0.800
[2018.10.12-00.04.26:290][  0]LogSlate: Updating window title bar state: overlay mode, drag disabled, window buttons hidden, title bar hidden
[2018.10.12-00.04.26:300][  0]LogSlate: Updating window title bar state: overlay mode, drag disabled, window buttons hidden, title bar hidden
[2018.10.12-00.04.26:308][  0]LogSlate: Updating window title bar state: overlay mode, drag disabled, window buttons hidden, title bar hidden
[2018.10.12-00.04.26:318][  0]LogSlate: Updating window title bar state: overlay mode, drag disabled, window buttons hidden, title bar hidden
[2018.10.12-00.04.26:324][  0]LogCollectionManager: Loaded 0 collections in 0.001571 seconds
[2018.10.12-00.04.26:369][  0]LogFileCache: Scanning file cache for directory 'C:/Users/myles/Documents/item name generator/Studio2Project/Studio2ProjectT3/Saved/Collections/' took 0.01s
[2018.10.12-00.04.26:369][  0]LogFileCache: Scanning file cache for directory 'C:/Users/myles/Documents/item name generator/Studio2Project/Studio2ProjectT3/Content/Developers/myles/Collections/' took 0.01s
[2018.10.12-00.04.26:369][  0]LogFileCache: Scanning file cache for directory 'C:/Users/myles/Documents/item name generator/Studio2Project/Studio2ProjectT3/Content/Collections/' took 0.01s
[2018.10.12-00.04.26:369][  0]LogCollectionManager: Rebuilt the GUID cache for 0 collections in 0.000000 seconds
[2018.10.12-00.04.26:379][  0]LogContentBrowser: Native class hierarchy populated in 0.0092 seconds. Added 2572 classes and 603 folders.
[2018.10.12-00.04.26:386][  0]LogContentBrowser: Native class hierarchy updated for 'WidgetCarousel' in 0.0002 seconds. Added 0 classes and 0 folders.
[2018.10.12-00.04.26:429][  0]LogContentBrowser: Native class hierarchy updated for 'AddContentDialog' in 0.0003 seconds. Added 0 classes and 0 folders.
[2018.10.12-00.04.26:435][  0]LogContentBrowser: Native class hierarchy updated for 'SceneOutliner' in 0.0003 seconds. Added 1 classes and 2 folders.
[2018.10.12-00.04.26:450][  0]LogSlate: Took 0.000320 seconds to synchronously load lazily loaded font '../../../Engine/Content/Slate/Fonts/Roboto-Regular.ttf' (155K)
[2018.10.12-00.04.26:453][  0]LogSlate: Took 0.000206 seconds to synchronously load lazily loaded font '../../../Engine/Content/Slate/Fonts/Roboto-Bold.ttf' (160K)
[2018.10.12-00.04.26:459][  0]LogSlate: Took 0.000194 seconds to synchronously load lazily loaded font '../../../Engine/Content/Editor/Slate/Fonts/FontAwesome.ttf' (139K)
[2018.10.12-00.04.26:556][  0]LogRenderer: Reallocating scene render targets to support 1208x580 Format 10 NumSamples 1 (Frame:1).
[2018.10.12-00.04.26:837][  0]LogContentBrowser: Native class hierarchy updated for 'HierarchicalLODOutliner' in 0.0002 seconds. Added 0 classes and 0 folders.
[2018.10.12-00.04.26:837][  0]LogLoad: (Engine Initialization) Total time: 9.09 seconds
[2018.10.12-00.04.26:837][  0]LogLoad: (Engine Initialization) Total Blueprint compile time: 0.00 seconds
[2018.10.12-00.04.26:848][  0]LogWindowsTextInputMethodSystem: Display: IME system now deactivated.
[2018.10.12-00.04.26:883][  0]LogContentStreaming: Texture pool size now 1000 MB
[2018.10.12-00.04.26:886][  0]LogSlate: FSceneViewport::OnFocusLost() reason 2
[2018.10.12-00.04.26:925][  1]LogFileCache: Retrieving MD5 hashes for directory 'C:/Users/myles/Documents/item name generator/Studio2Project/Studio2ProjectT3/Content/' took 0.06s
[2018.10.12-00.04.30:921][399]LogSlate: Took 0.000214 seconds to synchronously load lazily loaded font '../../../Engine/Content/Slate/Fonts/Roboto-Light.ttf' (167K)
[2018.10.12-00.04.40:387][390]LogAssetRegistry: Asset discovery search completed in 18.6071 seconds
[2018.10.12-00.04.40:393][390]LogCollectionManager: Rebuilt the object cache for 0 collections in 0.000000 seconds (found 0 objects)
[2018.10.12-00.04.40:393][390]LogCollectionManager: Fixed up redirectors for 0 collections in 0.000165 seconds (updated 0 objects)
[2018.10.12-00.04.43:569][754]LogSlate: Window 'Message Log' being destroyed
[2018.10.12-00.04.43:576][754]LogSlate: Window 'Message Log' being destroyed
[2018.10.12-00.04.45:753][ 11]LogSlate: FSceneViewport::OnFocusLost() reason 0
[2018.10.12-00.05.02:507][773]LogSlate: Window 'New Level' being destroyed
[2018.10.12-00.05.02:523][773]Cmd: MAP LOAD FILE="../../../Engine/Content/Maps/Templates/Template_Default.umap" TEMPLATE=1 SHOWPROGRESS=1 FEATURELEVEL=3
[2018.10.12-00.05.02:535][773]LogSlate: Took 0.000734 seconds to synchronously load lazily loaded font '../../../Engine/Content/Slate/Fonts/Roboto-Light.ttf' (167K)
[2018.10.12-00.05.02:574][773]LightingResults: New page: Lighting Build
[2018.10.12-00.05.02:575][773]LoadErrors: New page: Loading map: Template_Default.umap
[2018.10.12-00.05.02:578][773]MapCheck: New page: Map Check
[2018.10.12-00.05.02:578][773]LightingResults: New page: Lighting Build
[2018.10.12-00.05.02:637][773]LogAIModule: Creating AISystem for world Untitled_1
[2018.10.12-00.05.02:649][773]LogEditorServer: Finished looking for orphan Actors (0.000 secs)
[2018.10.12-00.05.02:678][773]Cmd: MAP CHECKDEP NOCLEARLOG
[2018.10.12-00.05.02:747][773]MapCheck: Map check complete: 0 Error(s), 0 Warning(s), took 68.805ms to complete.
[2018.10.12-00.05.02:747][773]LogFileHelpers: Loading map 'Template_Default' took 0.226
[2018.10.12-00.05.58:044][367]LogActorFactory: Actor Factory created Cube
[2018.10.12-00.06.00:082][604]LogActorFactory: Actor Factory created Cube
[2018.10.12-00.06.01:583][763]LogSlate: FSceneViewport::OnFocusLost() reason 0
[2018.10.12-00.06.01:882][796]LogActorFactory: Actor Factory created Cube
[2018.10.12-00.06.03:135][913]LogActorFactory: Actor Factory created Cube
[2018.10.12-00.06.07:298][386]LogEditorViewport: Clicking on Actor (LMB): StaticMeshActor (Floor)
[2018.10.12-00.06.08:045][464]LogEditorViewport: Clicking on Actor (LMB): StaticMeshActor (Cube)
[2018.10.12-00.06.14:195][161]LogEditorViewport: Clicking on Actor (LMB): BP_Sky_Sphere_C (Sky Sphere)
[2018.10.12-00.06.21:791][ 24]LogSlate: FSceneViewport::OnFocusLost() reason 0
[2018.10.12-00.06.37:016][692]LogSlate: FSceneViewport::OnFocusLost() reason 0
[2018.10.12-00.06.59:988][284]LogSlate: FSceneViewport::OnFocusLost() reason 0
[2018.10.12-00.07.29:122][631]LogEditorViewport: Clicking on Actor (context menu): StaticMeshActor (Floor)
[2018.10.12-00.07.29:167][631]LogSlate: FSceneViewport::OnFocusLost() reason 2
[2018.10.12-00.07.30:460][773]LogEditorViewport: Clicking on Actor (LMB): BP_Sky_Sphere_C (Sky Sphere)
[2018.10.12-00.07.41:903][ 61]LogEditorViewport: Clicking on Actor (context menu): BP_Sky_Sphere_C (Sky Sphere)
[2018.10.12-00.07.41:924][ 61]LogSlate: FSceneViewport::OnFocusLost() reason 2
[2018.10.12-00.07.43:826][269]LogEditorViewport: Clicking on Actor (LMB): BP_Sky_Sphere_C (Sky Sphere)
[2018.10.12-00.15.01:207][260]LogSavePackage: Moving '../../../../../../Users/myles/Documents/item name generator/Studio2Project/Studio2ProjectT3/Saved/Untitled_1_Auto1AD45EA964E4E85180082B092A914F9F7.tmp' to '../../../../../../Users/myles/Documents/item name generator/Studio2Project/Studio2ProjectT3/Saved/Autosaves/Temp/Untitled_1_Auto1.umap'
[2018.10.12-00.15.01:211][260]LogFileHelpers: Editor autosave (incl. sublevels) for '/Temp/Untitled_1' took 0.068
[2018.10.12-00.15.01:211][260]LogFileHelpers: Editor autosave (incl. sublevels) for all levels took 0.068
[2018.10.12-03.22.54:409][671]LogHttp: Warning: 000001CC32085440: request failed, libcurl error: 6 (Couldn't resolve host name)
[2018.10.12-03.22.54:410][671]LogHttp: Warning: 000001CC32085440: libcurl info message cache 0 (Connection 7 seems to be dead!)
[2018.10.12-03.22.54:410][671]LogHttp: Warning: 000001CC32085440: libcurl info message cache 1 (Closing connection 7)
[2018.10.12-03.22.54:410][671]LogHttp: Warning: 000001CC32085440: libcurl info message cache 2 (Could not resolve host: datarouter.ol.epicgames.com)
[2018.10.12-03.22.54:410][671]LogHttp: Warning: 000001CC32085440: libcurl info message cache 3 (Closing connection 8)
[2018.10.17-12.11.54:339][680]LogHttp: Warning: 000001CC32084180: request failed, libcurl error: 6 (Couldn't resolve host name)
[2018.10.17-12.11.54:339][680]LogHttp: Warning: 000001CC32084180: libcurl info message cache 0 (Could not resolve host: datarouter.ol.epicgames.com)
[2018.10.17-12.11.54:339][680]LogHttp: Warning: 000001CC32084180: libcurl info message cache 1 (Closing connection 9)
[2018.10.17-12.12.57:900][ 48]LogEditorViewport: Clicking on Actor (LMB): StaticMeshActor (Floor)
[2018.10.17-13.11.10:187][ 11]LogSlate: FSceneViewport::OnFocusLost() reason 2
[2018.10.17-13.11.11:863][106]MapCheck: New page: Map Check
[2018.10.17-13.11.11:884][106]LogSlate: FSceneViewport::OnFocusLost() reason 2
[2018.10.17-13.11.11:910][106]LightingResults: New page: Lighting Build - 18 Oct 2018 11:11:11 am
[2018.10.17-13.11.12:197][106]LogSwarmInterface: [OpenConnection] Registering TCP channel ...
[2018.10.17-13.11.12:648][106]LogSwarmInterface: [OpenConnection] Connecting to agent ...
[2018.10.17-13.11.12:738][106]LogSwarmInterface: [TryOpenConnection] Testing the Agent
[2018.10.17-13.11.14:324][106]LogSwarmInterface: [TryOpenConnection] Opening Connection to Agent
[2018.10.17-13.11.14:325][106]LogSwarmInterface: [TryOpenConnection] Local Process ID is 3532
[2018.10.17-13.11.19:919][106]LogStaticLightingSystem: Warning: No importance volume found, so the scene bounding box was used.  You can optimize your scene's quality and lighting build times by adding importance volumes.
[2018.10.17-13.11.19:921][106]LogStaticLightingSystem: Running Lightmass w/ ImmediateImport mode ENABLED
[2018.10.17-13.11.19:921][106]LogStaticLightingSystem: Running Lightmass w/ ImmediateProcess mode ENABLED
[2018.10.17-13.11.19:921][106]LogStaticLightingSystem: Running Lightmass w/ Sorting mode ENABLED
[2018.10.17-13.11.19:921][106]LogStaticLightingSystem: Running Lightmass w/ Mapping paddings ENABLED
[2018.10.17-13.11.19:921][106]LogStaticLightingSystem: Running Lightmass w/ Mapping debug paddings DISABLED
[2018.10.17-13.11.20:368][106]LogEditorBuildUtils: Build time 0:08
[2018.10.17-13.11.20:392][106]LogMaterial: Display: Missing cached shader map for material FLightmassMaterialRenderer DefaultMaterial, compiling. 
[2018.10.17-13.11.20:441][106]LogMaterial: Display: Missing cached shader map for material FLightmassMaterialRenderer DefaultMaterial, compiling. 
[2018.10.17-13.11.20:481][107]LogMaterial: Display: Missing cached shader map for material FLightmassMaterialRenderer MaterialInstanceDynamic_0, compiling. 
[2018.10.17-13.11.20:497][107]LogMaterial: Display: Missing cached shader map for material FLightmassMaterialRenderer MaterialInstanceDynamic_0, compiling. 
[2018.10.17-13.11.32:075][186]Job is a success!
[2018.10.17-13.11.32:118][187]LogSlate: FSceneViewport::OnFocusLost() reason 2
[2018.10.17-13.11.32:173][187]LogVolumetricLightmapImport: Imported Volumetric Lightmap in 0.014s
[2018.10.17-13.11.32:173][187]LogVolumetricLightmapImport:      Indirection Texture 16x16x16 = 0.0Mb
[2018.10.17-13.11.32:173][187]LogVolumetricLightmapImport:      BrickData 30x5x5 = 0.0Mb
[2018.10.17-13.11.32:173][187]LogVolumetricLightmapImport:      Bricks at Level
[2018.10.17-13.11.32:173][187]LogVolumetricLightmapImport:          0: 16.7% covering 100.0% of volume
[2018.10.17-13.11.32:173][187]LogVolumetricLightmapImport:          1: 16.7% covering 1.6% of volume
[2018.10.17-13.11.32:173][187]LogVolumetricLightmapImport:          2: 66.7% covering 0.1% of volume
[2018.10.17-13.11.32:293][187]LogTexture: Display: Building textures: HQ_Lightmap0_1 (AutoDXT, 256X256)
[2018.10.17-13.11.32:293][187]LogTexture: Display: Building textures: HQ_Lightmap0_2 (AutoDXT, 64X64)
[2018.10.17-13.11.32:293][187]LogTexture: Display: Building textures: LQ_Lightmap_0_1 (DXT1, 256X256)
[2018.10.17-13.11.32:293][187]LogTexture: Display: Building textures: LQ_Lightmap_0_2 (DXT1, 64X64)
[2018.10.17-13.11.32:293][187]LogTexture: Display: Building textures: ShadowMapTexture2D_1 (G8, 32X32)
[2018.10.17-13.11.32:293][187]LogTexture: Display: Building textures: ShadowMapTexture2D_0 (G8, 256X128)
[2018.10.17-13.11.32:371][187]Lightmass on DESKTOP-FMC2008: 1.67 sec total, 317 ms importing, 35 ms setup, 411 ms photons, 850 ms processing, 0 ms extra exporting [4/4 mappings]. Threads: 5.79 sec total, 567 ms processing.
[2018.10.17-13.11.32:434][187]LogStaticLightingSystem: Illumination: 20.4 sec (66 ms encoding lightmaps, 32 ms encoding shadowmaps)
[2018.10.17-13.11.32:434][187]LogStaticLightingSystem: Lightmap texture memory:  0.1 MB (0.1 MB streaming, 0.0 MB non-streaming), 4 textures
[2018.10.17-13.11.32:434][187]LogStaticLightingSystem: Shadowmap texture memory: 0.0 MB (0.0 MB streaming, 0.0 MB non-streaming), 2 textures
[2018.10.17-13.11.32:934][187]DumpUnbuiltLightIteractions
[2018.10.17-13.11.32:934][187]Lights with unbuilt interactions: 0
[2018.10.17-13.11.32:934][187]
[2018.10.17-13.11.32:934][187]Primitives with unbuilt interactions: 0
[2018.10.17-13.11.32:945][187]LogSlate: FSceneViewport::OnFocusLost() reason 2
[2018.10.17-13.11.33:163][188]Cmd: MAP CHECK NOTIFYRESULTS
[2018.10.17-13.11.33:164][188]MapCheck: New page: Untitled_1 - 18 Oct 2018 11:11:33 am
[2018.10.17-13.11.36:520][188]MapCheck: Map check complete: 0 Error(s), 0 Warning(s), took 3,355.982ms to complete.
[2018.10.17-13.11.45:932][741]LogSlate: FSceneViewport::OnFocusLost() reason 2
[2018.10.17-13.11.46:112][741]LogSavePackage: Moving '../../../../../../Users/myles/Documents/item name generator/Studio2Project/Studio2ProjectT3/Saved/Untitled_1_Auto2504B9438469CBFD03F40B6B1338AAD59.tmp' to '../../../../../../Users/myles/Documents/item name generator/Studio2Project/Studio2ProjectT3/Saved/Autosaves/Temp/Untitled_1_Auto2.umap'
[2018.10.17-13.11.46:127][741]LogFileHelpers: Editor autosave (incl. sublevels) for '/Temp/Untitled_1' took 0.134
[2018.10.17-13.11.46:127][741]LogFileHelpers: Editor autosave (incl. sublevels) for all levels took 0.134
[2018.10.17-13.13.11:470][830]LogSlate: Took 0.013028 seconds to synchronously load lazily loaded font '../../../Engine/Content/Slate/Fonts/Roboto-Italic.ttf' (157K)
[2018.10.17-13.13.12:432][887]LogSlate: FSceneViewport::OnFocusLost() reason 0
[2018.10.17-13.13.15:416][ 52]LogEditorViewport: Clicking on Actor (LMB): StaticMeshActor (Floor)
[2018.10.17-13.13.51:585][201]LogSlate: FSceneViewport::OnFocusLost() reason 0
[2018.10.17-13.14.21:580][989]LogSlate: FSceneViewport::OnFocusLost() reason 2
[2018.10.17-13.15.14:466][511]LogSlate: Window 'Save Level As' being destroyed
[2018.10.17-13.15.14:769][511]LogSlate: FSceneViewport::OnFocusLost() reason 2
[2018.10.17-13.15.14:960][511]LogSavePackage: Moving '../../../../../../Users/myles/Documents/item name generator/Studio2Project/Studio2ProjectT3/Saved/Myles_Test_SceneB0EF34054699E37127442CACDA3500FF.tmp' to '../../../../../../Users/myles/Documents/item name generator/Studio2Project/Studio2ProjectT3/Content/Maps/Myles_Test_Scene.umap'
[2018.10.17-13.15.15:074][511]LogSavePackage: Moving '../../../../../../Users/myles/Documents/item name generator/Studio2Project/Studio2ProjectT3/Saved/Myles_Test_Scene_BuiltDataDE6EC57F4B249C259375B798D2EF20EF.tmp' to '../../../../../../Users/myles/Documents/item name generator/Studio2Project/Studio2ProjectT3/Content/Maps/Myles_Test_Scene_BuiltData.uasset'
[2018.10.17-13.15.15:087][511]LogFileHelpers: Saving map 'Myles_Test_Scene' took 0.598
[2018.10.17-13.15.25:457][125]LogSlate: FSceneViewport::OnFocusLost() reason 0
[2018.10.17-13.15.36:139][628]LogSlate: Window 'Pick Parent Class' being destroyed
[2018.10.17-13.15.49:581][413]LogAssetEditorManager: Opening Asset editor for Blueprint /Game/_BluePrints/BP_Hunter1.BP_Hunter1
[2018.10.17-13.15.50:816][413]LogContentBrowser: Native class hierarchy updated for 'BlueprintGraph' in 0.0011 seconds. Added 116 classes and 0 folders.
[2018.10.17-13.15.55:071][512]LogRenderer: Reallocating scene render targets to support 1208x720 Format 10 NumSamples 1 (Frame:95).
[2018.10.17-13.15.55:389][531]LogSlate: Window 'BP_Hunter1*' being destroyed
[2018.10.17-13.16.03:542][992]LogSlate: Took 0.013494 seconds to synchronously load lazily loaded font '../../../Engine/Content/Slate/Fonts/Roboto-BoldCondensed.ttf' (158K)
[2018.10.17-13.16.11:622][459]BlueprintLog: New page: Compile BP_Hunter1
[2018.10.17-13.16.59:016][210]LogAssetEditorManager: Opening Asset editor for LevelScriptBlueprint /Game/Maps/Myles_Test_Scene.Myles_Test_Scene:PersistentLevel.Myles_Test_Scene
[2018.10.17-13.17.12:395][923]LogSlate: FSceneViewport::OnFocusLost() reason 0
[2018.10.17-13.18.34:357][747]LogSlate: FSceneViewport::OnFocusLost() reason 0
[2018.10.17-13.19.21:732][536]LogSelectionDetails: Warning: NavigateToFunctionSource:  Unable to find symbols for 'UAIBlueprintHelperLibrary::SimpleMoveToActor' [Element not found.]
[2018.10.17-13.20.26:230][296]BlueprintLog: New page: Compile Myles_Test_Scene
[2018.10.17-13.20.28:127][399]LogTemp: Repeating last play command: Selected Viewport
[2018.10.17-13.20.28:175][399]LogBlueprintUserMessages: Early PlayInEditor Detection: Level '/Game/Maps/Myles_Test_Scene.Myles_Test_Scene:PersistentLevel' has LevelScriptBlueprint '/Game/Maps/Myles_Test_Scene.Myles_Test_Scene:PersistentLevel.Myles_Test_Scene' with GeneratedClass '/Game/Maps/Myles_Test_Scene.Myles_Test_Scene_C' with ClassGeneratedBy '/Game/Maps/Myles_Test_Scene.Myles_Test_Scene:PersistentLevel.Myles_Test_Scene'
[2018.10.17-13.20.28:177][399]LogPlayLevel: PlayLevel: No blueprints needed recompiling
[2018.10.17-13.20.28:199][399]PIE: New page: PIE session: Myles_Test_Scene (18 Oct 2018 11:20:28 am)
[2018.10.17-13.20.28:199][399]LogPlayLevel: Creating play world package: /Game/Maps/UEDPIE_0_Myles_Test_Scene
[2018.10.17-13.20.28:214][399]LogPlayLevel: PIE: StaticDuplicateObject took: (0.013734s)
[2018.10.17-13.20.28:215][399]LogAIModule: Creating AISystem for world Myles_Test_Scene
[2018.10.17-13.20.28:217][399]LogPlayLevel: PIE: World Init took: (0.002875s)
[2018.10.17-13.20.28:217][399]LogPlayLevel: PIE: Created PIE world by copying editor world from /Game/Maps/Myles_Test_Scene.Myles_Test_Scene to /Game/Maps/UEDPIE_0_Myles_Test_Scene.Myles_Test_Scene (0.017365s)
[2018.10.17-13.20.28:273][399]LogInit: XAudio2 using 'Speakers (Realtek High Definition Audio)' : 2 channels at 48 kHz using 32 bits per sample (channel mask 0x3)
[2018.10.17-13.20.28:309][399]LogInit: FAudioDevice initialized.
[2018.10.17-13.20.28:362][399]LogLoad: Game class is 'FirstPersonGameMode_C'
[2018.10.17-13.20.28:375][399]LogWorld: Bringing World /Game/Maps/UEDPIE_0_Myles_Test_Scene.Myles_Test_Scene up for play (max tick rate 60) at 2018.10.18-00.20.28
[2018.10.17-13.20.28:378][399]LogWorld: Bringing up level for play took: 0.003838
[2018.10.17-13.20.28:491][399]LogContentBrowser: Native class hierarchy updated for 'MovieSceneCapture' in 0.0008 seconds. Added 10 classes and 0 folders.
[2018.10.17-13.20.28:503][399]PIE: Play in editor start time for /Game/Maps/UEDPIE_0_Myles_Test_Scene 0.011
[2018.10.17-13.20.28:504][399]LogBlueprintUserMessages: Late PlayInEditor Detection: Level '/Game/Maps/Myles_Test_Scene.Myles_Test_Scene:PersistentLevel' has LevelScriptBlueprint '/Game/Maps/Myles_Test_Scene.Myles_Test_Scene:PersistentLevel.Myles_Test_Scene' with GeneratedClass '/Game/Maps/Myles_Test_Scene.Myles_Test_Scene_C' with ClassGeneratedBy '/Game/Maps/Myles_Test_Scene.Myles_Test_Scene:PersistentLevel.Myles_Test_Scene'
[2018.10.17-13.20.31:143][549]LogBlueprintUserMessages: Early EndPlayMap Detection: Level '/Game/Maps/Myles_Test_Scene.Myles_Test_Scene:PersistentLevel' has LevelScriptBlueprint '/Game/Maps/Myles_Test_Scene.Myles_Test_Scene:PersistentLevel.Myles_Test_Scene' with GeneratedClass '/Game/Maps/Myles_Test_Scene.Myles_Test_Scene_C' with ClassGeneratedBy '/Game/Maps/Myles_Test_Scene.Myles_Test_Scene:PersistentLevel.Myles_Test_Scene'
[2018.10.17-13.20.31:144][549]LogSlate: Updating window title bar state: overlay mode, drag disabled, window buttons hidden, title bar hidden
[2018.10.17-13.20.31:193][549]LogPlayLevel: Display: Shutting down PIE online subsystems
[2018.10.17-13.20.31:194][549]LogBlueprintUserMessages: Late EndPlayMap Detection: Level '/Game/Maps/Myles_Test_Scene.Myles_Test_Scene:PersistentLevel' has LevelScriptBlueprint '/Game/Maps/Myles_Test_Scene.Myles_Test_Scene:PersistentLevel.Myles_Test_Scene' with GeneratedClass '/Game/Maps/Myles_Test_Scene.Myles_Test_Scene_C' with ClassGeneratedBy '/Game/Maps/Myles_Test_Scene.Myles_Test_Scene:PersistentLevel.Myles_Test_Scene'
[2018.10.17-13.20.31:250][549]LogSlate: Updating window title bar state: overlay mode, drag disabled, window buttons hidden, title bar hidden
[2018.10.17-13.20.31:278][550]LogPlayLevel: Display: Destroying online subsystem :Context_9
[2018.10.17-13.20.33:107][657]LogTemp: Repeating last play command: Selected Viewport
[2018.10.17-13.20.33:152][657]LogBlueprintUserMessages: Early PlayInEditor Detection: Level '/Game/Maps/Myles_Test_Scene.Myles_Test_Scene:PersistentLevel' has LevelScriptBlueprint '/Game/Maps/Myles_Test_Scene.Myles_Test_Scene:PersistentLevel.Myles_Test_Scene' with GeneratedClass '/Game/Maps/Myles_Test_Scene.Myles_Test_Scene_C' with ClassGeneratedBy '/Game/Maps/Myles_Test_Scene.Myles_Test_Scene:PersistentLevel.Myles_Test_Scene'
[2018.10.17-13.20.33:152][657]LogPlayLevel: PlayLevel: No blueprints needed recompiling
[2018.10.17-13.20.33:152][657]PIE: New page: PIE session: Myles_Test_Scene (18 Oct 2018 11:20:33 am)
[2018.10.17-13.20.33:152][657]LogPlayLevel: Creating play world package: /Game/Maps/UEDPIE_0_Myles_Test_Scene
[2018.10.17-13.20.33:157][657]LogPlayLevel: PIE: StaticDuplicateObject took: (0.005085s)
[2018.10.17-13.20.33:159][657]LogAIModule: Creating AISystem for world Myles_Test_Scene
[2018.10.17-13.20.33:159][657]LogPlayLevel: PIE: World Init took: (0.001505s)
[2018.10.17-13.20.33:159][657]LogPlayLevel: PIE: Created PIE world by copying editor world from /Game/Maps/Myles_Test_Scene.Myles_Test_Scene to /Game/Maps/UEDPIE_0_Myles_Test_Scene.Myles_Test_Scene (0.006851s)
[2018.10.17-13.20.33:226][657]LogInit: XAudio2 using 'Speakers (Realtek High Definition Audio)' : 2 channels at 48 kHz using 32 bits per sample (channel mask 0x3)
[2018.10.17-13.20.33:259][657]LogInit: FAudioDevice initialized.
[2018.10.17-13.20.33:296][657]LogLoad: Game class is 'FirstPersonGameMode_C'
[2018.10.17-13.20.33:298][657]LogWorld: Bringing World /Game/Maps/UEDPIE_0_Myles_Test_Scene.Myles_Test_Scene up for play (max tick rate 60) at 2018.10.18-00.20.33
[2018.10.17-13.20.33:298][657]LogWorld: Bringing up level for play took: 0.001120
[2018.10.17-13.20.33:315][657]PIE: Play in editor start time for /Game/Maps/UEDPIE_0_Myles_Test_Scene 0.821
[2018.10.17-13.20.33:315][657]LogBlueprintUserMessages: Late PlayInEditor Detection: Level '/Game/Maps/Myles_Test_Scene.Myles_Test_Scene:PersistentLevel' has LevelScriptBlueprint '/Game/Maps/Myles_Test_Scene.Myles_Test_Scene:PersistentLevel.Myles_Test_Scene' with GeneratedClass '/Game/Maps/Myles_Test_Scene.Myles_Test_Scene_C' with ClassGeneratedBy '/Game/Maps/Myles_Test_Scene.Myles_Test_Scene:PersistentLevel.Myles_Test_Scene'
[2018.10.17-13.20.35:237][763]LogBlueprintUserMessages: Early EndPlayMap Detection: Level '/Game/Maps/Myles_Test_Scene.Myles_Test_Scene:PersistentLevel' has LevelScriptBlueprint '/Game/Maps/Myles_Test_Scene.Myles_Test_Scene:PersistentLevel.Myles_Test_Scene' with GeneratedClass '/Game/Maps/Myles_Test_Scene.Myles_Test_Scene_C' with ClassGeneratedBy '/Game/Maps/Myles_Test_Scene.Myles_Test_Scene:PersistentLevel.Myles_Test_Scene'
[2018.10.17-13.20.35:238][763]LogSlate: Updating window title bar state: overlay mode, drag disabled, window buttons hidden, title bar hidden
[2018.10.17-13.20.35:293][763]LogPlayLevel: Display: Shutting down PIE online subsystems
[2018.10.17-13.20.35:294][763]LogBlueprintUserMessages: Late EndPlayMap Detection: Level '/Game/Maps/Myles_Test_Scene.Myles_Test_Scene:PersistentLevel' has LevelScriptBlueprint '/Game/Maps/Myles_Test_Scene.Myles_Test_Scene:PersistentLevel.Myles_Test_Scene' with GeneratedClass '/Game/Maps/Myles_Test_Scene.Myles_Test_Scene_C' with ClassGeneratedBy '/Game/Maps/Myles_Test_Scene.Myles_Test_Scene:PersistentLevel.Myles_Test_Scene'
[2018.10.17-13.20.35:374][763]LogSlate: Updating window title bar state: overlay mode, drag disabled, window buttons hidden, title bar hidden
[2018.10.17-13.20.35:409][764]LogPlayLevel: Display: Destroying online subsystem :Context_10
[2018.10.17-13.20.56:661][ 32]LogSlate: FSceneViewport::OnFocusLost() reason 0
[2018.10.17-13.21.23:883][611]LogEditorViewport: Clicking on Actor (LMB): StaticMeshActor (Floor)
[2018.10.17-13.21.25:555][709]LogSlate: FSceneViewport::OnFocusLost() reason 0
[2018.10.17-13.21.44:809][848]LogSlate: FSceneViewport::OnFocusLost() reason 0
[2018.10.17-13.21.44:908][854]LogTemp: Repeating last play command: Selected Viewport
[2018.10.17-13.21.44:947][854]LogBlueprintUserMessages: Early PlayInEditor Detection: Level '/Game/Maps/Myles_Test_Scene.Myles_Test_Scene:PersistentLevel' has LevelScriptBlueprint '/Game/Maps/Myles_Test_Scene.Myles_Test_Scene:PersistentLevel.Myles_Test_Scene' with GeneratedClass '/Game/Maps/Myles_Test_Scene.Myles_Test_Scene_C' with ClassGeneratedBy '/Game/Maps/Myles_Test_Scene.Myles_Test_Scene:PersistentLevel.Myles_Test_Scene'
[2018.10.17-13.21.44:947][854]LogPlayLevel: PlayLevel: No blueprints needed recompiling
[2018.10.17-13.21.44:948][854]PIE: New page: PIE session: Myles_Test_Scene (18 Oct 2018 11:21:44 am)
[2018.10.17-13.21.44:948][854]LogPlayLevel: Creating play world package: /Game/Maps/UEDPIE_0_Myles_Test_Scene
[2018.10.17-13.21.44:958][854]LogPlayLevel: PIE: StaticDuplicateObject took: (0.009687s)
[2018.10.17-13.21.44:960][854]LogAIModule: Creating AISystem for world Myles_Test_Scene
[2018.10.17-13.21.44:961][854]LogPlayLevel: PIE: World Init took: (0.001970s)
[2018.10.17-13.21.44:961][854]LogPlayLevel: PIE: Created PIE world by copying editor world from /Game/Maps/Myles_Test_Scene.Myles_Test_Scene to /Game/Maps/UEDPIE_0_Myles_Test_Scene.Myles_Test_Scene (0.012151s)
[2018.10.17-13.21.45:027][854]LogInit: XAudio2 using 'Speakers (Realtek High Definition Audio)' : 2 channels at 48 kHz using 32 bits per sample (channel mask 0x3)
[2018.10.17-13.21.45:063][854]LogInit: FAudioDevice initialized.
[2018.10.17-13.21.45:099][854]LogLoad: Game class is 'FirstPersonGameMode_C'
[2018.10.17-13.21.45:102][854]LogWorld: Bringing World /Game/Maps/UEDPIE_0_Myles_Test_Scene.Myles_Test_Scene up for play (max tick rate 60) at 2018.10.18-00.21.45
[2018.10.17-13.21.45:102][854]LogWorld: Bringing up level for play took: 0.001163
[2018.10.17-13.21.45:118][854]PIE: Play in editor start time for /Game/Maps/UEDPIE_0_Myles_Test_Scene 0.625
[2018.10.17-13.21.45:118][854]LogBlueprintUserMessages: Late PlayInEditor Detection: Level '/Game/Maps/Myles_Test_Scene.Myles_Test_Scene:PersistentLevel' has LevelScriptBlueprint '/Game/Maps/Myles_Test_Scene.Myles_Test_Scene:PersistentLevel.Myles_Test_Scene' with GeneratedClass '/Game/Maps/Myles_Test_Scene.Myles_Test_Scene_C' with ClassGeneratedBy '/Game/Maps/Myles_Test_Scene.Myles_Test_Scene:PersistentLevel.Myles_Test_Scene'
[2018.10.17-13.21.50:077][144]LogNavigation: Warning: UNavigationSystemV1::SimpleMoveToActor called for NavSys:None Controller:None controlling Pawn:NULL with goal actor TargetPoint_1 (if any of these is None then there's your problem
[2018.10.17-13.21.50:859][191]LogNavigation: Warning: UNavigationSystemV1::SimpleMoveToActor called for NavSys:None Controller:None controlling Pawn:NULL with goal actor TargetPoint_1 (if any of these is None then there's your problem
[2018.10.17-13.21.51:859][251]LogNavigation: Warning: UNavigationSystemV1::SimpleMoveToActor called for NavSys:None Controller:None controlling Pawn:NULL with goal actor TargetPoint_1 (if any of these is None then there's your problem
[2018.10.17-13.21.53:909][374]LogNavigation: Warning: UNavigationSystemV1::SimpleMoveToActor called for NavSys:None Controller:None controlling Pawn:NULL with goal actor TargetPoint_1 (if any of these is None then there's your problem
[2018.10.17-13.21.55:159][449]LogNavigation: Warning: UNavigationSystemV1::SimpleMoveToActor called for NavSys:None Controller:None controlling Pawn:NULL with goal actor TargetPoint_1 (if any of these is None then there's your problem
[2018.10.17-13.21.55:343][460]LogNavigation: Warning: UNavigationSystemV1::SimpleMoveToActor called for NavSys:None Controller:None controlling Pawn:NULL with goal actor TargetPoint_1 (if any of these is None then there's your problem
[2018.10.17-13.21.55:510][470]LogNavigation: Warning: UNavigationSystemV1::SimpleMoveToActor called for NavSys:None Controller:None controlling Pawn:NULL with goal actor TargetPoint_1 (if any of these is None then there's your problem
[2018.10.17-13.21.57:994][619]LogNavigation: Warning: UNavigationSystemV1::SimpleMoveToActor called for NavSys:None Controller:None controlling Pawn:NULL with goal actor TargetPoint_1 (if any of these is None then there's your problem
[2018.10.17-13.21.58:276][636]LogNavigation: Warning: UNavigationSystemV1::SimpleMoveToActor called for NavSys:None Controller:None controlling Pawn:NULL with goal actor TargetPoint_1 (if any of these is None then there's your problem
[2018.10.17-13.21.59:812][728]LogBlueprintUserMessages: Early EndPlayMap Detection: Level '/Game/Maps/Myles_Test_Scene.Myles_Test_Scene:PersistentLevel' has LevelScriptBlueprint '/Game/Maps/Myles_Test_Scene.Myles_Test_Scene:PersistentLevel.Myles_Test_Scene' with GeneratedClass '/Game/Maps/Myles_Test_Scene.Myles_Test_Scene_C' with ClassGeneratedBy '/Game/Maps/Myles_Test_Scene.Myles_Test_Scene:PersistentLevel.Myles_Test_Scene'
[2018.10.17-13.21.59:813][728]LogSlate: Updating window title bar state: overlay mode, drag disabled, window buttons hidden, title bar hidden
[2018.10.17-13.21.59:856][728]LogPlayLevel: Display: Shutting down PIE online subsystems
[2018.10.17-13.21.59:856][728]LogBlueprintUserMessages: Late EndPlayMap Detection: Level '/Game/Maps/Myles_Test_Scene.Myles_Test_Scene:PersistentLevel' has LevelScriptBlueprint '/Game/Maps/Myles_Test_Scene.Myles_Test_Scene:PersistentLevel.Myles_Test_Scene' with GeneratedClass '/Game/Maps/Myles_Test_Scene.Myles_Test_Scene_C' with ClassGeneratedBy '/Game/Maps/Myles_Test_Scene.Myles_Test_Scene:PersistentLevel.Myles_Test_Scene'
[2018.10.17-13.21.59:919][728]LogSlate: Updating window title bar state: overlay mode, drag disabled, window buttons hidden, title bar hidden
[2018.10.17-13.21.59:986][729]LogPlayLevel: Display: Destroying online subsystem :Context_11
[2018.10.17-13.22.42:246][261]LogSlate: FSceneViewport::OnFocusLost() reason 2
[2018.10.17-13.22.42:679][261]LogSavePackage: Moving '../../../../../../Users/myles/Documents/item name generator/Studio2Project/Studio2ProjectT3/Saved/Myles_Test_SceneD970868E475AA4ADD3C475B9F0EA0A64.tmp' to '../../../../../../Users/myles/Documents/item name generator/Studio2Project/Studio2ProjectT3/Content/Maps/Myles_Test_Scene.umap'
[2018.10.17-13.22.42:815][261]LogSavePackage: Moving '../../../../../../Users/myles/Documents/item name generator/Studio2Project/Studio2ProjectT3/Saved/Myles_Test_Scene_BuiltDataB075365A4955DE5A65453EAAFC783E74.tmp' to '../../../../../../Users/myles/Documents/item name generator/Studio2Project/Studio2ProjectT3/Content/Maps/Myles_Test_Scene_BuiltData.uasset'
[2018.10.17-14.12.49:268][565]LogFileHelpers: Editor autosave (incl. sublevels) for '/Game/Maps/Myles_Test_Scene' took 0.139
[2018.10.17-14.12.49:271][565]OBJ SavePackage: Generating thumbnails for [1] asset(s) in package [/Game/_BluePrints/BP_Hunter1] ([1] browsable assets)...
[2018.10.17-14.12.49:308][565]OBJ SavePackage:     Rendered thumbnail for [Blueprint /Game/_BluePrints/BP_Hunter1.BP_Hunter1]
[2018.10.17-14.12.49:308][565]OBJ SavePackage: Finished generating thumbnails for package [/Game/_BluePrints/BP_Hunter1]
[2018.10.17-14.12.49:389][565]LogSavePackage: Moving '../../../../../../Users/myles/Documents/item name generator/Studio2Project/Studio2ProjectT3/Saved/BP_Hunter1_Auto32F96D479456EE92A2AAEC595B00D9B3A.tmp' to '../../../../../../Users/myles/Documents/item name generator/Studio2Project/Studio2ProjectT3/Saved/Autosaves/Game/_BluePrints/BP_Hunter1_Auto3.uasset'
[2018.10.17-14.12.49:393][565]LogFileHelpers: Auto-saving content packages took 0.124
[2018.10.17-14.18.19:240][ 50]LogD3D11RHI: Timed out while waiting for GPU to catch up. (0.5 s)
[2018.10.17-14.18.34:065][272]LogD3D11RHI: Timed out while waiting for GPU to catch up. (0.5 s)
[2018.10.17-14.24.10:037][989]LogD3D11RHI: Timed out while waiting for GPU to catch up. (0.5 s)
[2018.10.17-14.24.47:503][323]LogD3D11RHI: Timed out while waiting for GPU to catch up. (0.5 s)
[2018.10.17-14.24.59:775][514]LogD3D11RHI: Timed out while waiting for GPU to catch up. (0.5 s)
[2018.10.17-14.25.47:194][ 46]LogD3D11RHI: Timed out while waiting for GPU to catch up. (0.5 s)
[2018.10.17-14.25.59:501][195]LogD3D11RHI: Timed out while waiting for GPU to catch up. (0.5 s)
[2018.10.17-14.26.32:331][488]LogD3D11RHI: Timed out while waiting for GPU to catch up. (0.5 s)
[2018.10.17-14.26.34:380][539]LogD3D11RHI: Timed out while waiting for GPU to catch up. (0.5 s)
[2018.10.17-14.27.19:330][986]LogD3D11RHI: Timed out while waiting for GPU to catch up. (0.5 s)
[2018.10.17-14.27.49:193][297]LogD3D11RHI: Timed out while waiting for GPU to catch up. (0.5 s)
[2018.10.17-14.28.47:240][813]LogD3D11RHI: Timed out while waiting for GPU to catch up. (0.5 s)
[2018.10.17-14.29.17:095][105]LogD3D11RHI: Timed out while waiting for GPU to catch up. (0.5 s)
[2018.10.17-14.29.32:438][250]LogD3D11RHI: Timed out while waiting for GPU to catch up. (0.5 s)
[2018.10.17-14.29.34:492][289]LogD3D11RHI: Timed out while waiting for GPU to catch up. (0.5 s)
[2018.10.17-14.30.04:129][619]LogD3D11RHI: Timed out while waiting for GPU to catch up. (0.5 s)
[2018.10.17-14.30.17:458][778]LogD3D11RHI: Timed out while waiting for GPU to catch up. (0.5 s)
[2018.10.17-14.30.21:552][873]LogD3D11RHI: Timed out while waiting for GPU to catch up. (0.5 s)
[2018.10.17-14.31.02:112][281]LogD3D11RHI: Timed out while waiting for GPU to catch up. (0.5 s)
[2018.10.17-14.31.34:378][600]LogD3D11RHI: Timed out while waiting for GPU to catch up. (0.5 s)
[2018.10.17-14.31.49:208][737]LogD3D11RHI: Timed out while waiting for GPU to catch up. (0.5 s)
[2018.10.17-14.32.17:439][ 14]LogD3D11RHI: Timed out while waiting for GPU to catch up. (0.5 s)
[2018.10.17-14.32.34:317][191]LogD3D11RHI: Timed out while waiting for GPU to catch up. (0.5 s)
[2018.10.17-14.33.04:164][509]LogD3D11RHI: Timed out while waiting for GPU to catch up. (0.5 s)
[2018.10.17-14.33.47:127][890]LogD3D11RHI: Timed out while waiting for GPU to catch up. (0.5 s)
[2018.10.17-14.34.00:429][ 49]LogD3D11RHI: Timed out while waiting for GPU to catch up. (0.5 s)
[2018.10.17-14.34.00:986][ 51]LogD3D11RHI: Timed out while waiting for GPU to catch up. (0.5 s)
[2018.10.17-14.34.30:616][382]LogD3D11RHI: Timed out while waiting for GPU to catch up. (0.5 s)
[2018.10.17-14.35.19:425][931]LogD3D11RHI: Timed out while waiting for GPU to catch up. (0.5 s)
[2018.10.17-14.35.34:254][ 74]LogD3D11RHI: Timed out while waiting for GPU to catch up. (0.5 s)
[2018.10.17-14.35.39:879][143]LogD3D11RHI: Timed out while waiting for GPU to catch up. (0.5 s)
[2018.10.17-14.35.40:384][144]LogD3D11RHI: Timed out while waiting for GPU to catch up. (0.5 s)
[2018.10.17-14.35.47:080][173]LogD3D11RHI: Timed out while waiting for GPU to catch up. (0.5 s)
[2018.10.17-14.36.04:457][400]LogD3D11RHI: Timed out while waiting for GPU to catch up. (0.5 s)
[2018.10.17-14.36.32:315][629]LogD3D11RHI: Timed out while waiting for GPU to catch up. (0.5 s)
[2018.10.17-14.36.34:363][680]LogD3D11RHI: Timed out while waiting for GPU to catch up. (0.5 s)
[2018.10.17-14.36.47:189][789]LogD3D11RHI: Timed out while waiting for GPU to catch up. (0.5 s)
[2018.10.17-14.37.11:256][ 87]LogD3D11RHI: Timed out while waiting for GPU to catch up. (0.5 s)
[2018.10.17-14.37.21:176][217]LogD3D11RHI: Timed out while waiting for GPU to catch up. (0.5 s)
[2018.10.17-15.12.17:255][239]LogD3D11RHI: Timed out while waiting for GPU to catch up. (0.5 s)
[2018.10.17-15.17.36:240][470]LogD3D11RHI: Timed out while waiting for GPU to catch up. (0.5 s)
[2018.10.17-15.17.38:280][479]LogD3D11RHI: Timed out while waiting for GPU to catch up. (0.5 s)
[2018.10.17-15.17.40:326][488]LogD3D11RHI: Timed out while waiting for GPU to catch up. (0.5 s)
[2018.10.17-15.17.44:984][509]LogD3D11RHI: Timed out while waiting for GPU to catch up. (0.5 s)
[2018.10.17-15.17.47:030][518]LogD3D11RHI: Timed out while waiting for GPU to catch up. (0.5 s)
[2018.10.17-15.17.55:289][577]LogD3D11RHI: Timed out while waiting for GPU to catch up. (0.5 s)
[2018.10.17-15.17.55:803][579]LogD3D11RHI: Timed out while waiting for GPU to catch up. (0.5 s)
[2018.10.17-15.17.56:318][581]LogD3D11RHI: Timed out while waiting for GPU to catch up. (0.5 s)
[2018.10.17-15.18.00:404][598]LogD3D11RHI: Timed out while waiting for GPU to catch up. (0.5 s)
[2018.10.17-15.18.04:485][643]LogD3D11RHI: Timed out while waiting for GPU to catch up. (0.5 s)
[2018.10.17-15.18.16:798][722]LogD3D11RHI: Timed out while waiting for GPU to catch up. (0.5 s)
[2018.10.17-15.18.22:460][799]LogD3D11RHI: Timed out while waiting for GPU to catch up. (0.5 s)
[2018.10.17-15.18.22:971][801]LogD3D11RHI: Timed out while waiting for GPU to catch up. (0.5 s)
[2018.10.17-15.18.28:695][828]LogD3D11RHI: Timed out while waiting for GPU to catch up. (0.5 s)
[2018.10.17-15.18.29:209][830]LogD3D11RHI: Timed out while waiting for GPU to catch up. (0.5 s)
[2018.10.17-15.18.29:725][832]LogD3D11RHI: Timed out while waiting for GPU to catch up. (0.5 s)
[2018.10.17-15.18.31:769][841]LogD3D11RHI: Timed out while waiting for GPU to catch up. (0.5 s)
[2018.10.17-15.18.32:279][843]LogD3D11RHI: Timed out while waiting for GPU to catch up. (0.5 s)
[2018.10.17-15.18.33:862][871]LogD3D11RHI: Timed out while waiting for GPU to catch up. (0.5 s)
[2018.10.17-15.18.36:407][908]LogD3D11RHI: Timed out while waiting for GPU to catch up. (0.5 s)
[2018.10.17-15.18.42:030][934]LogD3D11RHI: Timed out while waiting for GPU to catch up. (0.5 s)
[2018.10.17-15.18.53:304][ 12]LogD3D11RHI: Timed out while waiting for GPU to catch up. (0.5 s)
[2018.10.17-15.18.53:817][ 14]LogD3D11RHI: Timed out while waiting for GPU to catch up. (0.5 s)
[2018.10.17-15.18.54:330][ 16]LogD3D11RHI: Timed out while waiting for GPU to catch up. (0.5 s)
[2018.10.17-15.18.54:840][ 18]LogD3D11RHI: Timed out while waiting for GPU to catch up. (0.5 s)
[2018.10.17-15.18.55:356][ 20]LogD3D11RHI: Timed out while waiting for GPU to catch up. (0.5 s)
[2018.10.17-15.18.55:872][ 22]LogD3D11RHI: Timed out while waiting for GPU to catch up. (0.5 s)
[2018.10.17-15.19.06:192][119]LogD3D11RHI: Timed out while waiting for GPU to catch up. (0.5 s)
[2018.10.17-15.19.06:705][121]LogD3D11RHI: Timed out while waiting for GPU to catch up. (0.5 s)
[2018.10.17-15.19.07:216][123]LogD3D11RHI: Timed out while waiting for GPU to catch up. (0.5 s)
[2018.10.17-15.19.07:726][125]LogD3D11RHI: Timed out while waiting for GPU to catch up. (0.5 s)
[2018.10.17-15.19.08:241][127]LogD3D11RHI: Timed out while waiting for GPU to catch up. (0.5 s)
[2018.10.17-15.19.10:287][136]LogD3D11RHI: Timed out while waiting for GPU to catch up. (0.5 s)
[2018.10.17-15.19.15:442][183]LogD3D11RHI: Timed out while waiting for GPU to catch up. (0.5 s)
[2018.10.17-15.19.25:159][270]LogD3D11RHI: Timed out while waiting for GPU to catch up. (0.5 s)
[2018.10.17-15.19.31:801][319]LogD3D11RHI: Timed out while waiting for GPU to catch up. (0.5 s)
[2018.10.17-15.19.36:394][390]LogD3D11RHI: Timed out while waiting for GPU to catch up. (0.5 s)
[2018.10.17-15.19.41:081][415]LogD3D11RHI: Timed out while waiting for GPU to catch up. (0.5 s)
[2018.10.17-15.19.47:225][444]LogD3D11RHI: Timed out while waiting for GPU to catch up. (0.5 s)
[2018.10.17-15.19.51:849][488]LogD3D11RHI: Timed out while waiting for GPU to catch up. (0.5 s)
[2018.10.17-15.19.52:364][490]LogD3D11RHI: Timed out while waiting for GPU to catch up. (0.5 s)
[2018.10.17-15.19.53:897][495]LogD3D11RHI: Timed out while waiting for GPU to catch up. (0.5 s)
[2018.10.17-15.19.56:964][509]LogD3D11RHI: Timed out while waiting for GPU to catch up. (0.5 s)
[2018.10.17-15.19.57:474][511]LogD3D11RHI: Timed out while waiting for GPU to catch up. (0.5 s)
[2018.10.17-15.19.57:985][513]LogD3D11RHI: Timed out while waiting for GPU to catch up. (0.5 s)
[2018.10.17-15.20.00:033][522]LogD3D11RHI: Timed out while waiting for GPU to catch up. (0.5 s)
[2018.10.17-15.20.00:543][524]LogD3D11RHI: Timed out while waiting for GPU to catch up. (0.5 s)
[2018.10.17-15.20.01:056][526]LogD3D11RHI: Timed out while waiting for GPU to catch up. (0.5 s)
[2018.10.17-15.20.01:570][528]LogD3D11RHI: Timed out while waiting for GPU to catch up. (0.5 s)
[2018.10.17-15.20.06:155][595]LogD3D11RHI: Timed out while waiting for GPU to catch up. (0.5 s)
[2018.10.17-15.20.09:733][611]LogD3D11RHI: Timed out while waiting for GPU to catch up. (0.5 s)
[2018.10.17-15.20.14:333][632]LogD3D11RHI: Timed out while waiting for GPU to catch up. (0.5 s)
[2018.10.17-15.20.14:845][634]LogD3D11RHI: Timed out while waiting for GPU to catch up. (0.5 s)
[2018.10.17-15.20.16:890][643]LogD3D11RHI: Timed out while waiting for GPU to catch up. (0.5 s)
[2018.10.17-15.20.17:402][645]LogD3D11RHI: Timed out while waiting for GPU to catch up. (0.5 s)
[2018.10.17-15.20.21:489][716]LogD3D11RHI: Timed out while waiting for GPU to catch up. (0.5 s)
[2018.10.17-15.20.23:024][721]LogD3D11RHI: Timed out while waiting for GPU to catch up. (0.5 s)
[2018.10.17-15.20.27:108][738]LogD3D11RHI: Timed out while waiting for GPU to catch up. (0.5 s)
[2018.10.17-15.20.29:158][747]LogD3D11RHI: Timed out while waiting for GPU to catch up. (0.5 s)
[2018.10.17-15.20.29:667][749]LogD3D11RHI: Timed out while waiting for GPU to catch up. (0.5 s)
[2018.10.17-15.20.30:179][751]LogD3D11RHI: Timed out while waiting for GPU to catch up. (0.5 s)
[2018.10.17-15.20.30:695][753]LogD3D11RHI: Timed out while waiting for GPU to catch up. (0.5 s)
[2018.10.17-15.20.34:280][791]LogD3D11RHI: Timed out while waiting for GPU to catch up. (0.5 s)
[2018.10.17-15.20.39:389][839]LogD3D11RHI: Timed out while waiting for GPU to catch up. (0.5 s)
[2018.10.17-15.20.41:437][848]LogD3D11RHI: Timed out while waiting for GPU to catch up. (0.5 s)
[2018.10.17-15.20.45:017][864]LogD3D11RHI: Timed out while waiting for GPU to catch up. (0.5 s)
[2018.10.17-15.20.47:063][873]LogD3D11RHI: Timed out while waiting for GPU to catch up. (0.5 s)
[2018.10.17-15.20.55:259][932]LogD3D11RHI: Timed out while waiting for GPU to catch up. (0.5 s)
[2018.10.17-15.20.55:769][934]LogD3D11RHI: Timed out while waiting for GPU to catch up. (0.5 s)
[2018.10.17-15.20.57:818][943]LogD3D11RHI: Timed out while waiting for GPU to catch up. (0.5 s)
[2018.10.17-15.21.00:882][957]LogD3D11RHI: Timed out while waiting for GPU to catch up. (0.5 s)
[2018.10.17-15.21.01:392][959]LogD3D11RHI: Timed out while waiting for GPU to catch up. (0.5 s)
[2018.10.17-15.21.09:603][ 22]LogD3D11RHI: Timed out while waiting for GPU to catch up. (0.5 s)
[2018.10.17-15.21.10:112][ 24]LogD3D11RHI: Timed out while waiting for GPU to catch up. (0.5 s)
[2018.10.17-15.21.13:693][ 40]LogD3D11RHI: Timed out while waiting for GPU to catch up. (0.5 s)
[2018.10.17-15.21.16:757][ 54]LogD3D11RHI: Timed out while waiting for GPU to catch up. (0.5 s)
[2018.10.17-15.21.17:272][ 56]LogD3D11RHI: Timed out while waiting for GPU to catch up. (0.5 s)
[2018.10.17-15.21.21:367][123]LogD3D11RHI: Timed out while waiting for GPU to catch up. (0.5 s)
[2018.10.17-15.21.21:876][125]LogD3D11RHI: Timed out while waiting for GPU to catch up. (0.5 s)
[2018.10.17-15.21.22:386][127]LogD3D11RHI: Timed out while waiting for GPU to catch up. (0.5 s)
[2018.10.17-15.21.22:897][129]LogD3D11RHI: Timed out while waiting for GPU to catch up. (0.5 s)
[2018.10.17-15.21.23:409][131]LogD3D11RHI: Timed out while waiting for GPU to catch up. (0.5 s)
[2018.10.17-15.21.23:923][133]LogD3D11RHI: Timed out while waiting for GPU to catch up. (0.5 s)
[2018.10.17-15.21.24:435][135]LogD3D11RHI: Timed out while waiting for GPU to catch up. (0.5 s)
[2018.10.17-15.21.24:944][137]LogD3D11RHI: Timed out while waiting for GPU to catch up. (0.5 s)
[2018.10.17-15.21.25:457][139]LogD3D11RHI: Timed out while waiting for GPU to catch up. (0.5 s)
[2018.10.17-15.21.29:039][154]LogD3D11RHI: Timed out while waiting for GPU to catch up. (0.5 s)
[2018.10.17-15.21.29:549][156]LogD3D11RHI: Timed out while waiting for GPU to catch up. (0.5 s)
[2018.10.17-15.21.30:058][158]LogD3D11RHI: Timed out while waiting for GPU to catch up. (0.5 s)
[2018.10.17-15.21.30:573][160]LogD3D11RHI: Timed out while waiting for GPU to catch up. (0.5 s)
[2018.10.17-15.21.31:089][162]LogD3D11RHI: Timed out while waiting for GPU to catch up. (0.5 s)
[2018.10.17-15.21.31:603][164]LogD3D11RHI: Timed out while waiting for GPU to catch up. (0.5 s)
[2018.10.17-15.21.36:187][226]LogD3D11RHI: Timed out while waiting for GPU to catch up. (0.5 s)
[2018.10.17-15.21.53:701][355]LogD3D11RHI: Timed out while waiting for GPU to catch up. (0.5 s)
[2018.10.17-15.21.58:865][377]LogD3D11RHI: Timed out while waiting for GPU to catch up. (0.5 s)
[2018.10.17-15.21.59:377][379]LogD3D11RHI: Timed out while waiting for GPU to catch up. (0.5 s)
[2018.10.17-15.22.01:419][388]LogD3D11RHI: Timed out while waiting for GPU to catch up. (0.5 s)
[2018.10.17-15.22.08:664][469]LogD3D11RHI: Timed out while waiting for GPU to catch up. (0.5 s)
[2018.10.17-15.22.09:175][471]LogD3D11RHI: Timed out while waiting for GPU to catch up. (0.5 s)
[2018.10.17-15.22.09:688][473]LogD3D11RHI: Timed out while waiting for GPU to catch up. (0.5 s)
[2018.10.17-15.22.10:709][477]LogD3D11RHI: Timed out while waiting for GPU to catch up. (0.5 s)
[2018.10.17-15.22.11:221][479]LogD3D11RHI: Timed out while waiting for GPU to catch up. (0.5 s)
[2018.10.17-15.22.22:023][548]LogD3D11RHI: Timed out while waiting for GPU to catch up. (0.5 s)
[2018.10.17-15.22.22:535][550]LogD3D11RHI: Timed out while waiting for GPU to catch up. (0.5 s)
[2018.10.17-15.22.23:048][552]LogD3D11RHI: Timed out while waiting for GPU to catch up. (0.5 s)
[2018.10.17-15.22.24:068][556]LogD3D11RHI: Timed out while waiting for GPU to catch up. (0.5 s)
[2018.10.17-15.22.24:580][558]LogD3D11RHI: Timed out while waiting for GPU to catch up. (0.5 s)
[2018.10.17-15.22.28:715][580]LogD3D11RHI: Timed out while waiting for GPU to catch up. (0.5 s)
[2018.10.17-15.22.29:223][582]LogD3D11RHI: Timed out while waiting for GPU to catch up. (0.5 s)
[2018.10.17-15.22.29:734][584]LogD3D11RHI: Timed out while waiting for GPU to catch up. (0.5 s)
[2018.10.17-15.22.36:378][664]LogD3D11RHI: Timed out while waiting for GPU to catch up. (0.5 s)
[2018.10.17-15.22.37:398][668]LogD3D11RHI: Timed out while waiting for GPU to catch up. (0.5 s)
[2018.10.17-15.22.37:908][670]LogD3D11RHI: Timed out while waiting for GPU to catch up. (0.5 s)
[2018.10.17-15.22.41:493][685]LogD3D11RHI: Timed out while waiting for GPU to catch up. (0.5 s)
[2018.10.17-15.22.43:024][690]LogD3D11RHI: Timed out while waiting for GPU to catch up. (0.5 s)
[2018.10.17-15.22.43:534][692]LogD3D11RHI: Timed out while waiting for GPU to catch up. (0.5 s)
[2018.10.17-15.22.46:605][706]LogD3D11RHI: Timed out while waiting for GPU to catch up. (0.5 s)
[2018.10.17-15.22.47:116][708]LogD3D11RHI: Timed out while waiting for GPU to catch up. (0.5 s)
[2018.10.17-15.22.49:163][738]LogD3D11RHI: Timed out while waiting for GPU to catch up. (0.5 s)
[2018.10.17-15.22.53:302][779]LogD3D11RHI: Timed out while waiting for GPU to catch up. (0.5 s)
[2018.10.17-15.22.53:813][781]LogD3D11RHI: Timed out while waiting for GPU to catch up. (0.5 s)
[2018.10.17-15.22.56:882][795]LogD3D11RHI: Timed out while waiting for GPU to catch up. (0.5 s)
[2018.10.17-15.22.57:394][797]LogD3D11RHI: Timed out while waiting for GPU to catch up. (0.5 s)
[2018.10.17-15.22.57:908][799]LogD3D11RHI: Timed out while waiting for GPU to catch up. (0.5 s)
[2018.10.17-15.22.58:928][803]LogD3D11RHI: Timed out while waiting for GPU to catch up. (0.5 s)
[2018.10.17-15.22.59:440][805]LogD3D11RHI: Timed out while waiting for GPU to catch up. (0.5 s)
[2018.10.17-15.23.01:484][814]LogD3D11RHI: Timed out while waiting for GPU to catch up. (0.5 s)
[2018.10.17-15.23.07:615][889]LogD3D11RHI: Timed out while waiting for GPU to catch up. (0.5 s)
[2018.10.17-15.23.10:258][906]LogD3D11RHI: Timed out while waiting for GPU to catch up. (0.5 s)
[2018.10.17-15.23.10:765][907]LogD3D11RHI: Timed out while waiting for GPU to catch up. (0.5 s)
[2018.10.17-15.23.11:787][911]LogD3D11RHI: Timed out while waiting for GPU to catch up. (0.5 s)
[2018.10.17-15.23.12:299][913]LogD3D11RHI: Timed out while waiting for GPU to catch up. (0.5 s)
[2018.10.17-15.23.15:366][927]LogD3D11RHI: Timed out while waiting for GPU to catch up. (0.5 s)
[2018.10.17-15.23.15:878][929]LogD3D11RHI: Timed out while waiting for GPU to catch up. (0.5 s)
[2018.10.17-15.23.27:129][ 27]LogD3D11RHI: Timed out while waiting for GPU to catch up. (0.5 s)
[2018.10.17-15.23.27:634][ 28]LogD3D11RHI: Timed out while waiting for GPU to catch up. (0.5 s)
[2018.10.17-15.23.28:656][ 32]LogD3D11RHI: Timed out while waiting for GPU to catch up. (0.5 s)
[2018.10.17-15.23.33:828][ 80]LogD3D11RHI: Timed out while waiting for GPU to catch up. (0.5 s)
[2018.10.17-15.23.39:490][129]LogD3D11RHI: Timed out while waiting for GPU to catch up. (0.5 s)
[2018.10.17-15.23.40:004][131]LogD3D11RHI: Timed out while waiting for GPU to catch up. (0.5 s)
[2018.10.17-15.23.40:517][133]LogD3D11RHI: Timed out while waiting for GPU to catch up. (0.5 s)
[2018.10.17-15.23.41:537][137]LogD3D11RHI: Timed out while waiting for GPU to catch up. (0.5 s)
[2018.10.17-15.23.42:048][139]LogD3D11RHI: Timed out while waiting for GPU to catch up. (0.5 s)
[2018.10.17-15.23.45:114][153]LogD3D11RHI: Timed out while waiting for GPU to catch up. (0.5 s)
[2018.10.17-15.23.45:628][155]LogD3D11RHI: Timed out while waiting for GPU to catch up. (0.5 s)
[2018.10.17-15.23.51:252][231]LogD3D11RHI: Timed out while waiting for GPU to catch up. (0.5 s)
[2018.10.17-15.23.51:761][233]LogD3D11RHI: Timed out while waiting for GPU to catch up. (0.5 s)
[2018.10.17-15.23.52:271][235]LogD3D11RHI: Timed out while waiting for GPU to catch up. (0.5 s)
[2018.10.17-15.23.52:786][237]LogD3D11RHI: Timed out while waiting for GPU to catch up. (0.5 s)
[2018.10.17-15.23.53:302][239]LogD3D11RHI: Timed out while waiting for GPU to catch up. (0.5 s)
[2018.10.17-15.24.00:968][275]LogD3D11RHI: Timed out while waiting for GPU to catch up. (0.5 s)
[2018.10.17-15.24.01:481][277]LogD3D11RHI: Timed out while waiting for GPU to catch up. (0.5 s)
[2018.10.17-15.24.01:997][279]LogD3D11RHI: Timed out while waiting for GPU to catch up. (0.5 s)
[2018.10.17-15.24.07:617][350]LogD3D11RHI: Timed out while waiting for GPU to catch up. (0.5 s)
[2018.10.17-15.24.19:373][452]LogD3D11RHI: Timed out while waiting for GPU to catch up. (0.5 s)
[2018.10.17-15.24.22:429][492]LogD3D11RHI: Timed out while waiting for GPU to catch up. (0.5 s)
[2018.10.17-15.24.22:940][494]LogD3D11RHI: Timed out while waiting for GPU to catch up. (0.5 s)
[2018.10.17-15.24.23:454][496]LogD3D11RHI: Timed out while waiting for GPU to catch up. (0.5 s)
[2018.10.17-15.24.30:144][548]LogD3D11RHI: Timed out while waiting for GPU to catch up. (0.5 s)
[2018.10.17-15.24.30:646][549]LogD3D11RHI: Timed out while waiting for GPU to catch up. (0.5 s)
[2018.10.17-15.24.36:861][651]LogD3D11RHI: Timed out while waiting for GPU to catch up. (0.5 s)
[2018.10.17-15.24.38:906][660]LogD3D11RHI: Timed out while waiting for GPU to catch up. (0.5 s)
[2018.10.17-15.24.39:416][662]LogD3D11RHI: Timed out while waiting for GPU to catch up. (0.5 s)
[2018.10.17-15.24.39:926][664]LogD3D11RHI: Timed out while waiting for GPU to catch up. (0.5 s)
[2018.10.17-15.24.40:440][666]LogD3D11RHI: Timed out while waiting for GPU to catch up. (0.5 s)
[2018.10.17-15.24.40:952][668]LogD3D11RHI: Timed out while waiting for GPU to catch up. (0.5 s)
[2018.10.17-15.24.41:462][670]LogD3D11RHI: Timed out while waiting for GPU to catch up. (0.5 s)
[2018.10.17-15.24.41:977][672]LogD3D11RHI: Timed out while waiting for GPU to catch up. (0.5 s)
[2018.10.17-15.24.42:491][674]LogD3D11RHI: Timed out while waiting for GPU to catch up. (0.5 s)
[2018.10.17-15.24.44:583][684]LogD3D11RHI: Timed out while waiting for GPU to catch up. (0.5 s)
[2018.10.17-15.24.53:900][774]LogD3D11RHI: Timed out while waiting for GPU to catch up. (0.5 s)
[2018.10.17-15.24.54:412][776]LogD3D11RHI: Timed out while waiting for GPU to catch up. (0.5 s)
[2018.10.17-15.24.54:926][778]LogD3D11RHI: Timed out while waiting for GPU to catch up. (0.5 s)
[2018.10.17-15.24.56:973][787]LogD3D11RHI: Timed out while waiting for GPU to catch up. (0.5 s)
[2018.10.17-15.24.57:482][789]LogD3D11RHI: Timed out while waiting for GPU to catch up. (0.5 s)
[2018.10.17-15.24.57:991][791]LogD3D11RHI: Timed out while waiting for GPU to catch up. (0.5 s)
[2018.10.17-15.24.58:502][793]LogD3D11RHI: Timed out while waiting for GPU to catch up. (0.5 s)
[2018.10.17-15.24.59:016][795]LogD3D11RHI: Timed out while waiting for GPU to catch up. (0.5 s)
[2018.10.17-15.24.59:585][798]LogD3D11RHI: Timed out while waiting for GPU to catch up. (0.5 s)
[2018.10.17-15.25.08:422][885]LogD3D11RHI: Timed out while waiting for GPU to catch up. (0.5 s)
[2018.10.17-15.25.14:045][911]LogD3D11RHI: Timed out while waiting for GPU to catch up. (0.5 s)
[2018.10.17-15.25.21:292][996]LogD3D11RHI: Timed out while waiting for GPU to catch up. (0.5 s)
[2018.10.17-15.25.21:800][998]LogD3D11RHI: Timed out while waiting for GPU to catch up. (0.5 s)
[2018.10.17-15.25.22:310][  0]LogD3D11RHI: Timed out while waiting for GPU to catch up. (0.5 s)
[2018.10.17-15.25.23:897][  7]LogD3D11RHI: Timed out while waiting for GPU to catch up. (0.5 s)
[2018.10.17-15.25.24:407][  9]LogD3D11RHI: Timed out while waiting for GPU to catch up. (0.5 s)
[2018.10.17-15.25.24:917][ 11]LogD3D11RHI: Timed out while waiting for GPU to catch up. (0.5 s)
[2018.10.17-15.25.25:432][ 13]LogD3D11RHI: Timed out while waiting for GPU to catch up. (0.5 s)
[2018.10.17-15.25.25:946][ 15]LogD3D11RHI: Timed out while waiting for GPU to catch up. (0.5 s)
[2018.10.17-15.25.26:460][ 17]LogD3D11RHI: Timed out while waiting for GPU to catch up. (0.5 s)
[2018.10.17-15.25.29:007][ 27]LogD3D11RHI: Timed out while waiting for GPU to catch up. (0.5 s)
[2018.10.17-15.25.29:516][ 29]LogD3D11RHI: Timed out while waiting for GPU to catch up. (0.5 s)
[2018.10.17-15.25.30:028][ 31]LogD3D11RHI: Timed out while waiting for GPU to catch up. (0.5 s)
[2018.10.17-15.25.30:542][ 33]LogD3D11RHI: Timed out while waiting for GPU to catch up. (0.5 s)
[2018.10.17-15.25.31:057][ 35]LogD3D11RHI: Timed out while waiting for GPU to catch up. (0.5 s)
[2018.10.17-15.25.36:166][101]LogD3D11RHI: Timed out while waiting for GPU to catch up. (0.5 s)
[2018.10.17-15.25.36:678][103]LogD3D11RHI: Timed out while waiting for GPU to catch up. (0.5 s)
[2018.10.17-15.25.37:192][105]LogD3D11RHI: Timed out while waiting for GPU to catch up. (0.5 s)
[2018.10.17-15.25.39:241][114]LogD3D11RHI: Timed out while waiting for GPU to catch up. (0.5 s)
[2018.10.17-15.25.41:287][122]LogD3D11RHI: Timed out while waiting for GPU to catch up. (0.5 s)
[2018.10.17-15.25.42:867][129]LogD3D11RHI: Timed out while waiting for GPU to catch up. (0.5 s)
[2018.10.17-15.25.43:381][131]LogD3D11RHI: Timed out while waiting for GPU to catch up. (0.5 s)
[2018.10.17-15.25.44:402][135]LogD3D11RHI: Timed out while waiting for GPU to catch up. (0.5 s)
[2018.10.17-15.25.44:913][137]LogD3D11RHI: Timed out while waiting for GPU to catch up. (0.5 s)
[2018.10.17-15.25.45:425][139]LogD3D11RHI: Timed out while waiting for GPU to catch up. (0.5 s)
[2018.10.17-15.25.47:475][148]LogD3D11RHI: Timed out while waiting for GPU to catch up. (0.5 s)
[2018.10.17-15.25.51:637][189]LogD3D11RHI: Timed out while waiting for GPU to catch up. (0.5 s)
[2018.10.17-15.25.52:146][191]LogD3D11RHI: Timed out while waiting for GPU to catch up. (0.5 s)
[2018.10.17-15.25.54:196][200]LogD3D11RHI: Timed out while waiting for GPU to catch up. (0.5 s)
[2018.10.17-15.25.55:726][205]LogD3D11RHI: Timed out while waiting for GPU to catch up. (0.5 s)
[2018.10.17-15.26.00:318][225]LogD3D11RHI: Timed out while waiting for GPU to catch up. (0.5 s)
[2018.10.17-15.26.10:023][312]LogD3D11RHI: Timed out while waiting for GPU to catch up. (0.5 s)
[2018.10.17-15.26.10:535][314]LogD3D11RHI: Timed out while waiting for GPU to catch up. (0.5 s)
[2018.10.17-15.26.12:583][322]LogD3D11RHI: Timed out while waiting for GPU to catch up. (0.5 s)
[2018.10.17-15.26.20:834][384]LogD3D11RHI: Timed out while waiting for GPU to catch up. (0.5 s)
[2018.10.17-15.26.24:411][398]LogD3D11RHI: Timed out while waiting for GPU to catch up. (0.5 s)
[2018.10.17-15.26.28:601][418]LogD3D11RHI: Timed out while waiting for GPU to catch up. (0.5 s)
[2018.10.17-15.26.29:111][420]LogD3D11RHI: Timed out while waiting for GPU to catch up. (0.5 s)
[2018.10.17-15.26.37:339][503]LogD3D11RHI: Timed out while waiting for GPU to catch up. (0.5 s)
[2018.10.17-15.26.38:926][509]LogD3D11RHI: Timed out while waiting for GPU to catch up. (0.5 s)
[2018.10.17-15.26.43:021][529]LogD3D11RHI: Timed out while waiting for GPU to catch up. (0.5 s)
[2018.10.17-15.26.44:551][534]LogD3D11RHI: Timed out while waiting for GPU to catch up. (0.5 s)
[2018.10.17-15.26.45:061][536]LogD3D11RHI: Timed out while waiting for GPU to catch up. (0.5 s)
[2018.10.17-15.26.45:570][538]LogD3D11RHI: Timed out while waiting for GPU to catch up. (0.5 s)
[2018.10.17-15.26.46:085][540]LogD3D11RHI: Timed out while waiting for GPU to catch up. (0.5 s)
[2018.10.17-15.26.46:600][542]LogD3D11RHI: Timed out while waiting for GPU to catch up. (0.5 s)
[2018.10.17-15.26.52:715][615]LogD3D11RHI: Timed out while waiting for GPU to catch up. (0.5 s)
[2018.10.17-15.26.53:225][617]LogD3D11RHI: Timed out while waiting for GPU to catch up. (0.5 s)
[2018.10.17-15.26.53:739][619]LogD3D11RHI: Timed out while waiting for GPU to catch up. (0.5 s)
[2018.10.17-15.26.55:786][627]LogD3D11RHI: Timed out while waiting for GPU to catch up. (0.5 s)
[2018.10.17-15.26.57:877][636]LogD3D11RHI: Timed out while waiting for GPU to catch up. (0.5 s)
[2018.10.17-15.26.58:445][639]LogD3D11RHI: Timed out while waiting for GPU to catch up. (0.5 s)
[2018.10.17-15.27.04:137][716]LogD3D11RHI: Timed out while waiting for GPU to catch up. (0.5 s)
[2018.10.17-15.27.06:175][752]LogD3D11RHI: Timed out while waiting for GPU to catch up. (0.5 s)
[2018.10.17-15.27.06:684][754]LogD3D11RHI: Timed out while waiting for GPU to catch up. (0.5 s)
[2018.10.17-15.27.07:193][756]LogD3D11RHI: Timed out while waiting for GPU to catch up. (0.5 s)
[2018.10.17-15.27.07:704][758]LogD3D11RHI: Timed out while waiting for GPU to catch up. (0.5 s)
[2018.10.17-15.27.08:218][760]LogD3D11RHI: Timed out while waiting for GPU to catch up. (0.5 s)
[2018.10.17-15.27.11:800][776]LogD3D11RHI: Timed out while waiting for GPU to catch up. (0.5 s)
[2018.10.17-15.27.12:309][778]LogD3D11RHI: Timed out while waiting for GPU to catch up. (0.5 s)
[2018.10.17-15.27.12:820][780]LogD3D11RHI: Timed out while waiting for GPU to catch up. (0.5 s)
[2018.10.17-15.27.13:335][782]LogD3D11RHI: Timed out while waiting for GPU to catch up. (0.5 s)
[2018.10.17-15.27.14:355][786]LogD3D11RHI: Timed out while waiting for GPU to catch up. (0.5 s)
[2018.10.17-15.27.14:867][788]LogD3D11RHI: Timed out while waiting for GPU to catch up. (0.5 s)
[2018.10.17-15.27.15:380][790]LogD3D11RHI: Timed out while waiting for GPU to catch up. (0.5 s)
[2018.10.17-15.27.17:428][799]LogD3D11RHI: Timed out while waiting for GPU to catch up. (0.5 s)
[2018.10.17-15.27.22:568][845]LogD3D11RHI: Timed out while waiting for GPU to catch up. (0.5 s)
[2018.10.17-15.27.26:706][865]LogD3D11RHI: Timed out while waiting for GPU to catch up. (0.5 s)
[2018.10.17-15.27.27:217][867]LogD3D11RHI: Timed out while waiting for GPU to catch up. (0.5 s)
[2018.10.17-15.27.29:259][876]LogD3D11RHI: Timed out while waiting for GPU to catch up. (0.5 s)
[2018.10.17-15.27.29:772][878]LogD3D11RHI: Timed out while waiting for GPU to catch up. (0.5 s)
[2018.10.17-15.27.30:286][880]LogD3D11RHI: Timed out while waiting for GPU to catch up. (0.5 s)
[2018.10.17-15.27.30:799][882]LogD3D11RHI: Timed out while waiting for GPU to catch up. (0.5 s)
[2018.10.17-15.27.31:820][886]LogD3D11RHI: Timed out while waiting for GPU to catch up. (0.5 s)
[2018.10.17-15.27.32:331][888]LogD3D11RHI: Timed out while waiting for GPU to catch up. (0.5 s)
[2018.10.17-15.27.40:581][950]LogD3D11RHI: Timed out while waiting for GPU to catch up. (0.5 s)
[2018.10.17-15.27.41:094][952]LogD3D11RHI: Timed out while waiting for GPU to catch up. (0.5 s)
[2018.10.17-15.27.44:161][966]LogD3D11RHI: Timed out while waiting for GPU to catch up. (0.5 s)
[2018.10.17-15.27.44:676][968]LogD3D11RHI: Timed out while waiting for GPU to catch up. (0.5 s)
[2018.10.17-15.27.45:189][970]LogD3D11RHI: Timed out while waiting for GPU to catch up. (0.5 s)
[2018.10.17-15.27.46:209][974]LogD3D11RHI: Timed out while waiting for GPU to catch up. (0.5 s)
[2018.10.17-15.27.46:721][976]LogD3D11RHI: Timed out while waiting for GPU to catch up. (0.5 s)
[2018.10.17-15.27.51:335][ 20]LogD3D11RHI: Timed out while waiting for GPU to catch up. (0.5 s)
[2018.10.17-15.27.51:849][ 22]LogD3D11RHI: Timed out while waiting for GPU to catch up. (0.5 s)
[2018.10.17-15.27.52:363][ 24]LogD3D11RHI: Timed out while waiting for GPU to catch up. (0.5 s)
[2018.10.17-15.27.52:868][ 25]LogD3D11RHI: Timed out while waiting for GPU to catch up. (0.5 s)
[2018.10.17-15.27.53:890][ 29]LogD3D11RHI: Timed out while waiting for GPU to catch up. (0.5 s)
[2018.10.17-15.27.56:960][ 43]LogD3D11RHI: Timed out while waiting for GPU to catch up. (0.5 s)
[2018.10.17-15.27.57:470][ 45]LogD3D11RHI: Timed out while waiting for GPU to catch up. (0.5 s)
[2018.10.17-15.28.04:097][126]LogD3D11RHI: Timed out while waiting for GPU to catch up. (0.5 s)
[2018.10.17-15.28.09:250][172]LogD3D11RHI: Timed out while waiting for GPU to catch up. (0.5 s)
[2018.10.17-15.28.11:295][181]LogD3D11RHI: Timed out while waiting for GPU to catch up. (0.5 s)
[2018.10.17-15.28.15:897][202]LogD3D11RHI: Timed out while waiting for GPU to catch up. (0.5 s)
[2018.10.17-15.28.16:412][204]LogD3D11RHI: Timed out while waiting for GPU to catch up. (0.5 s)
[2018.10.17-15.28.16:923][206]LogD3D11RHI: Timed out while waiting for GPU to catch up. (0.5 s)
[2018.10.17-15.28.19:469][242]LogD3D11RHI: Timed out while waiting for GPU to catch up. (0.5 s)
[2018.10.17-15.28.26:615][301]LogD3D11RHI: Timed out while waiting for GPU to catch up. (0.5 s)
[2018.10.17-15.28.27:132][303]LogD3D11RHI: Timed out while waiting for GPU to catch up. (0.5 s)
[2018.10.17-15.28.27:644][305]LogD3D11RHI: Timed out while waiting for GPU to catch up. (0.5 s)
[2018.10.17-15.28.31:274][322]LogD3D11RHI: Timed out while waiting for GPU to catch up. (0.5 s)
[2018.10.17-15.28.31:782][323]LogD3D11RHI: Timed out while waiting for GPU to catch up. (0.5 s)
[2018.10.17-15.28.33:879][355]LogD3D11RHI: Timed out while waiting for GPU to catch up. (0.5 s)
[2018.10.17-15.28.37:476][371]LogD3D11RHI: Timed out while waiting for GPU to catch up. (0.5 s)
[2018.10.17-15.28.40:535][385]LogD3D11RHI: Timed out while waiting for GPU to catch up. (0.5 s)
[2018.10.17-15.28.41:046][387]LogD3D11RHI: Timed out while waiting for GPU to catch up. (0.5 s)
[2018.10.17-15.28.50:273][451]LogD3D11RHI: Timed out while waiting for GPU to catch up. (0.5 s)
[2018.10.17-15.28.50:783][453]LogD3D11RHI: Timed out while waiting for GPU to catch up. (0.5 s)
[2018.10.17-15.28.51:292][455]LogD3D11RHI: Timed out while waiting for GPU to catch up. (0.5 s)
[2018.10.17-15.28.51:808][457]LogD3D11RHI: Timed out while waiting for GPU to catch up. (0.5 s)
[2018.10.17-15.28.52:322][459]LogD3D11RHI: Timed out while waiting for GPU to catch up. (0.5 s)
[2018.10.17-15.29.32:758][850]LogSlate: FSceneViewport::OnFocusLost() reason 0
[2018.10.17-15.29.35:793][863]LogSlate: Window 'Save Content' being destroyed
[2018.10.17-15.29.39:203][ 61]LogTemp: Repeating last play command: Selected Viewport
[2018.10.17-15.29.39:243][ 61]LogBlueprintUserMessages: Early PlayInEditor Detection: Level '/Game/Maps/Myles_Test_Scene.Myles_Test_Scene:PersistentLevel' has LevelScriptBlueprint '/Game/Maps/Myles_Test_Scene.Myles_Test_Scene:PersistentLevel.Myles_Test_Scene' with GeneratedClass '/Game/Maps/Myles_Test_Scene.Myles_Test_Scene_C' with ClassGeneratedBy '/Game/Maps/Myles_Test_Scene.Myles_Test_Scene:PersistentLevel.Myles_Test_Scene'
[2018.10.17-15.29.39:243][ 61]LogPlayLevel: PlayLevel: No blueprints needed recompiling
[2018.10.17-15.29.39:244][ 61]PIE: New page: PIE session: Myles_Test_Scene (18 Oct 2018 1:29:39 pm)
[2018.10.17-15.29.39:244][ 61]LogPlayLevel: Creating play world package: /Game/Maps/UEDPIE_0_Myles_Test_Scene
[2018.10.17-15.29.39:251][ 61]LogPlayLevel: PIE: StaticDuplicateObject took: (0.007398s)
[2018.10.17-15.29.39:253][ 61]LogAIModule: Creating AISystem for world Myles_Test_Scene
[2018.10.17-15.29.39:254][ 61]LogPlayLevel: PIE: World Init took: (0.002101s)
[2018.10.17-15.29.39:254][ 61]LogPlayLevel: PIE: Created PIE world by copying editor world from /Game/Maps/Myles_Test_Scene.Myles_Test_Scene to /Game/Maps/UEDPIE_0_Myles_Test_Scene.Myles_Test_Scene (0.009841s)
[2018.10.17-15.29.39:319][ 61]LogInit: XAudio2 using 'Speakers (Realtek High Definition Audio)' : 2 channels at 48 kHz using 32 bits per sample (channel mask 0x3)
[2018.10.17-15.29.39:360][ 61]LogInit: FAudioDevice initialized.
[2018.10.17-15.29.39:394][ 61]LogLoad: Game class is 'FirstPersonGameMode_C'
[2018.10.17-15.29.39:398][ 61]LogWorld: Bringing World /Game/Maps/UEDPIE_0_Myles_Test_Scene.Myles_Test_Scene up for play (max tick rate 60) at 2018.10.18-02.29.39
[2018.10.17-15.29.39:399][ 61]LogWorld: Bringing up level for play took: 0.002206
[2018.10.17-15.29.39:418][ 61]PIE: Play in editor start time for /Game/Maps/UEDPIE_0_Myles_Test_Scene 0.957
[2018.10.17-15.29.39:419][ 61]LogBlueprintUserMessages: Late PlayInEditor Detection: Level '/Game/Maps/Myles_Test_Scene.Myles_Test_Scene:PersistentLevel' has LevelScriptBlueprint '/Game/Maps/Myles_Test_Scene.Myles_Test_Scene:PersistentLevel.Myles_Test_Scene' with GeneratedClass '/Game/Maps/Myles_Test_Scene.Myles_Test_Scene_C' with ClassGeneratedBy '/Game/Maps/Myles_Test_Scene.Myles_Test_Scene:PersistentLevel.Myles_Test_Scene'
[2018.10.17-15.29.43:754][307]LogNavigation: Warning: UNavigationSystemV1::SimpleMoveToActor called for NavSys:None Controller:None controlling Pawn:NULL with goal actor TargetPoint_1 (if any of these is None then there's your problem
[2018.10.17-15.29.44:654][361]LogNavigation: Warning: UNavigationSystemV1::SimpleMoveToActor called for NavSys:None Controller:None controlling Pawn:NULL with goal actor TargetPoint_1 (if any of these is None then there's your problem
[2018.10.17-15.29.46:322][461]LogNavigation: Warning: UNavigationSystemV1::SimpleMoveToActor called for NavSys:None Controller:None controlling Pawn:NULL with goal actor TargetPoint_1 (if any of these is None then there's your problem
[2018.10.17-15.29.46:655][481]LogNavigation: Warning: UNavigationSystemV1::SimpleMoveToActor called for NavSys:None Controller:None controlling Pawn:NULL with goal actor TargetPoint_1 (if any of these is None then there's your problem
[2018.10.17-15.29.47:089][507]LogNavigation: Warning: UNavigationSystemV1::SimpleMoveToActor called for NavSys:None Controller:None controlling Pawn:NULL with goal actor TargetPoint_1 (if any of these is None then there's your problem
[2018.10.17-15.29.51:024][742]Set new viewmode: Wireframe
[2018.10.17-15.29.51:548][773]LogBlueprintUserMessages: Early EndPlayMap Detection: Level '/Game/Maps/Myles_Test_Scene.Myles_Test_Scene:PersistentLevel' has LevelScriptBlueprint '/Game/Maps/Myles_Test_Scene.Myles_Test_Scene:PersistentLevel.Myles_Test_Scene' with GeneratedClass '/Game/Maps/Myles_Test_Scene.Myles_Test_Scene_C' with ClassGeneratedBy '/Game/Maps/Myles_Test_Scene.Myles_Test_Scene:PersistentLevel.Myles_Test_Scene'
[2018.10.17-15.29.51:548][773]LogSlate: Updating window title bar state: overlay mode, drag disabled, window buttons hidden, title bar hidden
[2018.10.17-15.29.51:607][773]LogPlayLevel: Display: Shutting down PIE online subsystems
[2018.10.17-15.29.51:607][773]LogBlueprintUserMessages: Late EndPlayMap Detection: Level '/Game/Maps/Myles_Test_Scene.Myles_Test_Scene:PersistentLevel' has LevelScriptBlueprint '/Game/Maps/Myles_Test_Scene.Myles_Test_Scene:PersistentLevel.Myles_Test_Scene' with GeneratedClass '/Game/Maps/Myles_Test_Scene.Myles_Test_Scene_C' with ClassGeneratedBy '/Game/Maps/Myles_Test_Scene.Myles_Test_Scene:PersistentLevel.Myles_Test_Scene'
[2018.10.17-15.29.51:684][773]LogSlate: Updating window title bar state: overlay mode, drag disabled, window buttons hidden, title bar hidden
[2018.10.17-15.29.51:726][774]LogPlayLevel: Display: Destroying online subsystem :Context_12
[2018.10.17-15.29.51:952][780]LogWindows: LaunchURL http://docs.unrealengine.com/latest/INT/index.html?utm_source=editor&utm_medium=docs&utm_campaign=help_menu
[2018.10.17-15.29.55:897][856]LogSlate: FSceneViewport::OnFocusLost() reason 0
[2018.10.17-15.30.18:509][847]LogSlate: Window 'Save Content' being destroyed
[2018.10.17-15.30.18:629][847]LogSavePackage: Moving '../../../../../../Users/myles/Documents/item name generator/Studio2Project/Studio2ProjectT3/Saved/BP_Hunter1C3053016462B3EF22E9844A3ED551D4E.tmp' to '../../../../../../Users/myles/Documents/item name generator/Studio2Project/Studio2ProjectT3/Content/_BluePrints/BP_Hunter1.uasset'
[2018.10.17-15.30.19:055][847]LogSlate: Window 'Studio2ProjectT3 - Unreal Editor' being destroyed
[2018.10.17-15.30.19:358][848]Cmd: QUIT_EDITOR
[2018.10.17-15.30.19:863][848]LogWindowsTextInputMethodSystem: Display: IME system now deactivated.
[2018.10.17-15.30.19:917][848]LogExit: Preparing to exit.
