Log file open, 11/07/18 12:34:45
LogWindows: Failed to load 'aqProf.dll' (GetLastError=126)
LogWindows: File 'aqProf.dll' does not exist
LogWindows: Failed to load 'VSPerf140.dll' (GetLastError=126)
LogWindows: File 'VSPerf140.dll' does not exist
LogWindows: Failed to load 'VtuneApi.dll' (GetLastError=126)
LogWindows: File 'VtuneApi.dll' does not exist
LogWindows: Failed to load 'VtuneApi32e.dll' (GetLastError=126)
LogWindows: File 'VtuneApi32e.dll' does not exist
LogInit: Display: Running engine for game: Studio2ProjectT3
LogPlatformFile: Not using cached read wrapper
LogTaskGraph: Started task graph with 5 named threads and 11 total threads with 3 sets of task threads.
LogStats: Stats thread started at 7.761452
LogD3D11RHI: Loaded GFSDK_Aftermath_Lib.x64.dll
LogICUInternationalization: Display: ICU TimeZone Detection - Raw Offset: +10:00, Platform Override: ''
LogConfig: Warning: Failed to saved backup for config[Input]
LogConfig: Warning: Failed to saved backup for config[Scalability]
LogConfig: Warning: Failed to saved backup for config[Hardware]
LogConfig: Warning: Failed to saved backup for config[GameUserSettings]
LogPluginManager: Mounting plugin Paper2D
LogPluginManager: Mounting plugin AISupport
LogPluginManager: Mounting plugin LightPropagationVolume
LogPluginManager: Mounting plugin CLionSourceCodeAccess
LogPluginManager: Mounting plugin CodeLiteSourceCodeAccess
LogPluginManager: Mounting plugin GitSourceControl
LogPluginManager: Mounting plugin KDevelopSourceCodeAccess
LogPluginManager: Mounting plugin NullSourceCodeAccess
LogPluginManager: Mounting plugin PerforceSourceControl
LogPluginManager: Mounting plugin SubversionSourceControl
LogPluginManager: Mounting plugin UObjectPlugin
LogPluginManager: Mounting plugin VisualStudioCodeSourceCodeAccess
LogPluginManager: Mounting plugin VisualStudioSourceCodeAccess
LogPluginManager: Mounting plugin XCodeSourceCodeAccess
LogPluginManager: Mounting plugin AssetManagerEditor
LogPluginManager: Mounting plugin CryptoKeys
LogPluginManager: Mounting plugin DataValidation
LogPluginManager: Mounting plugin FacialAnimation
LogConfig: Warning: Failed to saved backup for config[FacialAnimation]
LogPluginManager: Mounting plugin GameplayTagsEditor
LogPluginManager: Mounting plugin MacGraphicsSwitching
LogConfig: Warning: Failed to saved backup for config[MacGraphicsSwitching]
LogPluginManager: Mounting plugin MeshEditor
LogPluginManager: Mounting plugin MobileLauncherProfileWizard
LogPluginManager: Mounting plugin PluginBrowser
LogPluginManager: Mounting plugin SpeedTreeImporter
LogPluginManager: Mounting plugin DatasmithContent
LogPluginManager: Mounting plugin AlembicImporter
LogPluginManager: Mounting plugin AppleImageUtils
LogPluginManager: Mounting plugin AppleVision
LogPluginManager: Mounting plugin BackChannel
LogPluginManager: Mounting plugin CharacterAI
LogPluginManager: Mounting plugin GeometryCache
LogPluginManager: Mounting plugin HTML5Networking
LogPluginManager: Mounting plugin ProxyLODPlugin
LogPluginManager: Mounting plugin MagicLeap
LogPluginManager: Mounting plugin MagicLeapEmulator
LogPluginManager: Mounting plugin MagicLeapMedia
LogPluginManager: Mounting plugin AndroidMedia
LogPluginManager: Mounting plugin AvfMedia
LogPluginManager: Mounting plugin ImgMedia
LogPluginManager: Mounting plugin LinearTimecode
LogPluginManager: Mounting plugin MediaCompositing
LogPluginManager: Mounting plugin MediaPlayerEditor
LogConfig: Warning: Failed to saved backup for config[MediaPlayerEditor]
LogPluginManager: Mounting plugin WmfMedia
LogPluginManager: Mounting plugin TcpMessaging
LogPluginManager: Mounting plugin UdpMessaging
LogPluginManager: Mounting plugin ActorSequence
LogPluginManager: Mounting plugin LevelSequenceEditor
LogPluginManager: Mounting plugin MatineeToLevelSequence
LogConfig: Warning: Failed to saved backup for config[MatineeToLevelSequence]
LogPluginManager: Mounting plugin NetcodeUnitTest
LogPluginManager: Mounting plugin NUTUnrealEngine4
LogPluginManager: Mounting plugin OnlineSubsystemGooglePlay
LogPluginManager: Mounting plugin OnlineSubsystemIOS
LogPluginManager: Mounting plugin OnlineSubsystem
LogPluginManager: Mounting plugin OnlineSubsystemNull
LogPluginManager: Mounting plugin OnlineSubsystemUtils
LogPluginManager: Mounting plugin LauncherChunkInstaller
LogPluginManager: Mounting plugin AndroidDeviceProfileSelector
LogPluginManager: Mounting plugin AndroidMoviePlayer
LogPluginManager: Mounting plugin AndroidPermission
LogPluginManager: Mounting plugin AppleMoviePlayer
LogPluginManager: Mounting plugin ArchVisCharacter
LogPluginManager: Mounting plugin AudioCapture
LogPluginManager: Mounting plugin CableComponent
LogPluginManager: Mounting plugin CustomMeshComponent
LogPluginManager: Mounting plugin EditableMesh
LogPluginManager: Mounting plugin ExampleDeviceProfileSelector
LogPluginManager: Mounting plugin GoogleCloudMessaging
LogPluginManager: Mounting plugin ImmediatePhysics
LogPluginManager: Mounting plugin IOSDeviceProfileSelector
LogPluginManager: Mounting plugin LinuxDeviceProfileSelector
LogConfig: Warning: Failed to saved backup for config[LinuxDeviceProfileSelector]
LogPluginManager: Mounting plugin LocationServicesBPLibrary
LogPluginManager: Mounting plugin MobilePatchingUtils
LogPluginManager: Mounting plugin OculusVR
LogPluginManager: Plugin shader directory ../../../Engine/Plugins/Runtime/Oculus/OculusVR/Shaders found
LogPluginManager: Mapping shader source directory ../../../Engine/Plugins/Runtime/Oculus/OculusVR/Shaders to virtual directory /Plugin/OculusVR
LogConfig: Warning: Failed to saved backup for config[OculusVR]
LogPluginManager: Mounting plugin PhysXVehicles
LogPluginManager: Mounting plugin ProceduralMeshComponent
LogPluginManager: Mounting plugin RuntimePhysXCooking
LogPluginManager: Mounting plugin SteamVR
LogPluginManager: Mounting plugin WindowsMoviePlayer
LogStreaming: Display: Took  1.426s to configure plugins.
LogInit: Using libcurl 7.55.1-DEV
LogInit:  - built for x86_64-pc-win32
LogInit:  - supports SSL with OpenSSL/1.0.2h
LogInit:  - supports HTTP deflate (compression) using libz 1.2.8
LogInit:  - other features:
LogInit:      CURL_VERSION_SSL
LogInit:      CURL_VERSION_LIBZ
LogInit:      CURL_VERSION_IPV6
LogInit:      CURL_VERSION_ASYNCHDNS
LogInit:      CURL_VERSION_LARGEFILE
LogInit:      CURL_VERSION_IDN
LogInit:  CurlRequestOptions (configurable via config and command line):
LogInit:  - bVerifyPeer = false  - Libcurl will NOT verify peer certificate
LogInit:  - bUseHttpProxy = false  - Libcurl will NOT use HTTP proxy
LogInit:  - bDontReuseConnections = false  - Libcurl will reuse connections
LogInit:  - CertBundlePath = nullptr  - Libcurl will use whatever was configured at build time.
LogInit:  - MaxHostConnections = 16  - Libcurl will limit the number of connections to a host
LogInit:  - LocalHostAddr = Default
LogInit:  - BufferSize = 65536
LogInit: WinSock: version 1.1 (2.2), MaxSocks=32767, MaxUdp=65467
LogInit: Build: ++UE4+Release-4.20-CL-4369336
LogInit: Engine Version: 4.20.3-4369336+++UE4+Release-4.20
LogInit: Compatible Engine Version: 4.20.0-4212847+++UE4+Release-4.20
LogInit: Net CL: 4212847
LogInit: OS: Windows 10 (), CPU: Intel(R) Core(TM) i7-6500U CPU @ 2.50GHz, GPU: Intel(R) HD Graphics 520
LogInit: Compiled (64-bit): Sep 17 2018 12:26:19
LogInit: Compiled with Visual C++: 19.13.26129.00
LogInit: Build Configuration: Development
LogInit: Branch Name: ++UE4+Release-4.20
LogInit: Command Line:  
LogInit: Base Directory: C:/Program Files/Epic Games/UE_4.20/Engine/Binaries/Win64/
LogInit: Installed Engine Build: 1
LogDevObjectVersion: Number of dev versions registered: 20
LogDevObjectVersion:   Dev-Blueprints (B0D832E4-1F89-4F0D-ACCF-7EB736FD4AA2): 10
LogDevObjectVersion:   Dev-Build (E1C64328-A22C-4D53-A36C-8E866417BD8C): 0
LogDevObjectVersion:   Dev-Core (375EC13C-06E4-48FB-B500-84F0262A717E): 2
LogDevObjectVersion:   Dev-Editor (E4B068ED-F494-42E9-A231-DA0B2E46BB41): 24
LogDevObjectVersion:   Dev-Framework (CFFC743F-43B0-4480-9391-14DF171D2073): 34
LogDevObjectVersion:   Dev-Mobile (B02B49B5-BB20-44E9-A304-32B752E40360): 2
LogDevObjectVersion:   Dev-Networking (A4E4105C-59A1-49B5-A7C5-40C4547EDFEE): 0
LogDevObjectVersion:   Dev-Online (39C831C9-5AE6-47DC-9A44-9C173E1C8E7C): 0
LogDevObjectVersion:   Dev-Physics (78F01B33-EBEA-4F98-B9B4-84EACCB95AA2): 0
LogDevObjectVersion:   Dev-Platform (6631380F-2D4D-43E0-8009-CF276956A95A): 0
LogDevObjectVersion:   Dev-Rendering (12F88B9F-8875-4AFC-A67C-D90C383ABD29): 26
LogDevObjectVersion:   Dev-Sequencer (7B5AE74C-D270-4C10-A958-57980B212A5A): 9
LogDevObjectVersion:   Dev-VR (D7296918-1DD6-4BDD-9DE2-64A83CC13884): 2
LogDevObjectVersion:   Dev-LoadTimes (C2A15278-BFE7-4AFE-6C17-90FF531DF755): 1
LogDevObjectVersion:   Private-Geometry (6EACA3D4-40EC-4CC1-B786-8BED09428FC5): 3
LogDevObjectVersion:   Dev-AnimPhys (29E575DD-E0A3-4627-9D10-D276232CDCEA): 17
LogDevObjectVersion:   Dev-ReflectionCapture (6B266CEC-1EC7-4B8F-A30B-E4D90942FC07): 1
LogDevObjectVersion:   Dev-Automation (0DF73D61-A23F-47EA-B727-89E90C41499A): 1
LogDevObjectVersion:   FortniteMain (601D1886-AC64-4F84-AA16-D3DE0DEAC7D6): 12
LogDevObjectVersion:   Dev-Enterprise (9DFFBCD6-494F-0158-E221-12823C92A888): 1
LogFileManager: Warning: Error deleting file: ../../../../../../Users/Kamikaze/Desktop/Unreal Engine Projects/Studio2ProjectFixedAgain/Studio2Project/Studio2ProjectT3/Saved/Logs/Studio2ProjectT3-backup-2018.10.29-19.11.24.log (Error Code 5)
LogFileManager: Warning: Error deleting file: ../../../../../../Users/Kamikaze/Desktop/Unreal Engine Projects/Studio2ProjectFixedAgain/Studio2Project/Studio2ProjectT3/Saved/Logs/Studio2ProjectT3-backup-2018.10.29-20.10.17.log (Error Code 5)
LogFileManager: Warning: Error deleting file: ../../../../../../Users/Kamikaze/Desktop/Unreal Engine Projects/Studio2ProjectFixedAgain/Studio2Project/Studio2ProjectT3/Saved/Logs/Studio2ProjectT3-backup-2018.10.29-19.43.25.log (Error Code 5)
LogStreaming: Display: Took  0.091s to delete old logs.
LogInit: Presizing for max 8388607 objects, including 0 objects not considered by GC, pre-allocating 0 bytes for permanent pool.
LogInit: Object subsystem initialized
[2018.11.07-01.34.58:203][  0]LogInit: Selected Device Profile: [Windows]
[2018.11.07-01.34.58:203][  0]LogInit: Applying CVar settings loaded from the selected device profile: [Windows]
[2018.11.07-01.34.58:381][  0]LogConfig: Warning: Failed to saved backup for config[DeviceProfiles]
[2018.11.07-01.34.58:384][  0]LogHAL: Display: Platform has ~ 12 GB [12786237440 / 17179869184 / 12], which maps to Larger [LargestMinGB=32, LargerMinGB=12, DefaultMinGB=8, SmallerMinGB=6, SmallestMinGB=0)
[2018.11.07-01.34.58:384][  0]LogInit: Setting Device Profile CVar: [[r.Vulkan.UseRealUBs:1]]
[2018.11.07-01.34.58:384][  0]LogInit: Going up to parent DeviceProfile []
[2018.11.07-01.34.58:464][  0]LogInit: Computer: LAPTOP-DGMNQ6HO
[2018.11.07-01.34.58:464][  0]LogInit: User: Kamikaze
[2018.11.07-01.34.58:464][  0]LogInit: CPU Page size=4096, Cores=2
[2018.11.07-01.34.58:464][  0]LogInit: High frequency timer resolution =2.531256 MHz
[2018.11.07-01.34.58:464][  0]LogMemory: Memory total: Physical=11.9GB (12GB approx)
[2018.11.07-01.34.58:464][  0]LogMemory: Platform Memory Stats for Windows
[2018.11.07-01.34.58:464][  0]LogMemory: Process Physical Memory: 100.29 MB used, 100.29 MB peak
[2018.11.07-01.34.58:464][  0]LogMemory: Process Virtual Memory: 84.16 MB used, 84.16 MB peak
[2018.11.07-01.34.58:464][  0]LogMemory: Physical Memory: 5880.70 MB used,  6313.20 MB free, 12193.91 MB total
[2018.11.07-01.34.58:464][  0]LogMemory: Virtual Memory: 4616.36 MB used,  6313.20 MB free, 134217728.00 MB total
[2018.11.07-01.35.06:293][  0]LogInit: Using OS detected language (en-US).
[2018.11.07-01.35.06:293][  0]LogInit: Using OS detected locale (en-AU).
[2018.11.07-01.35.06:567][  0]LogTextLocalizationManager: No specific localization for 'en-US' exists, so the 'en' localization will be used.
[2018.11.07-01.35.14:495][  0]LogStreaming: Display: Took  8.201s to InitEngineTextLocalization.
[2018.11.07-01.35.14:495][  0]LogInit: Setting process to per monitor DPI aware
[2018.11.07-01.35.16:680][  0]LogSlate: New Slate User Created.  User Index 0, Is Virtual User: 0
[2018.11.07-01.35.16:680][  0]LogSlate: Slate User Registered.  User Index 0, Is Virtual User: 0
[2018.11.07-01.35.40:539][  0]LogHMD: Failed to initialize OpenVR with code 101
[2018.11.07-01.35.40:581][  0]LogD3D11RHI: D3D11 adapters:
[2018.11.07-01.35.40:739][  0]LogD3D11RHI:    0. 'NVIDIA GeForce 920MX' (Feature Level 11_0)
[2018.11.07-01.35.40:739][  0]LogD3D11RHI:       2020/0/6096 MB DedicatedVideo/DedicatedSystem/SharedSystem, Outputs:1, VendorId:0x10de
[2018.11.07-01.35.40:749][  0]LogD3D11RHI:    1. 'Intel(R) HD Graphics 520' (Feature Level 11_0)
[2018.11.07-01.35.40:749][  0]LogD3D11RHI:       128/0/6096 MB DedicatedVideo/DedicatedSystem/SharedSystem, Outputs:0, VendorId:0x8086
[2018.11.07-01.35.40:752][  0]LogD3D11RHI:    2. 'Microsoft Basic Render Driver' (Feature Level 11_0)
[2018.11.07-01.35.40:752][  0]LogD3D11RHI:       0/0/6096 MB DedicatedVideo/DedicatedSystem/SharedSystem, Outputs:0, VendorId:0x1414
[2018.11.07-01.35.40:752][  0]LogD3D11RHI: Chosen D3D11 Adapter: 0
[2018.11.07-01.35.40:792][  0]LogD3D11RHI: Creating new Direct3DDevice
[2018.11.07-01.35.40:792][  0]LogD3D11RHI:     GPU DeviceId: 0x134f (for the marketing name, search the web for "GPU Device Id")
[2018.11.07-01.35.40:792][  0]LogWindows: EnumDisplayDevices:
[2018.11.07-01.35.40:793][  0]LogWindows:    0. 'Intel(R) HD Graphics 520' (P:1 D:1)
[2018.11.07-01.35.40:793][  0]LogWindows:    1. 'Intel(R) HD Graphics 520' (P:0 D:0)
[2018.11.07-01.35.40:793][  0]LogWindows:    2. 'Intel(R) HD Graphics 520' (P:0 D:0)
[2018.11.07-01.35.40:793][  0]LogWindows: DebugString: PrimaryIsNotTheChoosenAdapter PrimaryIsNotTheChoosenAdapter PrimaryIsNotTheChoosenAdapter FoundDriverCount:0 
[2018.11.07-01.35.40:793][  0]LogD3D11RHI:     Adapter Name: NVIDIA GeForce 920MX
[2018.11.07-01.35.40:793][  0]LogD3D11RHI:   Driver Version: Unknown (internal:Unknown, unified:Unknown)
[2018.11.07-01.35.40:793][  0]LogD3D11RHI:      Driver Date: Unknown
[2018.11.07-01.35.40:793][  0]LogRHI: Texture pool is 1414 MB (70% of 2020 MB)
[2018.11.07-01.35.40:983][  0]LogD3D11RHI: Async texture creation enabled
[2018.11.07-01.35.41:015][  0]LogD3D11RHI: GPU Timing Frequency: 1000.000000 (Debug: 2 1)
[2018.11.07-01.35.41:083][  0]LogShaderCompilers: Guid format shader working directory is -71 characters bigger than the processId version (../../../../../../Users/Kamikaze/Desktop/Unreal Engine Projects/Studio2ProjectFixedAgain/Studio2Project/Studio2ProjectT3/Intermediate/Shaders/WorkingDirectory/7224/).
[2018.11.07-01.35.41:123][  0]LogShaderCompilers: Cleaned the shader compiler working directory 'C:/Users/Kamikaze/AppData/Local/Temp/UnrealShaderWorkingDir/85FB4DDF45FD2835E42E7BB802036450/'.
[2018.11.07-01.35.47:906][  0]LogTemp: Display: Loaded TP AllDesktopTargetPlatform
[2018.11.07-01.35.47:921][  0]LogTemp: Display: Loaded TP MacClientTargetPlatform
[2018.11.07-01.35.47:937][  0]LogTemp: Display: Loaded TP MacNoEditorTargetPlatform
[2018.11.07-01.35.47:953][  0]LogTemp: Display: Loaded TP MacServerTargetPlatform
[2018.11.07-01.35.47:969][  0]LogTemp: Display: Loaded TP MacTargetPlatform
[2018.11.07-01.35.47:985][  0]LogTemp: Display: Loaded TP WindowsClientTargetPlatform
[2018.11.07-01.35.48:001][  0]LogTemp: Display: Loaded TP WindowsNoEditorTargetPlatform
[2018.11.07-01.35.48:016][  0]LogTemp: Display: Loaded TP WindowsServerTargetPlatform
[2018.11.07-01.35.48:024][  0]LogTemp: Display: Loaded TP WindowsTargetPlatform
[2018.11.07-01.35.48:115][  0]LogTemp: Display: Loaded TP AndroidTargetPlatform
[2018.11.07-01.35.48:115][  0]LogTemp: Display: Loaded TP AndroidTargetPlatform
[2018.11.07-01.35.48:115][  0]LogTemp: Display: Loaded TP AndroidTargetPlatform
[2018.11.07-01.35.48:115][  0]LogTemp: Display: Loaded TP AndroidTargetPlatform
[2018.11.07-01.35.48:115][  0]LogTemp: Display: Loaded TP AndroidTargetPlatform
[2018.11.07-01.35.48:115][  0]LogTemp: Display: Loaded TP AndroidTargetPlatform
[2018.11.07-01.35.48:115][  0]LogTemp: Display: Loaded TP AndroidTargetPlatform
[2018.11.07-01.35.48:115][  0]LogTemp: Display: Loaded TP AndroidTargetPlatform
[2018.11.07-01.35.48:115][  0]LogTemp: Display: Loaded TP AndroidTargetPlatform
[2018.11.07-01.35.48:115][  0]LogTemp: Display: Loaded TP AndroidTargetPlatform
[2018.11.07-01.35.48:115][  0]LogTemp: Display: Loaded TP AndroidTargetPlatform
[2018.11.07-01.35.48:115][  0]LogTemp: Display: Loaded TP AndroidTargetPlatform
[2018.11.07-01.35.48:115][  0]LogTemp: Display: Loaded TP AndroidTargetPlatform
[2018.11.07-01.35.48:115][  0]LogTemp: Display: Loaded TP AndroidTargetPlatform
[2018.11.07-01.35.48:115][  0]LogTemp: Display: Loaded TP AndroidTargetPlatform
[2018.11.07-01.35.48:115][  0]LogTemp: Display: Loaded TP AndroidTargetPlatform
[2018.11.07-01.35.48:115][  0]LogTemp: Display: Loaded TP AndroidTargetPlatform
[2018.11.07-01.35.48:115][  0]LogTemp: Display: Loaded TP AndroidTargetPlatform
[2018.11.07-01.35.48:116][  0]LogTemp: Display: Loaded TP HTML5TargetPlatform
[2018.11.07-01.35.48:179][  0]LogTemp: Display: Loaded TP IOSTargetPlatform
[2018.11.07-01.35.48:179][  0]LogTemp: Display: Loaded TP IOSTargetPlatform
[2018.11.07-01.35.48:205][  0]LogTemp: Display: Loaded TP TVOSTargetPlatform
[2018.11.07-01.35.48:205][  0]LogTemp: Display: Loaded TP TVOSTargetPlatform
[2018.11.07-01.35.48:218][  0]LogTemp: Display: Loaded TP LinuxClientTargetPlatform
[2018.11.07-01.35.48:232][  0]LogTemp: Display: Loaded TP LinuxNoEditorTargetPlatform
[2018.11.07-01.35.48:246][  0]LogTemp: Display: Loaded TP LinuxServerTargetPlatform
[2018.11.07-01.35.48:261][  0]LogTemp: Display: Loaded TP LinuxTargetPlatform
[2018.11.07-01.35.48:271][  0]LogTemp: Display: Loaded TP LuminTargetPlatform
[2018.11.07-01.35.48:271][  0]LogTargetPlatformManager: Display: Building Assets For Windows
[2018.11.07-01.35.50:938][  0]LogXGEController: Cannot use XGE Controller as Incredibuild is not installed on this machine.
[2018.11.07-01.35.50:938][  0]LogShaderCompilers: Cannot use XGE Shader Compiler as Incredibuild is not installed on this machine.
[2018.11.07-01.35.50:938][  0]LogShaderCompilers: Display: Using Local Shader Compiler.
[2018.11.07-01.36.06:541][  0]LogDerivedDataCache: Display: Max Cache Size: 512 MB
[2018.11.07-01.36.54:344][  0]LogDerivedDataCache: Loaded boot cache 47.74s 71MB C:/Users/Kamikaze/AppData/Local/UnrealEngine/4.20/DerivedDataCache/Boot.ddc.
[2018.11.07-01.36.54:344][  0]LogDerivedDataCache: Display: Loaded Boot cache: C:/Users/Kamikaze/AppData/Local/UnrealEngine/4.20/DerivedDataCache/Boot.ddc
[2018.11.07-01.36.54:345][  0]LogDerivedDataCache: FDerivedDataBackendGraph:  Pak pak cache file ../../../../../../Users/Kamikaze/Desktop/Unreal Engine Projects/Studio2ProjectFixedAgain/Studio2Project/Studio2ProjectT3/DerivedDataCache/DDC.ddp not found, will not use a pak cache.
[2018.11.07-01.36.54:345][  0]LogDerivedDataCache: Unable to find inner node Pak for hierarchical cache Hierarchy.
[2018.11.07-01.36.54:345][  0]LogDerivedDataCache: FDerivedDataBackendGraph:  CompressedPak pak cache file ../../../../../../Users/Kamikaze/Desktop/Unreal Engine Projects/Studio2ProjectFixedAgain/Studio2Project/Studio2ProjectT3/DerivedDataCache/Compressed.ddp not found, will not use a pak cache.
[2018.11.07-01.36.54:345][  0]LogDerivedDataCache: Unable to find inner node CompressedPak for hierarchical cache Hierarchy.
[2018.11.07-01.36.54:417][  0]LogDerivedDataCache: Display: Pak cache opened for reading ../../../Engine/DerivedDataCache/Compressed.ddp.
[2018.11.07-01.36.54:463][  0]LogDerivedDataCache: Using Local data cache path C:/Users/Kamikaze/AppData/Local/UnrealEngine/Common/DerivedDataCache: Writable
[2018.11.07-01.36.54:463][  0]LogDerivedDataCache: Shared data cache path not found in *engine.ini, will not use an Shared cache.
[2018.11.07-01.36.54:463][  0]LogDerivedDataCache: Unable to find inner node Shared for hierarchical cache Hierarchy.
[2018.11.07-01.36.54:484][  0]LogMaterial: Verifying Global Shaders for PCD3D_SM5
[2018.11.07-01.36.54:512][  0]LogSlate: Using FreeType 2.6.0
[2018.11.07-01.36.54:597][  0]LogSlate: SlateFontServices - WITH_FREETYPE: 1, WITH_HARFBUZZ: 1
[2018.11.07-01.36.56:571][  0]LogAssetRegistry: FAssetRegistry took 0.0265 seconds to start up
[2018.11.07-01.36.57:546][  0]LogInit: Selected Device Profile: [Windows]
[2018.11.07-01.37.02:423][  0]LogSimplygon: Simplygon DLL not present - disabling.
[2018.11.07-01.37.02:996][  0]LogMeshReduction: Using SimplygonSwarm for distributed automatic mesh merging
[2018.11.07-01.37.02:997][  0]LogMeshReduction: Using ProxyLODMeshReduction for automatic mesh merging
[2018.11.07-01.37.03:021][  0]LogMeshReduction: Using QuadricMeshReduction for automatic static mesh reduction
[2018.11.07-01.37.03:021][  0]LogMeshReduction: No automatic skeletal mesh reduction module available
[2018.11.07-01.37.03:559][  0]LogNetVersion: Studio2ProjectT3 1.0.0, NetCL: 4212847, EngineNetVer: 5, GameNetVer: 0 (Checksum: 167173112)
[2018.11.07-01.37.17:355][  0]LogPackageLocalizationCache: Processed 11 localized package path(s) for 2 prioritized culture(s) in 0.496159 seconds
[2018.11.07-01.37.17:365][  0]LogUObjectArray: 38425 objects as part of root set at end of initial load.
[2018.11.07-01.37.17:365][  0]LogUObjectAllocator: 6690864 out of 0 bytes used by permanent object pool.
[2018.11.07-01.37.17:365][  0]LogUObjectArray: CloseDisregardForGC: 0/0 objects in disregard for GC pool
[2018.11.07-01.38.00:002][  0]LogTcpMessaging: Initializing TcpMessaging bridge
[2018.11.07-01.38.00:187][  0]LogUdpMessaging: Initializing bridge on interface 0.0.0.0:0 to multicast group 230.0.0.1:6666.
[2018.11.07-01.38.01:770][  0]SourceControl: Source control is disabled
[2018.11.07-01.38.01:770][  0]SourceControl: Source control is disabled
[2018.11.07-01.38.01:854][  0]SourceControl: Source control is disabled
[2018.11.07-01.38.01:858][  0]SourceControl: Source control is disabled
[2018.11.07-01.38.02:876][  0]LogAndroidPermission: UAndroidPermissionCallbackProxy::GetInstance
[2018.11.07-01.38.03:112][  0]LogOcInput: OculusInput pre-init called
[2018.11.07-01.38.03:783][  0]LogEngine: Initializing Engine...
[2018.11.07-01.38.03:784][  0]LogHMD: Failed to initialize OpenVR with code 101
[2018.11.07-01.38.03:786][  0]LogStats: UGameplayTagsManager::ConstructGameplayTagTree: ImportINI prefixes -  0.000 s
[2018.11.07-01.38.03:786][  0]LogStats: UGameplayTagsManager::ConstructGameplayTagTree: Construct from data asset -  0.000 s
[2018.11.07-01.38.03:786][  0]LogStats: UGameplayTagsManager::ConstructGameplayTagTree: ImportINI -  0.000 s
[2018.11.07-01.38.03:786][  0]LogStats: UGameplayTagsManager::ConstructGameplayTagTree: GameplayTagTreeChangedEvent.Broadcast -  0.000 s
[2018.11.07-01.38.04:696][  0]LogInit: Initializing FReadOnlyCVARCache
[2018.11.07-01.38.04:810][  0]LogAIModule: Creating AISystem for world Untitled
[2018.11.07-01.38.04:843][  0]LogInit: XAudio2 using 'Speakers (Conexant SmartAudio HD)' : 2 channels at 44.1 kHz using 32 bits per sample (channel mask 0x3)
[2018.11.07-01.38.05:003][  0]LogInit: FAudioDevice initialized.
[2018.11.07-01.38.05:003][  0]LogNetVersion: Set ProjectVersion to 1.0.0.0. Version Checksum will be recalculated on next use.
[2018.11.07-01.38.06:983][  0]LogDerivedDataCache: Saved boot cache 1.98s 71MB C:/Users/Kamikaze/AppData/Local/UnrealEngine/4.20/DerivedDataCache/Boot.ddc.
[2018.11.07-01.38.06:987][  0]LogInit: Texture streaming: Enabled
[2018.11.07-01.38.07:853][  0]LogEngineSessionManager: EngineSessionManager initialized
[2018.11.07-01.38.10:176][  0]LogInit: Transaction tracking system initialized
[2018.11.07-01.38.11:388][  0]BlueprintLog: New page: Editor Load
[2018.11.07-01.38.14:349][  0]LocalizationService: Localization service is disabled
[2018.11.07-01.38.24:004][  0]LogCook: Display: Max memory allowance for cook 16384mb min free memory 0mb
[2018.11.07-01.38.24:004][  0]LogCook: Display: Mobile HDR setting 1
[2018.11.07-01.38.24:004][  0]LogGameplayTags: Display: UGameplayTagsManager::DoneAddingNativeTags. DelegateIsBound: 0
[2018.11.07-01.38.24:004][  0]LogStats: UGameplayTagsManager::ConstructGameplayTagTree: ImportINI prefixes -  0.000 s
[2018.11.07-01.38.24:004][  0]LogStats: UGameplayTagsManager::ConstructGameplayTagTree: Construct from data asset -  0.000 s
[2018.11.07-01.38.24:004][  0]LogStats: UGameplayTagsManager::ConstructGameplayTagTree: ImportINI -  0.000 s
[2018.11.07-01.38.24:004][  0]LogStats: UGameplayTagsManager::ConstructGameplayTagTree: GameplayTagTreeChangedEvent.Broadcast -  0.000 s
[2018.11.07-01.38.25:484][  0]LogFileCache: Scanning file cache for directory 'C:/Users/Kamikaze/Desktop/Unreal Engine Projects/Studio2ProjectFixedAgain/Studio2Project/Studio2ProjectT3/Content/' took 0.43s
[2018.11.07-01.38.35:818][  0]SourceControl: Source control is disabled
[2018.11.07-01.38.36:108][  0]LightingResults: New page: Lighting Build
[2018.11.07-01.38.36:225][  0]MapCheck: New page: Map Check
[2018.11.07-01.38.36:225][  0]LightingResults: New page: Lighting Build
[2018.11.07-01.39.01:768][  0]LogAIModule: Creating AISystem for world FirstPersonExampleMap
[2018.11.07-01.39.01:871][  0]LogEditorServer: Finished looking for orphan Actors (0.000 secs)
[2018.11.07-01.39.01:915][  0]Cmd: MAP CHECKDEP NOCLEARLOG
[2018.11.07-01.39.01:996][  0]MapCheck: Map check complete: 0 Error(s), 0 Warning(s), took 80.594ms to complete.
[2018.11.07-01.39.01:996][  0]LogFileHelpers: Loading map 'FirstPersonExampleMap' took 26.152
[2018.11.07-01.39.04:698][  0]LogSlate: Updating window title bar state: overlay mode, drag disabled, window buttons hidden, title bar hidden
[2018.11.07-01.39.04:707][  0]LogSlate: Updating window title bar state: overlay mode, drag disabled, window buttons hidden, title bar hidden
[2018.11.07-01.39.04:716][  0]LogSlate: Updating window title bar state: overlay mode, drag disabled, window buttons hidden, title bar hidden
[2018.11.07-01.39.04:726][  0]LogSlate: Updating window title bar state: overlay mode, drag disabled, window buttons hidden, title bar hidden
[2018.11.07-01.39.05:139][  0]LogCollectionManager: Loaded 0 collections in 0.002313 seconds
[2018.11.07-01.39.05:272][  0]LogFileCache: Scanning file cache for directory 'C:/Users/Kamikaze/Desktop/Unreal Engine Projects/Studio2ProjectFixedAgain/Studio2Project/Studio2ProjectT3/Saved/Collections/' took 0.01s
[2018.11.07-01.39.05:272][  0]LogFileCache: Scanning file cache for directory 'C:/Users/Kamikaze/Desktop/Unreal Engine Projects/Studio2ProjectFixedAgain/Studio2Project/Studio2ProjectT3/Content/Developers/Kamikaze/Collections/' took 0.01s
[2018.11.07-01.39.05:272][  0]LogFileCache: Scanning file cache for directory 'C:/Users/Kamikaze/Desktop/Unreal Engine Projects/Studio2ProjectFixedAgain/Studio2Project/Studio2ProjectT3/Content/Collections/' took 0.01s
[2018.11.07-01.39.05:272][  0]LogCollectionManager: Rebuilt the GUID cache for 0 collections in 0.000000 seconds
[2018.11.07-01.39.05:282][  0]LogContentBrowser: Native class hierarchy populated in 0.0100 seconds. Added 2572 classes and 603 folders.
[2018.11.07-01.39.05:770][  0]LogContentBrowser: Native class hierarchy updated for 'WidgetCarousel' in 0.0003 seconds. Added 0 classes and 0 folders.
[2018.11.07-01.39.09:742][  0]LogContentBrowser: Native class hierarchy updated for 'AddContentDialog' in 0.0002 seconds. Added 0 classes and 0 folders.
[2018.11.07-01.39.09:907][  0]LogContentBrowser: Native class hierarchy updated for 'SceneOutliner' in 0.0003 seconds. Added 1 classes and 2 folders.
[2018.11.07-01.39.10:317][  0]LogContentBrowser: Native class hierarchy updated for 'WorldBrowser' in 0.0003 seconds. Added 2 classes and 3 folders.
[2018.11.07-01.39.10:544][  0]LogSlate: Took 0.151899 seconds to synchronously load lazily loaded font '../../../Engine/Content/Slate/Fonts/Roboto-Regular.ttf' (155K)
[2018.11.07-01.39.10:569][  0]LogSlate: Took 0.022791 seconds to synchronously load lazily loaded font '../../../Engine/Content/Slate/Fonts/Roboto-Bold.ttf' (160K)
[2018.11.07-01.39.10:591][  0]LogSlate: Took 0.015938 seconds to synchronously load lazily loaded font '../../../Engine/Content/Editor/Slate/Fonts/FontAwesome.ttf' (139K)
[2018.11.07-01.39.10:974][  0]LogRenderer: Reallocating scene render targets to support 988x344 Format 9 NumSamples 1 (Frame:1).
[2018.11.07-01.39.11:608][  0]LogContentBrowser: Native class hierarchy updated for 'HierarchicalLODOutliner' in 0.0003 seconds. Added 0 classes and 0 folders.
[2018.11.07-01.39.11:608][  0]LogLoad: (Engine Initialization) Total time: 524.08 seconds
[2018.11.07-01.39.11:608][  0]LogLoad: (Engine Initialization) Total Blueprint compile time: 0.00 seconds
[2018.11.07-01.39.11:721][  0]LogContentStreaming: Texture pool size now 600 MB
[2018.11.07-01.39.12:277][  4]LogSlate: Took 0.026497 seconds to synchronously load lazily loaded font '../../../Engine/Content/Slate/Fonts/Roboto-Light.ttf' (167K)
[2018.11.07-01.39.12:473][  5]LogAssetRegistry: Asset discovery search completed in 135.9238 seconds
[2018.11.07-01.39.12:476][  5]LogCollectionManager: Rebuilt the object cache for 0 collections in 0.000000 seconds (found 0 objects)
[2018.11.07-01.39.12:476][  5]LogCollectionManager: Fixed up redirectors for 0 collections in 0.000070 seconds (updated 0 objects)
[2018.11.07-01.39.16:528][ 17]LogSlate: FSceneViewport::OnFocusLost() reason 0
[2018.11.07-01.39.16:925][ 28]LogFileCache: Retrieving MD5 hashes for directory 'C:/Users/Kamikaze/Desktop/Unreal Engine Projects/Studio2ProjectFixedAgain/Studio2Project/Studio2ProjectT3/Content/' took 5.24s
[2018.11.07-01.39.19:232][124]LogSlate: Took 0.000298 seconds to synchronously load lazily loaded font '../../../Engine/Content/Slate/Fonts/Roboto-Light.ttf' (167K)
[2018.11.07-01.39.22:032][124]LogLinker: Warning: Can't find file '/Game/KiteDemo/Environments/Trees/Tree_Stump_01/D_Tree_Stump_01_D_R'
[2018.11.07-01.39.22:032][124]LogLinker: Warning: Can't find file for asset '/Game/KiteDemo/Environments/Trees/Tree_Stump_01/D_Tree_Stump_01_D_R' while loading ../../../../../../Users/Kamikaze/Desktop/Unreal Engine Projects/Studio2ProjectFixedAgain/Studio2Project/Studio2ProjectT3/Content/KiteDemo/Environments/Trees/Tree_Stump_01/MI_Tree_Stump_01.uasset.
[2018.11.07-01.39.22:032][124]LoadErrors: Error: /Game/KiteDemo/Environments/Trees/Tree_Stump_01/MI_Tree_Stump_01 : Can't find file for asset. /Game/KiteDemo/Environments/Trees/Tree_Stump_01/D_Tree_Stump_01_D_R
[2018.11.07-01.39.22:083][124]LogLinker: Warning: Can't find file '/Game/KiteDemo/Environments/Trees/Tree_Stump_01/D_Tree_Stump_01_D_R'
[2018.11.07-01.39.22:083][124]LogLinker: Warning: Can't find file for asset '/Game/KiteDemo/Environments/Trees/Tree_Stump_01/D_Tree_Stump_01_D_R' while loading ../../../../../../Users/Kamikaze/Desktop/Unreal Engine Projects/Studio2ProjectFixedAgain/Studio2Project/Studio2ProjectT3/Content/KiteDemo/Environments/Trees/Tree_Stump_01/MI_Tree_Stump_01.uasset.
[2018.11.07-01.39.29:618][124]LogLinker: Warning: Can't find file '/Game/KiteDemo/Environments/Trees/Tree_Stump_01/D_Tree_Stump_01_D_R'
[2018.11.07-01.39.29:618][124]LoadErrors: Failed to load /Game/KiteDemo/Environments/Trees/Tree_Stump_01/D_Tree_Stump_01_D_R.D_Tree_Stump_01_D_R Referenced by MI_Tree_Stump_01
[2018.11.07-01.39.29:618][124]LogLinker: Warning: Can't find file for asset '/Game/KiteDemo/Environments/Trees/Tree_Stump_01/D_Tree_Stump_01_D_R' while loading NULL.
[2018.11.07-01.56.59:035][124]LogDerivedDataCache: Warning: C:/Users/Kamikaze/AppData/Local/UnrealEngine/Common/DerivedDataCache is very slow (0.00MB/s) when accessing C:/Users/Kamikaze/AppData/Local/UnrealEngine/Common/DerivedDataCache/6/9/8/TEXTURE_68A083899C6F4316B8CE0E2958EDE2C2_BGRA8_05230FAA4EC8EB27641C77A48D49479__CC71A3F203686548DE0AE1BAEBCFA3501CDCD442.udd, consider disabling it.
[2018.11.07-01.56.59:035][124]LogDerivedDataCache: Warning: C:/Users/Kamikaze/AppData/Local/UnrealEngine/Common/DerivedDataCache is very slow (0.00MB/s) when accessing C:/Users/Kamikaze/AppData/Local/UnrealEngine/Common/DerivedDataCache/6/3/3/TEXTURE_68A083899C6F4316B8CE0E2958EDE2C2_BGRA8_3CA14C4F4DE843F3A5A019825E33D9E__91B3FE75BCD912135E6B72CFA46BF953B9E861F1.udd, consider disabling it.
[2018.11.07-01.57.24:005][124]LogAIModule: Creating AISystem for world DavisPlainsLevel2
[2018.11.07-01.57.24:389][124]LogMaterial: Warning: Material /Game/SoulCave/Environment/Materials/Foliage/M_Aspen_Tree_Bark.M_Aspen_Tree_Bark needed to have new flag set bUsedWithInstancedStaticMeshes !
[2018.11.07-01.57.24:392][124]LogMaterial: Display: Missing cached shader map for material M_Aspen_Tree_Bark, compiling. 
[2018.11.07-01.57.24:486][124]MapCheck: Warning: M_Aspen_Tree_Bark Material /Game/SoulCave/Environment/Materials/Foliage/M_Aspen_Tree_Bark.M_Aspen_Tree_Bark was missing the usage flag bUsedWithInstancedStaticMeshes. If the material asset is not re-saved, it may not render correctly when run outside the editor. Fix
[2018.11.07-01.57.24:489][124]LogShaderCompilers: Display: Shaders left to compile 61
[2018.11.07-01.57.24:489][124]LogShaderCompilers: Display: Shaders left to compile 51
[2018.11.07-01.57.24:489][124]LogShaderCompilers: Display: Shaders left to compile 41
[2018.11.07-01.57.24:493][124]LogMaterial: Warning: Material /Game/SoulCave/Environment/Materials/Foliage/M_Aspen_Tree_Unlit_Blowing.M_Aspen_Tree_Unlit_Blowing needed to have new flag set bUsedWithInstancedStaticMeshes !
[2018.11.07-01.57.24:537][124]LogMaterial: Display: Missing cached shader map for material M_Aspen_Tree_Unlit_Blowing, compiling. 
[2018.11.07-01.57.24:570][124]MapCheck: Warning: M_Aspen_Tree_Unlit_Blowing Material /Game/SoulCave/Environment/Materials/Foliage/M_Aspen_Tree_Unlit_Blowing.M_Aspen_Tree_Unlit_Blowing was missing the usage flag bUsedWithInstancedStaticMeshes. If the material asset is not re-saved, it may not render correctly when run outside the editor. Fix
[2018.11.07-01.57.24:571][124]LogMaterial: Warning: Material /Game/SoulCave/Environment/Materials/Foliage/M_Cave_Grass.M_Cave_Grass needed to have new flag set bUsedWithInstancedStaticMeshes !
[2018.11.07-01.57.24:573][124]LogMaterial: Display: Missing cached shader map for material M_Cave_Grass, compiling. 
[2018.11.07-01.57.24:644][124]MapCheck: Warning: M_Cave_Grass Material /Game/SoulCave/Environment/Materials/Foliage/M_Cave_Grass.M_Cave_Grass was missing the usage flag bUsedWithInstancedStaticMeshes. If the material asset is not re-saved, it may not render correctly when run outside the editor. Fix
[2018.11.07-01.57.24:935][124]LogMaterial: Display: Missing cached shader map for material M_Cave_Grass, compiling. 
[2018.11.07-01.57.24:986][124]LogMaterial: Warning: Material /Game/InfinityBladeGrassLands/Environments/Plains/Env_Plains_Flora/Materials/M_PLains_Fern01.M_PLains_Fern01 needed to have new flag set bUsedWithInstancedStaticMeshes !
[2018.11.07-01.57.24:988][124]LogMaterial: Display: Missing cached shader map for material M_PLains_Fern01, compiling. 
[2018.11.07-01.57.25:039][124]MapCheck: Warning: M_PLains_Fern01 Material /Game/InfinityBladeGrassLands/Environments/Plains/Env_Plains_Flora/Materials/M_PLains_Fern01.M_PLains_Fern01 was missing the usage flag bUsedWithInstancedStaticMeshes. If the material asset is not re-saved, it may not render correctly when run outside the editor. Fix
[2018.11.07-01.57.25:040][124]LogMaterial: Warning: Material /Game/SoulCave/Environment/Materials/Nature/M_Soul_Tree02.M_Soul_Tree02 needed to have new flag set bUsedWithInstancedStaticMeshes !
[2018.11.07-01.57.25:043][124]LogMaterial: Display: Missing cached shader map for material M_Soul_Tree02, compiling. 
[2018.11.07-01.57.25:095][124]MapCheck: Warning: M_Soul_Tree02 Material /Game/SoulCave/Environment/Materials/Nature/M_Soul_Tree02.M_Soul_Tree02 was missing the usage flag bUsedWithInstancedStaticMeshes. If the material asset is not re-saved, it may not render correctly when run outside the editor. Fix
[2018.11.07-01.57.25:096][124]LogMaterial: Warning: Material /Game/InfinityBladeGrassLands/Environments/Earth/Materials/M_Exo_Generic_Plants.M_Exo_Generic_Plants needed to have new flag set bUsedWithInstancedStaticMeshes !
[2018.11.07-01.57.25:145][124]LogMaterial: Display: Missing cached shader map for material M_Exo_Generic_Plants, compiling. 
[2018.11.07-01.57.25:198][124]MapCheck: Warning: M_Exo_Generic_Plants Material /Game/InfinityBladeGrassLands/Environments/Earth/Materials/M_Exo_Generic_Plants.M_Exo_Generic_Plants was missing the usage flag bUsedWithInstancedStaticMeshes. If the material asset is not re-saved, it may not render correctly when run outside the editor. Fix
[2018.11.07-01.57.25:198][124]LogMaterial: Warning: Material /Game/SoulCave/Environment/Materials/Rocks/M_Cave_Rock_MASTER_VertexPaint_MOSS.M_Cave_Rock_MASTER_VertexPaint_Moss needed to have new flag set bUsedWithInstancedStaticMeshes !
[2018.11.07-01.57.25:267][124]LogMaterial: Display: Missing cached shader map for material M_Cave_Rock_MASTER_VertexPaint_Moss, compiling. 
[2018.11.07-01.57.25:337][124]MapCheck: Warning: M_Cave_Rock_MASTER_VertexPaint_Moss Material /Game/SoulCave/Environment/Materials/Rocks/M_Cave_Rock_MASTER_VertexPaint_MOSS.M_Cave_Rock_MASTER_VertexPaint_Moss was missing the usage flag bUsedWithInstancedStaticMeshes. If the material asset is not re-saved, it may not render correctly when run outside the editor. Fix
[2018.11.07-01.57.25:338][124]LogMaterial: Warning: Material /Game/SoulCave/Environment/Materials/Nature/M_Soul_TwistedTree.M_Soul_TwistedTree needed to have new flag set bUsedWithInstancedStaticMeshes !
[2018.11.07-01.57.25:340][124]LogMaterial: Display: Missing cached shader map for material M_Soul_TwistedTree, compiling. 
[2018.11.07-01.57.25:375][124]MapCheck: Warning: M_Soul_TwistedTree Material /Game/SoulCave/Environment/Materials/Nature/M_Soul_TwistedTree.M_Soul_TwistedTree was missing the usage flag bUsedWithInstancedStaticMeshes. If the material asset is not re-saved, it may not render correctly when run outside the editor. Fix
[2018.11.07-01.57.25:376][124]LogMaterial: Warning: Material /Game/InfinityBladeGrassLands/Environments/Plains/Env_Plains_Flora/Materials/M_Plains_Tree_Stump01.M_Plains_Tree_Stump01 needed to have new flag set bUsedWithInstancedStaticMeshes !
[2018.11.07-01.57.25:379][124]LogMaterial: Display: Missing cached shader map for material M_Plains_Tree_Stump01, compiling. 
[2018.11.07-01.57.25:418][124]MapCheck: Warning: M_Plains_Tree_Stump01 Material /Game/InfinityBladeGrassLands/Environments/Plains/Env_Plains_Flora/Materials/M_Plains_Tree_Stump01.M_Plains_Tree_Stump01 was missing the usage flag bUsedWithInstancedStaticMeshes. If the material asset is not re-saved, it may not render correctly when run outside the editor. Fix
[2018.11.07-01.57.25:431][124]LogAssetEditorManager: Opening Asset editor for World /Game/FirstPersonBP/Levels/Level2/DavisPlainsLevel2.DavisPlainsLevel2
[2018.11.07-01.57.25:459][124]LightingResults: New page: Lighting Build
[2018.11.07-01.57.25:460][124]LoadErrors: New page: Loading map: DavisPlainsLevel2.umap
[2018.11.07-01.57.25:462][124]MapCheck: New page: Map Check
[2018.11.07-01.57.25:462][124]LightingResults: New page: Lighting Build
[2018.11.07-01.57.58:323][124]LogShaderCompilers: Display: Shaders left to compile 840
[2018.11.07-01.57.58:323][124]LogShaderCompilers: Display: Shaders left to compile 830
[2018.11.07-01.57.58:323][124]LogShaderCompilers: Display: Shaders left to compile 820
[2018.11.07-01.57.58:323][124]LogShaderCompilers: Display: Shaders left to compile 810
[2018.11.07-01.57.58:324][124]LogStreaming: Display: ULevelStreaming::RequestLevel(/Game/FirstPersonBP/Levels/OneTrueLevel) is flushing async loading
[2018.11.07-01.57.58:324][124]LogStreaming: Display: Flushing async loaders.
[2018.11.07-01.58.05:144][124]LogShaderCompilers: Display: Shaders left to compile 800
[2018.11.07-01.58.05:144][124]LogShaderCompilers: Display: Shaders left to compile 790
[2018.11.07-01.58.05:144][124]LogShaderCompilers: Display: Shaders left to compile 780
[2018.11.07-01.58.05:144][124]LogShaderCompilers: Display: Shaders left to compile 770
[2018.11.07-01.58.05:144][124]LogShaderCompilers: Display: Shaders left to compile 760
[2018.11.07-01.58.05:144][124]LogShaderCompilers: Display: Shaders left to compile 750
[2018.11.07-01.58.05:237][124]LogMaterial: Display: Missing cached shader map for material Waterfall_texture_1_Mat, compiling. 
[2018.11.07-01.58.09:682][124]LogShaderCompilers: Display: Shaders left to compile 740
[2018.11.07-01.58.09:682][124]LogShaderCompilers: Display: Shaders left to compile 730
[2018.11.07-01.58.09:682][124]LogShaderCompilers: Display: Shaders left to compile 807
[2018.11.07-01.58.09:682][124]LogShaderCompilers: Display: Shaders left to compile 797
[2018.11.07-01.58.09:682][124]LogStreaming: Display: ULevelStreaming::RequestLevel(/Game/FirstPersonBP/Levels/StephenTestLevel) is flushing async loading
[2018.11.07-01.58.15:540][124]LogShaderCompilers: Display: Shaders left to compile 787
[2018.11.07-01.58.15:540][124]LogShaderCompilers: Display: Shaders left to compile 777
[2018.11.07-01.58.15:540][124]LogShaderCompilers: Display: Shaders left to compile 767
[2018.11.07-01.58.15:540][124]LogShaderCompilers: Display: Shaders left to compile 757
[2018.11.07-01.58.15:540][124]LogShaderCompilers: Display: Shaders left to compile 747
[2018.11.07-01.58.15:543][124]LogMaterial: Display: Missing cached shader map for material WaterSpray, compiling. 
[2018.11.07-01.58.15:990][124]LogShaderCompilers: Display: Shaders left to compile 824
[2018.11.07-01.58.15:990][124]LogMaterial: Display: Missing cached shader map for material WaterfallSmoke_SubUV, compiling. 
[2018.11.07-01.58.16:506][124]LogStaticMesh: Building static mesh SM_Cave_Rock_Ceiling...
[2018.11.07-01.58.16:702][124]LogStaticMesh: Built static mesh [0.21s] /Game/SoulCave/Environment/Meshes/Rocks/SM_Cave_Rock_Ceiling.SM_Cave_Rock_Ceiling
[2018.11.07-01.58.18:431][124]LogShaderCompilers: Display: Shaders left to compile 907
[2018.11.07-01.58.18:431][124]LogStaticMesh: Building static mesh SM_Cave_Rock_Medium01...
[2018.11.07-01.58.18:480][124]LogShaderCompilers: Display: Shaders left to compile 897
[2018.11.07-01.58.18:480][124]LogShaderCompilers: Display: Shaders left to compile 887
[2018.11.07-01.58.18:480][124]LogStaticMesh: Built static mesh [1.69s] /Game/SoulCave/Environment/Meshes/Rocks/SM_Cave_Rock_Medium01.SM_Cave_Rock_Medium01
[2018.11.07-01.58.20:212][124]LogMaterial: Display: Missing cached shader map for material M_Cave_Rock_MASTER_VertexPaint_Moss, compiling. 
[2018.11.07-01.58.20:270][124]LogStreaming: Display: ULevelStreaming::RequestLevel(/Game/FirstPersonBP/Levels/Level2/StephenLakeLevel2) is flushing async loading
[2018.11.07-01.58.22:104][124]LogShaderCompilers: Display: Shaders left to compile 938
[2018.11.07-01.58.22:104][124]LogShaderCompilers: Display: Shaders left to compile 928
[2018.11.07-01.58.22:104][124]LogShaderCompilers: Display: Shaders left to compile 918
[2018.11.07-01.58.22:252][124]LogStreaming: Display: ULevelStreaming::RequestLevel(/Game/FirstPersonBP/Levels/Level2/Mountains2Stephen) is flushing async loading
[2018.11.07-01.58.27:538][124]LogShaderCompilers: Display: Shaders left to compile 908
[2018.11.07-01.58.27:538][124]LogShaderCompilers: Display: Shaders left to compile 898
[2018.11.07-01.58.27:538][124]LogShaderCompilers: Display: Shaders left to compile 888
[2018.11.07-01.58.27:538][124]LogShaderCompilers: Display: Shaders left to compile 878
[2018.11.07-01.58.27:538][124]LogShaderCompilers: Display: Shaders left to compile 868
[2018.11.07-01.58.27:767][124]LogStreaming: Display: ULevelStreaming::RequestLevel(/Game/FirstPersonBP/Levels/Level2/Mountains2Davis) is flushing async loading
[2018.11.07-01.58.29:177][124]LogEditorServer: Finished looking for orphan Actors (0.000 secs)
[2018.11.07-01.58.29:257][124]Cmd: MAP CHECKDEP NOCLEARLOG
[2018.11.07-01.58.29:257][124]LogEditorServer: Warning: WorldSettings contains streaming level '/Game/FirstPersonBP/Levels/OneTrueLevel' which isn't loaded.
[2018.11.07-01.58.29:257][124]LogEditorServer: Warning: WorldSettings contains streaming level '/Game/FirstPersonBP/Levels/DavisLevel' which isn't loaded.
[2018.11.07-01.58.29:257][124]LogEditorServer: Warning: WorldSettings contains streaming level '/Game/FirstPersonBP/Levels/StephenMountains' which isn't loaded.
[2018.11.07-01.58.29:257][124]LogEditorServer: Warning: WorldSettings contains streaming level '/Game/FirstPersonBP/Levels/OneTrueLevel' which isn't loaded.
[2018.11.07-01.58.29:257][124]LogEditorServer: Warning: WorldSettings contains streaming level '/Game/FirstPersonBP/Levels/DavisLevel' which isn't loaded.
[2018.11.07-01.58.29:257][124]LogEditorServer: Warning: WorldSettings contains streaming level '/Game/FirstPersonBP/Levels/StephenMountains' which isn't loaded.
[2018.11.07-01.58.29:257][124]LogEditorServer: Warning: WorldSettings contains streaming level '/Game/FirstPersonBP/Levels/StephenTestLevel' which isn't loaded.
[2018.11.07-01.58.29:257][124]LogEditorServer: Warning: WorldSettings contains streaming level '/Game/FirstPersonBP/Levels/OneTrueLevel' which isn't loaded.
[2018.11.07-01.58.29:257][124]LogEditorServer: Warning: WorldSettings contains streaming level '/Game/FirstPersonBP/Levels/DavisLevel' which isn't loaded.
[2018.11.07-01.58.29:257][124]LogEditorServer: Warning: WorldSettings contains streaming level '/Game/FirstPersonBP/Levels/Level2/Mountains2Davis' which isn't loaded.
[2018.11.07-01.58.29:257][124]LogEditorServer: Warning: WorldSettings contains streaming level '/Game/FirstPersonBP/Levels/Level2/StephenLakeLevel2' which isn't loaded.
[2018.11.07-01.58.29:257][124]LogEditorServer: Warning: WorldSettings contains streaming level '/Game/FirstPersonBP/Levels/Level2/DavisPlainsLevel2' which isn't loaded.
[2018.11.07-01.58.29:257][124]LogEditorServer: Warning: WorldSettings contains streaming level '/Game/FirstPersonBP/Levels/StephenTestLevel' which isn't loaded.
[2018.11.07-01.58.29:257][124]LogEditorServer: Warning: WorldSettings contains streaming level '/Game/FirstPersonBP/Levels/OneTrueLevel' which isn't loaded.
[2018.11.07-01.58.29:257][124]LogEditorServer: Warning: WorldSettings contains streaming level '/Game/FirstPersonBP/Levels/DavisLevel' which isn't loaded.
[2018.11.07-01.58.29:257][124]LogEditorServer: Warning: WorldSettings contains streaming level '/Game/FirstPersonBP/Levels/Level2/StephenLakeLevel2' which isn't loaded.
[2018.11.07-01.58.29:257][124]LogEditorServer: Warning: WorldSettings contains streaming level '/Game/FirstPersonBP/Levels/Level2/Mountains2Stephen' which isn't loaded.
[2018.11.07-01.58.29:257][124]LogEditorServer: Warning: WorldSettings contains streaming level '/Game/FirstPersonBP/Levels/StephenMountains' which isn't loaded.
[2018.11.07-01.58.29:257][124]LogEditorServer: Warning: WorldSettings contains streaming level '/Game/FirstPersonBP/Levels/Level2/DavisPlainsLevel2' which isn't loaded.
[2018.11.07-01.58.29:508][124]MapCheck: Map check complete: 0 Error(s), 0 Warning(s), took 249.988ms to complete.
[2018.11.07-01.58.29:509][124]LogFileHelpers: Loading map 'DavisPlainsLevel2' took 64.051
[2018.11.07-01.58.30:367][147]LogShaderCompilers: Display: Shaders left to compile 858
[2018.11.07-01.58.32:719][304]LogSlate: Window 'Message Log' being destroyed
[2018.11.07-01.58.32:724][304]LogSlate: Window 'Message Log' being destroyed
[2018.11.07-01.58.36:109][534]LogSlate: FSceneViewport::OnFocusLost() reason 0
[2018.11.07-01.58.36:298][551]LogRenderer: Reallocating scene render targets to support 988x348 Format 9 NumSamples 1 (Frame:327).
[2018.11.07-01.58.36:341][552]LogRenderer: Reallocating scene render targets to support 988x360 Format 9 NumSamples 1 (Frame:329).
[2018.11.07-01.58.36:392][553]LogRenderer: Reallocating scene render targets to support 988x368 Format 9 NumSamples 1 (Frame:331).
[2018.11.07-01.58.36:444][554]LogRenderer: Reallocating scene render targets to support 988x384 Format 9 NumSamples 1 (Frame:333).
[2018.11.07-01.58.36:494][555]LogRenderer: Reallocating scene render targets to support 988x416 Format 9 NumSamples 1 (Frame:335).
[2018.11.07-01.58.36:542][556]LogRenderer: Reallocating scene render targets to support 988x436 Format 9 NumSamples 1 (Frame:337).
[2018.11.07-01.58.36:575][556]LogShaderCompilers: Display: Shaders left to compile 848
[2018.11.07-01.58.36:590][557]LogRenderer: Reallocating scene render targets to support 988x456 Format 9 NumSamples 1 (Frame:339).
[2018.11.07-01.58.36:643][558]LogRenderer: Reallocating scene render targets to support 988x468 Format 9 NumSamples 1 (Frame:341).
[2018.11.07-01.58.36:690][559]LogRenderer: Reallocating scene render targets to support 988x476 Format 9 NumSamples 1 (Frame:343).
[2018.11.07-01.58.36:739][560]LogRenderer: Reallocating scene render targets to support 988x504 Format 9 NumSamples 1 (Frame:345).
[2018.11.07-01.58.37:198][561]LogRenderer: Reallocating scene render targets to support 988x524 Format 9 NumSamples 1 (Frame:347).
[2018.11.07-01.58.38:734][608]LogEditorViewport: Clicking on Actor (context menu): InstancedFoliageActor (InstancedFoliageActor)
[2018.11.07-01.58.39:871][608]LogShaderCompilers: Display: Shaders left to compile 838
[2018.11.07-01.58.39:871][608]LogShaderCompilers: Display: Shaders left to compile 828
[2018.11.07-01.58.40:037][608]LogSlate: FSceneViewport::OnFocusLost() reason 2
[2018.11.07-01.58.40:215][615]LogShaderCompilers: Display: Shaders left to compile 818
[2018.11.07-01.58.42:865][810]LogSlate: FSceneViewport::OnFocusLost() reason 0
[2018.11.07-01.58.43:540][832]LogRenderer: Reallocating scene render targets to support 988x540 Format 9 NumSamples 1 (Frame:546).
[2018.11.07-01.58.43:595][833]LogRenderer: Reallocating scene render targets to support 988x544 Format 9 NumSamples 1 (Frame:548).
[2018.11.07-01.58.43:722][839]LogShaderCompilers: Display: Shaders left to compile 808
[2018.11.07-01.58.47:355][ 53]LogSlate: FSceneViewport::OnFocusLost() reason 0
[2018.11.07-01.58.48:670][132]LogShaderCompilers: Display: Shaders left to compile 798
[2018.11.07-01.58.51:760][280]LogShaderCompilers: Display: Shaders left to compile 788
[2018.11.07-01.58.51:760][280]LogShaderCompilers: Display: Shaders left to compile 778
[2018.11.07-01.58.54:933][414]LogShaderCompilers: Display: Shaders left to compile 768
[2018.11.07-01.58.56:822][441]LogShaderCompilers: Display: Shaders left to compile 758
[2018.11.07-01.58.56:822][441]LogShaderCompilers: Display: Shaders left to compile 748
[2018.11.07-01.59.02:684][529]LogShaderCompilers: Display: Shaders left to compile 738
[2018.11.07-01.59.02:684][529]LogShaderCompilers: Display: Shaders left to compile 728
[2018.11.07-01.59.03:001][529]LogShaderCompilers: Display: Shaders left to compile 718
[2018.11.07-01.59.03:743][529]LogShaderCompilers: Display: Shaders left to compile 708
[2018.11.07-01.59.04:419][529]LogShaderCompilers: Display: Shaders left to compile 698
[2018.11.07-01.59.05:821][529]LogShaderCompilers: Display: Shaders left to compile 688
[2018.11.07-01.59.07:901][529]LogShaderCompilers: Display: Shaders left to compile 678
[2018.11.07-01.59.08:145][529]LogEditorViewport: Clicking on Actor (context menu): Landscape (Landscape1)
[2018.11.07-01.59.08:512][529]LogShaderCompilers: Display: Shaders left to compile 668
[2018.11.07-01.59.08:920][529]LogShaderCompilers: Display: Shaders left to compile 658
[2018.11.07-01.59.11:257][529]LogShaderCompilers: Display: Shaders left to compile 648
[2018.11.07-01.59.11:313][529]LogShaderCompilers: Display: Shaders left to compile 638
[2018.11.07-01.59.12:439][529]LogShaderCompilers: Display: Shaders left to compile 628
[2018.11.07-01.59.14:962][529]LogShaderCompilers: Display: Shaders left to compile 618
[2018.11.07-01.59.15:877][529]LogShaderCompilers: Display: Shaders left to compile 608
[2018.11.07-01.59.16:065][529]LogShaderCompilers: Display: Shaders left to compile 598
[2018.11.07-01.59.16:218][529]LogSlate: FSceneViewport::OnFocusLost() reason 2
[2018.11.07-01.59.17:980][536]LogShaderCompilers: Display: Shaders left to compile 588
[2018.11.07-01.59.18:447][536]LogShaderCompilers: Display: Shaders left to compile 578
[2018.11.07-01.59.19:807][536]LogShaderCompilers: Display: Shaders left to compile 568
[2018.11.07-01.59.22:427][536]LogShaderCompilers: Display: Shaders left to compile 558
[2018.11.07-01.59.22:587][536]LogShaderCompilers: Display: Shaders left to compile 548
[2018.11.07-01.59.22:729][536]LogShaderCompilers: Display: Shaders left to compile 538
[2018.11.07-01.59.22:745][536]LogEditorViewport: Clicking on Actor (context menu): InstancedFoliageActor (InstancedFoliageActor2)
[2018.11.07-01.59.22:840][536]LogSlate: FSceneViewport::OnFocusLost() reason 2
[2018.11.07-01.59.22:846][536]LogEditorViewport: Clicking on Actor (context menu): BP_Sky_Sphere_C (BP_Sky_Sphere)
[2018.11.07-01.59.23:132][536]LogSlate: FSceneViewport::OnFocusLost() reason 2
[2018.11.07-01.59.28:045][812]LogShaderCompilers: Display: Shaders left to compile 528
[2018.11.07-01.59.28:642][828]LogShaderCompilers: Display: Shaders left to compile 518
[2018.11.07-01.59.30:830][892]LogShaderCompilers: Display: Shaders left to compile 508
[2018.11.07-01.59.36:904][ 83]LogShaderCompilers: Display: Shaders left to compile 498
[2018.11.07-01.59.36:916][ 83]LogShaderCompilers: Display: Shaders left to compile 488
[2018.11.07-01.59.37:108][ 89]LogShaderCompilers: Display: Shaders left to compile 478
[2018.11.07-01.59.44:577][341]LogShaderCompilers: Display: Shaders left to compile 468
[2018.11.07-01.59.46:892][412]LogShaderCompilers: Display: Shaders left to compile 458
[2018.11.07-01.59.46:909][412]LogShaderCompilers: Display: Shaders left to compile 448
[2018.11.07-01.59.52:963][606]LogShaderCompilers: Display: Shaders left to compile 438
[2018.11.07-01.59.55:447][686]LogShaderCompilers: Display: Shaders left to compile 428
[2018.11.07-01.59.55:866][699]LogShaderCompilers: Display: Shaders left to compile 418
[2018.11.07-02.00.02:260][906]LogShaderCompilers: Display: Shaders left to compile 408
[2018.11.07-02.00.02:599][917]LogShaderCompilers: Display: Shaders left to compile 398
[2018.11.07-02.00.04:219][970]LogShaderCompilers: Display: Shaders left to compile 388
[2018.11.07-02.00.13:167][264]LogShaderCompilers: Display: Shaders left to compile 378
[2018.11.07-02.00.14:672][314]LogShaderCompilers: Display: Shaders left to compile 368
[2018.11.07-02.00.15:321][336]LogShaderCompilers: Display: Shaders left to compile 358
[2018.11.07-02.00.18:855][341]LogShaderCompilers: Display: Shaders left to compile 348
[2018.11.07-02.00.18:910][342]LogShaderCompilers: Display: Shaders left to compile 338
[2018.11.07-02.00.20:133][379]LogShaderCompilers: Display: Shaders left to compile 328
[2018.11.07-02.00.28:120][646]LogShaderCompilers: Display: Shaders left to compile 318
[2018.11.07-02.00.28:683][665]LogShaderCompilers: Display: Shaders left to compile 308
[2018.11.07-02.00.29:424][670]LogShaderCompilers: Display: Shaders left to compile 298
[2018.11.07-02.00.35:782][741]LogShaderCompilers: Display: Shaders left to compile 288
[2018.11.07-02.00.37:382][797]LogShaderCompilers: Display: Shaders left to compile 278
[2018.11.07-02.00.37:579][804]LogShaderCompilers: Display: Shaders left to compile 268
[2018.11.07-02.00.40:914][917]LogSlate: FSceneViewport::OnFocusLost() reason 0
[2018.11.07-02.00.51:151][481]LogShaderCompilers: Display: Shaders left to compile 258
[2018.11.07-02.00.51:178][482]LogShaderCompilers: Display: Shaders left to compile 248
[2018.11.07-02.00.52:518][530]LogShaderCompilers: Display: Shaders left to compile 238
[2018.11.07-02.00.56:825][682]LogSlate: FSceneViewport::OnFocusLost() reason 0
[2018.11.07-02.00.57:024][699]LogTemp: Repeating last play command: Selected Viewport
[2018.11.07-02.00.57:115][699]LogPlayLevel: PlayLevel: No blueprints needed recompiling
[2018.11.07-02.00.57:246][699]PIE: New page: PIE session: DavisPlainsLevel2 (8 Nov 2018 12:00:57 am)
[2018.11.07-02.00.57:262][699]LogPlayLevel: Creating play world package: /Game/FirstPersonBP/Levels/Level2/UEDPIE_0_DavisPlainsLevel2
[2018.11.07-02.00.57:473][699]LogPlayLevel: PIE: StaticDuplicateObject took: (0.211213s)
[2018.11.07-02.00.57:475][699]LogAIModule: Creating AISystem for world DavisPlainsLevel2
[2018.11.07-02.00.57:485][699]LogPlayLevel: PIE: World Init took: (0.011720s)
[2018.11.07-02.00.57:485][699]LogPlayLevel: PIE: Created PIE world by copying editor world from /Game/FirstPersonBP/Levels/Level2/DavisPlainsLevel2.DavisPlainsLevel2 to /Game/FirstPersonBP/Levels/Level2/UEDPIE_0_DavisPlainsLevel2.DavisPlainsLevel2 (0.223303s)
[2018.11.07-02.00.57:571][699]LogInit: XAudio2 using 'Speakers (Conexant SmartAudio HD)' : 2 channels at 44.1 kHz using 32 bits per sample (channel mask 0x3)
[2018.11.07-02.00.57:594][699]LogInit: FAudioDevice initialized.
[2018.11.07-02.00.57:690][699]LogLoad: Game class is 'FirstPersonGameMode_C'
[2018.11.07-02.00.57:794][699]LogWorld: Bringing World /Game/FirstPersonBP/Levels/Level2/UEDPIE_0_DavisPlainsLevel2.DavisPlainsLevel2 up for play (max tick rate 0) at 2018.11.07-13.00.57
[2018.11.07-02.00.57:839][699]LogWorld: Bringing up level for play took: 0.051196
[2018.11.07-02.00.57:943][699]LogGameMode: FindPlayerStart: PATHS NOT DEFINED or NO PLAYERSTART with positive rating
[2018.11.07-02.00.58:069][699]LogContentBrowser: Native class hierarchy updated for 'MovieSceneCapture' in 0.0005 seconds. Added 10 classes and 0 folders.
[2018.11.07-02.00.58:257][699]PIE: Play in editor start time for /Game/FirstPersonBP/Levels/Level2/UEDPIE_0_DavisPlainsLevel2 1.795
[2018.11.07-02.00.59:055][700]LogShaderCompilers: Display: Shaders left to compile 228
[2018.11.07-02.01.00:349][700]LogShaderCompilers: Display: Shaders left to compile 218
[2018.11.07-02.01.03:738][986]LogShaderCompilers: Display: Shaders left to compile 208
[2018.11.07-02.01.03:738][986]LogSlate: Updating window title bar state: overlay mode, drag disabled, window buttons hidden, title bar hidden
[2018.11.07-02.01.05:628][986]LogPlayLevel: Display: Shutting down PIE online subsystems
[2018.11.07-02.01.05:902][986]LogSlate: Updating window title bar state: overlay mode, drag disabled, window buttons hidden, title bar hidden
[2018.11.07-02.01.05:997][987]LogPlayLevel: Display: Destroying online subsystem :Context_1
[2018.11.07-02.01.08:072][990]LogShaderCompilers: Display: Shaders left to compile 198
[2018.11.07-02.01.08:897][990]LogShaderCompilers: Display: Shaders left to compile 188
[2018.11.07-02.01.10:894][990]LogShaderCompilers: Display: Shaders left to compile 178
[2018.11.07-02.01.12:843][ 33]LogSlate: FSceneViewport::OnFocusLost() reason 0
[2018.11.07-02.01.14:332][134]LogShaderCompilers: Display: Shaders left to compile 168
[2018.11.07-02.01.18:176][372]LogAssetEditorManager: Opening Asset editor for World /Game/FirstPersonBP/Levels/OneTrueLevel.OneTrueLevel
[2018.11.07-02.01.18:930][372]LogShaderCompilers: Display: Shaders left to compile 158
[2018.11.07-02.01.19:800][372]LogSlate: Window 'Save Content' being destroyed
[2018.11.07-02.01.19:807][372]LightingResults: New page: Lighting Build
[2018.11.07-02.01.19:925][372]LoadErrors: New page: Loading map: OneTrueLevel.umap
[2018.11.07-02.01.19:956][372]MapCheck: New page: Map Check
[2018.11.07-02.01.19:956][372]LightingResults: New page: Lighting Build
[2018.11.07-02.01.20:068][372]LogAIModule: Creating AISystem for world OneTrueLevel
[2018.11.07-02.01.20:409][372]LogEditorServer: Finished looking for orphan Actors (0.000 secs)
[2018.11.07-02.01.33:752][372]LogShaderCompilers: Display: Shaders left to compile 148
[2018.11.07-02.01.33:752][372]LogShaderCompilers: Display: Shaders left to compile 138
[2018.11.07-02.01.33:752][372]LogShaderCompilers: Display: Shaders left to compile 128
[2018.11.07-02.01.33:752][372]LogShaderCompilers: Display: Shaders left to compile 118
[2018.11.07-02.01.33:752][372]LogShaderCompilers: Display: Shaders left to compile 108
[2018.11.07-02.01.33:753][372]LogShaderCompilers: Display: Shaders left to compile 98
[2018.11.07-02.01.33:753][372]LogShaderCompilers: Display: Shaders left to compile 88
[2018.11.07-02.01.33:753][372]LogShaderCompilers: Display: Shaders left to compile 78
[2018.11.07-02.01.33:753][372]Cmd: MAP CHECKDEP NOCLEARLOG
[2018.11.07-02.01.33:996][372]LogShaderCompilers: Display: Shaders left to compile 68
[2018.11.07-02.01.33:996][372]MapCheck: Map check complete: 0 Error(s), 0 Warning(s), took 243.215ms to complete.
[2018.11.07-02.01.33:997][372]LogFileHelpers: Loading map 'OneTrueLevel' took 14.194
[2018.11.07-02.01.36:674][602]LogSlate: FSceneViewport::OnFocusLost() reason 0
[2018.11.07-02.01.38:450][714]LogLevelStreaming: Display: Failed to find streaming level package file: /Game/FirstPersonBP/Levels/CharlesLevel. This streaming level may not load or save properly.
[2018.11.07-02.01.45:594][325]LogShaderCompilers: Display: Shaders left to compile 58
[2018.11.07-02.01.49:391][701]LogShaderCompilers: Display: Shaders left to compile 48
[2018.11.07-02.01.49:741][735]LogShaderCompilers: Display: Shaders left to compile 38
[2018.11.07-02.02.02:263][ 31]LogShaderCompilers: Display: Shaders left to compile 28
[2018.11.07-02.02.11:176][968]LogShaderCompilers: Display: Shaders left to compile 18
[2018.11.07-02.02.13:078][168]LogShaderCompilers: Display: Shaders left to compile 8
[2018.11.07-02.02.28:668][294]LogSlate: FSceneViewport::OnFocusLost() reason 0
[2018.11.07-02.02.28:779][305]LogTemp: Repeating last play command: Selected Viewport
[2018.11.07-02.02.28:800][305]LogPlayLevel: PlayLevel: No blueprints needed recompiling
[2018.11.07-02.02.28:801][305]PIE: New page: PIE session: OneTrueLevel (8 Nov 2018 12:02:28 am)
[2018.11.07-02.02.28:801][305]LogPlayLevel: Creating play world package: /Game/FirstPersonBP/Levels/UEDPIE_0_OneTrueLevel
[2018.11.07-02.02.28:903][305]LogPlayLevel: PIE: StaticDuplicateObject took: (0.101749s)
[2018.11.07-02.02.28:903][305]LogAIModule: Creating AISystem for world OneTrueLevel
[2018.11.07-02.02.28:904][305]LogPlayLevel: PIE: World Init took: (0.000764s)
[2018.11.07-02.02.28:904][305]LogPlayLevel: PIE: Created PIE world by copying editor world from /Game/FirstPersonBP/Levels/OneTrueLevel.OneTrueLevel to /Game/FirstPersonBP/Levels/UEDPIE_0_OneTrueLevel.OneTrueLevel (0.102696s)
[2018.11.07-02.02.28:933][305]LogInit: XAudio2 using 'Speakers (Conexant SmartAudio HD)' : 2 channels at 44.1 kHz using 32 bits per sample (channel mask 0x3)
[2018.11.07-02.02.28:948][305]LogInit: FAudioDevice initialized.
[2018.11.07-02.02.28:982][305]LogLoad: Game class is 'CameronMTestScene_GameMode_C'
[2018.11.07-02.02.28:989][305]LogWorld: Bringing World /Game/FirstPersonBP/Levels/UEDPIE_0_OneTrueLevel.OneTrueLevel up for play (max tick rate 0) at 2018.11.07-13.02.28
[2018.11.07-02.02.29:032][305]LogWorld: Bringing up level for play took: 0.050404
[2018.11.07-02.02.29:195][305]LogStreaming: Display: Flushing async loaders.
[2018.11.07-02.02.29:820][305]PIE: Play in editor start time for /Game/FirstPersonBP/Levels/UEDPIE_0_OneTrueLevel 1.359
[2018.11.07-02.03.00:381][428]LogSlate: Updating window title bar state: overlay mode, drag disabled, window buttons hidden, title bar hidden
[2018.11.07-02.03.00:466][428]LogPlayLevel: Display: Shutting down PIE online subsystems
[2018.11.07-02.03.00:499][428]LogSlate: Updating window title bar state: overlay mode, drag disabled, window buttons hidden, title bar hidden
[2018.11.07-02.03.00:551][429]LogPlayLevel: Display: Destroying online subsystem :Context_2
[2018.11.07-02.03.56:715][551]LogSlate: FSceneViewport::OnFocusLost() reason 0
[2018.11.07-02.05.36:470][720]LogSlate: FSceneViewport::OnFocusLost() reason 0
[2018.11.07-02.11.51:462][843]LogSavePackage: Moving '../../../../../../Users/Kamikaze/Desktop/Unreal Engine Projects/Studio2ProjectFixedAgain/Studio2Project/Studio2ProjectT3/Saved/StephenTestLevel_Auto117B01D28423F622C3823A18830C05C14.tmp' to '../../../../../../Users/Kamikaze/Desktop/Unreal Engine Projects/Studio2ProjectFixedAgain/Studio2Project/Studio2ProjectT3/Saved/Autosaves/Game/FirstPersonBP/Levels/StephenTestLevel_Auto1.umap'
[2018.11.07-02.11.51:587][843]LogFileHelpers: Editor autosave (incl. sublevels) for '/Game/FirstPersonBP/Levels/OneTrueLevel' took 1.427
[2018.11.07-02.11.51:587][843]LogFileHelpers: Editor autosave (incl. sublevels) for all levels took 1.427
[2018.11.07-03.09.10:021][305]LogAIModule: Creating AISystem for world DavisPlainsLevel2
[2018.11.07-03.09.10:049][305]LogAssetEditorManager: Opening Asset editor for World /Game/FirstPersonBP/Levels/Level2/DavisPlainsLevel2.DavisPlainsLevel2
[2018.11.07-03.09.11:358][305]LogSlate: Window 'Save Content' being destroyed
[2018.11.07-03.09.11:368][305]LightingResults: New page: Lighting Build
[2018.11.07-03.09.11:370][305]LoadErrors: New page: Loading map: DavisPlainsLevel2.umap
[2018.11.07-03.09.11:417][305]MapCheck: New page: Map Check
[2018.11.07-03.09.11:418][305]LightingResults: New page: Lighting Build
[2018.11.07-03.09.13:993][305]LogStreaming: Display: ULevelStreaming::RequestLevel(/Game/FirstPersonBP/Levels/OneTrueLevel) is flushing async loading
[2018.11.07-03.09.13:993][305]LogStreaming: Display: Flushing async loaders.
[2018.11.07-03.09.14:298][305]LogStreaming: Display: ULevelStreaming::RequestLevel(/Game/FirstPersonBP/Levels/StephenTestLevel) is flushing async loading
[2018.11.07-03.09.14:498][305]LogStreaming: Display: ULevelStreaming::RequestLevel(/Game/FirstPersonBP/Levels/Level2/StephenLakeLevel2) is flushing async loading
[2018.11.07-03.09.14:649][305]LogStreaming: Display: ULevelStreaming::RequestLevel(/Game/FirstPersonBP/Levels/Level2/Mountains2Stephen) is flushing async loading
[2018.11.07-03.09.14:727][305]LogStreaming: Display: ULevelStreaming::RequestLevel(/Game/FirstPersonBP/Levels/Level2/Mountains2Davis) is flushing async loading
[2018.11.07-03.09.14:892][305]LogEditorServer: Finished looking for orphan Actors (0.000 secs)
[2018.11.07-03.09.14:942][305]Cmd: MAP CHECKDEP NOCLEARLOG
[2018.11.07-03.09.14:942][305]LogEditorServer: Warning: WorldSettings contains streaming level '/Game/FirstPersonBP/Levels/OneTrueLevel' which isn't loaded.
[2018.11.07-03.09.14:942][305]LogEditorServer: Warning: WorldSettings contains streaming level '/Game/FirstPersonBP/Levels/DavisLevel' which isn't loaded.
[2018.11.07-03.09.14:942][305]LogEditorServer: Warning: WorldSettings contains streaming level '/Game/FirstPersonBP/Levels/StephenMountains' which isn't loaded.
[2018.11.07-03.09.14:942][305]LogEditorServer: Warning: WorldSettings contains streaming level '/Game/FirstPersonBP/Levels/OneTrueLevel' which isn't loaded.
[2018.11.07-03.09.14:942][305]LogEditorServer: Warning: WorldSettings contains streaming level '/Game/FirstPersonBP/Levels/DavisLevel' which isn't loaded.
[2018.11.07-03.09.14:942][305]LogEditorServer: Warning: WorldSettings contains streaming level '/Game/FirstPersonBP/Levels/StephenMountains' which isn't loaded.
[2018.11.07-03.09.14:942][305]LogEditorServer: Warning: WorldSettings contains streaming level '/Game/FirstPersonBP/Levels/StephenTestLevel' which isn't loaded.
[2018.11.07-03.09.14:942][305]LogEditorServer: Warning: WorldSettings contains streaming level '/Game/FirstPersonBP/Levels/OneTrueLevel' which isn't loaded.
[2018.11.07-03.09.14:942][305]LogEditorServer: Warning: WorldSettings contains streaming level '/Game/FirstPersonBP/Levels/DavisLevel' which isn't loaded.
[2018.11.07-03.09.14:942][305]LogEditorServer: Warning: WorldSettings contains streaming level '/Game/FirstPersonBP/Levels/Level2/Mountains2Davis' which isn't loaded.
[2018.11.07-03.09.14:942][305]LogEditorServer: Warning: WorldSettings contains streaming level '/Game/FirstPersonBP/Levels/Level2/StephenLakeLevel2' which isn't loaded.
[2018.11.07-03.09.14:942][305]LogEditorServer: Warning: WorldSettings contains streaming level '/Game/FirstPersonBP/Levels/Level2/DavisPlainsLevel2' which isn't loaded.
[2018.11.07-03.09.14:942][305]LogEditorServer: Warning: WorldSettings contains streaming level '/Game/FirstPersonBP/Levels/StephenTestLevel' which isn't loaded.
[2018.11.07-03.09.14:942][305]LogEditorServer: Warning: WorldSettings contains streaming level '/Game/FirstPersonBP/Levels/OneTrueLevel' which isn't loaded.
[2018.11.07-03.09.14:942][305]LogEditorServer: Warning: WorldSettings contains streaming level '/Game/FirstPersonBP/Levels/DavisLevel' which isn't loaded.
[2018.11.07-03.09.14:942][305]LogEditorServer: Warning: WorldSettings contains streaming level '/Game/FirstPersonBP/Levels/Level2/StephenLakeLevel2' which isn't loaded.
[2018.11.07-03.09.14:942][305]LogEditorServer: Warning: WorldSettings contains streaming level '/Game/FirstPersonBP/Levels/Level2/Mountains2Stephen' which isn't loaded.
[2018.11.07-03.09.14:942][305]LogEditorServer: Warning: WorldSettings contains streaming level '/Game/FirstPersonBP/Levels/StephenMountains' which isn't loaded.
[2018.11.07-03.09.14:942][305]LogEditorServer: Warning: WorldSettings contains streaming level '/Game/FirstPersonBP/Levels/Level2/DavisPlainsLevel2' which isn't loaded.
[2018.11.07-03.09.15:116][305]MapCheck: Map check complete: 0 Error(s), 0 Warning(s), took 174.06ms to complete.
[2018.11.07-03.09.15:123][305]LogFileHelpers: Loading map 'DavisPlainsLevel2' took 3.761
[2018.11.07-03.10.00:712][113]LogEditorViewport: Clicking on Actor (LMB): InstancedFoliageActor (InstancedFoliageActor)
[2018.11.07-03.10.02:295][197]LogSlate: FSceneViewport::OnFocusLost() reason 0
[2018.11.07-03.10.08:010][447]LogSlate: FSceneViewport::OnFocusLost() reason 0
[2018.11.07-03.10.23:093][135]Cmd: TRANSACTION UNDO
[2018.11.07-03.10.23:093][135]LogEditorTransaction: Undo Foliage Editing
[2018.11.07-03.10.26:178][281]LogSlate: FSceneViewport::OnFocusLost() reason 0
[2018.11.07-03.10.38:581][933]Cmd: TRANSACTION UNDO
[2018.11.07-03.10.38:582][933]LogEditorTransaction: Undo Foliage Editing
[2018.11.07-03.10.46:660][412]Cmd: TRANSACTION UNDO
[2018.11.07-03.10.46:660][412]LogEditorTransaction: Undo Foliage Editing
[2018.11.07-03.10.51:724][710]Cmd: TRANSACTION UNDO
[2018.11.07-03.10.51:724][710]LogEditorTransaction: Undo Foliage Editing
[2018.11.07-03.11.08:730][703]LogSlate: FSceneViewport::OnFocusLost() reason 0
[2018.11.07-03.19.10:666][101]LogSavePackage: Moving '../../../../../../Users/Kamikaze/Desktop/Unreal Engine Projects/Studio2ProjectFixedAgain/Studio2Project/Studio2ProjectT3/Saved/DavisPlainsLevel2_Auto287D13BC1417E8DD45AE35796A4502C25.tmp' to '../../../../../../Users/Kamikaze/Desktop/Unreal Engine Projects/Studio2ProjectFixedAgain/Studio2Project/Studio2ProjectT3/Saved/Autosaves/Game/FirstPersonBP/Levels/Level2/DavisPlainsLevel2_Auto2.umap'
[2018.11.07-03.19.10:682][101]LogFileHelpers: Editor autosave (incl. sublevels) for '/Game/FirstPersonBP/Levels/Level2/DavisPlainsLevel2' took 0.730
[2018.11.07-03.19.10:682][101]LogFileHelpers: Editor autosave (incl. sublevels) for all levels took 0.730
[2018.11.07-03.19.10:691][101]OBJ SavePackage: Generating thumbnails for [1] asset(s) in package [/Game/InfinityBladeGrassLands/Environments/Plains/Env_Plains_Flora/StaticMesh/SM_Plains_Tree_Stump01_FoliageType] ([1] browsable assets)...
[2018.11.07-03.19.10:748][101]OBJ SavePackage:     Rendered thumbnail for [FoliageType_InstancedStaticMesh /Game/InfinityBladeGrassLands/Environments/Plains/Env_Plains_Flora/StaticMesh/SM_Plains_Tree_Stump01_FoliageType.SM_Plains_Tree_Stump01_FoliageType]
[2018.11.07-03.19.10:748][101]OBJ SavePackage: Finished generating thumbnails for package [/Game/InfinityBladeGrassLands/Environments/Plains/Env_Plains_Flora/StaticMesh/SM_Plains_Tree_Stump01_FoliageType]
[2018.11.07-03.19.10:847][101]LogSavePackage: Moving '../../../../../../Users/Kamikaze/Desktop/Unreal Engine Projects/Studio2ProjectFixedAgain/Studio2Project/Studio2ProjectT3/Saved/SM_Plains_Tree_Stump01_FoliageTy5E00F8C146C5BCD466DBE3942E4B8E07.tmp' to '../../../../../../Users/Kamikaze/Desktop/Unreal Engine Projects/Studio2ProjectFixedAgain/Studio2Project/Studio2ProjectT3/Saved/Autosaves/Game/InfinityBladeGrassLands/Environments/Plains/Env_Plains_Flora/StaticMesh/SM_Plains_Tree_Stump01_FoliageType_Auto2.'
[2018.11.07-03.19.10:869][101]OBJ SavePackage: Generating thumbnails for [1] asset(s) in package [/Game/KiteDemo/Environments/Trees/ScotsPineTall_01/ScotsPineTall_01_FoliageType] ([1] browsable assets)...
[2018.11.07-03.19.10:898][101]OBJ SavePackage:     Rendered thumbnail for [FoliageType_InstancedStaticMesh /Game/KiteDemo/Environments/Trees/ScotsPineTall_01/ScotsPineTall_01_FoliageType.ScotsPineTall_01_FoliageType]
[2018.11.07-03.19.10:898][101]OBJ SavePackage: Finished generating thumbnails for package [/Game/KiteDemo/Environments/Trees/ScotsPineTall_01/ScotsPineTall_01_FoliageType]
[2018.11.07-03.19.10:948][101]LogSavePackage: Moving '../../../../../../Users/Kamikaze/Desktop/Unreal Engine Projects/Studio2ProjectFixedAgain/Studio2Project/Studio2ProjectT3/Saved/ScotsPineTall_01_FoliageType_AutE2673F08494EA28ED7B11682BE4B736B.tmp' to '../../../../../../Users/Kamikaze/Desktop/Unreal Engine Projects/Studio2ProjectFixedAgain/Studio2Project/Studio2ProjectT3/Saved/Autosaves/Game/KiteDemo/Environments/Trees/ScotsPineTall_01/ScotsPineTall_01_FoliageType_Auto2.uasset'
[2018.11.07-03.19.10:962][101]OBJ SavePackage: Generating thumbnails for [1] asset(s) in package [/Game/SoulCave/Environment/Meshes/Nature/SM_Cave_Grass01_FoliageType] ([1] browsable assets)...
[2018.11.07-03.19.10:982][101]OBJ SavePackage:     Rendered thumbnail for [FoliageType_InstancedStaticMesh /Game/SoulCave/Environment/Meshes/Nature/SM_Cave_Grass01_FoliageType.SM_Cave_Grass01_FoliageType]
[2018.11.07-03.19.10:982][101]OBJ SavePackage: Finished generating thumbnails for package [/Game/SoulCave/Environment/Meshes/Nature/SM_Cave_Grass01_FoliageType]
[2018.11.07-03.19.11:059][101]LogSavePackage: Moving '../../../../../../Users/Kamikaze/Desktop/Unreal Engine Projects/Studio2ProjectFixedAgain/Studio2Project/Studio2ProjectT3/Saved/SM_Cave_Grass01_FoliageType_AutoA724461848C902698C4F40AF980E515B.tmp' to '../../../../../../Users/Kamikaze/Desktop/Unreal Engine Projects/Studio2ProjectFixedAgain/Studio2Project/Studio2ProjectT3/Saved/Autosaves/Game/SoulCave/Environment/Meshes/Nature/SM_Cave_Grass01_FoliageType_Auto2.uasset'
[2018.11.07-03.19.11:109][101]LogFileHelpers: Auto-saving content packages took 0.423
[2018.11.07-10.43.46:756][256]LogD3D11RHI: Timed out while waiting for GPU to catch up. (500 ms)
[2018.11.07-10.43.47:451][259]LogHttp: Warning: 0000024D401F8180: request failed, libcurl error: 6 (Couldn't resolve host name)
[2018.11.07-10.43.47:451][259]LogHttp: Warning: 0000024D401F8180: libcurl info message cache 0 (Connection 47 seems to be dead!)
[2018.11.07-10.43.47:451][259]LogHttp: Warning: 0000024D401F8180: libcurl info message cache 1 (Closing connection 47)
[2018.11.07-10.43.47:451][259]LogHttp: Warning: 0000024D401F8180: libcurl info message cache 2 (Could not resolve host: datarouter.ol.epicgames.com)
[2018.11.07-10.43.47:451][259]LogHttp: Warning: 0000024D401F8180: libcurl info message cache 3 (Closing connection 48)
[2018.11.07-10.44.01:631][298]LogDerivedDataCache: Warning: C:/Users/Kamikaze/AppData/Local/UnrealEngine/Common/DerivedDataCache is very slow (0.34MB/s) when accessing C:/Users/Kamikaze/AppData/Local/UnrealEngine/Common/DerivedDataCache/3/6/4/TEXTURE_68A083899C6F4316B8CE0E2958EDE2C2_BC5_93FBBA4A4D210AE5F3FA3186A4FF5427___ECFDC89949D92D93EBF7F44147BB862255D667C1.udd, consider disabling it.
[2018.11.07-12.11.10:267][753]LogSlate: FSceneViewport::OnFocusLost() reason 0
[2018.11.07-12.11.12:341][843]LogAssetEditorManager: Opening Asset editor for World /Game/FirstPersonBP/Levels/OneTrueLevel.OneTrueLevel
[2018.11.07-12.11.16:953][843]LogSlate: Window 'Save Content' being destroyed
[2018.11.07-12.11.28:370][843]LogSavePackage: Moving '../../../../../../Users/Kamikaze/Desktop/Unreal Engine Projects/Studio2ProjectFixedAgain/Studio2Project/Studio2ProjectT3/Saved/DavisPlainsLevel20BBC26D2427BD9AAB0AC9A89E9108EC2.tmp' to '../../../../../../Users/Kamikaze/Desktop/Unreal Engine Projects/Studio2ProjectFixedAgain/Studio2Project/Studio2ProjectT3/Content/FirstPersonBP/Levels/Level2/DavisPlainsLevel2.umap'
[2018.11.07-12.11.28:485][843]LogFileHelpers: Saving map 'DavisPlainsLevel2' took 11.440
[2018.11.07-12.11.28:525][843]LogSavePackage: Moving '../../../../../../Users/Kamikaze/Desktop/Unreal Engine Projects/Studio2ProjectFixedAgain/Studio2Project/Studio2ProjectT3/Saved/SM_Plains_Tree_Stump01_FoliageTy2D2DD19F4E6668556D96A38EBBDCC111.tmp' to '../../../../../../Users/Kamikaze/Desktop/Unreal Engine Projects/Studio2ProjectFixedAgain/Studio2Project/Studio2ProjectT3/Content/InfinityBladeGrassLands/Environments/Plains/Env_Plains_Flora/StaticMesh/SM_Plains_Tree_Stump01_FoliageType.uasset'
[2018.11.07-12.11.28:557][843]LogSavePackage: Moving '../../../../../../Users/Kamikaze/Desktop/Unreal Engine Projects/Studio2ProjectFixedAgain/Studio2Project/Studio2ProjectT3/Saved/ScotsPineTall_01_FoliageType6CE7BF6B4CDDAD1E606D0D9524AF0949.tmp' to '../../../../../../Users/Kamikaze/Desktop/Unreal Engine Projects/Studio2ProjectFixedAgain/Studio2Project/Studio2ProjectT3/Content/KiteDemo/Environments/Trees/ScotsPineTall_01/ScotsPineTall_01_FoliageType.uasset'
[2018.11.07-12.11.29:238][843]LogSavePackage: Moving '../../../../../../Users/Kamikaze/Desktop/Unreal Engine Projects/Studio2ProjectFixedAgain/Studio2Project/Studio2ProjectT3/Saved/SM_Cave_Grass01_FoliageType4868234247EEF76697FB38B7BD33DBAC.tmp' to '../../../../../../Users/Kamikaze/Desktop/Unreal Engine Projects/Studio2ProjectFixedAgain/Studio2Project/Studio2ProjectT3/Content/SoulCave/Environment/Meshes/Nature/SM_Cave_Grass01_FoliageType.uasset'
[2018.11.07-12.11.29:252][843]LightingResults: New page: Lighting Build
[2018.11.07-12.11.29:254][843]LoadErrors: New page: Loading map: OneTrueLevel.umap
[2018.11.07-12.11.29:346][843]MapCheck: New page: Map Check
[2018.11.07-12.11.29:346][843]LightingResults: New page: Lighting Build
[2018.11.07-12.11.29:519][843]LogAIModule: Creating AISystem for world OneTrueLevel
[2018.11.07-12.11.32:605][843]LogEditorServer: Finished looking for orphan Actors (0.000 secs)
[2018.11.07-12.11.32:920][843]Cmd: MAP CHECKDEP NOCLEARLOG
[2018.11.07-12.11.33:069][843]MapCheck: Map check complete: 0 Error(s), 0 Warning(s), took 149.973ms to complete.
[2018.11.07-12.11.33:072][843]LogFileHelpers: Loading map 'OneTrueLevel' took 3.824
[2018.11.07-12.11.39:977][ 72]LogSlate: Window 'Studio2ProjectT3 - Unreal Editor' being destroyed
[2018.11.07-12.11.40:806][ 73]Cmd: QUIT_EDITOR
[2018.11.07-12.11.41:972][ 73]LogWindowsTextInputMethodSystem: Display: IME system now deactivated.
[2018.11.07-12.11.42:109][ 73]LogExit: Preparing to exit.
