Log file open, 09/21/18 08:51:20
LogWindows: Failed to load 'aqProf.dll' (GetLastError=126)
LogWindows: File 'aqProf.dll' does not exist
LogWindows: Failed to load 'VSPerf140.dll' (GetLastError=126)
LogWindows: File 'VSPerf140.dll' does not exist
LogWindows: Failed to load 'VtuneApi.dll' (GetLastError=126)
LogWindows: File 'VtuneApi.dll' does not exist
LogWindows: Failed to load 'VtuneApi32e.dll' (GetLastError=126)
LogWindows: File 'VtuneApi32e.dll' does not exist
LogInit: Display: Running engine for game: Studio2ProjectT3
LogPlatformFile: Not using cached read wrapper
LogTaskGraph: Started task graph with 5 named threads and 23 total threads with 3 sets of task threads.
LogStats: Stats thread started at 0.325490
LogD3D11RHI: Loaded GFSDK_Aftermath_Lib.x64.dll
LogICUInternationalization: Display: ICU TimeZone Detection - Raw Offset: +10:00, Platform Override: ''
LogPluginManager: Mounting plugin Paper2D
LogPluginManager: Mounting plugin AISupport
LogPluginManager: Mounting plugin LightPropagationVolume
LogPluginManager: Mounting plugin CLionSourceCodeAccess
LogPluginManager: Mounting plugin CodeLiteSourceCodeAccess
LogPluginManager: Mounting plugin GitSourceControl
LogPluginManager: Mounting plugin KDevelopSourceCodeAccess
LogPluginManager: Mounting plugin NullSourceCodeAccess
LogPluginManager: Mounting plugin PerforceSourceControl
LogPluginManager: Mounting plugin SubversionSourceControl
LogPluginManager: Mounting plugin UObjectPlugin
LogPluginManager: Mounting plugin VisualStudioCodeSourceCodeAccess
LogPluginManager: Mounting plugin VisualStudioSourceCodeAccess
LogPluginManager: Mounting plugin XCodeSourceCodeAccess
LogPluginManager: Mounting plugin AssetManagerEditor
LogPluginManager: Mounting plugin CryptoKeys
LogPluginManager: Mounting plugin DataValidation
LogPluginManager: Mounting plugin EditorScriptingUtilities
LogPluginManager: Mounting plugin FacialAnimation
LogPluginManager: Mounting plugin GameplayTagsEditor
LogPluginManager: Mounting plugin MacGraphicsSwitching
LogPluginManager: Mounting plugin MeshEditor
LogPluginManager: Mounting plugin MobileLauncherProfileWizard
LogPluginManager: Mounting plugin PluginBrowser
LogPluginManager: Mounting plugin SpeedTreeImporter
LogPluginManager: Mounting plugin DatasmithContent
LogPluginManager: Mounting plugin AlembicImporter
LogPluginManager: Mounting plugin AppleImageUtils
LogPluginManager: Mounting plugin AppleVision
LogPluginManager: Mounting plugin BackChannel
LogPluginManager: Mounting plugin CharacterAI
LogPluginManager: Mounting plugin GeometryCache
LogPluginManager: Mounting plugin HTML5Networking
LogPluginManager: Mounting plugin ProxyLODPlugin
LogPluginManager: Mounting plugin MagicLeap
LogPluginManager: Mounting plugin MagicLeapEmulator
LogPluginManager: Mounting plugin MagicLeapMedia
LogPluginManager: Mounting plugin AndroidMedia
LogPluginManager: Mounting plugin AvfMedia
LogPluginManager: Mounting plugin ImgMedia
LogPluginManager: Mounting plugin LinearTimecode
LogPluginManager: Mounting plugin MediaCompositing
LogPluginManager: Mounting plugin MediaPlayerEditor
LogPluginManager: Mounting plugin WmfMedia
LogPluginManager: Mounting plugin TcpMessaging
LogPluginManager: Mounting plugin UdpMessaging
LogPluginManager: Mounting plugin ActorSequence
LogPluginManager: Mounting plugin LevelSequenceEditor
LogPluginManager: Mounting plugin MatineeToLevelSequence
LogPluginManager: Mounting plugin NetcodeUnitTest
LogPluginManager: Mounting plugin NUTUnrealEngine4
LogPluginManager: Mounting plugin OnlineSubsystemGooglePlay
LogPluginManager: Mounting plugin OnlineSubsystemIOS
LogPluginManager: Mounting plugin OnlineSubsystem
LogPluginManager: Mounting plugin OnlineSubsystemNull
LogPluginManager: Mounting plugin OnlineSubsystemUtils
LogPluginManager: Mounting plugin LauncherChunkInstaller
LogPluginManager: Mounting plugin AndroidDeviceProfileSelector
LogPluginManager: Mounting plugin AndroidMoviePlayer
LogPluginManager: Mounting plugin AndroidPermission
LogPluginManager: Mounting plugin AppleMoviePlayer
LogPluginManager: Mounting plugin ArchVisCharacter
LogPluginManager: Mounting plugin AudioCapture
LogPluginManager: Mounting plugin CableComponent
LogPluginManager: Mounting plugin CustomMeshComponent
LogPluginManager: Mounting plugin EditableMesh
LogPluginManager: Mounting plugin ExampleDeviceProfileSelector
LogPluginManager: Mounting plugin GoogleCloudMessaging
LogPluginManager: Mounting plugin ImmediatePhysics
LogPluginManager: Mounting plugin IOSDeviceProfileSelector
LogPluginManager: Mounting plugin LinuxDeviceProfileSelector
LogPluginManager: Mounting plugin LocationServicesBPLibrary
LogPluginManager: Mounting plugin MobilePatchingUtils
LogPluginManager: Mounting plugin OculusVR
LogPluginManager: Plugin shader directory ../../../Engine/Plugins/Runtime/Oculus/OculusVR/Shaders found
LogPluginManager: Mapping shader source directory ../../../Engine/Plugins/Runtime/Oculus/OculusVR/Shaders to virtual directory /Plugin/OculusVR
LogPluginManager: Mounting plugin PhysXVehicles
LogPluginManager: Mounting plugin ProceduralMeshComponent
LogPluginManager: Mounting plugin RuntimePhysXCooking
LogPluginManager: Mounting plugin SteamVR
LogPluginManager: Mounting plugin WindowsMoviePlayer
LogPluginManager: Mounting plugin DatasmithCADImporter
LogPluginManager: Mounting plugin DatasmithFBXImporter
LogPluginManager: Mounting plugin DatasmithImporter
LogPluginManager: Mounting plugin DatasmithMDLImporter
LogPluginManager: Mounting plugin StaticMeshEditorExtension
LogStreaming: Display: Took  0.136s to configure plugins.
LogInit: Using libcurl 7.55.1-DEV
LogInit:  - built for x86_64-pc-win32
LogInit:  - supports SSL with OpenSSL/1.0.2h
LogInit:  - supports HTTP deflate (compression) using libz 1.2.8
LogInit:  - other features:
LogInit:      CURL_VERSION_SSL
LogInit:      CURL_VERSION_LIBZ
LogInit:      CURL_VERSION_IPV6
LogInit:      CURL_VERSION_ASYNCHDNS
LogInit:      CURL_VERSION_LARGEFILE
LogInit:      CURL_VERSION_IDN
LogInit:  CurlRequestOptions (configurable via config and command line):
LogInit:  - bVerifyPeer = false  - Libcurl will NOT verify peer certificate
LogInit:  - bUseHttpProxy = false  - Libcurl will NOT use HTTP proxy
LogInit:  - bDontReuseConnections = false  - Libcurl will reuse connections
LogInit:  - CertBundlePath = nullptr  - Libcurl will use whatever was configured at build time.
LogInit:  - MaxHostConnections = 16  - Libcurl will limit the number of connections to a host
LogInit:  - LocalHostAddr = Default
LogInit:  - BufferSize = 65536
LogInit: WinSock: version 1.1 (2.2), MaxSocks=32767, MaxUdp=65467
LogHMD: Failed initializing OVRPlugin 1.25.0
LogInit: Build: ++UE4+Release-4.20-CL-4302132
LogInit: Engine Version: 4.20.2-4302132+++UE4+Release-4.20
LogInit: Compatible Engine Version: 4.20.0-4212847+++UE4+Release-4.20
LogInit: Net CL: 4212847
LogInit: OS: Windows 10 (), CPU: Intel(R) Core(TM) i7-6700 CPU @ 3.40GHz, GPU: NVIDIA GeForce GTX 980
LogInit: Compiled (64-bit): Aug 21 2018 02:06:06
LogInit: Compiled with Visual C++: 19.13.26129.00
LogInit: Build Configuration: Development
LogInit: Branch Name: ++UE4+Release-4.20
LogInit: Command Line:  
LogInit: Base Directory: C:/Program Files/Epic Games/UE_4.20/Engine/Binaries/Win64/
LogInit: Installed Engine Build: 1
LogDevObjectVersion: Number of dev versions registered: 20
LogDevObjectVersion:   Dev-Blueprints (B0D832E4-1F89-4F0D-ACCF-7EB736FD4AA2): 10
LogDevObjectVersion:   Dev-Build (E1C64328-A22C-4D53-A36C-8E866417BD8C): 0
LogDevObjectVersion:   Dev-Core (375EC13C-06E4-48FB-B500-84F0262A717E): 2
LogDevObjectVersion:   Dev-Editor (E4B068ED-F494-42E9-A231-DA0B2E46BB41): 24
LogDevObjectVersion:   Dev-Framework (CFFC743F-43B0-4480-9391-14DF171D2073): 34
LogDevObjectVersion:   Dev-Mobile (B02B49B5-BB20-44E9-A304-32B752E40360): 2
LogDevObjectVersion:   Dev-Networking (A4E4105C-59A1-49B5-A7C5-40C4547EDFEE): 0
LogDevObjectVersion:   Dev-Online (39C831C9-5AE6-47DC-9A44-9C173E1C8E7C): 0
LogDevObjectVersion:   Dev-Physics (78F01B33-EBEA-4F98-B9B4-84EACCB95AA2): 0
LogDevObjectVersion:   Dev-Platform (6631380F-2D4D-43E0-8009-CF276956A95A): 0
LogDevObjectVersion:   Dev-Rendering (12F88B9F-8875-4AFC-A67C-D90C383ABD29): 26
LogDevObjectVersion:   Dev-Sequencer (7B5AE74C-D270-4C10-A958-57980B212A5A): 9
LogDevObjectVersion:   Dev-VR (D7296918-1DD6-4BDD-9DE2-64A83CC13884): 2
LogDevObjectVersion:   Dev-LoadTimes (C2A15278-BFE7-4AFE-6C17-90FF531DF755): 1
LogDevObjectVersion:   Private-Geometry (6EACA3D4-40EC-4CC1-B786-8BED09428FC5): 3
LogDevObjectVersion:   Dev-AnimPhys (29E575DD-E0A3-4627-9D10-D276232CDCEA): 17
LogDevObjectVersion:   Dev-ReflectionCapture (6B266CEC-1EC7-4B8F-A30B-E4D90942FC07): 1
LogDevObjectVersion:   Dev-Automation (0DF73D61-A23F-47EA-B727-89E90C41499A): 1
LogDevObjectVersion:   FortniteMain (601D1886-AC64-4F84-AA16-D3DE0DEAC7D6): 12
LogDevObjectVersion:   Dev-Enterprise (9DFFBCD6-494F-0158-E221-12823C92A888): 1
LogStreaming: Display: Took  0.001s to delete old logs.
LogInit: Presizing for max 8388607 objects, including 0 objects not considered by GC, pre-allocating 0 bytes for permanent pool.
LogInit: Object subsystem initialized
[2018.09.20-22.51.21:985][  0]LogInit: Selected Device Profile: [Windows]
[2018.09.20-22.51.21:985][  0]LogInit: Applying CVar settings loaded from the selected device profile: [Windows]
[2018.09.20-22.51.22:043][  0]LogHAL: Display: Platform has ~ 32 GB [34267684864 / 34359738368 / 32], which maps to Largest [LargestMinGB=32, LargerMinGB=12, DefaultMinGB=8, SmallerMinGB=6, SmallestMinGB=0)
[2018.09.20-22.51.22:043][  0]LogInit: Setting Device Profile CVar: [[r.Vulkan.UseRealUBs:1]]
[2018.09.20-22.51.22:043][  0]LogInit: Going up to parent DeviceProfile []
[2018.09.20-22.51.22:051][  0]LogInit: Computer: SYD-R101-PC05
[2018.09.20-22.51.22:051][  0]LogInit: User: scavaleri2
[2018.09.20-22.51.22:051][  0]LogInit: CPU Page size=4096, Cores=4
[2018.09.20-22.51.22:051][  0]LogInit: High frequency timer resolution =3.328122 MHz
[2018.09.20-22.51.22:051][  0]LogMemory: Memory total: Physical=31.9GB (32GB approx)
[2018.09.20-22.51.22:051][  0]LogMemory: Platform Memory Stats for Windows
[2018.09.20-22.51.22:051][  0]LogMemory: Process Physical Memory: 102.09 MB used, 102.09 MB peak
[2018.09.20-22.51.22:051][  0]LogMemory: Process Virtual Memory: 94.16 MB used, 94.16 MB peak
[2018.09.20-22.51.22:051][  0]LogMemory: Physical Memory: 8881.57 MB used,  23798.64 MB free, 32680.21 MB total
[2018.09.20-22.51.22:051][  0]LogMemory: Virtual Memory: 4655.37 MB used,  23798.64 MB free, 134217728.00 MB total
[2018.09.20-22.51.22:191][  0]LogInit: Using OS detected language (en-US).
[2018.09.20-22.51.22:191][  0]LogInit: Using OS detected locale (en-AU).
[2018.09.20-22.51.22:192][  0]LogTextLocalizationManager: No specific localization for 'en-US' exists, so the 'en' localization will be used.
[2018.09.20-22.51.22:553][  0]LogStreaming: Display: Took  0.361s to InitEngineTextLocalization.
[2018.09.20-22.51.22:553][  0]LogInit: Setting process to per monitor DPI aware
[2018.09.20-22.51.22:622][  0]LogSlate: New Slate User Created.  User Index 0, Is Virtual User: 0
[2018.09.20-22.51.22:622][  0]LogSlate: Slate User Registered.  User Index 0, Is Virtual User: 0
[2018.09.20-22.51.24:457][  0]LogHMD: Failed to initialize OpenVR with code 110
[2018.09.20-22.51.24:457][  0]LogD3D11RHI: D3D11 adapters:
[2018.09.20-22.51.24:516][  0]LogD3D11RHI:    0. 'NVIDIA GeForce GTX 980' (Feature Level 11_0)
[2018.09.20-22.51.24:516][  0]LogD3D11RHI:       4053/0/16340 MB DedicatedVideo/DedicatedSystem/SharedSystem, Outputs:1, VendorId:0x10de
[2018.09.20-22.51.24:518][  0]LogD3D11RHI:    1. 'Microsoft Basic Render Driver' (Feature Level 11_0)
[2018.09.20-22.51.24:518][  0]LogD3D11RHI:       0/0/16340 MB DedicatedVideo/DedicatedSystem/SharedSystem, Outputs:0, VendorId:0x1414
[2018.09.20-22.51.24:518][  0]LogD3D11RHI: Chosen D3D11 Adapter: 0
[2018.09.20-22.51.24:527][  0]LogD3D11RHI: Creating new Direct3DDevice
[2018.09.20-22.51.24:527][  0]LogD3D11RHI:     GPU DeviceId: 0x13c0 (for the marketing name, search the web for "GPU Device Id")
[2018.09.20-22.51.24:527][  0]LogWindows: EnumDisplayDevices:
[2018.09.20-22.51.24:528][  0]LogWindows:    0. 'NVIDIA GeForce GTX 980' (P:1 D:1)
[2018.09.20-22.51.24:528][  0]LogWindows:    1. 'NVIDIA GeForce GTX 980' (P:0 D:0)
[2018.09.20-22.51.24:528][  0]LogWindows:    2. 'NVIDIA GeForce GTX 980' (P:0 D:0)
[2018.09.20-22.51.24:528][  0]LogWindows:    3. 'NVIDIA GeForce GTX 980' (P:0 D:0)
[2018.09.20-22.51.24:529][  0]LogWindows: DebugString: FoundDriverCount:4 
[2018.09.20-22.51.24:529][  0]LogD3D11RHI:     Adapter Name: NVIDIA GeForce GTX 980
[2018.09.20-22.51.24:529][  0]LogD3D11RHI:   Driver Version: 398.82 (internal:24.21.13.9882, unified:398.82)
[2018.09.20-22.51.24:529][  0]LogD3D11RHI:      Driver Date: 7-30-2018
[2018.09.20-22.51.24:529][  0]LogRHI: Texture pool is 2837 MB (70% of 4053 MB)
[2018.09.20-22.51.24:564][  0]LogD3D11RHI: Async texture creation enabled
[2018.09.20-22.51.24:579][  0]LogD3D11RHI: GPU Timing Frequency: 1000.000000 (Debug: 2 2)
[2018.09.20-22.51.24:621][  0]LogShaderCompilers: Guid format shader working directory is -33 characters bigger than the processId version (../../../../../../Users/scavaleri2/Documents/GitHub/Studio2Project/Studio2ProjectT3/Intermediate/Shaders/WorkingDirectory/53668/).
[2018.09.20-22.51.24:622][  0]LogShaderCompilers: Cleaned the shader compiler working directory 'C:/Users/scavaleri2/AppData/Local/Temp/UnrealShaderWorkingDir/4AAEED6040A1D544F6802CB456F9B856/'.
[2018.09.20-22.51.25:040][  0]LogTemp: Display: Loaded TP AllDesktopTargetPlatform
[2018.09.20-22.51.25:061][  0]LogTemp: Display: Loaded TP MacClientTargetPlatform
[2018.09.20-22.51.25:081][  0]LogTemp: Display: Loaded TP MacNoEditorTargetPlatform
[2018.09.20-22.51.25:101][  0]LogTemp: Display: Loaded TP MacServerTargetPlatform
[2018.09.20-22.51.25:127][  0]LogTemp: Display: Loaded TP MacTargetPlatform
[2018.09.20-22.51.25:147][  0]LogTemp: Display: Loaded TP WindowsClientTargetPlatform
[2018.09.20-22.51.25:169][  0]LogTemp: Display: Loaded TP WindowsNoEditorTargetPlatform
[2018.09.20-22.51.25:191][  0]LogTemp: Display: Loaded TP WindowsServerTargetPlatform
[2018.09.20-22.51.25:206][  0]LogTemp: Display: Loaded TP WindowsTargetPlatform
[2018.09.20-22.51.25:288][  0]LogTemp: Display: Loaded TP AndroidTargetPlatform
[2018.09.20-22.51.25:288][  0]LogTemp: Display: Loaded TP AndroidTargetPlatform
[2018.09.20-22.51.25:288][  0]LogTemp: Display: Loaded TP AndroidTargetPlatform
[2018.09.20-22.51.25:288][  0]LogTemp: Display: Loaded TP AndroidTargetPlatform
[2018.09.20-22.51.25:288][  0]LogTemp: Display: Loaded TP AndroidTargetPlatform
[2018.09.20-22.51.25:288][  0]LogTemp: Display: Loaded TP AndroidTargetPlatform
[2018.09.20-22.51.25:288][  0]LogTemp: Display: Loaded TP AndroidTargetPlatform
[2018.09.20-22.51.25:288][  0]LogTemp: Display: Loaded TP AndroidTargetPlatform
[2018.09.20-22.51.25:288][  0]LogTemp: Display: Loaded TP AndroidTargetPlatform
[2018.09.20-22.51.25:288][  0]LogTemp: Display: Loaded TP AndroidTargetPlatform
[2018.09.20-22.51.25:288][  0]LogTemp: Display: Loaded TP AndroidTargetPlatform
[2018.09.20-22.51.25:288][  0]LogTemp: Display: Loaded TP AndroidTargetPlatform
[2018.09.20-22.51.25:288][  0]LogTemp: Display: Loaded TP AndroidTargetPlatform
[2018.09.20-22.51.25:288][  0]LogTemp: Display: Loaded TP AndroidTargetPlatform
[2018.09.20-22.51.25:288][  0]LogTemp: Display: Loaded TP AndroidTargetPlatform
[2018.09.20-22.51.25:288][  0]LogTemp: Display: Loaded TP AndroidTargetPlatform
[2018.09.20-22.51.25:288][  0]LogTemp: Display: Loaded TP AndroidTargetPlatform
[2018.09.20-22.51.25:288][  0]LogTemp: Display: Loaded TP AndroidTargetPlatform
[2018.09.20-22.51.25:299][  0]LogTemp: Display: Loaded TP HTML5TargetPlatform
[2018.09.20-22.51.25:408][  0]LogTemp: Display: Loaded TP IOSTargetPlatform
[2018.09.20-22.51.25:408][  0]LogTemp: Display: Loaded TP IOSTargetPlatform
[2018.09.20-22.51.25:441][  0]LogTemp: Display: Loaded TP TVOSTargetPlatform
[2018.09.20-22.51.25:441][  0]LogTemp: Display: Loaded TP TVOSTargetPlatform
[2018.09.20-22.51.25:460][  0]LogTemp: Display: Loaded TP LinuxClientTargetPlatform
[2018.09.20-22.51.25:479][  0]LogTemp: Display: Loaded TP LinuxNoEditorTargetPlatform
[2018.09.20-22.51.25:499][  0]LogTemp: Display: Loaded TP LinuxServerTargetPlatform
[2018.09.20-22.51.25:525][  0]LogTemp: Display: Loaded TP LinuxTargetPlatform
[2018.09.20-22.51.25:542][  0]LogTemp: Display: Loaded TP LuminTargetPlatform
[2018.09.20-22.51.25:542][  0]LogTargetPlatformManager: Display: Building Assets For Windows
[2018.09.20-22.51.25:783][  0]LogXGEController: Cleaning working directory: C:/Users/scavaleri2/AppData/Local/Temp/UnrealXGEWorkingDir/
[2018.09.20-22.51.25:783][  0]LogXGEController: Cannot use XGE Controller as Incredibuild is not installed on this machine.
[2018.09.20-22.51.25:783][  0]LogShaderCompilers: Cannot use XGE Shader Compiler as Incredibuild is not installed on this machine.
[2018.09.20-22.51.25:783][  0]LogShaderCompilers: Display: Using Local Shader Compiler.
[2018.09.20-22.51.27:291][  0]LogDerivedDataCache: Display: Max Cache Size: 512 MB
[2018.09.20-22.51.27:346][  0]LogDerivedDataCache: Loaded boot cache 0.06s 72MB C:/Users/scavaleri2/AppData/Local/UnrealEngine/4.20/DerivedDataCache/Boot.ddc.
[2018.09.20-22.51.27:347][  0]LogDerivedDataCache: Display: Loaded Boot cache: C:/Users/scavaleri2/AppData/Local/UnrealEngine/4.20/DerivedDataCache/Boot.ddc
[2018.09.20-22.51.27:347][  0]LogDerivedDataCache: FDerivedDataBackendGraph:  Pak pak cache file ../../../../../../Users/scavaleri2/Documents/GitHub/Studio2Project/Studio2ProjectT3/DerivedDataCache/DDC.ddp not found, will not use a pak cache.
[2018.09.20-22.51.27:347][  0]LogDerivedDataCache: Unable to find inner node Pak for hierarchical cache Hierarchy.
[2018.09.20-22.51.27:347][  0]LogDerivedDataCache: FDerivedDataBackendGraph:  CompressedPak pak cache file ../../../../../../Users/scavaleri2/Documents/GitHub/Studio2Project/Studio2ProjectT3/DerivedDataCache/Compressed.ddp not found, will not use a pak cache.
[2018.09.20-22.51.27:347][  0]LogDerivedDataCache: Unable to find inner node CompressedPak for hierarchical cache Hierarchy.
[2018.09.20-22.51.27:362][  0]LogDerivedDataCache: Display: Pak cache opened for reading ../../../Engine/DerivedDataCache/Compressed.ddp.
[2018.09.20-22.51.27:376][  0]LogDerivedDataCache: Using Local data cache path C:/Users/scavaleri2/AppData/Local/UnrealEngine/Common/DerivedDataCache: Writable
[2018.09.20-22.51.27:376][  0]LogDerivedDataCache: Shared data cache path not found in *engine.ini, will not use an Shared cache.
[2018.09.20-22.51.27:376][  0]LogDerivedDataCache: Unable to find inner node Shared for hierarchical cache Hierarchy.
[2018.09.20-22.51.27:391][  0]LogMaterial: Verifying Global Shaders for PCD3D_SM5
[2018.09.20-22.51.27:393][  0]LogSlate: Using FreeType 2.6.0
[2018.09.20-22.51.27:405][  0]LogSlate: SlateFontServices - WITH_FREETYPE: 1, WITH_HARFBUZZ: 1
[2018.09.20-22.51.27:649][  0]LogAssetRegistry: FAssetRegistry took 0.0262 seconds to start up
[2018.09.20-22.51.27:938][  0]LogInit: Selected Device Profile: [Windows]
[2018.09.20-22.51.28:200][  0]LogSimplygon: Simplygon DLL not present - disabling.
[2018.09.20-22.51.28:222][  0]LogMeshReduction: Using SimplygonSwarm for distributed automatic mesh merging
[2018.09.20-22.51.28:222][  0]LogMeshReduction: Using ProxyLODMeshReduction for automatic mesh merging
[2018.09.20-22.51.28:222][  0]LogMeshReduction: Using QuadricMeshReduction for automatic static mesh reduction
[2018.09.20-22.51.28:222][  0]LogMeshReduction: No automatic skeletal mesh reduction module available
[2018.09.20-22.51.28:256][  0]LogNetVersion: Studio2ProjectT3 1.0.0, NetCL: 4212847, EngineNetVer: 5, GameNetVer: 0 (Checksum: 167173112)
[2018.09.20-22.51.29:279][  0]LogPackageLocalizationCache: Processed 13 localized package path(s) for 2 prioritized culture(s) in 0.144893 seconds
[2018.09.20-22.51.29:284][  0]LogUObjectArray: 38425 objects as part of root set at end of initial load.
[2018.09.20-22.51.29:284][  0]LogUObjectAllocator: 6690864 out of 0 bytes used by permanent object pool.
[2018.09.20-22.51.29:284][  0]LogUObjectArray: CloseDisregardForGC: 0/0 objects in disregard for GC pool
[2018.09.20-22.51.32:193][  0]LogTcpMessaging: Initializing TcpMessaging bridge
[2018.09.20-22.51.32:215][  0]LogUdpMessaging: Initializing bridge on interface 0.0.0.0:0 to multicast group 230.0.0.1:6666.
[2018.09.20-22.51.32:629][  0]SourceControl: Source control is disabled
[2018.09.20-22.51.32:629][  0]SourceControl: Source control is disabled
[2018.09.20-22.51.32:641][  0]SourceControl: Source control is disabled
[2018.09.20-22.51.32:651][  0]SourceControl: Source control is disabled
[2018.09.20-22.51.33:205][  0]LogAndroidPermission: UAndroidPermissionCallbackProxy::GetInstance
[2018.09.20-22.51.33:342][  0]LogOcInput: OculusInput pre-init called
[2018.09.20-22.51.35:776][  0]LogEngine: Initializing Engine...
[2018.09.20-22.51.35:777][  0]LogHMD: Failed to initialize OpenVR with code 110
[2018.09.20-22.51.35:778][  0]LogStats: UGameplayTagsManager::ConstructGameplayTagTree: ImportINI prefixes -  0.000 s
[2018.09.20-22.51.35:778][  0]LogStats: UGameplayTagsManager::ConstructGameplayTagTree: Construct from data asset -  0.000 s
[2018.09.20-22.51.35:778][  0]LogStats: UGameplayTagsManager::ConstructGameplayTagTree: ImportINI -  0.000 s
[2018.09.20-22.51.35:778][  0]LogStats: UGameplayTagsManager::ConstructGameplayTagTree: GameplayTagTreeChangedEvent.Broadcast -  0.000 s
[2018.09.20-22.51.36:107][  0]LogInit: Initializing FReadOnlyCVARCache
[2018.09.20-22.51.36:129][  0]LogAIModule: Creating AISystem for world Untitled
[2018.09.20-22.51.36:153][  0]LogInit: XAudio2 using 'Speakers (Realtek High Definition Audio)' : 2 channels at 48 kHz using 32 bits per sample (channel mask 0x3)
[2018.09.20-22.51.36:174][  0]LogInit: FAudioDevice initialized.
[2018.09.20-22.51.36:174][  0]LogNetVersion: Set ProjectVersion to 1.0.0.0. Version Checksum will be recalculated on next use.
[2018.09.20-22.51.36:247][  0]LogDerivedDataCache: Saved boot cache 0.07s 72MB C:/Users/scavaleri2/AppData/Local/UnrealEngine/4.20/DerivedDataCache/Boot.ddc.
[2018.09.20-22.51.36:260][  0]LogInit: Texture streaming: Enabled
[2018.09.20-22.51.36:317][  0]LogEngineSessionManager: EngineSessionManager initialized
[2018.09.20-22.51.36:347][  0]LogInit: Transaction tracking system initialized
[2018.09.20-22.51.36:417][  0]BlueprintLog: New page: Editor Load
[2018.09.20-22.51.36:701][  0]LocalizationService: Localization service is disabled
[2018.09.20-22.51.37:311][  0]LogCook: Display: Max memory allowance for cook 16384mb min free memory 0mb
[2018.09.20-22.51.37:311][  0]LogCook: Display: Mobile HDR setting 1
[2018.09.20-22.51.37:311][  0]LogGameplayTags: Display: UGameplayTagsManager::DoneAddingNativeTags. DelegateIsBound: 0
[2018.09.20-22.51.37:311][  0]LogStats: UGameplayTagsManager::ConstructGameplayTagTree: ImportINI prefixes -  0.000 s
[2018.09.20-22.51.37:311][  0]LogStats: UGameplayTagsManager::ConstructGameplayTagTree: Construct from data asset -  0.000 s
[2018.09.20-22.51.37:311][  0]LogStats: UGameplayTagsManager::ConstructGameplayTagTree: ImportINI -  0.000 s
[2018.09.20-22.51.37:311][  0]LogStats: UGameplayTagsManager::ConstructGameplayTagTree: GameplayTagTreeChangedEvent.Broadcast -  0.000 s
[2018.09.20-22.51.37:482][  0]LogFileCache: Scanning file cache for directory 'C:/Users/scavaleri2/Documents/GitHub/Studio2Project/Studio2ProjectT3/Content/' took 0.02s
[2018.09.20-22.51.38:966][  0]SourceControl: Source control is disabled
[2018.09.20-22.51.38:967][  0]Cmd: MAP LOAD FILE="../../../../../../Users/scavaleri2/Documents/GitHub/Studio2Project/Studio2ProjectT3/Content/FirstPersonBP/Maps/FirstPersonExampleMap.umap" TEMPLATE=0 SHOWPROGRESS=1 FEATURELEVEL=3
[2018.09.20-22.51.38:971][  0]LightingResults: New page: Lighting Build
[2018.09.20-22.51.38:974][  0]MapCheck: New page: Map Check
[2018.09.20-22.51.38:974][  0]LightingResults: New page: Lighting Build
[2018.09.20-22.51.39:711][  0]LogAIModule: Creating AISystem for world FirstPersonExampleMap
[2018.09.20-22.51.39:725][  0]LogEditorServer: Finished looking for orphan Actors (0.000 secs)
[2018.09.20-22.51.39:747][  0]Cmd: MAP CHECKDEP NOCLEARLOG
[2018.09.20-22.51.39:840][  0]MapCheck: Map check complete: 0 Error(s), 0 Warning(s), took 92.65ms to complete.
[2018.09.20-22.51.39:840][  0]LogFileHelpers: Loading map 'FirstPersonExampleMap' took 0.874
[2018.09.20-22.51.39:950][  0]LogSlate: Updating window title bar state: overlay mode, drag disabled, window buttons hidden, title bar hidden
[2018.09.20-22.51.39:956][  0]LogSlate: Updating window title bar state: overlay mode, drag disabled, window buttons hidden, title bar hidden
[2018.09.20-22.51.39:963][  0]LogSlate: Updating window title bar state: overlay mode, drag disabled, window buttons hidden, title bar hidden
[2018.09.20-22.51.39:968][  0]LogSlate: Updating window title bar state: overlay mode, drag disabled, window buttons hidden, title bar hidden
[2018.09.20-22.51.39:988][  0]LogCollectionManager: Loaded 0 collections in 0.002175 seconds
[2018.09.20-22.51.40:029][  0]LogFileCache: Scanning file cache for directory 'C:/Users/scavaleri2/Documents/GitHub/Studio2Project/Studio2ProjectT3/Saved/Collections/' took 0.01s
[2018.09.20-22.51.40:029][  0]LogFileCache: Scanning file cache for directory 'C:/Users/scavaleri2/Documents/GitHub/Studio2Project/Studio2ProjectT3/Content/Developers/scavaleri2/Collections/' took 0.01s
[2018.09.20-22.51.40:029][  0]LogFileCache: Scanning file cache for directory 'C:/Users/scavaleri2/Documents/GitHub/Studio2Project/Studio2ProjectT3/Content/Collections/' took 0.01s
[2018.09.20-22.51.40:029][  0]LogCollectionManager: Rebuilt the GUID cache for 0 collections in 0.000000 seconds
[2018.09.20-22.51.40:037][  0]LogContentBrowser: Native class hierarchy populated in 0.0079 seconds. Added 2621 classes and 629 folders.
[2018.09.20-22.51.40:044][  0]LogContentBrowser: Native class hierarchy updated for 'WidgetCarousel' in 0.0002 seconds. Added 0 classes and 0 folders.
[2018.09.20-22.51.40:352][  0]LogContentBrowser: Native class hierarchy updated for 'AddContentDialog' in 0.0002 seconds. Added 0 classes and 0 folders.
[2018.09.20-22.51.40:366][  0]LogContentBrowser: Native class hierarchy updated for 'SceneOutliner' in 0.0002 seconds. Added 1 classes and 2 folders.
[2018.09.20-22.51.40:384][  0]LogSlate: Took 0.005071 seconds to synchronously load lazily loaded font '../../../Engine/Content/Slate/Fonts/Roboto-Regular.ttf' (155K)
[2018.09.20-22.51.40:389][  0]LogSlate: Took 0.003378 seconds to synchronously load lazily loaded font '../../../Engine/Content/Slate/Fonts/Roboto-Bold.ttf' (160K)
[2018.09.20-22.51.40:398][  0]LogSlate: Took 0.003864 seconds to synchronously load lazily loaded font '../../../Engine/Content/Editor/Slate/Fonts/FontAwesome.ttf' (139K)
[2018.09.20-22.51.40:516][  0]LogRenderer: Reallocating scene render targets to support 1616x812 Format 10 NumSamples 1 (Frame:1).
[2018.09.20-22.51.40:652][  0]LogContentBrowser: Native class hierarchy updated for 'HierarchicalLODOutliner' in 0.0002 seconds. Added 0 classes and 0 folders.
[2018.09.20-22.51.40:652][  0]LogLoad: (Engine Initialization) Total time: 22.71 seconds
[2018.09.20-22.51.40:652][  0]LogLoad: (Engine Initialization) Total Blueprint compile time: 0.00 seconds
[2018.09.20-22.51.40:682][  0]LogContentStreaming: Texture pool size now 1000 MB
[2018.09.20-22.51.40:759][  1]LogAssetRegistry: Asset discovery search completed in 13.1332 seconds
[2018.09.20-22.51.40:761][  1]LogCollectionManager: Rebuilt the object cache for 0 collections in 0.000000 seconds (found 0 objects)
[2018.09.20-22.51.40:761][  1]LogCollectionManager: Fixed up redirectors for 0 collections in 0.000036 seconds (updated 0 objects)
[2018.09.20-22.52.27:342][587]LogSlate: FSceneViewport::OnFocusLost() reason 0
[2018.09.20-22.52.27:491][604]LogSlate: Took 0.003644 seconds to synchronously load lazily loaded font '../../../Engine/Content/Slate/Fonts/Roboto-Light.ttf' (167K)
[2018.09.20-22.52.27:501][604]LogAIModule: Creating AISystem for world StephenTestLevel
[2018.09.20-22.52.27:504][604]LogAssetEditorManager: Opening Asset editor for World /Game/FirstPersonBP/Levels/StephenTestLevel.StephenTestLevel
[2018.09.20-22.52.27:525][604]Cmd: MAP LOAD FILE="../../../../../../Users/scavaleri2/Documents/GitHub/Studio2Project/Studio2ProjectT3/Content/FirstPersonBP/Levels/StephenTestLevel.umap" TEMPLATE=0 SHOWPROGRESS=1 FEATURELEVEL=3
[2018.09.20-22.52.27:525][604]LightingResults: New page: Lighting Build
[2018.09.20-22.52.27:525][604]LoadErrors: New page: Loading map: StephenTestLevel.umap
[2018.09.20-22.52.27:526][604]MapCheck: New page: Map Check
[2018.09.20-22.52.27:526][604]LightingResults: New page: Lighting Build
[2018.09.20-22.52.27:549][604]LogEditorServer: Finished looking for orphan Actors (0.000 secs)
[2018.09.20-22.52.27:590][604]Cmd: MAP CHECKDEP NOCLEARLOG
[2018.09.20-22.52.27:685][604]MapCheck: Map check complete: 0 Error(s), 0 Warning(s), took 95.552ms to complete.
[2018.09.20-22.52.27:685][604]LogFileHelpers: Loading map 'StephenTestLevel' took 0.161
[2018.09.20-22.52.46:722][640]LogAIModule: Creating AISystem for world StarterMap
[2018.09.20-22.52.46:750][640]LogAssetEditorManager: Opening Asset editor for World /Game/StarterContent/Maps/StarterMap.StarterMap
[2018.09.20-22.52.46:779][640]Cmd: MAP LOAD FILE="../../../../../../Users/scavaleri2/Documents/GitHub/Studio2Project/Studio2ProjectT3/Content/StarterContent/Maps/StarterMap.umap" TEMPLATE=0 SHOWPROGRESS=1 FEATURELEVEL=3
[2018.09.20-22.52.46:779][640]LightingResults: New page: Lighting Build
[2018.09.20-22.52.46:780][640]LoadErrors: New page: Loading map: StarterMap.umap
[2018.09.20-22.52.46:781][640]MapCheck: New page: Map Check
[2018.09.20-22.52.46:781][640]LightingResults: New page: Lighting Build
[2018.09.20-22.52.46:820][640]LogEditorServer: Finished looking for orphan Actors (0.000 secs)
[2018.09.20-22.52.46:866][640]Cmd: MAP CHECKDEP NOCLEARLOG
[2018.09.20-22.52.47:019][640]MapCheck: Map check complete: 0 Error(s), 0 Warning(s), took 153.407ms to complete.
[2018.09.20-22.52.47:021][640]LogFileHelpers: Loading map 'StarterMap' took 0.243
[2018.09.20-22.54.49:832][271]LogSlate: FSceneViewport::OnFocusLost() reason 0
[2018.09.20-22.54.50:018][289]LogAIModule: Creating AISystem for world Minimal_Default
[2018.09.20-22.54.50:021][289]LogAssetEditorManager: Opening Asset editor for World /Game/StarterContent/Maps/Minimal_Default.Minimal_Default
[2018.09.20-22.54.50:041][289]Cmd: MAP LOAD FILE="../../../../../../Users/scavaleri2/Documents/GitHub/Studio2Project/Studio2ProjectT3/Content/StarterContent/Maps/Minimal_Default.umap" TEMPLATE=0 SHOWPROGRESS=1 FEATURELEVEL=3
[2018.09.20-22.54.50:041][289]LightingResults: New page: Lighting Build
[2018.09.20-22.54.50:042][289]LoadErrors: New page: Loading map: Minimal_Default.umap
[2018.09.20-22.54.50:044][289]MapCheck: New page: Map Check
[2018.09.20-22.54.50:044][289]LightingResults: New page: Lighting Build
[2018.09.20-22.54.50:069][289]LogEditorServer: Finished looking for orphan Actors (0.000 secs)
[2018.09.20-22.54.50:110][289]Cmd: MAP CHECKDEP NOCLEARLOG
[2018.09.20-22.54.50:256][289]MapCheck: Map check complete: 0 Error(s), 0 Warning(s), took 145.537ms to complete.
[2018.09.20-22.54.50:257][289]LogFileHelpers: Loading map 'Minimal_Default' took 0.217
[2018.09.20-22.54.54:626][794]LogSlate: FSceneViewport::OnFocusLost() reason 0
[2018.09.20-22.54.54:676][800]LogTemp: Repeating last play command: Selected Viewport
[2018.09.20-22.54.54:688][800]LogBlueprintUserMessages: Early PlayInEditor Detection: Level '/Game/StarterContent/Maps/Minimal_Default.Minimal_Default:PersistentLevel' has LevelScriptBlueprint '/Game/StarterContent/Maps/Minimal_Default.Minimal_Default:PersistentLevel.Minimal_Default' with GeneratedClass '/Game/StarterContent/Maps/Minimal_Default.Minimal_Default_C' with ClassGeneratedBy '/Game/StarterContent/Maps/Minimal_Default.Minimal_Default:PersistentLevel.Minimal_Default'
[2018.09.20-22.54.54:688][800]LogPlayLevel: PlayLevel: No blueprints needed recompiling
[2018.09.20-22.54.54:700][800]PIE: New page: PIE session: Minimal_Default (21 Sep 2018 6:54:54 pm)
[2018.09.20-22.54.54:700][800]LogPlayLevel: Creating play world package: /Game/StarterContent/Maps/UEDPIE_0_Minimal_Default
[2018.09.20-22.54.54:703][800]LogPlayLevel: PIE: StaticDuplicateObject took: (0.003183s)
[2018.09.20-22.54.54:704][800]LogAIModule: Creating AISystem for world Minimal_Default
[2018.09.20-22.54.54:704][800]LogPlayLevel: PIE: World Init took: (0.000927s)
[2018.09.20-22.54.54:705][800]LogPlayLevel: PIE: Created PIE world by copying editor world from /Game/StarterContent/Maps/Minimal_Default.Minimal_Default to /Game/StarterContent/Maps/UEDPIE_0_Minimal_Default.Minimal_Default (0.004268s)
[2018.09.20-22.54.54:745][800]LogInit: XAudio2 using 'Speakers (Realtek High Definition Audio)' : 2 channels at 48 kHz using 32 bits per sample (channel mask 0x3)
[2018.09.20-22.54.54:758][800]LogInit: FAudioDevice initialized.
[2018.09.20-22.54.54:804][800]LogLoad: Game class is 'FirstPersonGameMode_C'
[2018.09.20-22.54.54:806][800]LogWorld: Bringing World /Game/StarterContent/Maps/UEDPIE_0_Minimal_Default.Minimal_Default up for play (max tick rate 0) at 2018.09.21-08.54.54
[2018.09.20-22.54.54:806][800]LogWorld: Bringing up level for play took: 0.000648
[2018.09.20-22.54.54:826][800]LogContentBrowser: Native class hierarchy updated for 'MovieSceneCapture' in 0.0002 seconds. Added 10 classes and 0 folders.
[2018.09.20-22.54.54:828][800]PIE: Play in editor start time for /Game/StarterContent/Maps/UEDPIE_0_Minimal_Default -0.836
[2018.09.20-22.54.54:829][800]LogBlueprintUserMessages: Late PlayInEditor Detection: Level '/Game/StarterContent/Maps/Minimal_Default.Minimal_Default:PersistentLevel' has LevelScriptBlueprint '/Game/StarterContent/Maps/Minimal_Default.Minimal_Default:PersistentLevel.Minimal_Default' with GeneratedClass '/Game/StarterContent/Maps/Minimal_Default.Minimal_Default_C' with ClassGeneratedBy '/Game/StarterContent/Maps/Minimal_Default.Minimal_Default:PersistentLevel.Minimal_Default'
[2018.09.20-22.55.04:906][  4]LogBlueprintUserMessages: Early EndPlayMap Detection: Level '/Game/StarterContent/Maps/Minimal_Default.Minimal_Default:PersistentLevel' has LevelScriptBlueprint '/Game/StarterContent/Maps/Minimal_Default.Minimal_Default:PersistentLevel.Minimal_Default' with GeneratedClass '/Game/StarterContent/Maps/Minimal_Default.Minimal_Default_C' with ClassGeneratedBy '/Game/StarterContent/Maps/Minimal_Default.Minimal_Default:PersistentLevel.Minimal_Default'
[2018.09.20-22.55.04:906][  4]LogSlate: Updating window title bar state: overlay mode, drag disabled, window buttons hidden, title bar hidden
[2018.09.20-22.55.04:939][  4]LogPlayLevel: Display: Shutting down PIE online subsystems
[2018.09.20-22.55.04:939][  4]LogBlueprintUserMessages: Late EndPlayMap Detection: Level '/Game/StarterContent/Maps/Minimal_Default.Minimal_Default:PersistentLevel' has LevelScriptBlueprint '/Game/StarterContent/Maps/Minimal_Default.Minimal_Default:PersistentLevel.Minimal_Default' with GeneratedClass '/Game/StarterContent/Maps/Minimal_Default.Minimal_Default_C' with ClassGeneratedBy '/Game/StarterContent/Maps/Minimal_Default.Minimal_Default:PersistentLevel.Minimal_Default'
[2018.09.20-22.55.04:961][  4]LogSlate: Updating window title bar state: overlay mode, drag disabled, window buttons hidden, title bar hidden
[2018.09.20-22.55.05:013][  6]LogPlayLevel: Display: Destroying online subsystem :Context_1
[2018.09.20-22.55.09:689][567]LogSlate: FSceneViewport::OnFocusLost() reason 0
[2018.09.20-22.55.30:162][964]LogSlate: FSceneViewport::OnFocusLost() reason 0
[2018.09.20-22.55.34:144][423]LogAIModule: Creating AISystem for world StarterMap
[2018.09.20-22.55.34:153][423]LogAssetEditorManager: Opening Asset editor for World /Game/StarterContent/Maps/StarterMap.StarterMap
[2018.09.20-22.55.34:174][423]Cmd: MAP LOAD FILE="../../../../../../Users/scavaleri2/Documents/GitHub/Studio2Project/Studio2ProjectT3/Content/StarterContent/Maps/StarterMap.umap" TEMPLATE=0 SHOWPROGRESS=1 FEATURELEVEL=3
[2018.09.20-22.55.34:174][423]LightingResults: New page: Lighting Build
[2018.09.20-22.55.34:175][423]LoadErrors: New page: Loading map: StarterMap.umap
[2018.09.20-22.55.34:176][423]MapCheck: New page: Map Check
[2018.09.20-22.55.34:176][423]LightingResults: New page: Lighting Build
[2018.09.20-22.55.34:209][423]LogEditorServer: Finished looking for orphan Actors (0.000 secs)
[2018.09.20-22.55.34:252][423]Cmd: MAP CHECKDEP NOCLEARLOG
[2018.09.20-22.55.34:400][423]MapCheck: Map check complete: 0 Error(s), 0 Warning(s), took 148.779ms to complete.
[2018.09.20-22.55.34:402][423]LogFileHelpers: Loading map 'StarterMap' took 0.228
[2018.09.20-22.56.46:550][ 36]LogSlate: FSceneViewport::OnFocusLost() reason 0
[2018.09.20-22.56.46:591][ 41]LogTemp: Repeating last play command: Selected Viewport
[2018.09.20-22.56.46:604][ 41]LogBlueprintUserMessages: Early PlayInEditor Detection: Level '/Game/StarterContent/Maps/StarterMap.StarterMap:PersistentLevel' has LevelScriptBlueprint '/Game/StarterContent/Maps/StarterMap.StarterMap:PersistentLevel.StarterMap' with GeneratedClass '/Game/StarterContent/Maps/StarterMap.StarterMap_C' with ClassGeneratedBy '/Game/StarterContent/Maps/StarterMap.StarterMap:PersistentLevel.StarterMap'
[2018.09.20-22.56.46:604][ 41]LogPlayLevel: PlayLevel: No blueprints needed recompiling
[2018.09.20-22.56.46:604][ 41]PIE: New page: PIE session: StarterMap (21 Sep 2018 6:56:46 pm)
[2018.09.20-22.56.46:604][ 41]LogPlayLevel: Creating play world package: /Game/StarterContent/Maps/UEDPIE_0_StarterMap
[2018.09.20-22.56.46:619][ 41]LogPlayLevel: PIE: StaticDuplicateObject took: (0.014146s)
[2018.09.20-22.56.46:620][ 41]LogAIModule: Creating AISystem for world StarterMap
[2018.09.20-22.56.46:620][ 41]LogPlayLevel: PIE: World Init took: (0.001011s)
[2018.09.20-22.56.46:620][ 41]LogPlayLevel: PIE: Created PIE world by copying editor world from /Game/StarterContent/Maps/StarterMap.StarterMap to /Game/StarterContent/Maps/UEDPIE_0_StarterMap.StarterMap (0.015367s)
[2018.09.20-22.56.46:660][ 41]LogInit: XAudio2 using 'Speakers (Realtek High Definition Audio)' : 2 channels at 48 kHz using 32 bits per sample (channel mask 0x3)
[2018.09.20-22.56.46:672][ 41]LogInit: FAudioDevice initialized.
[2018.09.20-22.56.46:703][ 41]LogLoad: Game class is 'FirstPersonGameMode_C'
[2018.09.20-22.56.46:709][ 41]LogWorld: Bringing World /Game/StarterContent/Maps/UEDPIE_0_StarterMap.StarterMap up for play (max tick rate 0) at 2018.09.21-08.56.46
[2018.09.20-22.56.46:710][ 41]LogWorld: Bringing up level for play took: 0.005633
[2018.09.20-22.56.46:724][ 41]PIE: Play in editor start time for /Game/StarterContent/Maps/UEDPIE_0_StarterMap 1.06
[2018.09.20-22.56.46:724][ 41]LogBlueprintUserMessages: Late PlayInEditor Detection: Level '/Game/StarterContent/Maps/StarterMap.StarterMap:PersistentLevel' has LevelScriptBlueprint '/Game/StarterContent/Maps/StarterMap.StarterMap:PersistentLevel.StarterMap' with GeneratedClass '/Game/StarterContent/Maps/StarterMap.StarterMap_C' with ClassGeneratedBy '/Game/StarterContent/Maps/StarterMap.StarterMap:PersistentLevel.StarterMap'
[2018.09.20-22.57.06:288][380]LogBlueprintUserMessages: Early EndPlayMap Detection: Level '/Game/StarterContent/Maps/StarterMap.StarterMap:PersistentLevel' has LevelScriptBlueprint '/Game/StarterContent/Maps/StarterMap.StarterMap:PersistentLevel.StarterMap' with GeneratedClass '/Game/StarterContent/Maps/StarterMap.StarterMap_C' with ClassGeneratedBy '/Game/StarterContent/Maps/StarterMap.StarterMap:PersistentLevel.StarterMap'
[2018.09.20-22.57.06:288][380]LogSlate: Updating window title bar state: overlay mode, drag disabled, window buttons hidden, title bar hidden
[2018.09.20-22.57.06:325][380]LogPlayLevel: Display: Shutting down PIE online subsystems
[2018.09.20-22.57.06:325][380]LogBlueprintUserMessages: Late EndPlayMap Detection: Level '/Game/StarterContent/Maps/StarterMap.StarterMap:PersistentLevel' has LevelScriptBlueprint '/Game/StarterContent/Maps/StarterMap.StarterMap:PersistentLevel.StarterMap' with GeneratedClass '/Game/StarterContent/Maps/StarterMap.StarterMap_C' with ClassGeneratedBy '/Game/StarterContent/Maps/StarterMap.StarterMap:PersistentLevel.StarterMap'
[2018.09.20-22.57.06:347][380]LogSlate: Updating window title bar state: overlay mode, drag disabled, window buttons hidden, title bar hidden
[2018.09.20-22.57.06:393][383]LogPlayLevel: Display: Destroying online subsystem :Context_2
[2018.09.20-22.57.09:376][738]LogSlate: FSceneViewport::OnFocusLost() reason 0
[2018.09.20-22.57.19:066][885]LogMaterial: Display: Missing cached shader map for material Material_0, compiling. 
[2018.09.20-22.57.19:133][886]LogShaderCompilers: Display: Shaders left to compile 44
[2018.09.20-22.57.19:133][886]LogShaderCompilers: Display: Shaders left to compile 34
[2018.09.20-22.57.19:133][886]LogShaderCompilers: Display: Shaders left to compile 24
[2018.09.20-22.57.19:133][886]LogShaderCompilers: Display: Shaders left to compile 14
[2018.09.20-22.57.19:165][886]LogMaterial: Display: Missing cached shader map for material Material_1, compiling. 
[2018.09.20-22.57.19:235][888]LogMaterial: Display: Missing cached shader map for material Material_2, compiling. 
[2018.09.20-22.57.21:378][124]LogShaderCompilers: Display: Shaders left to compile 92
[2018.09.20-22.57.21:444][132]LogShaderCompilers: Display: Shaders left to compile 82
[2018.09.20-22.57.21:564][144]LogShaderCompilers: Display: Shaders left to compile 72
[2018.09.20-22.57.22:664][236]LogShaderCompilers: Display: Shaders left to compile 62
[2018.09.20-22.57.22:754][244]LogShaderCompilers: Display: Shaders left to compile 52
[2018.09.20-22.57.22:837][252]LogAIModule: Creating AISystem for world StephenTestLevel
[2018.09.20-22.57.23:004][268]LogShaderCompilers: Display: Shaders left to compile 42
[2018.09.20-22.57.23:155][286]LogShaderCompilers: Display: Shaders left to compile 32
[2018.09.20-22.57.24:420][423]LogShaderCompilers: Display: Shaders left to compile 22
[2018.09.20-22.57.24:634][441]LogShaderCompilers: Display: Shaders left to compile 12
[2018.09.20-22.57.24:909][467]LogShaderCompilers: Display: Shaders left to compile 2
[2018.09.20-22.57.29:563][976]LogAssetEditorManager: Opening Asset editor for World /Game/FirstPersonBP/Levels/StephenTestLevel.StephenTestLevel
[2018.09.20-22.57.29:585][976]Cmd: MAP LOAD FILE="../../../../../../Users/scavaleri2/Documents/GitHub/Studio2Project/Studio2ProjectT3/Content/FirstPersonBP/Levels/StephenTestLevel.umap" TEMPLATE=0 SHOWPROGRESS=1 FEATURELEVEL=3
[2018.09.20-22.57.29:585][976]LightingResults: New page: Lighting Build
[2018.09.20-22.57.29:585][976]LoadErrors: New page: Loading map: StephenTestLevel.umap
[2018.09.20-22.57.29:587][976]MapCheck: New page: Map Check
[2018.09.20-22.57.29:587][976]LightingResults: New page: Lighting Build
[2018.09.20-22.57.29:611][976]LogEditorServer: Finished looking for orphan Actors (0.000 secs)
[2018.09.20-22.57.29:655][976]Cmd: MAP CHECKDEP NOCLEARLOG
[2018.09.20-22.57.29:802][976]MapCheck: Map check complete: 0 Error(s), 0 Warning(s), took 147.258ms to complete.
[2018.09.20-22.57.29:803][976]LogFileHelpers: Loading map 'StephenTestLevel' took 0.220
[2018.09.20-22.58.00:198][568]LogSlate: FSceneViewport::OnFocusLost() reason 0
[2018.09.20-22.58.06:026][238]LogSlate: FSceneViewport::OnFocusLost() reason 0
[2018.09.20-22.58.15:986][431]LogSlate: Window 'Color Picker' being destroyed
[2018.09.20-22.58.29:964][ 64]LogSlate: FSceneViewport::OnFocusLost() reason 0
[2018.09.20-22.59.11:480][  7]LogTexture: Display: Building textures: Texture2D_2 (G8, 128X128)
[2018.09.20-22.59.48:498][391]LogSlate: FSceneViewport::OnFocusLost() reason 0
[2018.09.20-22.59.54:354][ 84]LogTexture: Display: Building textures: Texture2D_0 (BGRA8, 512X512)
[2018.09.20-23.02.51:050][236]LogSlate: FSceneViewport::OnFocusLost() reason 0
[2018.09.20-23.02.55:290][700]LogSlate: FSceneViewport::OnFocusLost() reason 0
[2018.09.20-23.02.55:348][707]LogTemp: Repeating last play command: Selected Viewport
[2018.09.20-23.02.55:361][707]LogPlayLevel: PlayLevel: No blueprints needed recompiling
[2018.09.20-23.02.55:361][707]PIE: New page: PIE session: StephenTestLevel (21 Sep 2018 7:02:55 pm)
[2018.09.20-23.02.55:361][707]LogPlayLevel: Creating play world package: /Game/FirstPersonBP/Levels/UEDPIE_0_StephenTestLevel
[2018.09.20-23.02.55:370][707]LogPlayLevel: PIE: StaticDuplicateObject took: (0.008944s)
[2018.09.20-23.02.55:371][707]LogAIModule: Creating AISystem for world StephenTestLevel
[2018.09.20-23.02.55:371][707]LogPlayLevel: PIE: World Init took: (0.000684s)
[2018.09.20-23.02.55:371][707]LogPlayLevel: PIE: Created PIE world by copying editor world from /Game/FirstPersonBP/Levels/StephenTestLevel.StephenTestLevel to /Game/FirstPersonBP/Levels/UEDPIE_0_StephenTestLevel.StephenTestLevel (0.009778s)
[2018.09.20-23.02.55:416][707]LogInit: XAudio2 using 'Speakers (Realtek High Definition Audio)' : 2 channels at 48 kHz using 32 bits per sample (channel mask 0x3)
[2018.09.20-23.02.55:429][707]LogInit: FAudioDevice initialized.
[2018.09.20-23.02.55:460][707]LogLoad: Game class is 'FirstPersonGameMode_C'
[2018.09.20-23.02.55:462][707]LogWorld: Bringing World /Game/FirstPersonBP/Levels/UEDPIE_0_StephenTestLevel.StephenTestLevel up for play (max tick rate 0) at 2018.09.21-09.02.55
[2018.09.20-23.02.55:463][707]LogWorld: Bringing up level for play took: 0.001665
[2018.09.20-23.02.55:477][707]PIE: Play in editor start time for /Game/FirstPersonBP/Levels/UEDPIE_0_StephenTestLevel -0.185
[2018.09.20-23.02.57:472][944]LogSlate: Updating window title bar state: overlay mode, drag disabled, window buttons hidden, title bar hidden
[2018.09.20-23.02.57:503][944]LogPlayLevel: Display: Shutting down PIE online subsystems
[2018.09.20-23.02.57:526][944]LogSlate: Updating window title bar state: overlay mode, drag disabled, window buttons hidden, title bar hidden
[2018.09.20-23.02.57:577][947]LogPlayLevel: Display: Destroying online subsystem :Context_9
[2018.09.20-23.03.02:240][495]LogSlate: FSceneViewport::OnFocusLost() reason 0
[2018.09.20-23.03.08:087][178]Cmd: TRANSACTION UNDO
[2018.09.20-23.03.08:087][178]LogEditorTransaction: Undo Landscape Editing: Sculpt
[2018.09.20-23.03.09:981][396]LogSlate: FSceneViewport::OnFocusLost() reason 0
[2018.09.20-23.03.17:163][232]Cmd: TRANSACTION UNDO
[2018.09.20-23.03.17:163][232]LogEditorTransaction: Undo Landscape Editing: Sculpt
[2018.09.20-23.03.21:438][603]Cmd: TRANSACTION UNDO
[2018.09.20-23.03.21:438][603]LogEditorTransaction: Undo Landscape Editing: Sculpt
[2018.09.20-23.03.29:736][419]Cmd: TRANSACTION UNDO
[2018.09.20-23.03.29:736][419]LogEditorTransaction: Undo Landscape Editing: Sculpt
[2018.09.20-23.03.37:404][ 66]Cmd: TRANSACTION UNDO
[2018.09.20-23.03.37:404][ 66]LogEditorTransaction: Undo Landscape Editing: Sculpt
[2018.09.20-23.03.37:427][ 66]LogTexture: Display: Building textures: Texture2D_0 (BGRA8, 512X512)
[2018.09.20-23.03.51:317][532]Cmd: TRANSACTION UNDO
[2018.09.20-23.03.51:317][532]LogEditorTransaction: Undo Landscape Editing: Sculpt
[2018.09.20-23.03.51:343][532]LogTexture: Display: Building textures: Texture2D_0 (BGRA8, 512X512)
[2018.09.20-23.04.03:142][877]LogEditorViewport: Clicking on Actor (double click): Landscape (Landscape)
[2018.09.20-23.04.04:811][ 47]LogEditorViewport: Clicking on Actor (double click): Landscape (Landscape)
[2018.09.20-23.04.06:458][203]LogEditorViewport: Clicking on Actor (double click): Landscape (Landscape)
[2018.09.20-23.04.07:377][312]LogEditorViewport: Clicking on Actor (double click): BP_Sky_Sphere_C (BP_Sky_Sphere)
[2018.09.20-23.04.19:720][773]LogSlate: FSceneViewport::OnFocusLost() reason 0
[2018.09.20-23.04.23:625][238]LogSlate: FSceneViewport::OnFocusLost() reason 0
[2018.09.20-23.07.31:586][781]LogTexture: Display: Building textures: Texture2D_0 (BGRA8, 512X512)
[2018.09.20-23.07.31:756][781]LogSavePackage: Moving '../../../../../../Users/scavaleri2/Documents/GitHub/Studio2Project/Studio2ProjectT3/Saved/StephenTestLevel_Auto198D037CA4C9969E585AE5BA6B628E74C.tmp' to '../../../../../../Users/scavaleri2/Documents/GitHub/Studio2Project/Studio2ProjectT3/Saved/Autosaves/Game/FirstPersonBP/Levels/StephenTestLevel_Auto1.umap'
[2018.09.20-23.07.31:763][781]LogFileHelpers: Editor autosave (incl. sublevels) for '/Game/FirstPersonBP/Levels/StephenTestLevel' took 0.218
[2018.09.20-23.07.31:763][781]LogFileHelpers: Editor autosave (incl. sublevels) for all levels took 0.218
[2018.09.20-23.13.20:149][795]LogSavePackage: Moving '../../../../../../Users/scavaleri2/Documents/GitHub/Studio2Project/Studio2ProjectT3/Saved/StephenTestLevel2DD2081C4DA59370D18FB1B2AAA30B42.tmp' to '../../../../../../Users/scavaleri2/Documents/GitHub/Studio2Project/Studio2ProjectT3/Content/FirstPersonBP/Levels/StephenTestLevel.umap'
[2018.09.20-23.13.21:642][960]LogSlate: Window 'Studio2ProjectT3 - Unreal Editor' being destroyed
[2018.09.20-23.13.21:863][961]Cmd: QUIT_EDITOR
[2018.09.20-23.13.22:216][961]LogWindowsTextInputMethodSystem: Display: IME system now deactivated.
[2018.09.20-23.13.22:231][961]LogExit: Preparing to exit.
[2018.09.20-23.13.22:952][961]LogExit: Editor shut down
[2018.09.20-23.13.22:952][961]LogExit: Transaction tracking system shut down
[2018.09.20-23.13.23:546][961]LogExit: Object subsystem successfully closed.
[2018.09.20-23.13.23:569][961]LogShaderCompilers: Display: Shaders left to compile 0
[2018.09.20-23.13.23:575][961]LogD3D11RHI: Shutdown
[2018.09.20-23.13.23:575][961]LogD3D11RHI: CleanupD3DDevice
[2018.09.20-23.13.23:577][961]LogD3D11RHI: ~FD3D11DynamicRHI
[2018.09.20-23.13.23:615][961]LogModuleManager: Shutting down and abandoning module MovieSceneCapture (632)
[2018.09.20-23.13.23:615][961]LogModuleManager: Shutting down and abandoning module Voice (630)
[2018.09.20-23.13.23:615][961]LogModuleManager: Shutting down and abandoning module HierarchicalLODOutliner (628)
[2018.09.20-23.13.23:615][961]LogModuleManager: Shutting down and abandoning module SceneOutliner (626)
[2018.09.20-23.13.23:615][961]LogModuleManager: Shutting down and abandoning module AddContentDialog (624)
[2018.09.20-23.13.23:615][961]LogModuleManager: Shutting down and abandoning module WidgetCarousel (623)
[2018.09.20-23.13.23:615][961]LogModuleManager: Shutting down and abandoning module EditorWidgets (620)
[2018.09.20-23.13.23:615][961]LogModuleManager: Shutting down and abandoning module CollectionManager (618)
[2018.09.20-23.13.23:616][961]LogModuleManager: Shutting down and abandoning module StatsViewer (616)
[2018.09.20-23.13.23:616][961]LogModuleManager: Shutting down and abandoning module FoliageEdit (614)
[2018.09.20-23.13.23:616][961]LogModuleManager: Shutting down and abandoning module LandscapeEditor (612)
[2018.09.20-23.13.23:616][961]LogModuleManager: Shutting down and abandoning module MeshPaintMode (610)
[2018.09.20-23.13.23:616][961]LogModuleManager: Shutting down and abandoning module SceneDepthPickerMode (608)
[2018.09.20-23.13.23:616][961]LogModuleManager: Shutting down and abandoning module ActorPickerMode (606)
[2018.09.20-23.13.23:616][961]LogModuleManager: Shutting down and abandoning module GeometryMode (604)
[2018.09.20-23.13.23:616][961]LogModuleManager: Shutting down and abandoning module TextureAlignMode (602)
[2018.09.20-23.13.23:616][961]LogModuleManager: Shutting down and abandoning module BspMode (600)
[2018.09.20-23.13.23:616][961]LogModuleManager: Shutting down and abandoning module PIEPreviewDeviceProfileSelector (598)
[2018.09.20-23.13.23:616][961]LogModuleManager: Shutting down and abandoning module SequenceRecorderSections (596)
[2018.09.20-23.13.23:616][961]LogModuleManager: Shutting down and abandoning module AutomationWorker (594)
[2018.09.20-23.13.23:616][961]LogModuleManager: Shutting down and abandoning module DatasmithFBXImporter (592)
[2018.09.20-23.13.23:616][961]LogModuleManager: Shutting down and abandoning module DatasmithDeltaGenImporter (590)
[2018.09.20-23.13.23:616][961]LogModuleManager: Shutting down and abandoning module DatasmithVREDImporter (588)
[2018.09.20-23.13.23:616][961]LogModuleManager: Shutting down and abandoning module AudioCaptureEditor (586)
[2018.09.20-23.13.23:616][961]LogModuleManager: Shutting down and abandoning module SequenceRecorder (585)
[2018.09.20-23.13.23:616][961]LogModuleManager: Shutting down and abandoning module MatineeToLevelSequence (582)
[2018.09.20-23.13.23:616][961]LogModuleManager: Shutting down and abandoning module LevelSequenceEditor (580)
[2018.09.20-23.13.23:616][961]LogModuleManager: Shutting down and abandoning module PlacementMode (579)
[2018.09.20-23.13.23:616][961]LogModuleManager: Shutting down and abandoning module MaterialEditor (578)
[2018.09.20-23.13.23:616][961]LogModuleManager: Shutting down and abandoning module WmfMediaFactory (574)
[2018.09.20-23.13.23:616][961]LogModuleManager: Shutting down and abandoning module WmfMediaEditor (572)
[2018.09.20-23.13.23:616][961]LogModuleManager: Shutting down and abandoning module MediaPlayerEditor (570)
[2018.09.20-23.13.23:616][961]LogModuleManager: Shutting down and abandoning module OpenExrWrapper (568)
[2018.09.20-23.13.23:616][961]LogModuleManager: Shutting down and abandoning module ImgMediaFactory (566)
[2018.09.20-23.13.23:616][961]LogModuleManager: Shutting down and abandoning module ImgMediaEditor (564)
[2018.09.20-23.13.23:616][961]LogModuleManager: Shutting down and abandoning module AvfMediaFactory (562)
[2018.09.20-23.13.23:616][961]LogModuleManager: Shutting down and abandoning module AvfMediaEditor (560)
[2018.09.20-23.13.23:616][961]LogModuleManager: Shutting down and abandoning module AndroidMediaFactory (558)
[2018.09.20-23.13.23:616][961]LogModuleManager: Shutting down and abandoning module AndroidMediaEditor (556)
[2018.09.20-23.13.23:616][961]LogModuleManager: Shutting down and abandoning module MagicLeapCameraPreviewFactory (554)
[2018.09.20-23.13.23:616][961]LogModuleManager: Shutting down and abandoning module MagicLeapMediaFactory (552)
[2018.09.20-23.13.23:616][961]LogModuleManager: Shutting down and abandoning module MagicLeapMediaEditor (550)
[2018.09.20-23.13.23:616][961]LogModuleManager: Shutting down and abandoning module CharacterAI (548)
[2018.09.20-23.13.23:616][961]LogModuleManager: Shutting down and abandoning module SmartSnapping (546)
[2018.09.20-23.13.23:616][961]LogModuleManager: Shutting down and abandoning module SessionServices (544)
[2018.09.20-23.13.23:616][961]LogModuleManager: Shutting down and abandoning module ViewportSnapping (542)
[2018.09.20-23.13.23:616][961]LogModuleManager: Shutting down and abandoning module ViewportInteraction (540)
[2018.09.20-23.13.23:616][961]LogModuleManager: Shutting down and abandoning module ClothPainter (538)
[2018.09.20-23.13.23:616][961]LogModuleManager: Shutting down and abandoning module SkeletalMeshEditor (537)
[2018.09.20-23.13.23:616][961]LogModuleManager: Shutting down and abandoning module LogVisualizer (534)
[2018.09.20-23.13.23:617][961]LogModuleManager: Shutting down and abandoning module IntroTutorials (532)
[2018.09.20-23.13.23:617][961]LogModuleManager: Shutting down and abandoning module GameProjectGeneration (531)
[2018.09.20-23.13.23:617][961]LogModuleManager: Shutting down and abandoning module LuminPlatformEditor (528)
[2018.09.20-23.13.23:617][961]LogModuleManager: Shutting down and abandoning module IOSPlatformEditor (526)
[2018.09.20-23.13.23:617][961]LogModuleManager: Shutting down and abandoning module HTML5PlatformEditor (524)
[2018.09.20-23.13.23:617][961]LogModuleManager: Shutting down and abandoning module AndroidPlatformEditor (522)
[2018.09.20-23.13.23:617][961]LogModuleManager: Shutting down and abandoning module AndroidDeviceDetection (521)
[2018.09.20-23.13.24:580][961]LogModuleManager: Shutting down and abandoning module WindowsPlatformEditor (518)
[2018.09.20-23.13.24:580][961]LogModuleManager: Shutting down and abandoning module LuminRuntimeSettings (516)
[2018.09.20-23.13.24:580][961]LogModuleManager: Shutting down and abandoning module IOSRuntimeSettings (514)
[2018.09.20-23.13.24:580][961]LogModuleManager: Shutting down and abandoning module AndroidRuntimeSettings (512)
[2018.09.20-23.13.24:580][961]LogModuleManager: Shutting down and abandoning module InputBindingEditor (510)
[2018.09.20-23.13.24:580][961]LogModuleManager: Shutting down and abandoning module MergeActors (508)
[2018.09.20-23.13.24:580][961]LogModuleManager: Shutting down and abandoning module LocalizationDashboard (506)
[2018.09.20-23.13.24:580][961]LogModuleManager: Shutting down and abandoning module LocalizationService (505)
[2018.09.20-23.13.24:580][961]LogModuleManager: Shutting down and abandoning module HardwareTargeting (502)
[2018.09.20-23.13.24:580][961]LogModuleManager: Shutting down and abandoning module DeviceProfileEditor (500)
[2018.09.20-23.13.24:580][961]LogModuleManager: Shutting down and abandoning module UndoHistory (498)
[2018.09.20-23.13.24:580][961]LogModuleManager: Shutting down and abandoning module XmlParser (496)
[2018.09.20-23.13.24:580][961]LogModuleManager: Shutting down and abandoning module Blutility (494)
[2018.09.20-23.13.24:580][961]LogModuleManager: Shutting down and abandoning module ProjectSettingsViewer (492)
[2018.09.20-23.13.24:580][961]LogModuleManager: Shutting down and abandoning module ProjectTargetPlatformEditor (491)
[2018.09.20-23.13.24:581][961]LogModuleManager: Shutting down and abandoning module EditorSettingsViewer (488)
[2018.09.20-23.13.24:581][961]LogModuleManager: Shutting down and abandoning module SettingsEditor (486)
[2018.09.20-23.13.24:581][961]LogModuleManager: Shutting down and abandoning module ProjectLauncher (484)
[2018.09.20-23.13.24:581][961]LogModuleManager: Shutting down and abandoning module SessionFrontend (482)
[2018.09.20-23.13.24:581][961]LogModuleManager: Shutting down and abandoning module ProfilerClient (480)
[2018.09.20-23.13.24:581][961]LogModuleManager: Shutting down and abandoning module DeviceManager (478)
[2018.09.20-23.13.24:581][961]LogModuleManager: Shutting down and abandoning module TargetDeviceServices (477)
[2018.09.20-23.13.24:645][961]LogModuleManager: Shutting down and abandoning module AutomationController (474)
[2018.09.20-23.13.24:645][961]LogModuleManager: Shutting down and abandoning module AutomationWindow (472)
[2018.09.20-23.13.24:645][961]LogModuleManager: Shutting down and abandoning module Layers (470)
[2018.09.20-23.13.24:645][961]LogModuleManager: Shutting down and abandoning module ComponentVisualizers (468)
[2018.09.20-23.13.24:645][961]LogModuleManager: Shutting down and abandoning module DetailCustomizations (466)
[2018.09.20-23.13.24:645][961]LogModuleManager: Shutting down and abandoning module PackagesDialog (464)
[2018.09.20-23.13.24:645][961]LogModuleManager: Shutting down and abandoning module Persona (462)
[2018.09.20-23.13.24:645][961]LogModuleManager: Shutting down and abandoning module AnimGraph (461)
[2018.09.20-23.13.24:645][961]LogModuleManager: Shutting down and abandoning module Kismet (458)
[2018.09.20-23.13.24:645][961]LogModuleManager: Shutting down and abandoning module GraphEditor (456)
[2018.09.20-23.13.24:646][961]LogModuleManager: Shutting down and abandoning module ClassViewer (454)
[2018.09.20-23.13.24:646][961]LogModuleManager: Shutting down and abandoning module Toolbox (452)
[2018.09.20-23.13.24:646][961]LogModuleManager: Shutting down and abandoning module ModuleUI (450)
[2018.09.20-23.13.24:646][961]LogModuleManager: Shutting down and abandoning module MovieSceneTools (448)
[2018.09.20-23.13.24:646][961]LogModuleManager: Shutting down and abandoning module OutputLog (446)
[2018.09.20-23.13.24:646][961]LogModuleManager: Shutting down and abandoning module GammaUI (444)
[2018.09.20-23.13.24:646][961]LogModuleManager: Shutting down and abandoning module Documentation (442)
[2018.09.20-23.13.24:646][961]LogModuleManager: Shutting down and abandoning module MovieSceneTracks (440)
[2018.09.20-23.13.24:646][961]LogModuleManager: Shutting down and abandoning module MovieScene (438)
[2018.09.20-23.13.24:646][961]LogModuleManager: Shutting down and abandoning module StreamingPauseRendering (436)
[2018.09.20-23.13.24:646][961]LogModuleManager: Shutting down and abandoning module LauncherPlatform (434)
[2018.09.20-23.13.24:646][961]LogModuleManager: Shutting down and abandoning module AnalyticsET (432)
[2018.09.20-23.13.24:646][961]LogModuleManager: Shutting down and abandoning module PortalServices (430)
[2018.09.20-23.13.24:646][961]LogModuleManager: Shutting down and abandoning module PortalRpc (428)
[2018.09.20-23.13.24:646][961]LogModuleManager: Shutting down and abandoning module MessagingRpc (426)
[2018.09.20-23.13.24:646][961]LogModuleManager: Shutting down and abandoning module AIModule (424)
[2018.09.20-23.13.24:646][961]LogModuleManager: Shutting down and abandoning module GameplayDebugger (423)
[2018.09.20-23.13.24:646][961]LogModuleManager: Shutting down and abandoning module AITestSuite (421)
[2018.09.20-23.13.24:646][961]LogModuleManager: Shutting down and abandoning module NavigationSystem (419)
[2018.09.20-23.13.24:646][961]LogModuleManager: Shutting down and abandoning module DesktopPlatform (416)
[2018.09.20-23.13.24:646][961]LogModuleManager: Shutting down and abandoning module ProfilerService (414)
[2018.09.20-23.13.24:851][961]LogModuleManager: Shutting down and abandoning module TaskGraph (412)
[2018.09.20-23.13.24:851][961]LogModuleManager: Shutting down and abandoning module DatasmithCADImporter (410)
[2018.09.20-23.13.24:852][961]LogModuleManager: Shutting down and abandoning module StaticMeshEditorExtension (408)
[2018.09.20-23.13.24:852][961]LogModuleManager: Shutting down and abandoning module StaticMeshEditor (407)
[2018.09.20-23.13.24:852][961]LogModuleManager: Shutting down and abandoning module AdvancedPreviewScene (406)
[2018.09.20-23.13.24:852][961]LogModuleManager: Shutting down and abandoning module DatasmithMDLImporter (402)
[2018.09.20-23.13.24:854][961]LogModuleManager: Shutting down and abandoning module DatasmithImporter (400)
[2018.09.20-23.13.24:854][961]LogModuleManager: Shutting down and abandoning module SteamVRController (398)
[2018.09.20-23.13.24:854][961]LogModuleManager: Shutting down and abandoning module ProceduralMeshComponentEditor (396)
[2018.09.20-23.13.24:854][961]LogModuleManager: Shutting down and abandoning module ProceduralMeshComponent (394)
[2018.09.20-23.13.24:854][961]LogModuleManager: Shutting down and abandoning module OculusInput (392)
[2018.09.20-23.13.24:854][961]LogModuleManager: Shutting down and abandoning module MobilePatchingUtils (390)
[2018.09.20-23.13.24:854][961]LogModuleManager: Shutting down and abandoning module EditableMesh (388)
[2018.09.20-23.13.24:854][961]LogModuleManager: Shutting down and abandoning module CustomMeshComponent (386)
[2018.09.20-23.13.24:854][961]LogModuleManager: Shutting down and abandoning module CableComponent (384)
[2018.09.20-23.13.24:854][961]LogModuleManager: Shutting down and abandoning module AudioCapture (382)
[2018.09.20-23.13.24:854][961]LogModuleManager: Shutting down and abandoning module ArchVisCharacter (380)
[2018.09.20-23.13.24:854][961]LogModuleManager: Shutting down and abandoning module AndroidPermission (378)
[2018.09.20-23.13.24:854][961]LogModuleManager: Shutting down and abandoning module NUTUnrealEngine4 (376)
[2018.09.20-23.13.24:854][961]LogModuleManager: Shutting down and abandoning module NetcodeUnitTest (374)
[2018.09.20-23.13.24:854][961]LogModuleManager: Shutting down and abandoning module MediaCompositingEditor (372)
[2018.09.20-23.13.24:854][961]LogModuleManager: Shutting down and abandoning module MediaCompositing (370)
[2018.09.20-23.13.24:854][961]LogModuleManager: Shutting down and abandoning module LinearTimecode (368)
[2018.09.20-23.13.24:854][961]LogModuleManager: Shutting down and abandoning module ImgMedia (366)
[2018.09.20-23.13.24:859][961]LogModuleManager: Shutting down and abandoning module HTML5Networking (364)
[2018.09.20-23.13.24:859][961]LogModuleManager: Shutting down and abandoning module GeometryCacheTracks (362)
[2018.09.20-23.13.24:859][961]LogModuleManager: Shutting down and abandoning module GeometryCacheSequencer (360)
[2018.09.20-23.13.24:859][961]LogModuleManager: Shutting down and abandoning module BackChannel (358)
[2018.09.20-23.13.24:859][961]LogModuleManager: Shutting down and abandoning module AppleVision (356)
[2018.09.20-23.13.24:859][961]LogModuleManager: Shutting down and abandoning module AppleImageUtils (354)
[2018.09.20-23.13.24:859][961]LogModuleManager: Shutting down and abandoning module AlembicImporter (352)
[2018.09.20-23.13.24:859][961]LogModuleManager: Shutting down and abandoning module AlembicLibrary (351)
[2018.09.20-23.13.24:859][961]LogModuleManager: Shutting down and abandoning module GeometryCache (350)
[2018.09.20-23.13.24:859][961]LogModuleManager: Shutting down and abandoning module GeometryCacheEd (349)
[2018.09.20-23.13.24:859][961]LogModuleManager: Shutting down and abandoning module DatasmithContentEditor (344)
[2018.09.20-23.13.24:860][961]LogModuleManager: Shutting down and abandoning module DatasmithContent (342)
[2018.09.20-23.13.24:860][961]LogModuleManager: Shutting down and abandoning module SpeedTreeImporter (340)
[2018.09.20-23.13.24:860][961]LogModuleManager: Shutting down and abandoning module PluginBrowser (338)
[2018.09.20-23.13.24:860][961]LogModuleManager: Shutting down and abandoning module MobileLauncherProfileWizard (336)
[2018.09.20-23.13.24:860][961]LogModuleManager: Shutting down and abandoning module PolygonModeling (334)
[2018.09.20-23.13.24:861][961]LogModuleManager: Shutting down and abandoning module MeshEditor (332)
[2018.09.20-23.13.24:861][961]LogModuleManager: Shutting down and abandoning module EditorScriptingUtilities (330)
[2018.09.20-23.13.24:861][961]LogModuleManager: Shutting down and abandoning module CryptoKeysOpenSSL (328)
[2018.09.20-23.13.24:861][961]LogModuleManager: Shutting down and abandoning module CryptoKeys (326)
[2018.09.20-23.13.24:861][961]LogModuleManager: Shutting down and abandoning module VisualStudioSourceCodeAccess (324)
[2018.09.20-23.13.24:861][961]LogModuleManager: Shutting down and abandoning module VisualStudioCodeSourceCodeAccess (322)
[2018.09.20-23.13.24:861][961]LogModuleManager: Shutting down and abandoning module UObjectPlugin (320)
[2018.09.20-23.13.24:861][961]LogModuleManager: Shutting down and abandoning module SubversionSourceControl (318)
[2018.09.20-23.13.24:861][961]LogModuleManager: Shutting down and abandoning module PerforceSourceControl (316)
[2018.09.20-23.13.24:861][961]LogModuleManager: Shutting down and abandoning module GitSourceControl (314)
[2018.09.20-23.13.24:861][961]LogModuleManager: Shutting down and abandoning module SourceControl (313)
[2018.09.20-23.13.24:861][961]LogModuleManager: Shutting down and abandoning module CLionSourceCodeAccess (310)
[2018.09.20-23.13.24:861][961]LogModuleManager: Shutting down and abandoning module LightPropagationVolumeEditor (308)
[2018.09.20-23.13.24:861][961]LogModuleManager: Shutting down and abandoning module PaperTiledImporter (306)
[2018.09.20-23.13.24:861][961]LogModuleManager: Shutting down and abandoning module PaperSpriteSheetImporter (304)
[2018.09.20-23.13.24:861][961]LogModuleManager: Shutting down and abandoning module Paper2DEditor (302)
[2018.09.20-23.13.24:861][961]LogModuleManager: Shutting down and abandoning module MeshPaint (301)
[2018.09.20-23.13.24:861][961]LogModuleManager: Shutting down and abandoning module RuntimePhysXCooking (298)
[2018.09.20-23.13.24:861][961]LogModuleManager: Shutting down and abandoning module PhysXVehiclesEditor (296)
[2018.09.20-23.13.24:861][961]LogModuleManager: Shutting down and abandoning module PhysXVehicles (294)
[2018.09.20-23.13.24:861][961]LogModuleManager: Shutting down and abandoning module OculusEditor (292)
[2018.09.20-23.13.24:861][961]LogModuleManager: Shutting down and abandoning module LocationServicesBPLibrary (290)
[2018.09.20-23.13.24:861][961]LogModuleManager: Shutting down and abandoning module ImmediatePhysicsEditor (288)
[2018.09.20-23.13.24:861][961]LogModuleManager: Shutting down and abandoning module ImmediatePhysics (286)
[2018.09.20-23.13.24:861][961]LogModuleManager: Shutting down and abandoning module ActorSequence (284)
[2018.09.20-23.13.24:861][961]LogModuleManager: Shutting down and abandoning module UdpMessaging (282)
[2018.09.20-23.13.24:962][961]LogModuleManager: Shutting down and abandoning module TcpMessaging (280)
[2018.09.20-23.13.25:062][961]LogModuleManager: Shutting down and abandoning module MagicLeapAudio (278)
[2018.09.20-23.13.25:062][961]LogModuleManager: Shutting down and abandoning module GameplayTagsEditor (276)
[2018.09.20-23.13.25:062][961]LogModuleManager: Shutting down and abandoning module FacialAnimationEditor (274)
[2018.09.20-23.13.25:062][961]LogModuleManager: Shutting down and abandoning module FacialAnimation (272)
[2018.09.20-23.13.25:062][961]LogModuleManager: Shutting down and abandoning module DataValidation (270)
[2018.09.20-23.13.25:062][961]LogModuleManager: Shutting down and abandoning module AssetManagerEditor (268)
[2018.09.20-23.13.25:062][961]LogModuleManager: Shutting down and abandoning module LevelEditor (267)
[2018.09.20-23.13.25:063][961]LogModuleManager: Shutting down and abandoning module PixelInspectorModule (266)
[2018.09.20-23.13.25:063][961]LogModuleManager: Shutting down and abandoning module CommonMenuExtensions (264)
[2018.09.20-23.13.25:063][961]LogModuleManager: Shutting down and abandoning module MainFrame (262)
[2018.09.20-23.13.25:063][961]LogModuleManager: Shutting down and abandoning module HotReload (261)
[2018.09.20-23.13.25:064][961]LogModuleManager: Shutting down and abandoning module ContentBrowser (257)
[2018.09.20-23.13.25:065][961]LogModuleManager: Shutting down and abandoning module TreeMap (255)
[2018.09.20-23.13.25:065][961]LogModuleManager: Shutting down and abandoning module LightPropagationVolumeRuntime (252)
[2018.09.20-23.13.25:065][961]LogModuleManager: Shutting down and abandoning module AISupportModule (250)
[2018.09.20-23.13.25:065][961]LogModuleManager: Shutting down and abandoning module Paper2D (248)
[2018.09.20-23.13.25:065][961]LogModuleManager: Shutting down and abandoning module WindowsMoviePlayer (246)
[2018.09.20-23.13.25:065][961]LogModuleManager: Shutting down and abandoning module WmfMedia (244)
[2018.09.20-23.13.25:067][961]LogModuleManager: Shutting down and abandoning module Media (243)
[2018.09.20-23.13.25:073][961]LogModuleManager: Shutting down and abandoning module PacketHandler (240)
[2018.09.20-23.13.25:073][961]LogModuleManager: Shutting down and abandoning module ClothingSystemEditor (238)
[2018.09.20-23.13.25:073][961]LogModuleManager: Shutting down and abandoning module ClothingSystemRuntime (236)
[2018.09.20-23.13.25:073][961]LogModuleManager: Shutting down and abandoning module MediaAssets (234)
[2018.09.20-23.13.25:074][961]LogModuleManager: Shutting down and abandoning module Overlay (232)
[2018.09.20-23.13.25:074][961]LogModuleManager: Shutting down and abandoning module OverlayEditor (231)
[2018.09.20-23.13.25:074][961]LogModuleManager: Shutting down and abandoning module VREditor (228)
[2018.09.20-23.13.25:074][961]LogModuleManager: Shutting down and abandoning module StringTableEditor (226)
[2018.09.20-23.13.25:074][961]LogModuleManager: Shutting down and abandoning module GameplayTasksEditor (224)
[2018.09.20-23.13.25:074][961]LogModuleManager: Shutting down and abandoning module BehaviorTreeEditor (222)
[2018.09.20-23.13.25:074][961]LogModuleManager: Shutting down and abandoning module FunctionalTesting (220)
[2018.09.20-23.13.25:074][961]LogModuleManager: Shutting down and abandoning module CollisionAnalyzer (218)
[2018.09.20-23.13.25:074][961]LogModuleManager: Shutting down and abandoning module WorkspaceMenuStructure (217)
[2018.09.20-23.13.25:074][961]LogModuleManager: Shutting down and abandoning module UMG (214)
[2018.09.20-23.13.25:074][961]LogModuleManager: Shutting down and abandoning module UMGEditor (213)
[2018.09.20-23.13.25:074][961]LogModuleManager: Shutting down and abandoning module Sequencer (212)
[2018.09.20-23.13.25:074][961]LogModuleManager: Shutting down and abandoning module MessageLog (209)
[2018.09.20-23.13.25:074][961]LogModuleManager: Shutting down and abandoning module SlateReflector (204)
[2018.09.20-23.13.25:074][961]LogModuleManager: Shutting down and abandoning module Slate (202)
[2018.09.20-23.13.25:074][961]LogModuleManager: Shutting down and abandoning module EditorStyle (200)
[2018.09.20-23.13.25:076][961]LogModuleManager: Shutting down and abandoning module MRMesh (198)
[2018.09.20-23.13.25:076][961]LogModuleManager: Shutting down and abandoning module SourceCodeAccess (196)
[2018.09.20-23.13.25:076][961]LogModuleManager: Shutting down and abandoning module HeadMountedDisplay (194)
[2018.09.20-23.13.25:076][961]LogModuleManager: Shutting down and abandoning module XAudio2 (192)
[2018.09.20-23.13.25:076][961]LogModuleManager: Shutting down and abandoning module Networking (190)
[2018.09.20-23.13.25:076][961]LogModuleManager: Shutting down and abandoning module Core (188)
[2018.09.20-23.13.25:076][961]LogModuleManager: Shutting down and abandoning module LevelSequence (186)
[2018.09.20-23.13.25:076][961]LogModuleManager: Shutting down and abandoning module KismetCompiler (184)
[2018.09.20-23.13.25:076][961]LogModuleManager: Shutting down and abandoning module MeshUtilities (182)
[2018.09.20-23.13.25:076][961]LogModuleManager: Shutting down and abandoning module MeshMergeUtilities (181)
[2018.09.20-23.13.25:077][961]LogModuleManager: Shutting down and abandoning module MeshReductionInterface (180)
[2018.09.20-23.13.25:077][961]LogModuleManager: Shutting down and abandoning module SimplygonSwarm (179)
[2018.09.20-23.13.25:077][961]LogModuleManager: Shutting down and abandoning module ProxyLODMeshReduction (177)
[2018.09.20-23.13.25:077][961]LogModuleManager: Shutting down and abandoning module SimplygonMeshReduction (175)
[2018.09.20-23.13.25:077][961]LogModuleManager: Shutting down and abandoning module QuadricMeshReduction (173)
[2018.09.20-23.13.25:077][961]LogModuleManager: Shutting down and abandoning module MaterialBaking (169)
[2018.09.20-23.13.25:077][961]LogModuleManager: Shutting down and abandoning module DirectoryWatcher (165)
[2018.09.20-23.13.25:077][961]LogModuleManager: Shutting down and abandoning module DerivedDataCache (162)
[2018.09.20-23.13.25:096][961]LogDerivedDataCache: Shutdown
[2018.09.20-23.13.25:096][961]LogModuleManager: Shutting down and abandoning module XGEController (160)
[2018.09.20-23.13.25:096][961]LogXGEController: Cleaning working directory: C:/Users/scavaleri2/AppData/Local/Temp/UnrealXGEWorkingDir/
[2018.09.20-23.13.25:096][961]LogModuleManager: Shutting down and abandoning module TargetPlatform (158)
[2018.09.20-23.13.25:097][961]LogModuleManager: Shutting down and abandoning module VulkanShaderFormat (157)
[2018.09.20-23.13.25:097][961]LogModuleManager: Shutting down and abandoning module ShaderFormatVectorVM (155)
[2018.09.20-23.13.25:097][961]LogModuleManager: Shutting down and abandoning module ShaderFormatOpenGL (153)
[2018.09.20-23.13.25:097][961]LogModuleManager: Shutting down and abandoning module ShaderFormatD3D (151)
[2018.09.20-23.13.25:097][961]LogModuleManager: Shutting down and abandoning module MetalShaderFormat (149)
[2018.09.20-23.13.25:097][961]LogModuleManager: Shutting down and abandoning module TextureFormatUncompressed (147)
[2018.09.20-23.13.25:097][961]LogModuleManager: Shutting down and abandoning module TextureFormatPVR (145)
[2018.09.20-23.13.25:097][961]LogModuleManager: Shutting down and abandoning module TextureFormatDXT (143)
[2018.09.20-23.13.25:097][961]LogModuleManager: Shutting down and abandoning module TextureFormatIntelISPCTexComp (141)
[2018.09.20-23.13.25:097][961]LogModuleManager: Shutting down and abandoning module TextureFormatASTC (139)
[2018.09.20-23.13.25:097][961]LogModuleManager: Shutting down and abandoning module ImageWrapper (138)
[2018.09.20-23.13.25:097][961]LogModuleManager: Shutting down and abandoning module TextureFormatAndroid (135)
[2018.09.20-23.13.25:097][961]LogModuleManager: Shutting down and abandoning module AudioFormatOpus (133)
[2018.09.20-23.13.25:097][961]LogModuleManager: Shutting down and abandoning module AudioFormatOgg (131)
[2018.09.20-23.13.25:097][961]LogModuleManager: Shutting down and abandoning module AudioFormatADPCM (129)
[2018.09.20-23.13.25:097][961]LogModuleManager: Shutting down and abandoning module LuminTargetPlatform (127)
[2018.09.20-23.13.25:097][961]LogModuleManager: Shutting down and abandoning module LinuxTargetPlatform (125)
[2018.09.20-23.13.25:097][961]LogModuleManager: Shutting down and abandoning module LinuxServerTargetPlatform (123)
[2018.09.20-23.13.25:097][961]LogModuleManager: Shutting down and abandoning module LinuxNoEditorTargetPlatform (121)
[2018.09.20-23.13.25:097][961]LogModuleManager: Shutting down and abandoning module LinuxClientTargetPlatform (119)
[2018.09.20-23.13.25:097][961]LogModuleManager: Shutting down and abandoning module TVOSTargetPlatform (117)
[2018.09.20-23.13.25:098][961]LogModuleManager: Shutting down and abandoning module Messaging (115)
[2018.09.20-23.13.25:098][961]LogModuleManager: Shutting down and abandoning module IOSTargetPlatform (113)
[2018.09.20-23.13.25:098][961]LogModuleManager: Shutting down and abandoning module HTML5TargetPlatform (111)
[2018.09.20-23.13.25:098][961]LogModuleManager: Shutting down and abandoning module AndroidTargetPlatform (109)
[2018.09.20-23.13.25:103][961]LogModuleManager: Shutting down and abandoning module WindowsTargetPlatform (107)
[2018.09.20-23.13.25:103][961]LogModuleManager: Shutting down and abandoning module WindowsServerTargetPlatform (105)
[2018.09.20-23.13.25:103][961]LogModuleManager: Shutting down and abandoning module WindowsNoEditorTargetPlatform (103)
[2018.09.20-23.13.25:103][961]LogModuleManager: Shutting down and abandoning module WindowsClientTargetPlatform (101)
[2018.09.20-23.13.25:103][961]LogModuleManager: Shutting down and abandoning module MacTargetPlatform (99)
[2018.09.20-23.13.25:103][961]LogModuleManager: Shutting down and abandoning module MacServerTargetPlatform (97)
[2018.09.20-23.13.25:103][961]LogModuleManager: Shutting down and abandoning module MacNoEditorTargetPlatform (95)
[2018.09.20-23.13.25:103][961]LogModuleManager: Shutting down and abandoning module MacClientTargetPlatform (93)
[2018.09.20-23.13.25:103][961]LogModuleManager: Shutting down and abandoning module AllDesktopTargetPlatform (91)
[2018.09.20-23.13.25:103][961]LogModuleManager: Shutting down and abandoning module InputCore (88)
[2018.09.20-23.13.25:103][961]LogModuleManager: Shutting down and abandoning module Settings (86)
[2018.09.20-23.13.25:103][961]LogModuleManager: Shutting down and abandoning module PhysXCooking (84)
[2018.09.20-23.13.25:103][961]LogModuleManager: Shutting down and abandoning module SteamVR (82)
[2018.09.20-23.13.25:103][961]LogModuleManager: Shutting down and abandoning module OculusHMD (80)
[2018.09.20-23.13.25:103][961]LogModuleManager: Shutting down and abandoning module ExampleDeviceProfileSelector (78)
[2018.09.20-23.13.25:103][961]LogModuleManager: Shutting down and abandoning module LauncherChunkInstaller (76)
[2018.09.20-23.13.25:103][961]LogModuleManager: Shutting down and abandoning module OnlineBlueprintSupport (74)
[2018.09.20-23.13.25:103][961]LogModuleManager: Shutting down and abandoning module OnlineSubsystem (70)
[2018.09.20-23.13.25:104][961]LogModuleManager: Shutting down and abandoning module XMPP (65)
[2018.09.20-23.13.25:104][961]LogModuleManager: Shutting down and abandoning module WebSockets (64)
[2018.09.20-23.13.25:117][961]LogModuleManager: Shutting down and abandoning module HTTP (61)
[2018.09.20-23.13.25:117][961]LogHttp: Display: Http module shutting down, but needs to wait on 1 outstanding Http requests:
[2018.09.20-23.13.25:117][961]LogHttp: Display: 	verb=[POST] url=[https://datarouter.ol.epicgames.com/datarouter/api/v1/public/data?SessionID=%7B29C3E9B3-43D3-FBFF-7C56-06ABCA945456%7D&AppID=UEEditor.Rocket.Release&AppVersion=4.20.2-4302132%2B%2B%2BUE4%2BRelease-4.20&UserID=a24ab6344cffb4a95aa200a1278585ea%7Cc1aceb125a4f4118a12f27c2c4c33e5f%7C8f7ca108-0e80-45bf-b167-f38aa5d91da3&AppEnvironment=datacollector-binary&UploadType=eteventstream] status=Processing
[2018.09.20-23.13.25:135][961]LogModuleManager: Shutting down and abandoning module SSL (60)
[2018.09.20-23.13.25:136][961]LogModuleManager: Shutting down and abandoning module MagicLeapEmulator (56)
[2018.09.20-23.13.25:136][961]LogModuleManager: Shutting down and abandoning module MagicLeapPrivileges (54)
[2018.09.20-23.13.25:136][961]LogModuleManager: Shutting down and abandoning module MagicLeapIdentity (52)
[2018.09.20-23.13.25:136][961]LogModuleManager: Shutting down and abandoning module MagicLeapHelperVulkan (50)
[2018.09.20-23.13.25:136][961]LogModuleManager: Shutting down and abandoning module MagicLeapHelperOpenGL (48)
[2018.09.20-23.13.25:136][961]LogModuleManager: Shutting down and abandoning module MagicLeapSecureStorage (46)
[2018.09.20-23.13.25:136][961]LogModuleManager: Shutting down and abandoning module MagicLeapGestures (44)
[2018.09.20-23.13.25:136][961]LogModuleManager: Shutting down and abandoning module MagicLeapEyeTracker (42)
[2018.09.20-23.13.25:136][961]LogModuleManager: Shutting down and abandoning module MagicLeapController (40)
[2018.09.20-23.13.25:136][961]LogSlate: Slate User Destroyed.  User Index 0, Is Virtual User: 0
[2018.09.20-23.13.25:136][961]LogModuleManager: Shutting down and abandoning module MagicLeap (38)
[2018.09.20-23.13.25:136][961]LogModuleManager: Shutting down and abandoning module AnimationModifiers (36)
[2018.09.20-23.13.25:136][961]LogModuleManager: Shutting down and abandoning module PropertyEditor (35)
[2018.09.20-23.13.25:136][961]LogModuleManager: Shutting down and abandoning module AudioEditor (32)
[2018.09.20-23.13.25:136][961]LogModuleManager: Shutting down and abandoning module TextureCompressor (30)
[2018.09.20-23.13.25:137][961]LogModuleManager: Shutting down and abandoning module ShaderCore (28)
[2018.09.20-23.13.25:137][961]LogModuleManager: Shutting down and abandoning module Landscape (26)
[2018.09.20-23.13.25:137][961]LogModuleManager: Shutting down and abandoning module SlateRHIRenderer (24)
[2018.09.20-23.13.25:137][961]LogModuleManager: Shutting down and abandoning module OpenGLDrv (22)
[2018.09.20-23.13.25:137][961]LogModuleManager: Shutting down and abandoning module D3D11RHI (20)
[2018.09.20-23.13.25:137][961]LogModuleManager: Shutting down and abandoning module AnimGraphRuntime (18)
[2018.09.20-23.13.25:137][961]LogModuleManager: Shutting down and abandoning module Renderer (16)
[2018.09.20-23.13.25:137][961]LogModuleManager: Shutting down and abandoning module Engine (14)
[2018.09.20-23.13.25:137][961]LogModuleManager: Shutting down and abandoning module CoreUObject (12)
[2018.09.20-23.13.25:137][961]LogModuleManager: Shutting down and abandoning module NetworkFile (10)
[2018.09.20-23.13.25:137][961]LogModuleManager: Shutting down and abandoning module CookedIterativeFile (8)
[2018.09.20-23.13.25:137][961]LogModuleManager: Shutting down and abandoning module StreamingFile (6)
[2018.09.20-23.13.25:137][961]LogModuleManager: Shutting down and abandoning module SandboxFile (4)
[2018.09.20-23.13.25:137][961]LogModuleManager: Shutting down and abandoning module PakFile (2)
[2018.09.20-23.13.25:144][961]LogExit: Exiting.
[2018.09.20-23.13.25:161][961]Log file closed, 09/21/18 09:13:25
