Log file open, 10/17/18 13:40:19
LogWindows: Failed to load 'aqProf.dll' (GetLastError=126)
LogWindows: File 'aqProf.dll' does not exist
LogWindows: Failed to load 'VSPerf140.dll' (GetLastError=126)
LogWindows: File 'VSPerf140.dll' does not exist
LogWindows: Failed to load 'VtuneApi.dll' (GetLastError=126)
LogWindows: File 'VtuneApi.dll' does not exist
LogWindows: Failed to load 'VtuneApi32e.dll' (GetLastError=126)
LogWindows: File 'VtuneApi32e.dll' does not exist
LogInit: Display: Running engine for game: Studio2ProjectT3
LogPlatformFile: Not using cached read wrapper
LogTaskGraph: Started task graph with 5 named threads and 11 total threads with 3 sets of task threads.
LogStats: Stats thread started at 28.356685
LogD3D11RHI: Loaded GFSDK_Aftermath_Lib.x64.dll
LogICUInternationalization: Display: ICU TimeZone Detection - Raw Offset: +10:00, Platform Override: ''
LogPluginManager: Mounting plugin Paper2D
LogPluginManager: Mounting plugin AISupport
LogPluginManager: Mounting plugin LightPropagationVolume
LogPluginManager: Mounting plugin CLionSourceCodeAccess
LogPluginManager: Mounting plugin CodeLiteSourceCodeAccess
LogPluginManager: Mounting plugin GitSourceControl
LogPluginManager: Mounting plugin KDevelopSourceCodeAccess
LogPluginManager: Mounting plugin NullSourceCodeAccess
LogPluginManager: Mounting plugin PerforceSourceControl
LogPluginManager: Mounting plugin SubversionSourceControl
LogPluginManager: Mounting plugin UObjectPlugin
LogPluginManager: Mounting plugin VisualStudioCodeSourceCodeAccess
LogPluginManager: Mounting plugin VisualStudioSourceCodeAccess
LogPluginManager: Mounting plugin XCodeSourceCodeAccess
LogPluginManager: Mounting plugin AssetManagerEditor
LogPluginManager: Mounting plugin CryptoKeys
LogPluginManager: Mounting plugin DataValidation
LogPluginManager: Mounting plugin FacialAnimation
LogPluginManager: Mounting plugin GameplayTagsEditor
LogPluginManager: Mounting plugin MacGraphicsSwitching
LogPluginManager: Mounting plugin MeshEditor
LogPluginManager: Mounting plugin MobileLauncherProfileWizard
LogPluginManager: Mounting plugin PluginBrowser
LogPluginManager: Mounting plugin SpeedTreeImporter
LogPluginManager: Mounting plugin DatasmithContent
LogPluginManager: Mounting plugin AlembicImporter
LogPluginManager: Mounting plugin AppleImageUtils
LogPluginManager: Mounting plugin AppleVision
LogPluginManager: Mounting plugin BackChannel
LogPluginManager: Mounting plugin CharacterAI
LogPluginManager: Mounting plugin GeometryCache
LogPluginManager: Mounting plugin HTML5Networking
LogPluginManager: Mounting plugin ProxyLODPlugin
LogPluginManager: Mounting plugin MagicLeap
LogPluginManager: Mounting plugin MagicLeapEmulator
LogPluginManager: Mounting plugin MagicLeapMedia
LogPluginManager: Mounting plugin AndroidMedia
LogPluginManager: Mounting plugin AvfMedia
LogPluginManager: Mounting plugin ImgMedia
LogPluginManager: Mounting plugin LinearTimecode
LogPluginManager: Mounting plugin MediaCompositing
LogPluginManager: Mounting plugin MediaPlayerEditor
LogPluginManager: Mounting plugin WmfMedia
LogPluginManager: Mounting plugin TcpMessaging
LogPluginManager: Mounting plugin UdpMessaging
LogPluginManager: Mounting plugin ActorSequence
LogPluginManager: Mounting plugin LevelSequenceEditor
LogPluginManager: Mounting plugin MatineeToLevelSequence
LogPluginManager: Mounting plugin NetcodeUnitTest
LogPluginManager: Mounting plugin NUTUnrealEngine4
LogPluginManager: Mounting plugin OnlineSubsystemGooglePlay
LogPluginManager: Mounting plugin OnlineSubsystemIOS
LogPluginManager: Mounting plugin OnlineSubsystem
LogPluginManager: Mounting plugin OnlineSubsystemNull
LogPluginManager: Mounting plugin OnlineSubsystemUtils
LogPluginManager: Mounting plugin LauncherChunkInstaller
LogPluginManager: Mounting plugin AndroidDeviceProfileSelector
LogPluginManager: Mounting plugin AndroidMoviePlayer
LogPluginManager: Mounting plugin AndroidPermission
LogPluginManager: Mounting plugin AppleMoviePlayer
LogPluginManager: Mounting plugin ArchVisCharacter
LogPluginManager: Mounting plugin AudioCapture
LogPluginManager: Mounting plugin CableComponent
LogPluginManager: Mounting plugin CustomMeshComponent
LogPluginManager: Mounting plugin EditableMesh
LogPluginManager: Mounting plugin ExampleDeviceProfileSelector
LogPluginManager: Mounting plugin GoogleCloudMessaging
LogPluginManager: Mounting plugin ImmediatePhysics
LogPluginManager: Mounting plugin IOSDeviceProfileSelector
LogPluginManager: Mounting plugin LinuxDeviceProfileSelector
LogPluginManager: Mounting plugin LocationServicesBPLibrary
LogPluginManager: Mounting plugin MobilePatchingUtils
LogPluginManager: Mounting plugin OculusVR
LogPluginManager: Plugin shader directory ../../../Engine/Plugins/Runtime/Oculus/OculusVR/Shaders found
LogPluginManager: Mapping shader source directory ../../../Engine/Plugins/Runtime/Oculus/OculusVR/Shaders to virtual directory /Plugin/OculusVR
LogPluginManager: Mounting plugin PhysXVehicles
LogPluginManager: Mounting plugin ProceduralMeshComponent
LogPluginManager: Mounting plugin RuntimePhysXCooking
LogPluginManager: Mounting plugin SteamVR
LogPluginManager: Mounting plugin WindowsMoviePlayer
LogStreaming: Display: Took  2.584s to configure plugins.
LogInit: Using libcurl 7.55.1-DEV
LogInit:  - built for x86_64-pc-win32
LogInit:  - supports SSL with OpenSSL/1.0.2h
LogInit:  - supports HTTP deflate (compression) using libz 1.2.8
LogInit:  - other features:
LogInit:      CURL_VERSION_SSL
LogInit:      CURL_VERSION_LIBZ
LogInit:      CURL_VERSION_IPV6
LogInit:      CURL_VERSION_ASYNCHDNS
LogInit:      CURL_VERSION_LARGEFILE
LogInit:      CURL_VERSION_IDN
LogInit:  CurlRequestOptions (configurable via config and command line):
LogInit:  - bVerifyPeer = false  - Libcurl will NOT verify peer certificate
LogInit:  - bUseHttpProxy = false  - Libcurl will NOT use HTTP proxy
LogInit:  - bDontReuseConnections = false  - Libcurl will reuse connections
LogInit:  - CertBundlePath = nullptr  - Libcurl will use whatever was configured at build time.
LogInit:  - MaxHostConnections = 16  - Libcurl will limit the number of connections to a host
LogInit:  - LocalHostAddr = Default
LogInit:  - BufferSize = 65536
LogInit: WinSock: version 1.1 (2.2), MaxSocks=32767, MaxUdp=65467
LogInit: Build: ++UE4+Release-4.20-CL-4369336
LogInit: Engine Version: 4.20.3-4369336+++UE4+Release-4.20
LogInit: Compatible Engine Version: 4.20.0-4212847+++UE4+Release-4.20
LogInit: Net CL: 4212847
LogInit: OS: Windows 10 (), CPU: Intel(R) Core(TM) i7-6500U CPU @ 2.50GHz, GPU: Intel(R) HD Graphics 520
LogInit: Compiled (64-bit): Sep 17 2018 12:26:19
LogInit: Compiled with Visual C++: 19.13.26129.00
LogInit: Build Configuration: Development
LogInit: Branch Name: ++UE4+Release-4.20
LogInit: Command Line:  
LogInit: Base Directory: C:/Program Files/Epic Games/UE_4.20/Engine/Binaries/Win64/
LogInit: Installed Engine Build: 1
LogDevObjectVersion: Number of dev versions registered: 20
LogDevObjectVersion:   Dev-Blueprints (B0D832E4-1F89-4F0D-ACCF-7EB736FD4AA2): 10
LogDevObjectVersion:   Dev-Build (E1C64328-A22C-4D53-A36C-8E866417BD8C): 0
LogDevObjectVersion:   Dev-Core (375EC13C-06E4-48FB-B500-84F0262A717E): 2
LogDevObjectVersion:   Dev-Editor (E4B068ED-F494-42E9-A231-DA0B2E46BB41): 24
LogDevObjectVersion:   Dev-Framework (CFFC743F-43B0-4480-9391-14DF171D2073): 34
LogDevObjectVersion:   Dev-Mobile (B02B49B5-BB20-44E9-A304-32B752E40360): 2
LogDevObjectVersion:   Dev-Networking (A4E4105C-59A1-49B5-A7C5-40C4547EDFEE): 0
LogDevObjectVersion:   Dev-Online (39C831C9-5AE6-47DC-9A44-9C173E1C8E7C): 0
LogDevObjectVersion:   Dev-Physics (78F01B33-EBEA-4F98-B9B4-84EACCB95AA2): 0
LogDevObjectVersion:   Dev-Platform (6631380F-2D4D-43E0-8009-CF276956A95A): 0
LogDevObjectVersion:   Dev-Rendering (12F88B9F-8875-4AFC-A67C-D90C383ABD29): 26
LogDevObjectVersion:   Dev-Sequencer (7B5AE74C-D270-4C10-A958-57980B212A5A): 9
LogDevObjectVersion:   Dev-VR (D7296918-1DD6-4BDD-9DE2-64A83CC13884): 2
LogDevObjectVersion:   Dev-LoadTimes (C2A15278-BFE7-4AFE-6C17-90FF531DF755): 1
LogDevObjectVersion:   Private-Geometry (6EACA3D4-40EC-4CC1-B786-8BED09428FC5): 3
LogDevObjectVersion:   Dev-AnimPhys (29E575DD-E0A3-4627-9D10-D276232CDCEA): 17
LogDevObjectVersion:   Dev-ReflectionCapture (6B266CEC-1EC7-4B8F-A30B-E4D90942FC07): 1
LogDevObjectVersion:   Dev-Automation (0DF73D61-A23F-47EA-B727-89E90C41499A): 1
LogDevObjectVersion:   FortniteMain (601D1886-AC64-4F84-AA16-D3DE0DEAC7D6): 12
LogDevObjectVersion:   Dev-Enterprise (9DFFBCD6-494F-0158-E221-12823C92A888): 1
LogStreaming: Display: Took  0.273s to delete old logs.
LogInit: Presizing for max 8388607 objects, including 0 objects not considered by GC, pre-allocating 0 bytes for permanent pool.
LogInit: Object subsystem initialized
[2018.10.17-02.40.49:979][  0]LogInit: Selected Device Profile: [Windows]
[2018.10.17-02.40.50:030][  0]LogInit: Applying CVar settings loaded from the selected device profile: [Windows]
[2018.10.17-02.40.50:475][  0]LogHAL: Display: Platform has ~ 12 GB [12786237440 / 17179869184 / 12], which maps to Larger [LargestMinGB=32, LargerMinGB=12, DefaultMinGB=8, SmallerMinGB=6, SmallestMinGB=0)
[2018.10.17-02.40.50:475][  0]LogInit: Setting Device Profile CVar: [[r.Vulkan.UseRealUBs:1]]
[2018.10.17-02.40.50:475][  0]LogInit: Going up to parent DeviceProfile []
[2018.10.17-02.40.50:655][  0]LogInit: Computer: LAPTOP-DGMNQ6HO
[2018.10.17-02.40.50:655][  0]LogInit: User: Kamikaze
[2018.10.17-02.40.50:655][  0]LogInit: CPU Page size=4096, Cores=2
[2018.10.17-02.40.50:655][  0]LogInit: High frequency timer resolution =2.531253 MHz
[2018.10.17-02.40.50:655][  0]LogMemory: Memory total: Physical=11.9GB (12GB approx)
[2018.10.17-02.40.50:655][  0]LogMemory: Platform Memory Stats for Windows
[2018.10.17-02.40.50:655][  0]LogMemory: Process Physical Memory: 100.57 MB used, 100.57 MB peak
[2018.10.17-02.40.50:655][  0]LogMemory: Process Virtual Memory: 84.21 MB used, 84.21 MB peak
[2018.10.17-02.40.50:655][  0]LogMemory: Physical Memory: 5720.18 MB used,  6473.72 MB free, 12193.91 MB total
[2018.10.17-02.40.50:655][  0]LogMemory: Virtual Memory: 4616.36 MB used,  6473.72 MB free, 134217728.00 MB total
[2018.10.17-02.41.06:082][  0]LogInit: Using OS detected language (en-US).
[2018.10.17-02.41.06:082][  0]LogInit: Using OS detected locale (en-AU).
[2018.10.17-02.41.06:543][  0]LogTextLocalizationManager: No specific localization for 'en-US' exists, so the 'en' localization will be used.
[2018.10.17-02.41.17:778][  0]LogStreaming: Display: Took 11.695s to InitEngineTextLocalization.
[2018.10.17-02.41.17:778][  0]LogInit: Setting process to per monitor DPI aware
[2018.10.17-02.41.23:124][  0]LogSlate: New Slate User Created.  User Index 0, Is Virtual User: 0
[2018.10.17-02.41.23:124][  0]LogSlate: Slate User Registered.  User Index 0, Is Virtual User: 0
[2018.10.17-02.42.05:536][  0]LogHMD: Failed to initialize OpenVR with code 101
[2018.10.17-02.42.05:663][  0]LogD3D11RHI: D3D11 adapters:
[2018.10.17-02.42.14:208][  0]LogD3D11RHI:    0. 'NVIDIA GeForce 920MX' (Feature Level 11_0)
[2018.10.17-02.42.14:208][  0]LogD3D11RHI:       2020/0/6096 MB DedicatedVideo/DedicatedSystem/SharedSystem, Outputs:1, VendorId:0x10de
[2018.10.17-02.42.14:315][  0]LogD3D11RHI:    1. 'Intel(R) HD Graphics 520' (Feature Level 11_0)
[2018.10.17-02.42.14:315][  0]LogD3D11RHI:       128/0/6096 MB DedicatedVideo/DedicatedSystem/SharedSystem, Outputs:0, VendorId:0x8086
[2018.10.17-02.42.14:317][  0]LogD3D11RHI:    2. 'Microsoft Basic Render Driver' (Feature Level 11_0)
[2018.10.17-02.42.14:317][  0]LogD3D11RHI:       0/0/6096 MB DedicatedVideo/DedicatedSystem/SharedSystem, Outputs:0, VendorId:0x1414
[2018.10.17-02.42.14:317][  0]LogD3D11RHI: Chosen D3D11 Adapter: 0
[2018.10.17-02.42.14:366][  0]LogD3D11RHI: Creating new Direct3DDevice
[2018.10.17-02.42.14:366][  0]LogD3D11RHI:     GPU DeviceId: 0x134f (for the marketing name, search the web for "GPU Device Id")
[2018.10.17-02.42.14:469][  0]LogWindows: EnumDisplayDevices:
[2018.10.17-02.42.14:470][  0]LogWindows:    0. 'Intel(R) HD Graphics 520' (P:1 D:1)
[2018.10.17-02.42.14:470][  0]LogWindows:    1. 'Intel(R) HD Graphics 520' (P:0 D:0)
[2018.10.17-02.42.14:470][  0]LogWindows:    2. 'Intel(R) HD Graphics 520' (P:0 D:0)
[2018.10.17-02.42.14:470][  0]LogWindows: DebugString: PrimaryIsNotTheChoosenAdapter PrimaryIsNotTheChoosenAdapter PrimaryIsNotTheChoosenAdapter FoundDriverCount:0 
[2018.10.17-02.42.14:470][  0]LogD3D11RHI:     Adapter Name: NVIDIA GeForce 920MX
[2018.10.17-02.42.14:470][  0]LogD3D11RHI:   Driver Version: Unknown (internal:Unknown, unified:Unknown)
[2018.10.17-02.42.14:470][  0]LogD3D11RHI:      Driver Date: Unknown
[2018.10.17-02.42.14:521][  0]LogRHI: Texture pool is 1414 MB (70% of 2020 MB)
[2018.10.17-02.42.15:087][  0]LogD3D11RHI: Async texture creation enabled
[2018.10.17-02.42.16:268][  0]LogD3D11RHI: GPU Timing Frequency: 1000.000000 (Debug: 2 16)
[2018.10.17-02.42.16:706][  0]LogShaderCompilers: Guid format shader working directory is -46 characters bigger than the processId version (../../../../../../Users/Kamikaze/Desktop/Unreal Engine Projects/Studio2Project/Studio2ProjectT3/Intermediate/Shaders/WorkingDirectory/1544/).
[2018.10.17-02.42.16:706][  0]LogShaderCompilers: Cleaned the shader compiler working directory 'C:/Users/Kamikaze/AppData/Local/Temp/UnrealShaderWorkingDir/767274F54CC68231985AA9AFAF2C34E5/'.
[2018.10.17-02.42.40:897][  0]LogTemp: Display: Loaded TP AllDesktopTargetPlatform
[2018.10.17-02.42.41:214][  0]LogTemp: Display: Loaded TP MacClientTargetPlatform
[2018.10.17-02.42.41:579][  0]LogTemp: Display: Loaded TP MacNoEditorTargetPlatform
[2018.10.17-02.42.41:710][  0]LogTemp: Display: Loaded TP MacServerTargetPlatform
[2018.10.17-02.42.42:089][  0]LogTemp: Display: Loaded TP MacTargetPlatform
[2018.10.17-02.42.42:403][  0]LogTemp: Display: Loaded TP WindowsClientTargetPlatform
[2018.10.17-02.42.42:565][  0]LogTemp: Display: Loaded TP WindowsNoEditorTargetPlatform
[2018.10.17-02.42.42:688][  0]LogTemp: Display: Loaded TP WindowsServerTargetPlatform
[2018.10.17-02.42.43:158][  0]LogTemp: Display: Loaded TP WindowsTargetPlatform
[2018.10.17-02.42.43:573][  0]LogTemp: Display: Loaded TP AndroidTargetPlatform
[2018.10.17-02.42.43:573][  0]LogTemp: Display: Loaded TP AndroidTargetPlatform
[2018.10.17-02.42.43:573][  0]LogTemp: Display: Loaded TP AndroidTargetPlatform
[2018.10.17-02.42.43:573][  0]LogTemp: Display: Loaded TP AndroidTargetPlatform
[2018.10.17-02.42.43:573][  0]LogTemp: Display: Loaded TP AndroidTargetPlatform
[2018.10.17-02.42.43:573][  0]LogTemp: Display: Loaded TP AndroidTargetPlatform
[2018.10.17-02.42.43:573][  0]LogTemp: Display: Loaded TP AndroidTargetPlatform
[2018.10.17-02.42.43:573][  0]LogTemp: Display: Loaded TP AndroidTargetPlatform
[2018.10.17-02.42.43:573][  0]LogTemp: Display: Loaded TP AndroidTargetPlatform
[2018.10.17-02.42.43:573][  0]LogTemp: Display: Loaded TP AndroidTargetPlatform
[2018.10.17-02.42.43:573][  0]LogTemp: Display: Loaded TP AndroidTargetPlatform
[2018.10.17-02.42.43:573][  0]LogTemp: Display: Loaded TP AndroidTargetPlatform
[2018.10.17-02.42.43:573][  0]LogTemp: Display: Loaded TP AndroidTargetPlatform
[2018.10.17-02.42.43:573][  0]LogTemp: Display: Loaded TP AndroidTargetPlatform
[2018.10.17-02.42.43:573][  0]LogTemp: Display: Loaded TP AndroidTargetPlatform
[2018.10.17-02.42.43:573][  0]LogTemp: Display: Loaded TP AndroidTargetPlatform
[2018.10.17-02.42.43:573][  0]LogTemp: Display: Loaded TP AndroidTargetPlatform
[2018.10.17-02.42.43:573][  0]LogTemp: Display: Loaded TP AndroidTargetPlatform
[2018.10.17-02.42.43:672][  0]LogTemp: Display: Loaded TP HTML5TargetPlatform
[2018.10.17-02.42.44:596][  0]LogTemp: Display: Loaded TP IOSTargetPlatform
[2018.10.17-02.42.44:596][  0]LogTemp: Display: Loaded TP IOSTargetPlatform
[2018.10.17-02.42.44:688][  0]LogTemp: Display: Loaded TP TVOSTargetPlatform
[2018.10.17-02.42.44:688][  0]LogTemp: Display: Loaded TP TVOSTargetPlatform
[2018.10.17-02.42.44:768][  0]LogTemp: Display: Loaded TP LinuxClientTargetPlatform
[2018.10.17-02.42.44:933][  0]LogTemp: Display: Loaded TP LinuxNoEditorTargetPlatform
[2018.10.17-02.42.45:140][  0]LogTemp: Display: Loaded TP LinuxServerTargetPlatform
[2018.10.17-02.42.45:502][  0]LogTemp: Display: Loaded TP LinuxTargetPlatform
[2018.10.17-02.42.45:562][  0]LogTemp: Display: Loaded TP LuminTargetPlatform
[2018.10.17-02.42.45:563][  0]LogTargetPlatformManager: Display: Building Assets For Windows
[2018.10.17-02.42.54:493][  0]LogXGEController: Cleaning working directory: C:/Users/Kamikaze/AppData/Local/Temp/UnrealXGEWorkingDir/
[2018.10.17-02.42.54:497][  0]LogXGEController: Cannot use XGE Controller as Incredibuild is not installed on this machine.
[2018.10.17-02.42.54:497][  0]LogShaderCompilers: Cannot use XGE Shader Compiler as Incredibuild is not installed on this machine.
[2018.10.17-02.42.54:525][  0]LogShaderCompilers: Display: Using Local Shader Compiler.
[2018.10.17-02.43.30:268][  0]LogDerivedDataCache: Display: Max Cache Size: 512 MB
[2018.10.17-02.43.40:686][  0]LogDerivedDataCache: Loaded boot cache 10.38s 71MB C:/Users/Kamikaze/AppData/Local/UnrealEngine/4.20/DerivedDataCache/Boot.ddc.
[2018.10.17-02.43.40:729][  0]LogDerivedDataCache: Display: Loaded Boot cache: C:/Users/Kamikaze/AppData/Local/UnrealEngine/4.20/DerivedDataCache/Boot.ddc
[2018.10.17-02.43.40:750][  0]LogDerivedDataCache: FDerivedDataBackendGraph:  Pak pak cache file ../../../../../../Users/Kamikaze/Desktop/Unreal Engine Projects/Studio2Project/Studio2ProjectT3/DerivedDataCache/DDC.ddp not found, will not use a pak cache.
[2018.10.17-02.43.40:750][  0]LogDerivedDataCache: Unable to find inner node Pak for hierarchical cache Hierarchy.
[2018.10.17-02.43.40:750][  0]LogDerivedDataCache: FDerivedDataBackendGraph:  CompressedPak pak cache file ../../../../../../Users/Kamikaze/Desktop/Unreal Engine Projects/Studio2Project/Studio2ProjectT3/DerivedDataCache/Compressed.ddp not found, will not use a pak cache.
[2018.10.17-02.43.40:750][  0]LogDerivedDataCache: Unable to find inner node CompressedPak for hierarchical cache Hierarchy.
[2018.10.17-02.43.41:074][  0]LogDerivedDataCache: Display: Pak cache opened for reading ../../../Engine/DerivedDataCache/Compressed.ddp.
[2018.10.17-02.43.41:118][  0]LogDerivedDataCache: Using Local data cache path C:/Users/Kamikaze/AppData/Local/UnrealEngine/Common/DerivedDataCache: Writable
[2018.10.17-02.43.41:118][  0]LogDerivedDataCache: Shared data cache path not found in *engine.ini, will not use an Shared cache.
[2018.10.17-02.43.41:118][  0]LogDerivedDataCache: Unable to find inner node Shared for hierarchical cache Hierarchy.
[2018.10.17-02.43.41:178][  0]LogMaterial: Verifying Global Shaders for PCD3D_SM5
[2018.10.17-02.43.41:398][  0]LogSlate: Using FreeType 2.6.0
[2018.10.17-02.43.41:624][  0]LogSlate: SlateFontServices - WITH_FREETYPE: 1, WITH_HARFBUZZ: 1
[2018.10.17-02.43.54:729][  0]LogAssetRegistry: FAssetRegistry took 0.0267 seconds to start up
[2018.10.17-02.44.18:952][  0]LogInit: Selected Device Profile: [Windows]
[2018.10.17-02.44.30:510][  0]LogSimplygon: Simplygon DLL not present - disabling.
[2018.10.17-02.44.33:367][  0]LogMeshReduction: Using SimplygonSwarm for distributed automatic mesh merging
[2018.10.17-02.44.33:433][  0]LogMeshReduction: Using ProxyLODMeshReduction for automatic mesh merging
[2018.10.17-02.44.33:561][  0]LogMeshReduction: Using QuadricMeshReduction for automatic static mesh reduction
[2018.10.17-02.44.33:561][  0]LogMeshReduction: No automatic skeletal mesh reduction module available
[2018.10.17-02.44.38:745][  0]LogNetVersion: Studio2ProjectT3 1.0.0, NetCL: 4212847, EngineNetVer: 5, GameNetVer: 0 (Checksum: 167173112)
[2018.10.17-02.45.09:868][  0]LogPackageLocalizationCache: Processed 11 localized package path(s) for 2 prioritized culture(s) in 0.209905 seconds
[2018.10.17-02.45.10:422][  0]LogUObjectArray: 38425 objects as part of root set at end of initial load.
[2018.10.17-02.45.10:422][  0]LogUObjectAllocator: 6690872 out of 0 bytes used by permanent object pool.
[2018.10.17-02.45.10:422][  0]LogUObjectArray: CloseDisregardForGC: 0/0 objects in disregard for GC pool
[2018.10.17-02.48.25:174][  0]LogTcpMessaging: Initializing TcpMessaging bridge
[2018.10.17-02.48.25:868][  0]LogUdpMessaging: Initializing bridge on interface 0.0.0.0:0 to multicast group 230.0.0.1:6666.
[2018.10.17-02.48.41:617][  0]SourceControl: Source control is disabled
[2018.10.17-02.48.41:730][  0]SourceControl: Source control is disabled
[2018.10.17-02.48.42:960][  0]SourceControl: Source control is disabled
[2018.10.17-02.48.43:803][  0]SourceControl: Source control is disabled
[2018.10.17-02.49.09:227][  0]LogAndroidPermission: UAndroidPermissionCallbackProxy::GetInstance
[2018.10.17-02.49.13:719][  0]LogOcInput: OculusInput pre-init called
[2018.10.17-02.49.20:297][  0]LogEngine: Initializing Engine...
[2018.10.17-02.49.20:908][  0]LogHMD: Failed to initialize OpenVR with code 101
[2018.10.17-02.49.21:141][  0]LogStats: UGameplayTagsManager::ConstructGameplayTagTree: ImportINI prefixes -  0.062 s
[2018.10.17-02.49.21:141][  0]LogStats: UGameplayTagsManager::ConstructGameplayTagTree: Construct from data asset -  0.000 s
[2018.10.17-02.49.21:141][  0]LogStats: UGameplayTagsManager::ConstructGameplayTagTree: ImportINI -  0.000 s
[2018.10.17-02.49.21:160][  0]LogStats: UGameplayTagsManager::ConstructGameplayTagTree: GameplayTagTreeChangedEvent.Broadcast -  0.018 s
[2018.10.17-02.49.23:955][  0]LogInit: Initializing FReadOnlyCVARCache
[2018.10.17-02.49.28:644][  0]LogAIModule: Creating AISystem for world Untitled
[2018.10.17-02.49.29:422][  0]LogInit: XAudio2 using 'Speakers (Conexant SmartAudio HD)' : 2 channels at 44.1 kHz using 32 bits per sample (channel mask 0x3)
[2018.10.17-02.49.29:760][  0]LogInit: FAudioDevice initialized.
[2018.10.17-02.49.29:760][  0]LogNetVersion: Set ProjectVersion to 1.0.0.0. Version Checksum will be recalculated on next use.
[2018.10.17-02.49.32:033][  0]LogPackageName: Warning: String asset reference "S_ClothTarps_03.SM.Mesh.S_ClothTarps_03" is in short form, which is unsupported and -- even if valid -- resolving it will be really slow.
[2018.10.17-02.49.32:033][  0]LogPackageName: Warning: Please consider resaving package in order to speed-up loading.
[2018.10.17-02.49.32:033][  0]LogDerivedDataCache: Saved boot cache 2.25s 71MB C:/Users/Kamikaze/AppData/Local/UnrealEngine/4.20/DerivedDataCache/Boot.ddc.
[2018.10.17-02.49.32:037][  0]LogInit: Texture streaming: Enabled
[2018.10.17-02.49.35:333][  0]LogPackageName: SearchForPackageOnDisk took   0.173s, but failed to resolve S_ClothTarps_03.
[2018.10.17-02.49.35:333][  0]LogPackageName: Warning: String asset reference "S_ClothTarps_03.SM.Mesh.S_ClothTarps_03" could not be resolved.
[2018.10.17-02.49.35:333][  0]LogEngineSessionManager: EngineSessionManager initialized
[2018.10.17-02.49.37:158][  0]LogInit: Transaction tracking system initialized
[2018.10.17-02.49.43:035][  0]BlueprintLog: New page: Editor Load
[2018.10.17-02.50.02:872][  0]LocalizationService: Localization service is disabled
[2018.10.17-02.50.25:092][  0]LogFileCache: Scanning file cache for directory 'C:/Users/Kamikaze/Desktop/Unreal Engine Projects/Studio2Project/Studio2ProjectT3/Content/' took 0.10s
[2018.10.17-02.50.25:092][  0]LogCook: Display: Max memory allowance for cook 16384mb min free memory 0mb
[2018.10.17-02.50.25:092][  0]LogCook: Display: Mobile HDR setting 1
[2018.10.17-02.50.25:268][  0]LogGameplayTags: Display: UGameplayTagsManager::DoneAddingNativeTags. DelegateIsBound: 0
[2018.10.17-02.50.25:268][  0]LogStats: UGameplayTagsManager::ConstructGameplayTagTree: ImportINI prefixes -  0.000 s
[2018.10.17-02.50.25:268][  0]LogStats: UGameplayTagsManager::ConstructGameplayTagTree: Construct from data asset -  0.000 s
[2018.10.17-02.50.25:268][  0]LogStats: UGameplayTagsManager::ConstructGameplayTagTree: ImportINI -  0.000 s
[2018.10.17-02.50.25:268][  0]LogStats: UGameplayTagsManager::ConstructGameplayTagTree: GameplayTagTreeChangedEvent.Broadcast -  0.000 s
[2018.10.17-02.50.50:878][  0]SourceControl: Source control is disabled
[2018.10.17-02.50.51:156][  0]LightingResults: New page: Lighting Build
[2018.10.17-02.50.52:452][  0]MapCheck: New page: Map Check
[2018.10.17-02.50.52:452][  0]LightingResults: New page: Lighting Build
[2018.10.17-02.51.28:507][  0]LogLinker: Warning: Can't find file '/Game/FirstPersonBP/Maps/FirstPersonExampleMap_BuiltData'
[2018.10.17-02.51.28:507][  0]LogLinker: Warning: Can't find file for asset '/Game/FirstPersonBP/Maps/FirstPersonExampleMap_BuiltData' while loading ../../../../../../Users/Kamikaze/Desktop/Unreal Engine Projects/Studio2Project/Studio2ProjectT3/Content/FirstPersonBP/Maps/FirstPersonExampleMap.umap.
[2018.10.17-02.51.28:507][  0]LoadErrors: Error: /Game/FirstPersonBP/Maps/FirstPersonExampleMap : Can't find file for asset. /Game/FirstPersonBP/Maps/FirstPersonExampleMap_BuiltData
[2018.10.17-02.51.28:513][  0]LogLinker: Warning: Can't find file '/Game/FirstPersonBP/Maps/FirstPersonExampleMap_BuiltData'
[2018.10.17-02.51.28:513][  0]LogLinker: Warning: Can't find file for asset '/Game/FirstPersonBP/Maps/FirstPersonExampleMap_BuiltData' while loading ../../../../../../Users/Kamikaze/Desktop/Unreal Engine Projects/Studio2Project/Studio2ProjectT3/Content/FirstPersonBP/Maps/FirstPersonExampleMap.umap.
[2018.10.17-02.51.28:513][  0]LoadErrors: Error: /Game/FirstPersonBP/Maps/FirstPersonExampleMap : Can't find file for asset. /Game/FirstPersonBP/Maps/FirstPersonExampleMap_BuiltData
[2018.10.17-02.51.28:519][  0]LogLinker: Warning: Can't find file '/Game/FirstPersonBP/Maps/FirstPersonExampleMap_BuiltData'
[2018.10.17-02.51.28:519][  0]LogLinker: Warning: Can't find file for asset '/Game/FirstPersonBP/Maps/FirstPersonExampleMap_BuiltData' while loading NULL.
[2018.10.17-02.51.28:519][  0]LogLinker: Warning: Can't find file '/Game/FirstPersonBP/Maps/FirstPersonExampleMap_BuiltData'
[2018.10.17-02.51.28:519][  0]LogLinker: Warning: Can't find file for asset '/Game/FirstPersonBP/Maps/FirstPersonExampleMap_BuiltData' while loading NULL.
[2018.10.17-02.51.34:450][  0]LogLinker: Warning: Can't find file '/Game/FirstPersonBP/Maps/FirstPersonExampleMap_BuiltData'
[2018.10.17-02.51.34:450][  0]LoadErrors: Failed to load /Game/FirstPersonBP/Maps/FirstPersonExampleMap_BuiltData.FirstPersonExampleMap_BuiltData Referenced by PersistentLevel
[2018.10.17-02.51.34:450][  0]LogLinker: Warning: Can't find file for asset '/Game/FirstPersonBP/Maps/FirstPersonExampleMap_BuiltData' while loading NULL.
[2018.10.17-02.51.34:450][  0]LoadErrors: Failed to load /Game/FirstPersonBP/Maps/FirstPersonExampleMap_BuiltData.FirstPersonExampleMap_BuiltData Referenced by PersistentLevel
[2018.10.17-02.51.52:302][  0]LogAIModule: Creating AISystem for world FirstPersonExampleMap
[2018.10.17-02.51.58:528][  0]LogEditorServer: Finished looking for orphan Actors (0.000 secs)
[2018.10.17-02.51.59:501][  0]Cmd: MAP CHECKDEP NOCLEARLOG
[2018.10.17-02.51.59:578][  0]MapCheck: Map check complete: 0 Error(s), 0 Warning(s), took 78.144ms to complete.
[2018.10.17-02.51.59:578][  0]LogFileHelpers: Loading map 'FirstPersonExampleMap' took 68.685
[2018.10.17-02.52.15:400][  0]LogSlate: Updating window title bar state: overlay mode, drag disabled, window buttons hidden, title bar hidden
[2018.10.17-02.52.15:480][  0]LogSlate: Updating window title bar state: overlay mode, drag disabled, window buttons hidden, title bar hidden
[2018.10.17-02.52.15:488][  0]LogSlate: Updating window title bar state: overlay mode, drag disabled, window buttons hidden, title bar hidden
[2018.10.17-02.52.15:496][  0]LogSlate: Updating window title bar state: overlay mode, drag disabled, window buttons hidden, title bar hidden
[2018.10.17-02.52.17:558][  0]LogCollectionManager: Loaded 0 collections in 0.003157 seconds
[2018.10.17-02.52.20:447][  0]LogFileCache: Scanning file cache for directory 'C:/Users/Kamikaze/Desktop/Unreal Engine Projects/Studio2Project/Studio2ProjectT3/Saved/Collections/' took 0.01s
[2018.10.17-02.52.20:447][  0]LogFileCache: Scanning file cache for directory 'C:/Users/Kamikaze/Desktop/Unreal Engine Projects/Studio2Project/Studio2ProjectT3/Content/Developers/Kamikaze/Collections/' took 0.01s
[2018.10.17-02.52.20:447][  0]LogFileCache: Scanning file cache for directory 'C:/Users/Kamikaze/Desktop/Unreal Engine Projects/Studio2Project/Studio2ProjectT3/Content/Collections/' took 0.01s
[2018.10.17-02.52.20:447][  0]LogCollectionManager: Rebuilt the GUID cache for 0 collections in 0.000000 seconds
[2018.10.17-02.52.20:824][  0]LogContentBrowser: Native class hierarchy populated in 0.2106 seconds. Added 2572 classes and 603 folders.
[2018.10.17-02.52.22:446][  0]LogContentBrowser: Native class hierarchy updated for 'WidgetCarousel' in 0.0003 seconds. Added 0 classes and 0 folders.
[2018.10.17-02.52.45:514][  0]LogContentBrowser: Native class hierarchy updated for 'AddContentDialog' in 0.0003 seconds. Added 0 classes and 0 folders.
[2018.10.17-02.52.45:648][  0]LogContentBrowser: Native class hierarchy updated for 'SceneOutliner' in 0.0003 seconds. Added 1 classes and 2 folders.
[2018.10.17-02.52.52:124][  0]LogSlate: Took 0.177433 seconds to synchronously load lazily loaded font '../../../Engine/Content/Slate/Fonts/Roboto-Regular.ttf' (155K)
[2018.10.17-02.52.52:656][  0]LogSlate: Took 0.530285 seconds to synchronously load lazily loaded font '../../../Engine/Content/Slate/Fonts/Roboto-Bold.ttf' (160K)
[2018.10.17-02.52.52:927][  0]LogSlate: Took 0.171652 seconds to synchronously load lazily loaded font '../../../Engine/Content/Editor/Slate/Fonts/FontAwesome.ttf' (139K)
[2018.10.17-02.52.57:058][  0]LogRenderer: Reallocating scene render targets to support 856x548 Format 9 NumSamples 1 (Frame:1).
[2018.10.17-02.53.06:181][  0]LogContentBrowser: Native class hierarchy updated for 'HierarchicalLODOutliner' in 0.0004 seconds. Added 0 classes and 0 folders.
[2018.10.17-02.53.06:181][  0]LogLoad: (Engine Initialization) Total time: 1021.28 seconds
[2018.10.17-02.53.06:181][  0]LogLoad: (Engine Initialization) Total Blueprint compile time: 0.00 seconds
[2018.10.17-02.53.07:753][  0]LogContentStreaming: Texture pool size now 600 MB
[2018.10.17-02.53.07:800][  0]LogSlate: FSceneViewport::OnFocusLost() reason 2
[2018.10.17-02.53.09:824][  1]LogFileCache: Retrieving MD5 hashes for directory 'C:/Users/Kamikaze/Desktop/Unreal Engine Projects/Studio2Project/Studio2ProjectT3/Content/' took 3.35s
[2018.10.17-02.53.10:957][  1]LogSlate: Took 0.286627 seconds to synchronously load lazily loaded font '../../../Engine/Content/Slate/Fonts/Roboto-Light.ttf' (167K)
[2018.10.17-02.53.11:214][  2]LogSlate: Took 0.000305 seconds to synchronously load lazily loaded font '../../../Engine/Content/Slate/Fonts/Roboto-Light.ttf' (167K)
[2018.10.17-02.56.30:506][389]LogSlate: Window 'Message Log' being destroyed
[2018.10.17-02.56.30:528][389]LogSlate: Window 'Message Log' being destroyed
[2018.10.17-02.56.32:030][427]LogSlate: FSceneViewport::OnFocusLost() reason 0
[2018.10.17-02.56.35:614][522]LogSlate: FSceneViewport::OnFocusLost() reason 0
[2018.10.17-02.56.39:639][607]LogCollectionManager: Rebuilt the object cache for 0 collections in 0.000002 seconds (found 0 objects)
[2018.10.17-02.57.23:804][709]LogAIModule: Creating AISystem for world DavisLevel
[2018.10.17-02.57.24:714][709]LogMaterial: Warning: Material /Game/SoulCave/Environment/Materials/Foliage/M_Aspen_Tree_Bark.M_Aspen_Tree_Bark needed to have new flag set bUsedWithInstancedStaticMeshes !
[2018.10.17-02.57.25:090][709]LogMaterial: Display: Missing cached shader map for material M_Aspen_Tree_Bark, compiling. 
[2018.10.17-02.57.27:201][709]LogShaderCompilers: Display: Shaders left to compile 61
[2018.10.17-02.57.27:201][709]LogShaderCompilers: Display: Shaders left to compile 51
[2018.10.17-02.57.27:201][709]LogShaderCompilers: Display: Shaders left to compile 41
[2018.10.17-02.57.27:202][709]MapCheck: Warning: M_Aspen_Tree_Bark Material /Game/SoulCave/Environment/Materials/Foliage/M_Aspen_Tree_Bark.M_Aspen_Tree_Bark was missing the usage flag bUsedWithInstancedStaticMeshes. If the material asset is not re-saved, it may not render correctly when run outside the editor. Fix
[2018.10.17-02.57.27:377][709]LogMaterial: Warning: Material /Game/SoulCave/Environment/Materials/Foliage/M_Aspen_Tree_Unlit_Blowing.M_Aspen_Tree_Unlit_Blowing needed to have new flag set bUsedWithInstancedStaticMeshes !
[2018.10.17-02.57.27:412][709]LogMaterial: Display: Missing cached shader map for material M_Aspen_Tree_Unlit_Blowing, compiling. 
[2018.10.17-02.57.27:866][709]MapCheck: Warning: M_Aspen_Tree_Unlit_Blowing Material /Game/SoulCave/Environment/Materials/Foliage/M_Aspen_Tree_Unlit_Blowing.M_Aspen_Tree_Unlit_Blowing was missing the usage flag bUsedWithInstancedStaticMeshes. If the material asset is not re-saved, it may not render correctly when run outside the editor. Fix
[2018.10.17-02.57.29:252][709]LogMaterial: Warning: Material /Game/SoulCave/Environment/Materials/Foliage/M_Cave_Grass.M_Cave_Grass needed to have new flag set bUsedWithInstancedStaticMeshes !
[2018.10.17-02.57.30:148][709]LogMaterial: Display: Missing cached shader map for material M_Cave_Grass, compiling. 
[2018.10.17-02.57.30:314][709]MapCheck: Warning: M_Cave_Grass Material /Game/SoulCave/Environment/Materials/Foliage/M_Cave_Grass.M_Cave_Grass was missing the usage flag bUsedWithInstancedStaticMeshes. If the material asset is not re-saved, it may not render correctly when run outside the editor. Fix
[2018.10.17-02.57.30:946][709]LogMaterial: Display: Missing cached shader map for material M_Cave_Grass, compiling. 
[2018.10.17-02.57.31:195][709]LogMaterial: Warning: Material /Game/SoulCave/Environment/Materials/Nature/M_Soul_Tree001.M_Soul_Tree001 needed to have new flag set bUsedWithInstancedStaticMeshes !
[2018.10.17-02.57.31:208][709]LogMaterial: Display: Missing cached shader map for material M_Soul_Tree001, compiling. 
[2018.10.17-02.57.31:305][709]MapCheck: Warning: M_Soul_Tree001 Material /Game/SoulCave/Environment/Materials/Nature/M_Soul_Tree001.M_Soul_Tree001 was missing the usage flag bUsedWithInstancedStaticMeshes. If the material asset is not re-saved, it may not render correctly when run outside the editor. Fix
[2018.10.17-02.57.31:308][709]LogMaterial: Warning: Material /Game/SoulCave/Environment/Materials/Nature/M_Soul_Pine.M_Soul_Pine needed to have new flag set bUsedWithInstancedStaticMeshes !
[2018.10.17-02.57.31:313][709]LogMaterial: Display: Missing cached shader map for material M_Soul_Pine, compiling. 
[2018.10.17-02.57.31:415][709]MapCheck: Warning: M_Soul_Pine Material /Game/SoulCave/Environment/Materials/Nature/M_Soul_Pine.M_Soul_Pine was missing the usage flag bUsedWithInstancedStaticMeshes. If the material asset is not re-saved, it may not render correctly when run outside the editor. Fix
[2018.10.17-02.57.31:416][709]LogMaterial: Warning: Material /Game/InfinityBladeGrassLands/Environments/Plains/Env_Plains_Flora/Materials/M_PLains_Fern01.M_PLains_Fern01 needed to have new flag set bUsedWithInstancedStaticMeshes !
[2018.10.17-02.57.31:419][709]LogMaterial: Display: Missing cached shader map for material M_PLains_Fern01, compiling. 
[2018.10.17-02.57.31:697][709]MapCheck: Warning: M_PLains_Fern01 Material /Game/InfinityBladeGrassLands/Environments/Plains/Env_Plains_Flora/Materials/M_PLains_Fern01.M_PLains_Fern01 was missing the usage flag bUsedWithInstancedStaticMeshes. If the material asset is not re-saved, it may not render correctly when run outside the editor. Fix
[2018.10.17-02.57.31:698][709]LogMaterial: Warning: Material /Game/SoulCave/Environment/Materials/Nature/M_Soul_Tree02.M_Soul_Tree02 needed to have new flag set bUsedWithInstancedStaticMeshes !
[2018.10.17-02.57.31:700][709]LogMaterial: Display: Missing cached shader map for material M_Soul_Tree02, compiling. 
[2018.10.17-02.57.31:789][709]MapCheck: Warning: M_Soul_Tree02 Material /Game/SoulCave/Environment/Materials/Nature/M_Soul_Tree02.M_Soul_Tree02 was missing the usage flag bUsedWithInstancedStaticMeshes. If the material asset is not re-saved, it may not render correctly when run outside the editor. Fix
[2018.10.17-02.57.31:789][709]LogMaterial: Warning: Material /Game/InfinityBladeGrassLands/Environments/Earth/Materials/M_Exo_Generic_Plants.M_Exo_Generic_Plants needed to have new flag set bUsedWithInstancedStaticMeshes !
[2018.10.17-02.57.31:791][709]LogMaterial: Display: Missing cached shader map for material M_Exo_Generic_Plants, compiling. 
[2018.10.17-02.57.31:910][709]MapCheck: Warning: M_Exo_Generic_Plants Material /Game/InfinityBladeGrassLands/Environments/Earth/Materials/M_Exo_Generic_Plants.M_Exo_Generic_Plants was missing the usage flag bUsedWithInstancedStaticMeshes. If the material asset is not re-saved, it may not render correctly when run outside the editor. Fix
[2018.10.17-02.57.32:340][709]LogAssetEditorManager: Opening Asset editor for World /Game/FirstPersonBP/Levels/DavisLevel.DavisLevel
[2018.10.17-02.57.33:011][709]Cmd: MAP LOAD FILE="../../../../../../Users/Kamikaze/Desktop/Unreal Engine Projects/Studio2Project/Studio2ProjectT3/Content/FirstPersonBP/Levels/DavisLevel.umap" TEMPLATE=0 SHOWPROGRESS=1 FEATURELEVEL=3
[2018.10.17-02.57.33:012][709]LightingResults: New page: Lighting Build
[2018.10.17-02.57.33:014][709]LoadErrors: New page: Loading map: DavisLevel.umap
[2018.10.17-02.57.33:372][709]MapCheck: New page: Map Check
[2018.10.17-02.57.33:373][709]LightingResults: New page: Lighting Build
[2018.10.17-02.57.56:713][709]LogStreaming: Display: ULevelStreaming::RequestLevel(/Game/FirstPersonBP/Levels/OneTrueLevel) is flushing async loading
[2018.10.17-02.57.56:713][709]LogStreaming: Display: Flushing async loaders.
[2018.10.17-02.58.03:014][709]LogShaderCompilers: Display: Shaders left to compile 887
[2018.10.17-02.58.43:921][709]LogShaderCompilers: Display: Shaders left to compile 877
[2018.10.17-02.58.43:921][709]LogShaderCompilers: Display: Shaders left to compile 867
[2018.10.17-02.58.43:922][709]LogShaderCompilers: Display: Shaders left to compile 857
[2018.10.17-02.58.43:922][709]LogShaderCompilers: Display: Shaders left to compile 847
[2018.10.17-02.58.43:922][709]LogShaderCompilers: Display: Shaders left to compile 837
[2018.10.17-02.58.43:922][709]LogShaderCompilers: Display: Shaders left to compile 827
[2018.10.17-02.58.43:922][709]LogShaderCompilers: Display: Shaders left to compile 817
[2018.10.17-02.58.43:923][709]LogShaderCompilers: Display: Shaders left to compile 807
[2018.10.17-02.58.43:923][709]LogShaderCompilers: Display: Shaders left to compile 797
[2018.10.17-02.58.43:923][709]LogShaderCompilers: Display: Shaders left to compile 787
[2018.10.17-02.58.43:923][709]LogShaderCompilers: Display: Shaders left to compile 777
[2018.10.17-02.58.43:923][709]LogShaderCompilers: Display: Shaders left to compile 767
[2018.10.17-02.58.43:923][709]LogShaderCompilers: Display: Shaders left to compile 757
[2018.10.17-02.58.43:924][709]LogShaderCompilers: Display: Shaders left to compile 747
[2018.10.17-02.58.43:924][709]LogShaderCompilers: Display: Shaders left to compile 737
[2018.10.17-02.58.43:924][709]LogShaderCompilers: Display: Shaders left to compile 727
[2018.10.17-02.58.43:924][709]LogShaderCompilers: Display: Shaders left to compile 717
[2018.10.17-02.58.43:924][709]LogShaderCompilers: Display: Shaders left to compile 707
[2018.10.17-02.58.43:924][709]LogShaderCompilers: Display: Shaders left to compile 697
[2018.10.17-02.58.43:925][709]LogShaderCompilers: Display: Shaders left to compile 687
[2018.10.17-02.58.43:925][709]LogShaderCompilers: Display: Shaders left to compile 677
[2018.10.17-02.58.43:925][709]LogShaderCompilers: Display: Shaders left to compile 667
[2018.10.17-02.58.43:925][709]LogStreaming: Display: ULevelStreaming::RequestLevel(/Game/FirstPersonBP/Levels/StephenTestLevel) is flushing async loading
[2018.10.17-02.58.53:155][709]LogShaderCompilers: Display: Shaders left to compile 657
[2018.10.17-02.58.53:155][709]LogShaderCompilers: Display: Shaders left to compile 647
[2018.10.17-02.58.53:155][709]LogShaderCompilers: Display: Shaders left to compile 637
[2018.10.17-02.58.53:156][709]LogTexture: Display: Building textures: Texture2D_0 (BGRA8, 64X64)
[2018.10.17-02.58.53:156][709]LogTexture: Display: Building textures: Texture2D_11 (BGRA8, 64X64)
[2018.10.17-02.58.53:156][709]LogTexture: Display: Building textures: Texture2D_14 (BGRA8, 64X64)
[2018.10.17-02.58.53:156][709]LogTexture: Display: Building textures: Texture2D_16 (BGRA8, 64X64)
[2018.10.17-02.58.53:156][709]LogTexture: Display: Building textures: Texture2D_17 (BGRA8, 64X64)
[2018.10.17-02.58.53:156][709]LogTexture: Display: Building textures: Texture2D_19 (BGRA8, 64X64)
[2018.10.17-02.58.53:156][709]LogTexture: Display: Building textures: Texture2D_20 (BGRA8, 64X64)
[2018.10.17-02.58.53:156][709]LogTexture: Display: Building textures: Texture2D_2 (BGRA8, 64X64)
[2018.10.17-02.58.53:156][709]LogTexture: Display: Building textures: Texture2D_44 (BGRA8, 64X64)
[2018.10.17-02.58.57:065][709]LogTexture: Display: Building textures: Texture2D_26 (BGRA8, 64X64)
[2018.10.17-02.58.57:065][709]LogTexture: Display: Building textures: Texture2D_24 (BGRA8, 64X64)
[2018.10.17-02.58.57:065][709]LogTexture: Display: Building textures: Texture2D_28 (BGRA8, 64X64)
[2018.10.17-02.58.57:065][709]LogTexture: Display: Building textures: Texture2D_3 (BGRA8, 64X64)
[2018.10.17-02.58.57:065][709]LogTexture: Display: Building textures: Texture2D_30 (BGRA8, 64X64)
[2018.10.17-02.58.57:065][709]LogTexture: Display: Building textures: Texture2D_32 (BGRA8, 64X64)
[2018.10.17-02.58.57:065][709]LogTexture: Display: Building textures: Texture2D_38 (BGRA8, 64X64)
[2018.10.17-02.58.57:065][709]LogTexture: Display: Building textures: Texture2D_39 (BGRA8, 64X64)
[2018.10.17-02.58.57:065][709]LogTexture: Display: Building textures: Texture2D_36 (BGRA8, 64X64)
[2018.10.17-02.58.57:065][709]LogTexture: Display: Building textures: Texture2D_43 (BGRA8, 64X64)
[2018.10.17-02.58.57:065][709]LogTexture: Display: Building textures: Texture2D_45 (BGRA8, 64X64)
[2018.10.17-02.58.57:065][709]LogTexture: Display: Building textures: Texture2D_46 (BGRA8, 64X64)
[2018.10.17-02.58.57:065][709]LogTexture: Display: Building textures: Texture2D_6 (BGRA8, 64X64)
[2018.10.17-02.58.57:065][709]LogTexture: Display: Building textures: Texture2D_8 (BGRA8, 64X64)
[2018.10.17-02.58.57:065][709]LogTexture: Display: Building textures: Texture2D_9 (BGRA8, 64X64)
[2018.10.17-02.58.57:065][709]LogTexture: Display: Building textures: Texture2D_5 (BGRA8, 64X64)
[2018.10.17-02.58.57:065][709]LogShaderCompilers: Display: Shaders left to compile 627
[2018.10.17-02.58.57:065][709]LogShaderCompilers: Display: Shaders left to compile 617
[2018.10.17-02.58.57:065][709]LogTexture: Display: Building textures: T_Cave_FlowMap_N (BC5, 1024X1024)
[2018.10.17-02.58.57:065][709]LogTexture: Display: Building textures: T_Cave_Water_Fluid01_N (BC5, 512X512)
[2018.10.17-02.58.57:065][709]LogShaderCompilers: Display: Shaders left to compile 607
[2018.10.17-02.58.57:065][709]LogMaterial: Display: Missing cached shader map for material LandscapeMaterial_2, compiling. 
[2018.10.17-02.58.57:284][709]LogTexture: Display: Building textures: T_Cave_CaveWall_N (BC5, 1024X1024)
[2018.10.17-02.58.57:499][709]LogMaterial: Display: Missing cached shader map for material TESTM_Water_Translucent, compiling. 
[2018.10.17-02.58.57:725][709]LogStreaming: Display: ULevelStreaming::RequestLevel(/Game/FirstPersonBP/Levels/CharlesLevel) is flushing async loading
[2018.10.17-02.58.57:805][709]LogLinker: Warning: Can't find file '/Game/FirstPersonBP/Levels/CharlesLevel_BuiltData'
[2018.10.17-02.58.57:807][709]LogLinker: Warning: Can't find file for asset '/Game/FirstPersonBP/Levels/CharlesLevel_BuiltData' while loading NULL.
[2018.10.17-02.58.57:808][709]LogLinker: Warning: Can't find file '/Game/FirstPersonBP/Levels/CharlesLevel_BuiltData'
[2018.10.17-02.58.57:810][709]LogLinker: Warning: Can't find file for asset '/Game/FirstPersonBP/Levels/CharlesLevel_BuiltData' while loading NULL.
[2018.10.17-02.58.57:811][709]LogLinker: Warning: Can't find file '/Game/FirstPersonBP/Levels/CharlesLevel_BuiltData'
[2018.10.17-02.58.57:811][709]LogLinker: Warning: Can't find file for asset '/Game/FirstPersonBP/Levels/CharlesLevel_BuiltData' while loading NULL.
[2018.10.17-02.58.57:811][709]LogLinker: Warning: Can't find file '/Game/FirstPersonBP/Levels/CharlesLevel_BuiltData'
[2018.10.17-02.58.57:811][709]LogLinker: Warning: Can't find file for asset '/Game/FirstPersonBP/Levels/CharlesLevel_BuiltData' while loading NULL.
[2018.10.17-02.58.57:813][709]LogLinker: Warning: Can't find file '/Game/FirstPersonBP/Levels/CharlesLevel_BuiltData'
[2018.10.17-02.58.57:813][709]LoadErrors: Failed to load /Game/FirstPersonBP/Levels/CharlesLevel_BuiltData.CharlesLevel_BuiltData Referenced by PersistentLevel
[2018.10.17-02.58.57:813][709]LogLinker: Warning: Can't find file for asset '/Game/FirstPersonBP/Levels/CharlesLevel_BuiltData' while loading NULL.
[2018.10.17-02.58.59:237][709]LogEditorServer: Finished looking for orphan Actors (0.000 secs)
[2018.10.17-02.58.59:720][709]Cmd: MAP CHECKDEP NOCLEARLOG
[2018.10.17-02.58.59:720][709]LogEditorServer: Warning: WorldSettings contains streaming level '/Game/FirstPersonBP/Levels/OneTrueLevel' which isn't loaded.
[2018.10.17-02.58.59:720][709]LogEditorServer: Warning: WorldSettings contains streaming level '/Game/FirstPersonBP/Levels/DavisLevel' which isn't loaded.
[2018.10.17-02.58.59:720][709]LogEditorServer: Warning: WorldSettings contains streaming level '/Game/FirstPersonBP/Levels/CharlesLevel' which isn't loaded.
[2018.10.17-02.58.59:720][709]LogEditorServer: Warning: WorldSettings contains streaming level '/Game/FirstPersonBP/Levels/OneTrueLevel' which isn't loaded.
[2018.10.17-02.58.59:720][709]LogEditorServer: Warning: WorldSettings contains streaming level '/Game/FirstPersonBP/Levels/StephenTestLevel' which isn't loaded.
[2018.10.17-02.58.59:720][709]LogEditorServer: Warning: WorldSettings contains streaming level '/Game/FirstPersonBP/Levels/DavisLevel' which isn't loaded.
[2018.10.17-02.58.59:909][709]MapCheck: Map check complete: 0 Error(s), 0 Warning(s), took 189.237ms to complete.
[2018.10.17-02.58.59:909][709]LogFileHelpers: Loading map 'DavisLevel' took 87.272
[2018.10.17-02.59.01:737][709]LogShaderCompilers: Display: Shaders left to compile 702
[2018.10.17-02.59.01:737][709]LogShaderCompilers: Display: Shaders left to compile 692
[2018.10.17-02.59.01:737][709]LogAssetRegistry: Asset discovery search completed in 907.0298 seconds
[2018.10.17-02.59.01:943][709]LogCollectionManager: Fixed up redirectors for 0 collections in 0.022701 seconds (updated 0 objects)
[2018.10.17-02.59.04:317][709]LogShaderCompilers: Display: Shaders left to compile 682
[2018.10.17-02.59.06:816][710]LogShaderCompilers: Display: Shaders left to compile 672
[2018.10.17-02.59.07:765][710]LogShaderCompilers: Display: Shaders left to compile 662
[2018.10.17-02.59.17:563][941]LogDerivedDataCache: Warning: C:/Users/Kamikaze/AppData/Local/UnrealEngine/Common/DerivedDataCache is very slow (0.03MB/s) when accessing C:/Users/Kamikaze/AppData/Local/UnrealEngine/Common/DerivedDataCache/7/7/5/TEXTURE_68A083899C6F4316B8CE0E2958EDE2C2_BGRA8_8FFEB70742C03B40F1E41AB90263957__C0700A291BD43CAA887AF0FA23E1E6E1FB0F90ED.udd, consider disabling it.
[2018.10.17-02.59.26:115][158]LogSlate: Window 'Message Log' being destroyed
[2018.10.17-02.59.26:159][158]LogSlate: Window 'Message Log' being destroyed
[2018.10.17-02.59.29:306][237]LogDerivedDataCache: Warning: C:/Users/Kamikaze/AppData/Local/UnrealEngine/Common/DerivedDataCache is very slow (0.00MB/s) when accessing C:/Users/Kamikaze/AppData/Local/UnrealEngine/Common/DerivedDataCache/0/6/2/TEXTURE_68A083899C6F4316B8CE0E2958EDE2C2_BGRA8_22B8F38247FBA559D580DB8229D4108__B32CBD57BC01292064A16AD8CAD2E6FAC59C8506.udd, consider disabling it.
[2018.10.17-02.59.29:483][237]LogShaderCompilers: Display: Shaders left to compile 652
[2018.10.17-02.59.32:304][237]LogShaderCompilers: Display: Shaders left to compile 642
[2018.10.17-02.59.32:833][240]LogShaderCompilers: Display: Shaders left to compile 632
[2018.10.17-03.02.12:142][169]LogSavePackage: Moving '../../../../../../Users/Kamikaze/Desktop/Unreal Engine Projects/Studio2Project/Studio2ProjectT3/Saved/DavisLevel40D3A520424B9BB88D12F9946DEA539D.tmp' to '../../../../../../Users/Kamikaze/Desktop/Unreal Engine Projects/Studio2Project/Studio2ProjectT3/Content/FirstPersonBP/Levels/DavisLevel.umap'
[2018.10.17-03.02.22:550][169]LogShaderCompilers: Display: Shaders left to compile 622
[2018.10.17-03.02.27:785][169]LogShaderCompilers: Display: Shaders left to compile 612
[2018.10.17-03.02.28:891][169]LogSavePackage: Moving '../../../../../../Users/Kamikaze/Desktop/Unreal Engine Projects/Studio2Project/Studio2ProjectT3/Saved/DavisLevel_BuiltData599D24E14CDC391847BD1EA55CA1D25F.tmp' to '../../../../../../Users/Kamikaze/Desktop/Unreal Engine Projects/Studio2Project/Studio2ProjectT3/Content/FirstPersonBP/Levels/DavisLevel_BuiltData.uasset'
[2018.10.17-03.02.51:267][720]LogDerivedDataCache: Warning: C:/Users/Kamikaze/AppData/Local/UnrealEngine/Common/DerivedDataCache is very slow (0.00MB/s) when accessing C:/Users/Kamikaze/AppData/Local/UnrealEngine/Common/DerivedDataCache/0/6/2/TEXTURE_68A083899C6F4316B8CE0E2958EDE2C2_BGRA8_22B8F38247FBA559D580DB8229D4108__B32CBD57BC01292064A16AD8CAD2E6FAC59C8506.udd, consider disabling it.
[2018.10.17-03.03.11:831][929]LogShaderCompilers: Display: Shaders left to compile 602
[2018.10.17-03.04.16:930][488]LogShaderCompilers: Display: Shaders left to compile 592
[2018.10.17-03.04.19:838][488]LogShaderCompilers: Display: Shaders left to compile 582
[2018.10.17-03.04.39:556][776]LogShaderCompilers: Display: Shaders left to compile 572
[2018.10.17-03.04.42:708][859]LogShaderCompilers: Display: Shaders left to compile 562
[2018.10.17-03.04.43:620][885]LogShaderCompilers: Display: Shaders left to compile 552
[2018.10.17-03.04.43:981][896]LogShaderCompilers: Display: Shaders left to compile 542
[2018.10.17-03.04.47:858][994]LogShaderCompilers: Display: Shaders left to compile 532
[2018.10.17-03.04.48:281][ 10]LogShaderCompilers: Display: Shaders left to compile 522
[2018.10.17-03.04.50:358][ 67]LogShaderCompilers: Display: Shaders left to compile 512
[2018.10.17-03.04.54:749][200]LogShaderCompilers: Display: Shaders left to compile 502
[2018.10.17-03.04.54:749][200]LogShaderCompilers: Display: Shaders left to compile 492
[2018.10.17-03.04.55:290][219]LogShaderCompilers: Display: Shaders left to compile 482
[2018.10.17-03.04.58:962][320]LogShaderCompilers: Display: Shaders left to compile 472
[2018.10.17-03.04.59:660][337]LogShaderCompilers: Display: Shaders left to compile 462
[2018.10.17-03.05.03:553][415]LogShaderCompilers: Display: Shaders left to compile 452
[2018.10.17-03.05.07:873][521]LogShaderCompilers: Display: Shaders left to compile 442
[2018.10.17-04.17.22:001][531]LogD3D11RHI: Timed out while waiting for GPU to catch up. (500 ms)
[2018.10.17-04.17.36:358][533]LogShaderCompilers: Display: Shaders left to compile 432
[2018.10.17-04.17.56:440][534]LogD3D11RHI: Timed out while waiting for GPU to catch up. (500 ms)
[2018.10.17-04.17.56:441][534]LogShaderCompilers: Display: Shaders left to compile 422
[2018.10.17-04.18.35:480][538]LogD3D11RHI: Timed out while waiting for GPU to catch up. (500 ms)
[2018.10.17-07.54.03:789][547]LogD3D11RHI: Timed out while waiting for GPU to catch up. (500 ms)
[2018.10.17-07.54.04:146][579]LogHttp: Warning: 000001E4FB965300: request failed, libcurl error: 6 (Couldn't resolve host name)
[2018.10.17-07.54.04:146][579]LogHttp: Warning: 000001E4FB965300: libcurl info message cache 0 (Connection 6 seems to be dead!)
[2018.10.17-07.54.04:146][579]LogHttp: Warning: 000001E4FB965300: libcurl info message cache 1 (Closing connection 6)
[2018.10.17-07.54.04:146][579]LogHttp: Warning: 000001E4FB965300: libcurl info message cache 2 (Could not resolve host: datarouter.ol.epicgames.com)
[2018.10.17-07.54.04:146][579]LogHttp: Warning: 000001E4FB965300: libcurl info message cache 3 (Closing connection 7)
[2018.10.17-07.54.11:852][367]LogShaderCompilers: Display: Shaders left to compile 412
[2018.10.17-07.54.48:879][355]LogShaderCompilers: Display: Shaders left to compile 402
[2018.10.17-07.54.56:494][205]LogShaderCompilers: Display: Shaders left to compile 392
[2018.10.17-07.55.00:701][660]LogShaderCompilers: Display: Shaders left to compile 382
[2018.10.17-07.55.04:797][123]LogShaderCompilers: Display: Shaders left to compile 372
[2018.10.17-07.55.11:804][653]LogShaderCompilers: Display: Shaders left to compile 362
[2018.10.17-07.55.11:804][653]LogShaderCompilers: Display: Shaders left to compile 352
[2018.10.17-07.55.13:500][725]LogShaderCompilers: Display: Shaders left to compile 342
[2018.10.17-07.55.21:239][265]LogShaderCompilers: Display: Shaders left to compile 332
[2018.10.17-07.55.21:239][265]LogShaderCompilers: Display: Shaders left to compile 322
[2018.10.17-07.55.21:308][266]LogShaderCompilers: Display: Shaders left to compile 312
[2018.10.17-07.55.25:599][382]LogShaderCompilers: Display: Shaders left to compile 302
[2018.10.17-07.55.25:747][389]LogShaderCompilers: Display: Shaders left to compile 292
[2018.10.17-07.55.26:760][429]LogShaderCompilers: Display: Shaders left to compile 282
[2018.10.17-07.55.31:804][728]LogShaderCompilers: Display: Shaders left to compile 272
[2018.10.17-07.55.31:844][732]LogShaderCompilers: Display: Shaders left to compile 262
[2018.10.17-07.55.32:526][775]LogShaderCompilers: Display: Shaders left to compile 252
[2018.10.17-07.55.35:632][894]LogShaderCompilers: Display: Shaders left to compile 242
[2018.10.17-07.55.37:099][922]LogShaderCompilers: Display: Shaders left to compile 232
[2018.10.17-07.55.38:634][954]LogShaderCompilers: Display: Shaders left to compile 222
[2018.10.17-07.55.41:590][ 79]LogShaderCompilers: Display: Shaders left to compile 212
[2018.10.17-07.55.42:595][132]LogShaderCompilers: Display: Shaders left to compile 202
[2018.10.17-07.55.43:753][243]LogShaderCompilers: Display: Shaders left to compile 192
[2018.10.17-07.55.44:754][285]LogShaderCompilers: Display: Shaders left to compile 182
[2018.10.17-07.55.46:045][345]LogShaderCompilers: Display: Shaders left to compile 172
[2018.10.17-07.55.48:640][447]LogShaderCompilers: Display: Shaders left to compile 162
[2018.10.17-07.55.50:637][566]LogShaderCompilers: Display: Shaders left to compile 152
[2018.10.17-07.55.51:816][649]LogShaderCompilers: Display: Shaders left to compile 142
[2018.10.17-07.55.52:162][684]LogShaderCompilers: Display: Shaders left to compile 132
[2018.10.17-07.55.54:452][781]LogShaderCompilers: Display: Shaders left to compile 122
[2018.10.17-07.55.55:178][813]LogShaderCompilers: Display: Shaders left to compile 112
[2018.10.17-07.55.57:901][944]LogShaderCompilers: Display: Shaders left to compile 102
[2018.10.17-07.56.00:356][142]LogShaderCompilers: Display: Shaders left to compile 92
[2018.10.17-07.56.01:719][203]LogShaderCompilers: Display: Shaders left to compile 82
[2018.10.17-07.56.03:285][300]LogShaderCompilers: Display: Shaders left to compile 72
[2018.10.17-07.56.05:900][324]LogShaderCompilers: Display: Shaders left to compile 62
[2018.10.17-07.56.08:139][327]LogShaderCompilers: Display: Shaders left to compile 52
[2018.10.17-07.56.08:170][330]LogShaderCompilers: Display: Shaders left to compile 42
[2018.10.17-07.56.11:867][595]LogShaderCompilers: Display: Shaders left to compile 32
[2018.10.17-07.56.12:002][602]LogShaderCompilers: Display: Shaders left to compile 22
[2018.10.17-07.56.20:325][844]LogShaderCompilers: Display: Shaders left to compile 12
[2018.10.17-07.56.25:054][986]LogShaderCompilers: Display: Shaders left to compile 2
[2018.10.17-07.56.44:053][122]LogSlate: FSceneViewport::OnFocusLost() reason 2
[2018.10.17-07.56.44:997][220]MapCheck: New page: Map Check
[2018.10.17-07.56.45:115][220]LogSlate: FSceneViewport::OnFocusLost() reason 2
[2018.10.17-07.56.45:392][220]LightingResults: New page: Lighting Build - 18 Oct 2018 5:56:45 am
[2018.10.17-07.56.48:742][220]LogSlate: Window 'Rebuild Lighting - Warning' being destroyed
[2018.10.17-07.56.50:808][220]LightingResults: Warning: InstancedFoliageActor_0 The total lightmap size for this InstancedStaticMeshComponent is large, consider reducing the component's lightmap resolution or number of mesh instances in this component
[2018.10.17-07.56.53:393][220]LogSwarmInterface: [OpenConnection] Registering TCP channel ...
[2018.10.17-07.56.56:211][220]LogSwarmInterface: [OpenConnection] Connecting to agent ...
[2018.10.17-07.57.00:226][220]LogSwarmInterface: [TryOpenConnection] Testing the Agent
[2018.10.17-07.57.05:568][220]LogSwarmInterface: Error: [TryOpenConnection] Waiting for the agent to start up ...
[2018.10.17-07.57.06:420][220]LogSwarmInterface: Error: System.Net.Sockets.SocketException (0x80004005): No connection could be made because the target machine actively refused it 127.0.0.1:8008

Server stack trace: 
   at System.Net.Sockets.Socket.DoConnect(EndPoint endPointSnapshot, SocketAddress socketAddress)
   at System.Net.Sockets.Socket.Connect(EndPoint remoteEP)
   at System.Runtime.Remoting.Channels.RemoteConnection.CreateNewSocket(EndPoint ipEndPoint)
   at System.Runtime.Remoting.Channels.SocketCache.GetSocket(String machinePortAndSid, Boolean openNew)
   at System.Runtime.Remoting.Channels.Tcp.TcpClientTransportSink.SendRequestWithRetry(IMessage msg, ITransportHeaders requestHeaders, Stream requestStream)
   at System.Runtime.Remoting.Channels.Tcp.TcpClientTransportSink.AsyncProcessRequest(IClientChannelSinkStack sinkStack, IMessage msg, ITransportHeaders headers, Stream stream)
   at System.Runtime.Remoting.Channels.BinaryClientFormatterSink.AsyncProcessMessage(IMessage msg, IMessageSink replySink)

Exception rethrown at [0]: 
   at System.Runtime.Remoting.Proxies.RealProxy.HandleReturnMessage(IMessage reqMsg, IMessage retMsg)
   at System.Runtime.Remoting.Proxies.RealProxy.PrivateInvoke(MessageData& msgData, Int32 type)
   at NSwarm.IAgentInterfaceWrapper.MethodDelegate.EndInvoke(Hashtable& OutParameters, IAsyncResult result)
   at NSwarm.FSwarmInterface.TryOpenConnection(FConnectionCallback CallbackFunc, IntPtr CallbackData, ELogFlags LoggingFlags) in D:\Build\++UE4\Sync\Saved\CsTools\Engine\Source\Editor\SwarmInterface\DotNET\SwarmInterface.cs:line 2811
[2018.10.17-07.57.13:424][220]LogSwarmInterface: Error: [TryOpenConnection] Waiting for the agent to start up ...
[2018.10.17-07.57.13:425][220]LogSwarmInterface: Error: System.Net.Sockets.SocketException (0x80004005): No connection could be made because the target machine actively refused it 127.0.0.1:8008

Server stack trace: 
   at System.Net.Sockets.Socket.DoConnect(EndPoint endPointSnapshot, SocketAddress socketAddress)
   at System.Net.Sockets.Socket.Connect(EndPoint remoteEP)
   at System.Runtime.Remoting.Channels.RemoteConnection.CreateNewSocket(EndPoint ipEndPoint)
   at System.Runtime.Remoting.Channels.SocketCache.GetSocket(String machinePortAndSid, Boolean openNew)
   at System.Runtime.Remoting.Channels.Tcp.TcpClientTransportSink.SendRequestWithRetry(IMessage msg, ITransportHeaders requestHeaders, Stream requestStream)
   at System.Runtime.Remoting.Channels.Tcp.TcpClientTransportSink.AsyncProcessRequest(IClientChannelSinkStack sinkStack, IMessage msg, ITransportHeaders headers, Stream stream)
   at System.Runtime.Remoting.Channels.BinaryClientFormatterSink.AsyncProcessMessage(IMessage msg, IMessageSink replySink)

Exception rethrown at [0]: 
   at System.Runtime.Remoting.Proxies.RealProxy.HandleReturnMessage(IMessage reqMsg, IMessage retMsg)
   at System.Runtime.Remoting.Proxies.RealProxy.PrivateInvoke(MessageData& msgData, Int32 type)
   at NSwarm.IAgentInterfaceWrapper.MethodDelegate.EndInvoke(Hashtable& OutParameters, IAsyncResult result)
   at NSwarm.FSwarmInterface.TryOpenConnection(FConnectionCallback CallbackFunc, IntPtr CallbackData, ELogFlags LoggingFlags) in D:\Build\++UE4\Sync\Saved\CsTools\Engine\Source\Editor\SwarmInterface\DotNET\SwarmInterface.cs:line 2811
[2018.10.17-07.57.22:588][220]LogSwarmInterface: [TryOpenConnection] Opening Connection to Agent
[2018.10.17-07.57.22:588][220]LogSwarmInterface: [TryOpenConnection] Local Process ID is 1544
[2018.10.17-07.58.04:407][220]LightingResults: Warning: No importance volume found and the scene is so large that the automatically synthesized volume will not yield good results.  Please add a tightly bounding lightmass importance volume to optimize your scene's quality and lighting build times.
[2018.10.17-07.58.04:474][220]LogStaticLightingSystem: Running Lightmass w/ ImmediateImport mode ENABLED
[2018.10.17-07.58.04:474][220]LogStaticLightingSystem: Running Lightmass w/ ImmediateProcess mode ENABLED
[2018.10.17-07.58.04:474][220]LogStaticLightingSystem: Running Lightmass w/ Sorting mode ENABLED
[2018.10.17-07.58.04:474][220]LogStaticLightingSystem: Running Lightmass w/ Mapping paddings ENABLED
[2018.10.17-07.58.04:474][220]LogStaticLightingSystem: Running Lightmass w/ Mapping debug paddings DISABLED
[2018.10.17-07.58.08:495][220]LogEditorBuildUtils: Build time 1:23
[2018.10.17-07.58.09:506][236]LogMaterial: Display: Missing cached shader map for material FLightmassMaterialRenderer M_Aspen_Tree_Bark, compiling. 
[2018.10.17-07.58.09:644][236]LogShaderCompilers: Display: Shaders left to compile 2
[2018.10.17-07.58.09:644][236]LogMaterial: Display: Missing cached shader map for material FLightmassMaterialRenderer M_Aspen_Tree_Bark, compiling. 
[2018.10.17-07.58.09:653][237]LogShaderCompilers: Display: Shaders left to compile 2
[2018.10.17-07.58.09:939][237]LogMaterial: Display: Missing cached shader map for material FLightmassMaterialRenderer MI_Aspen_Tree_Lit_Blowing, compiling. 
[2018.10.17-07.58.09:972][237]LogShaderCompilers: Display: Shaders left to compile 2
[2018.10.17-07.58.09:972][237]LogMaterial: Display: Missing cached shader map for material FLightmassMaterialRenderer MI_Aspen_Tree_Lit_Blowing, compiling. 
[2018.10.17-07.58.09:992][238]LogMaterial: Display: Missing cached shader map for material FLightmassMaterialRenderer MI_Cave_Grass_Wave, compiling. 
[2018.10.17-07.58.10:089][238]LogMaterial: Display: Missing cached shader map for material FLightmassMaterialRenderer MI_Cave_Grass_Wave, compiling. 
[2018.10.17-07.58.10:340][238]LogMaterial: Display: Missing cached shader map for material FLightmassMaterialRenderer MI_Cave_Grass_Wave, compiling. 
[2018.10.17-07.58.10:665][239]LogMaterial: Display: Missing cached shader map for material FLightmassMaterialRenderer M_PLains_Fern01, compiling. 
[2018.10.17-07.58.10:676][239]LogMaterial: Display: Missing cached shader map for material FLightmassMaterialRenderer M_PLains_Fern01, compiling. 
[2018.10.17-07.58.10:799][239]LogMaterial: Display: Missing cached shader map for material FLightmassMaterialRenderer M_PLains_Fern01, compiling. 
[2018.10.17-07.58.10:854][240]LogMaterial: Display: Missing cached shader map for material FLightmassMaterialRenderer M_Soul_Tree02, compiling. 
[2018.10.17-07.58.10:880][240]LogMaterial: Display: Missing cached shader map for material FLightmassMaterialRenderer M_Soul_Tree02, compiling. 
[2018.10.17-07.58.10:903][240]LogMaterial: Display: Missing cached shader map for material FLightmassMaterialRenderer M_Soul_Tree02, compiling. 
[2018.10.17-07.58.10:938][241]LogMaterial: Display: Missing cached shader map for material FLightmassMaterialRenderer M_Exo_Generic_Plants, compiling. 
[2018.10.17-07.58.10:965][241]LogMaterial: Display: Missing cached shader map for material FLightmassMaterialRenderer M_Exo_Generic_Plants, compiling. 
[2018.10.17-07.58.11:219][241]LogShaderCompilers: Display: Shaders left to compile 24
[2018.10.17-07.58.11:219][241]LogShaderCompilers: Display: Shaders left to compile 14
[2018.10.17-07.58.11:219][241]LogMaterial: Display: Missing cached shader map for material FLightmassMaterialRenderer M_Exo_Generic_Plants, compiling. 
[2018.10.17-07.58.14:038][243]LogShaderCompilers: Display: Shaders left to compile 6
[2018.10.17-08.07.05:098][525]Job is a success!
[2018.10.17-08.07.19:774][526]LogVolumetricLightmapImport: Imported Volumetric Lightmap in 6.155s
[2018.10.17-08.07.19:774][526]LogVolumetricLightmapImport:      Indirection Texture 32x32x32 = 0.1Mb
[2018.10.17-08.07.19:774][526]LogVolumetricLightmapImport:      BrickData 1280x35x5 = 7.9Mb (trimmed 1.8Mb due to 0.010000 MinBrickError)
[2018.10.17-08.07.19:774][526]LogVolumetricLightmapImport:      Bricks at Level
[2018.10.17-08.07.19:774][526]LogVolumetricLightmapImport:          0: 0.5% covering 100.0% of volume
[2018.10.17-08.07.19:774][526]LogVolumetricLightmapImport:          1: 6.7% covering 20.7% of volume
[2018.10.17-08.07.19:774][526]LogVolumetricLightmapImport:          2: 92.8% covering 4.5% of volume
[2018.10.17-08.08.02:170][526]LogTexture: Display: Building textures: HQ_Lightmap0_1 (AutoDXT, 2048X2048)
[2018.10.17-08.08.02:170][526]LogTexture: Display: Building textures: LQ_Lightmap_0_1 (DXT1, 2048X2048)
[2018.10.17-08.08.02:170][526]LogTexture: Display: Building textures: HQ_Lightmap0_2 (AutoDXT, 512X512)
[2018.10.17-08.08.02:170][526]LogTexture: Display: Building textures: LQ_Lightmap_0_2 (DXT1, 512X512)
[2018.10.17-08.08.02:170][526]LogTexture: Display: Building textures: HQ_Lightmap0_3 (AutoDXT, 512X512)
[2018.10.17-08.08.02:170][526]LogTexture: Display: Building textures: LQ_Lightmap_0_3 (DXT1, 512X512)
[2018.10.17-08.08.02:170][526]LogTexture: Display: Building textures: HQ_Lightmap0_4 (AutoDXT, 512X512)
[2018.10.17-08.08.02:170][526]LogTexture: Display: Building textures: LQ_Lightmap_0_4 (DXT1, 512X512)
[2018.10.17-08.08.02:170][526]LogTexture: Display: Building textures: HQ_Lightmap0_5 (AutoDXT, 512X512)
[2018.10.17-08.08.02:171][526]LogTexture: Display: Building textures: HQ_Lightmap0_6 (AutoDXT, 256X256)
[2018.10.17-08.08.02:171][526]LogTexture: Display: Building textures: LQ_Lightmap_0_6 (DXT1, 256X256)
[2018.10.17-08.08.02:171][526]LogTexture: Display: Building textures: HQ_Lightmap0_7 (AutoDXT, 256X256)
[2018.10.17-08.08.02:171][526]LogTexture: Display: Building textures: LQ_Lightmap_0_5 (DXT1, 512X512)
[2018.10.17-08.08.02:171][526]LogTexture: Display: Building textures: LQ_Lightmap_0_7 (DXT1, 256X256)
[2018.10.17-08.08.02:171][526]LogTexture: Display: Building textures: LQ_Lightmap_0_8 (DXT1, 512X512)
[2018.10.17-08.08.02:171][526]LogTexture: Display: Building textures: HQ_Lightmap0_8 (AutoDXT, 512X512)
[2018.10.17-08.08.02:171][526]LogTexture: Display: Building textures: HQ_Lightmap0_9 (AutoDXT, 512X512)
[2018.10.17-08.08.02:171][526]LogTexture: Display: Building textures: LQ_Lightmap_0_9 (DXT1, 512X512)
[2018.10.17-08.08.02:171][526]LogTexture: Display: Building textures: HQ_Lightmap0_10 (AutoDXT, 512X512)
[2018.10.17-08.08.02:171][526]LogTexture: Display: Building textures: LQ_Lightmap_0_10 (DXT1, 512X512)
[2018.10.17-08.08.02:171][526]LogTexture: Display: Building textures: HQ_Lightmap0_11 (AutoDXT, 512X512)
[2018.10.17-08.08.02:171][526]LogTexture: Display: Building textures: LQ_Lightmap_0_11 (DXT1, 512X512)
[2018.10.17-08.08.02:171][526]LogTexture: Display: Building textures: HQ_Lightmap0_12 (AutoDXT, 128X128)
[2018.10.17-08.08.02:171][526]LogTexture: Display: Building textures: LQ_Lightmap_0_12 (DXT1, 128X128)
[2018.10.17-08.08.02:171][526]LogTexture: Display: Building textures: LQ_Lightmap_0_13 (DXT1, 64X64)
[2018.10.17-08.08.02:171][526]LogTexture: Display: Building textures: HQ_Lightmap0_13 (AutoDXT, 64X64)
[2018.10.17-08.08.06:928][526]LogTexture: Display: Building textures: ShadowMapTexture2D_1 (BGRA8, 1024X512)
[2018.10.17-08.08.06:928][526]LogTexture: Display: Building textures: ShadowMapTexture2D_2 (BGRA8, 1024X512)
[2018.10.17-08.08.06:928][526]LogTexture: Display: Building textures: ShadowMapTexture2D_0 (BGRA8, 1024X1024)
[2018.10.17-08.08.06:953][526]LogTexture: Display: Building textures: ShadowMapTexture2D_0 (BGRA8, 512X128)
[2018.10.17-08.08.07:607][526]LogTexture: Display: Building textures: ShadowMapTexture2D_3 (BGRA8, 1024X128)
[2018.10.17-08.08.07:607][526]LogTexture: Display: Building textures: ShadowMapTexture2D_5 (BGRA8, 1024X64)
[2018.10.17-08.08.07:607][526]LogTexture: Display: Building textures: ShadowMapTexture2D_7 (BGRA8, 256X64)
[2018.10.17-08.08.07:607][526]LogTexture: Display: Building textures: ShadowMapTexture2D_6 (BGRA8, 1024X64)
[2018.10.17-08.08.07:607][526]LogTexture: Display: Building textures: ShadowMapTexture2D_8 (BGRA8, 512X64)
[2018.10.17-08.08.07:607][526]LogTexture: Display: Building textures: ShadowMapTexture2D_4 (BGRA8, 1024X128)
[2018.10.17-08.08.07:607][526]LogTexture: Display: Building textures: ShadowMapTexture2D_1 (BGRA8, 1024X64)
[2018.10.17-08.08.07:607][526]LogTexture: Display: Building textures: ShadowMapTexture2D_3 (BGRA8, 1024X64)
[2018.10.17-08.08.07:607][526]LogTexture: Display: Building textures: ShadowMapTexture2D_5 (BGRA8, 64X64)
[2018.10.17-08.08.07:607][526]LogTexture: Display: Building textures: ShadowMapTexture2D_6 (BGRA8, 32X32)
[2018.10.17-08.08.07:607][526]LogTexture: Display: Building textures: ShadowMapTexture2D_4 (BGRA8, 1024X64)
[2018.10.17-08.08.07:607][526]LogTexture: Display: Building textures: ShadowMapTexture2D_2 (BGRA8, 1024X64)
[2018.10.17-08.08.26:640][526]Lightmass on LAPTOP-DGMNQ6HO: 9:42 min total, 9.38 sec importing, 1.12 sec setup, 19.8 sec photons, 9:09 min processing, 0 ms extra exporting [617/617 mappings]. Threads: 36:38 min total, 8:26 min processing.
[2018.10.17-08.08.27:669][526]LogStaticLightingSystem: Illumination: 11:41 min (11.8 sec encoding lightmaps, 5.43 sec encoding shadowmaps)
[2018.10.17-08.08.27:669][526]LogStaticLightingSystem: Lightmap texture memory:  12.3 MB (12.3 MB streaming, 0.0 MB non-streaming), 26 textures
[2018.10.17-08.08.27:669][526]LogStaticLightingSystem: Shadowmap texture memory: 14.6 MB (14.6 MB streaming, 0.0 MB non-streaming), 16 textures
[2018.10.17-08.08.28:754][526]DumpUnbuiltLightIteractions
[2018.10.17-08.08.28:754][526]Lights with unbuilt interactions: 1
[2018.10.17-08.08.28:754][526]    Light DirectionalLight_1
[2018.10.17-08.08.28:754][526]
[2018.10.17-08.08.28:754][526]Primitives with unbuilt interactions: 1
[2018.10.17-08.08.28:754][526]    Primitive FoliageInstancedStaticMeshComponent /Game/FirstPersonBP/Levels/DavisLevel.DavisLevel:PersistentLevel.InstancedFoliageActor_0.FoliageInstancedStaticMeshComponent_14
[2018.10.17-08.08.28:902][527]Cmd: MAP CHECK NOTIFYRESULTS
[2018.10.17-08.08.28:902][527]MapCheck: New page: DavisLevel - 18 Oct 2018 6:08:28 am
[2018.10.17-08.08.28:902][527]LogEditorServer: Warning: WorldSettings contains streaming level '/Game/FirstPersonBP/Levels/OneTrueLevel' which isn't loaded.
[2018.10.17-08.08.28:902][527]LogEditorServer: Warning: WorldSettings contains streaming level '/Game/FirstPersonBP/Levels/DavisLevel' which isn't loaded.
[2018.10.17-08.08.28:902][527]LogEditorServer: Warning: WorldSettings contains streaming level '/Game/FirstPersonBP/Levels/CharlesLevel' which isn't loaded.
[2018.10.17-08.08.28:902][527]LogEditorServer: Warning: WorldSettings contains streaming level '/Game/FirstPersonBP/Levels/OneTrueLevel' which isn't loaded.
[2018.10.17-08.08.28:902][527]LogEditorServer: Warning: WorldSettings contains streaming level '/Game/FirstPersonBP/Levels/StephenTestLevel' which isn't loaded.
[2018.10.17-08.08.28:902][527]LogEditorServer: Warning: WorldSettings contains streaming level '/Game/FirstPersonBP/Levels/DavisLevel' which isn't loaded.
[2018.10.17-08.08.28:947][527]MapCheck: Error: WorldSettings Maps need lighting rebuilt 
[2018.10.17-08.08.43:543][527]MapCheck: Map check complete: 1 Error(s), 0 Warning(s), took 14,640.936ms to complete.
[2018.10.17-08.08.53:294][552]LogSlate: FSceneViewport::OnFocusLost() reason 0
[2018.10.17-08.08.53:477][554]LogSlate: Window 'Message Log' being destroyed
[2018.10.17-08.08.53:490][554]LogSlate: Window 'Message Log' being destroyed
[2018.10.17-08.09.04:011][179]LogSlate: FSceneViewport::OnFocusLost() reason 0
[2018.10.17-08.09.08:176][442]LogEditorViewport: Clicking on Actor (LMB): Landscape (Landscape1)
[2018.10.17-08.09.23:065][620]LogSlate: FSceneViewport::OnFocusLost() reason 0
[2018.10.17-08.09.39:260][ 46]LogAssetEditorManager: Opening Asset editor for Material /Game/KiteDemo/Environments/GroundTiles/Grass/M_Ground_Grass2.M_Ground_Grass2
[2018.10.17-08.09.40:126][ 46]LogMaterial: Display: Missing cached shader map for material M_Ground_Grass2, compiling. 
[2018.10.17-08.10.05:032][ 46]LogMaterial: Display: Missing cached shader map for material M_Ground_Grass2, compiling. 
[2018.10.17-08.10.07:719][ 46]LogShaderCompilers: Display: Shaders left to compile 30
[2018.10.17-08.10.07:719][ 46]LogShaderCompilers: Display: Shaders left to compile 29
[2018.10.17-08.10.07:719][ 46]LogShaderCompilers: Display: Shaders left to compile 28
[2018.10.17-08.10.07:798][ 46]LogMaterial: Display: Missing cached shader map for material M_Ground_Grass2, compiling. 
[2018.10.17-08.10.09:540][ 46]LogMaterial: Display: Missing cached shader map for material FMatExpressionPreview MaterialExpressionTextureSample_10, compiling. 
[2018.10.17-08.10.09:545][ 46]LogMaterial: Display: Missing cached shader map for material FMatExpressionPreview MaterialExpressionTextureSample_29, compiling. 
[2018.10.17-08.10.09:946][ 46]LogMaterial: Display: Missing cached shader map for material FMatExpressionPreview MaterialExpressionTextureSample_30, compiling. 
[2018.10.17-08.10.09:952][ 46]LogMaterial: Display: Missing cached shader map for material FMatExpressionPreview MaterialExpressionConstant3Vector_9, compiling. 
[2018.10.17-08.10.09:960][ 46]LogMaterial: Display: Missing cached shader map for material FMatExpressionPreview MaterialExpressionTextureSample_11, compiling. 
[2018.10.17-08.10.09:964][ 46]LogMaterial: Display: Missing cached shader map for material FMatExpressionPreview MaterialExpressionTextureSample_12, compiling. 
[2018.10.17-08.10.10:283][ 46]LogMaterial: Display: Missing cached shader map for material FMatExpressionPreview MaterialExpressionTextureSample_13, compiling. 
[2018.10.17-08.10.10:336][ 46]LogMaterial: Display: Missing cached shader map for material FMatExpressionPreview MaterialExpressionVectorParameter_6, compiling. 
[2018.10.17-08.10.10:365][ 46]LogMaterial: Display: Missing cached shader map for material FMatExpressionPreview MaterialExpressionVectorParameter_7, compiling. 
[2018.10.17-08.10.10:546][ 46]LogMaterial: Display: Missing cached shader map for material FMatExpressionPreview MaterialExpressionVectorParameter_8, compiling. 
[2018.10.17-08.10.11:775][ 46]LogSlate: Took 0.171286 seconds to synchronously load lazily loaded font '../../../Engine/Content/Slate/Fonts/Roboto-BoldCondensed.ttf' (158K)
[2018.10.17-08.10.23:379][260]LogSlate: Took 0.110386 seconds to synchronously load lazily loaded font '../../../Engine/Content/Slate/Fonts/Roboto-Italic.ttf' (157K)
[2018.10.17-08.10.47:389][721]LogShaderCompilers: Display: Shaders left to compile 50
[2018.10.17-08.10.47:389][721]LogShaderCompilers: Display: Shaders left to compile 49
[2018.10.17-08.10.47:411][723]LogShaderCompilers: Display: Shaders left to compile 48
[2018.10.17-08.10.48:834][865]LogShaderCompilers: Display: Shaders left to compile 47
[2018.10.17-08.10.48:854][867]LogShaderCompilers: Display: Shaders left to compile 46
[2018.10.17-08.10.48:854][867]LogShaderCompilers: Display: Shaders left to compile 45
[2018.10.17-08.10.49:898][972]LogShaderCompilers: Display: Shaders left to compile 44
[2018.10.17-08.10.49:993][981]LogShaderCompilers: Display: Shaders left to compile 43
[2018.10.17-08.10.50:006][982]LogShaderCompilers: Display: Shaders left to compile 42
[2018.10.17-08.10.50:641][ 45]LogShaderCompilers: Display: Shaders left to compile 41
[2018.10.17-08.10.50:791][ 60]LogShaderCompilers: Display: Shaders left to compile 40
[2018.10.17-08.10.50:929][ 73]LogShaderCompilers: Display: Shaders left to compile 39
[2018.10.17-08.10.51:786][160]LogShaderCompilers: Display: Shaders left to compile 38
[2018.10.17-08.10.53:985][378]LogShaderCompilers: Display: Shaders left to compile 37
[2018.10.17-08.10.54:168][396]LogShaderCompilers: Display: Shaders left to compile 36
[2018.10.17-08.10.54:245][403]LogShaderCompilers: Display: Shaders left to compile 35
[2018.10.17-08.10.55:371][514]LogShaderCompilers: Display: Shaders left to compile 34
[2018.10.17-08.10.56:144][589]LogShaderCompilers: Display: Shaders left to compile 33
[2018.10.17-08.10.56:301][604]LogShaderCompilers: Display: Shaders left to compile 32
[2018.10.17-08.10.57:364][710]LogShaderCompilers: Display: Shaders left to compile 31
[2018.10.17-08.10.57:377][711]LogShaderCompilers: Display: Shaders left to compile 30
[2018.10.17-08.10.58:504][819]LogShaderCompilers: Display: Shaders left to compile 29
[2018.10.17-08.10.58:505][819]LogShaderCompilers: Display: Shaders left to compile 28
[2018.10.17-08.10.59:532][920]LogShaderCompilers: Display: Shaders left to compile 27
[2018.10.17-08.11.01:305][ 90]LogShaderCompilers: Display: Shaders left to compile 26
[2018.10.17-08.11.01:586][116]LogShaderCompilers: Display: Shaders left to compile 25
[2018.10.17-08.11.01:707][127]LogShaderCompilers: Display: Shaders left to compile 24
[2018.10.17-08.11.03:500][290]LogShaderCompilers: Display: Shaders left to compile 23
[2018.10.17-08.11.04:378][347]LogShaderCompilers: Display: Shaders left to compile 22
[2018.10.17-08.11.04:752][372]LogShaderCompilers: Display: Shaders left to compile 21
[2018.10.17-08.11.05:847][445]LogShaderCompilers: Display: Shaders left to compile 20
[2018.10.17-08.11.06:056][459]LogShaderCompilers: Display: Shaders left to compile 19
[2018.10.17-08.11.06:732][505]LogShaderCompilers: Display: Shaders left to compile 18
[2018.10.17-08.11.06:748][506]LogTemp: Repeating last play command: Selected Viewport
[2018.10.17-08.11.12:661][506]LogShaderCompilers: Display: Shaders left to compile 17
[2018.10.17-08.11.12:661][506]LogShaderCompilers: Display: Shaders left to compile 16
[2018.10.17-08.11.12:661][506]LogShaderCompilers: Display: Shaders left to compile 15
[2018.10.17-08.11.12:661][506]LogShaderCompilers: Display: Shaders left to compile 14
[2018.10.17-08.11.12:661][506]LogShaderCompilers: Display: Shaders left to compile 13
[2018.10.17-08.11.12:661][506]LogShaderCompilers: Display: Shaders left to compile 12
[2018.10.17-08.11.12:661][506]LogShaderCompilers: Display: Shaders left to compile 11
[2018.10.17-08.11.12:661][506]LogShaderCompilers: Display: Shaders left to compile 10
[2018.10.17-08.11.12:661][506]LogShaderCompilers: Display: Shaders left to compile 9
[2018.10.17-08.11.12:661][506]LogShaderCompilers: Display: Shaders left to compile 8
[2018.10.17-08.11.12:661][506]LogShaderCompilers: Display: Shaders left to compile 7
[2018.10.17-08.11.12:661][506]LogShaderCompilers: Display: Shaders left to compile 6
[2018.10.17-08.11.12:661][506]LogShaderCompilers: Display: Shaders left to compile 5
[2018.10.17-08.11.12:661][506]LogShaderCompilers: Display: Shaders left to compile 4
[2018.10.17-08.11.12:661][506]LogShaderCompilers: Display: Shaders left to compile 3
[2018.10.17-08.11.12:661][506]LogShaderCompilers: Display: Shaders left to compile 2
[2018.10.17-08.11.12:661][506]LogShaderCompilers: Display: Shaders left to compile 1
[2018.10.17-08.11.12:661][506]LogPlayLevel: PlayLevel: No blueprints needed recompiling
[2018.10.17-08.11.13:780][506]PIE: New page: PIE session: DavisLevel (18 Oct 2018 6:11:13 am)
[2018.10.17-08.11.13:900][506]LogPlayLevel: Creating play world package: /Game/FirstPersonBP/Levels/UEDPIE_0_DavisLevel
[2018.10.17-08.11.14:477][506]LogPlayLevel: PIE: StaticDuplicateObject took: (0.577135s)
[2018.10.17-08.11.14:478][506]LogAIModule: Creating AISystem for world DavisLevel
[2018.10.17-08.11.14:545][506]LogPlayLevel: PIE: World Init took: (0.067257s)
[2018.10.17-08.11.14:545][506]LogPlayLevel: PIE: Created PIE world by copying editor world from /Game/FirstPersonBP/Levels/DavisLevel.DavisLevel to /Game/FirstPersonBP/Levels/UEDPIE_0_DavisLevel.DavisLevel (0.644697s)
[2018.10.17-08.11.15:060][506]LogInit: XAudio2 using 'Speakers (Conexant SmartAudio HD)' : 2 channels at 44.1 kHz using 32 bits per sample (channel mask 0x3)
[2018.10.17-08.11.15:216][506]LogInit: FAudioDevice initialized.
[2018.10.17-08.11.16:003][506]LogLoad: Game class is 'FirstPersonGameMode_C'
[2018.10.17-08.11.17:020][506]LogWorld: Bringing World /Game/FirstPersonBP/Levels/UEDPIE_0_DavisLevel.DavisLevel up for play (max tick rate 0) at 2018.10.17-19.11.17
[2018.10.17-08.11.17:406][506]LogWorld: Bringing up level for play took: 0.389336
[2018.10.17-08.11.20:306][506]LogContentBrowser: Native class hierarchy updated for 'MovieSceneCapture' in 0.0348 seconds. Added 10 classes and 0 folders.
[2018.10.17-08.11.22:882][506]PIE: Play in editor start time for /Game/FirstPersonBP/Levels/UEDPIE_0_DavisLevel 11.679
[2018.10.17-08.11.25:252][506]MaterialEditorStats: Base pass shader: 131 instructions
[2018.10.17-08.11.25:252][506]MaterialEditorStats: Base pass shader with Surface Lightmap: 148 instructions
[2018.10.17-08.11.25:252][506]MaterialEditorStats: Base pass shader with Volumetric Lightmap: 205 instructions
[2018.10.17-08.11.25:252][506]MaterialEditorStats: Base pass vertex shader: 36 instructions
[2018.10.17-08.11.25:252][506]MaterialEditorStats: Texture samplers: 7/16
[2018.10.17-08.11.25:252][506]MaterialEditorStats: Texture Lookups (Est.): VS(0), PS(6)
[2018.10.17-08.11.25:252][506]MaterialEditorStats: User interpolators: 2/4 Scalars (1/4 Vectors) (TexCoords: 2, Custom: 0)
[2018.10.17-08.12.42:618][115]LogSpawn: Warning: SpawnActor failed because of collision at the spawn location [X=14272.550 Y=15955.573 Z=285.630] for [FirstPersonProjectile_C]
[2018.10.17-08.12.56:052][362]LogSpawn: Warning: SpawnActor failed because of collision at the spawn location [X=14261.505 Y=15933.400 Z=277.246] for [FirstPersonProjectile_C]
[2018.10.17-08.13.35:412][912]LogSlate: Updating window title bar state: overlay mode, drag disabled, window buttons hidden, title bar hidden
[2018.10.17-08.13.38:513][912]LogPlayLevel: Display: Shutting down PIE online subsystems
[2018.10.17-08.13.38:884][912]LogSlate: Updating window title bar state: overlay mode, drag disabled, window buttons hidden, title bar hidden
[2018.10.17-08.13.40:378][912]LogRenderer: Reallocating scene render targets to support 996x548 Format 9 NumSamples 1 (Frame:14395).
[2018.10.17-08.13.40:833][913]LogPlayLevel: Display: Destroying online subsystem :Context_3
[2018.10.17-08.13.56:860][712]LogSlate: FSceneViewport::OnFocusLost() reason 2
[2018.10.17-08.14.01:829][712]LogSavePackage: Moving '../../../../../../Users/Kamikaze/Desktop/Unreal Engine Projects/Studio2Project/Studio2ProjectT3/Saved/OneTrueLevel_Auto1CCA577194CDE574F9BCEF3ADB7F192D6.tmp' to '../../../../../../Users/Kamikaze/Desktop/Unreal Engine Projects/Studio2Project/Studio2ProjectT3/Saved/Autosaves/Game/FirstPersonBP/Levels/OneTrueLevel_Auto1.umap'
[2018.10.17-08.14.02:632][712]LogSavePackage: Moving '../../../../../../Users/Kamikaze/Desktop/Unreal Engine Projects/Studio2Project/Studio2ProjectT3/Saved/StephenTestLevel_Auto16EF007CD44C374582A576BB178B89C58.tmp' to '../../../../../../Users/Kamikaze/Desktop/Unreal Engine Projects/Studio2Project/Studio2ProjectT3/Saved/Autosaves/Game/FirstPersonBP/Levels/StephenTestLevel_Auto1.umap'
[2018.10.17-08.14.02:849][712]LogFileHelpers: Editor autosave (incl. sublevels) for '/Game/FirstPersonBP/Levels/DavisLevel' took 5.748
[2018.10.17-08.14.02:849][712]LogFileHelpers: Editor autosave (incl. sublevels) for all levels took 5.748
[2018.10.17-08.14.02:972][712]OBJ SavePackage: Generating thumbnails for [0] asset(s) in package [/Game/FirstPersonBP/Levels/DavisLevel_BuiltData] ([1] browsable assets)...
[2018.10.17-08.14.02:972][712]OBJ SavePackage: Finished generating thumbnails for package [/Game/FirstPersonBP/Levels/DavisLevel_BuiltData]
[2018.10.17-08.14.22:092][712]LogSavePackage: Moving '../../../../../../Users/Kamikaze/Desktop/Unreal Engine Projects/Studio2Project/Studio2ProjectT3/Saved/DavisLevel_BuiltData_Auto10F1BED99464F8343627498859B2861A2.tmp' to '../../../../../../Users/Kamikaze/Desktop/Unreal Engine Projects/Studio2Project/Studio2ProjectT3/Saved/Autosaves/Game/FirstPersonBP/Levels/DavisLevel_BuiltData_Auto1.uasset'
[2018.10.17-08.14.22:096][712]OBJ SavePackage: Generating thumbnails for [0] asset(s) in package [/Game/FirstPersonBP/Levels/OneTrueLevel_BuiltData] ([1] browsable assets)...
[2018.10.17-08.14.22:096][712]OBJ SavePackage: Finished generating thumbnails for package [/Game/FirstPersonBP/Levels/OneTrueLevel_BuiltData]
[2018.10.17-08.14.22:195][712]LogSavePackage: Moving '../../../../../../Users/Kamikaze/Desktop/Unreal Engine Projects/Studio2Project/Studio2ProjectT3/Saved/OneTrueLevel_BuiltData_Auto1249F5921460C8FDA5A70AF81F9CAC963.tmp' to '../../../../../../Users/Kamikaze/Desktop/Unreal Engine Projects/Studio2Project/Studio2ProjectT3/Saved/Autosaves/Game/FirstPersonBP/Levels/OneTrueLevel_BuiltData_Auto1.uasset'
[2018.10.17-08.14.22:197][712]OBJ SavePackage: Generating thumbnails for [0] asset(s) in package [/Game/FirstPersonBP/Levels/StephenTestLevel_BuiltData] ([1] browsable assets)...
[2018.10.17-08.14.22:197][712]OBJ SavePackage: Finished generating thumbnails for package [/Game/FirstPersonBP/Levels/StephenTestLevel_BuiltData]
[2018.10.17-08.14.22:205][712]LogSavePackage: Moving '../../../../../../Users/Kamikaze/Desktop/Unreal Engine Projects/Studio2Project/Studio2ProjectT3/Saved/StephenTestLevel_BuiltData_Auto150542BF64B1A733FFC08C893C8C10271.tmp' to '../../../../../../Users/Kamikaze/Desktop/Unreal Engine Projects/Studio2Project/Studio2ProjectT3/Saved/Autosaves/Game/FirstPersonBP/Levels/StephenTestLevel_BuiltData_Auto1.uasset'
[2018.10.17-08.14.22:207][712]LogFileHelpers: Auto-saving content packages took 19.236
[2018.10.17-08.15.06:801][931]LogTexture: Display: Building textures: Texture2D_2 (G8, 128X128)
[2018.10.17-08.16.34:230][348]Cmd: TRANSACTION UNDO
[2018.10.17-08.16.34:230][348]LogEditorTransaction: Undo Clicking on Actors
[2018.10.17-08.16.35:547][348]LogMaterial: Display: Missing cached shader map for material M_Ground_Grass2, compiling. 
[2018.10.17-08.16.36:555][348]LogShaderCompilers: Display: Shaders left to compile 30
[2018.10.17-08.16.36:555][348]LogShaderCompilers: Display: Shaders left to compile 29
[2018.10.17-08.16.36:555][348]LogShaderCompilers: Display: Shaders left to compile 28
[2018.10.17-08.16.49:948][163]LogShaderCompilers: Display: Shaders left to compile 27
[2018.10.17-08.16.49:963][164]LogShaderCompilers: Display: Shaders left to compile 26
[2018.10.17-08.16.49:976][165]LogShaderCompilers: Display: Shaders left to compile 25
[2018.10.17-08.16.51:109][226]LogShaderCompilers: Display: Shaders left to compile 24
[2018.10.17-08.16.51:221][232]LogShaderCompilers: Display: Shaders left to compile 23
[2018.10.17-08.16.51:242][233]LogShaderCompilers: Display: Shaders left to compile 22
[2018.10.17-08.16.51:604][252]LogShaderCompilers: Display: Shaders left to compile 21
[2018.10.17-08.16.52:234][285]LogShaderCompilers: Display: Shaders left to compile 20
[2018.10.17-08.16.52:352][291]LogShaderCompilers: Display: Shaders left to compile 19
[2018.10.17-08.16.52:983][323]LogShaderCompilers: Display: Shaders left to compile 18
[2018.10.17-08.16.54:647][404]LogShaderCompilers: Display: Shaders left to compile 17
[2018.10.17-08.16.54:647][404]LogShaderCompilers: Display: Shaders left to compile 16
[2018.10.17-08.16.54:682][406]LogShaderCompilers: Display: Shaders left to compile 15
[2018.10.17-08.16.57:558][440]LogShaderCompilers: Display: Shaders left to compile 14
[2018.10.17-08.16.57:558][440]LogShaderCompilers: Display: Shaders left to compile 13
[2018.10.17-08.16.57:558][440]LogShaderCompilers: Display: Shaders left to compile 12
[2018.10.17-08.16.57:559][440]LogSlate: FSceneViewport::OnFocusLost() reason 2
[2018.10.17-08.16.57:785][441]LogShaderCompilers: Display: Shaders left to compile 11
[2018.10.17-08.16.57:785][441]LogShaderCompilers: Display: Shaders left to compile 10
[2018.10.17-08.16.57:785][441]LogShaderCompilers: Display: Shaders left to compile 9
[2018.10.17-08.16.58:230][453]LogShaderCompilers: Display: Shaders left to compile 8
[2018.10.17-08.16.58:817][473]LogShaderCompilers: Display: Shaders left to compile 7
[2018.10.17-08.16.59:038][481]LogShaderCompilers: Display: Shaders left to compile 6
[2018.10.17-08.16.59:476][496]LogShaderCompilers: Display: Shaders left to compile 5
[2018.10.17-08.16.59:534][498]LogShaderCompilers: Display: Shaders left to compile 4
[2018.10.17-08.17.00:328][524]LogShaderCompilers: Display: Shaders left to compile 3
[2018.10.17-08.17.00:550][532]LogShaderCompilers: Display: Shaders left to compile 2
[2018.10.17-08.17.01:135][553]LogShaderCompilers: Display: Shaders left to compile 1
[2018.10.17-08.17.02:648][606]MaterialEditorStats: Base pass shader: 131 instructions
[2018.10.17-08.17.02:648][606]MaterialEditorStats: Base pass shader with Surface Lightmap: 148 instructions
[2018.10.17-08.17.02:648][606]MaterialEditorStats: Base pass shader with Volumetric Lightmap: 205 instructions
[2018.10.17-08.17.02:648][606]MaterialEditorStats: Base pass vertex shader: 36 instructions
[2018.10.17-08.17.02:648][606]MaterialEditorStats: Texture samplers: 7/16
[2018.10.17-08.17.02:648][606]MaterialEditorStats: Texture Lookups (Est.): VS(0), PS(6)
[2018.10.17-08.17.02:648][606]MaterialEditorStats: User interpolators: 2/4 Scalars (1/4 Vectors) (TexCoords: 2, Custom: 0)
[2018.10.17-08.17.20:129][960]LogSlate: FSceneViewport::OnFocusLost() reason 0
[2018.10.17-08.21.11:492][847]LogSlate: FSceneViewport::OnFocusLost() reason 0
[2018.10.17-08.23.19:283][342]LogSlate: FSceneViewport::OnFocusLost() reason 0
