Log file open, 10/31/18 17:10:17
LogWindows: Failed to load 'aqProf.dll' (GetLastError=126)
LogWindows: File 'aqProf.dll' does not exist
LogWindows: Failed to load 'VtuneApi.dll' (GetLastError=126)
LogWindows: File 'VtuneApi.dll' does not exist
LogWindows: Failed to load 'VtuneApi32e.dll' (GetLastError=126)
LogWindows: File 'VtuneApi32e.dll' does not exist
LogInit: Display: Running engine for game: Studio2ProjectT3
LogPlatformFile: Not using cached read wrapper
LogTaskGraph: Started task graph with 5 named threads and 23 total threads with 3 sets of task threads.
LogStats: Stats thread started at 0.332587
LogD3D11RHI: Loaded GFSDK_Aftermath_Lib.x64.dll
LogICUInternationalization: Display: ICU TimeZone Detection - Raw Offset: +10:00, Platform Override: ''
LogPluginManager: Mounting plugin Paper2D
LogPluginManager: Mounting plugin AISupport
LogPluginManager: Mounting plugin LightPropagationVolume
LogPluginManager: Mounting plugin CLionSourceCodeAccess
LogPluginManager: Mounting plugin CodeLiteSourceCodeAccess
LogPluginManager: Mounting plugin GitSourceControl
LogPluginManager: Mounting plugin KDevelopSourceCodeAccess
LogPluginManager: Mounting plugin NullSourceCodeAccess
LogPluginManager: Mounting plugin PerforceSourceControl
LogPluginManager: Mounting plugin SubversionSourceControl
LogPluginManager: Mounting plugin UObjectPlugin
LogPluginManager: Mounting plugin VisualStudioCodeSourceCodeAccess
LogPluginManager: Mounting plugin VisualStudioSourceCodeAccess
LogPluginManager: Mounting plugin XCodeSourceCodeAccess
LogPluginManager: Mounting plugin AssetManagerEditor
LogPluginManager: Mounting plugin CryptoKeys
LogPluginManager: Mounting plugin DataValidation
LogPluginManager: Mounting plugin FacialAnimation
LogPluginManager: Mounting plugin GameplayTagsEditor
LogPluginManager: Mounting plugin MacGraphicsSwitching
LogPluginManager: Mounting plugin MeshEditor
LogPluginManager: Mounting plugin MobileLauncherProfileWizard
LogPluginManager: Mounting plugin PluginBrowser
LogPluginManager: Mounting plugin SpeedTreeImporter
LogPluginManager: Mounting plugin DatasmithContent
LogPluginManager: Mounting plugin AlembicImporter
LogPluginManager: Mounting plugin AppleImageUtils
LogPluginManager: Mounting plugin AppleVision
LogPluginManager: Mounting plugin BackChannel
LogPluginManager: Mounting plugin CharacterAI
LogPluginManager: Mounting plugin GeometryCache
LogPluginManager: Mounting plugin HTML5Networking
LogPluginManager: Mounting plugin ProxyLODPlugin
LogPluginManager: Mounting plugin MagicLeap
LogPluginManager: Mounting plugin MagicLeapEmulator
LogPluginManager: Mounting plugin MagicLeapMedia
LogPluginManager: Mounting plugin AndroidMedia
LogPluginManager: Mounting plugin AvfMedia
LogPluginManager: Mounting plugin ImgMedia
LogPluginManager: Mounting plugin LinearTimecode
LogPluginManager: Mounting plugin MediaCompositing
LogPluginManager: Mounting plugin MediaPlayerEditor
LogPluginManager: Mounting plugin WmfMedia
LogPluginManager: Mounting plugin TcpMessaging
LogPluginManager: Mounting plugin UdpMessaging
LogPluginManager: Mounting plugin ActorSequence
LogPluginManager: Mounting plugin LevelSequenceEditor
LogPluginManager: Mounting plugin MatineeToLevelSequence
LogPluginManager: Mounting plugin NetcodeUnitTest
LogPluginManager: Mounting plugin NUTUnrealEngine4
LogPluginManager: Mounting plugin OnlineSubsystemGooglePlay
LogPluginManager: Mounting plugin OnlineSubsystemIOS
LogPluginManager: Mounting plugin OnlineSubsystem
LogPluginManager: Mounting plugin OnlineSubsystemNull
LogPluginManager: Mounting plugin OnlineSubsystemUtils
LogPluginManager: Mounting plugin LauncherChunkInstaller
LogPluginManager: Mounting plugin AndroidDeviceProfileSelector
LogPluginManager: Mounting plugin AndroidMoviePlayer
LogPluginManager: Mounting plugin AndroidPermission
LogPluginManager: Mounting plugin AppleMoviePlayer
LogPluginManager: Mounting plugin ArchVisCharacter
LogPluginManager: Mounting plugin AudioCapture
LogPluginManager: Mounting plugin CableComponent
LogPluginManager: Mounting plugin CustomMeshComponent
LogPluginManager: Mounting plugin EditableMesh
LogPluginManager: Mounting plugin ExampleDeviceProfileSelector
LogPluginManager: Mounting plugin GoogleCloudMessaging
LogPluginManager: Mounting plugin ImmediatePhysics
LogPluginManager: Mounting plugin IOSDeviceProfileSelector
LogPluginManager: Mounting plugin LinuxDeviceProfileSelector
LogPluginManager: Mounting plugin LocationServicesBPLibrary
LogPluginManager: Mounting plugin MobilePatchingUtils
LogPluginManager: Mounting plugin OculusVR
LogPluginManager: Plugin shader directory ../../../Engine/Plugins/Runtime/Oculus/OculusVR/Shaders found
LogPluginManager: Mapping shader source directory ../../../Engine/Plugins/Runtime/Oculus/OculusVR/Shaders to virtual directory /Plugin/OculusVR
LogPluginManager: Mounting plugin PhysXVehicles
LogPluginManager: Mounting plugin ProceduralMeshComponent
LogPluginManager: Mounting plugin RuntimePhysXCooking
LogPluginManager: Mounting plugin SteamVR
LogPluginManager: Mounting plugin WindowsMoviePlayer
LogStreaming: Display: Took  0.181s to configure plugins.
LogInit: Using libcurl 7.55.1-DEV
LogInit:  - built for x86_64-pc-win32
LogInit:  - supports SSL with OpenSSL/1.0.2h
LogInit:  - supports HTTP deflate (compression) using libz 1.2.8
LogInit:  - other features:
LogInit:      CURL_VERSION_SSL
LogInit:      CURL_VERSION_LIBZ
LogInit:      CURL_VERSION_IPV6
LogInit:      CURL_VERSION_ASYNCHDNS
LogInit:      CURL_VERSION_LARGEFILE
LogInit:      CURL_VERSION_IDN
LogInit:  CurlRequestOptions (configurable via config and command line):
LogInit:  - bVerifyPeer = false  - Libcurl will NOT verify peer certificate
LogInit:  - bUseHttpProxy = false  - Libcurl will NOT use HTTP proxy
LogInit:  - bDontReuseConnections = false  - Libcurl will reuse connections
LogInit:  - CertBundlePath = nullptr  - Libcurl will use whatever was configured at build time.
LogInit:  - MaxHostConnections = 16  - Libcurl will limit the number of connections to a host
LogInit:  - LocalHostAddr = Default
LogInit:  - BufferSize = 65536
LogInit: WinSock: version 1.1 (2.2), MaxSocks=32767, MaxUdp=65467
LogInit: Build: ++UE4+Release-4.20-CL-4369336
LogInit: Engine Version: 4.20.3-4369336+++UE4+Release-4.20
LogInit: Compatible Engine Version: 4.20.0-4212847+++UE4+Release-4.20
LogInit: Net CL: 4212847
LogInit: OS: Windows 10 (), CPU: Intel(R) Core(TM) i7-4720HQ CPU @ 2.60GHz, GPU: Intel(R) HD Graphics 4600
LogInit: Compiled (64-bit): Sep 17 2018 12:26:19
LogInit: Compiled with Visual C++: 19.13.26129.00
LogInit: Build Configuration: Development
LogInit: Branch Name: ++UE4+Release-4.20
LogInit: Command Line: 
LogInit: Base Directory: D:/UE_4.20/Engine/Binaries/Win64/
LogInit: Installed Engine Build: 1
LogDevObjectVersion: Number of dev versions registered: 20
LogDevObjectVersion:   Dev-Blueprints (B0D832E4-1F89-4F0D-ACCF-7EB736FD4AA2): 10
LogDevObjectVersion:   Dev-Build (E1C64328-A22C-4D53-A36C-8E866417BD8C): 0
LogDevObjectVersion:   Dev-Core (375EC13C-06E4-48FB-B500-84F0262A717E): 2
LogDevObjectVersion:   Dev-Editor (E4B068ED-F494-42E9-A231-DA0B2E46BB41): 24
LogDevObjectVersion:   Dev-Framework (CFFC743F-43B0-4480-9391-14DF171D2073): 34
LogDevObjectVersion:   Dev-Mobile (B02B49B5-BB20-44E9-A304-32B752E40360): 2
LogDevObjectVersion:   Dev-Networking (A4E4105C-59A1-49B5-A7C5-40C4547EDFEE): 0
LogDevObjectVersion:   Dev-Online (39C831C9-5AE6-47DC-9A44-9C173E1C8E7C): 0
LogDevObjectVersion:   Dev-Physics (78F01B33-EBEA-4F98-B9B4-84EACCB95AA2): 0
LogDevObjectVersion:   Dev-Platform (6631380F-2D4D-43E0-8009-CF276956A95A): 0
LogDevObjectVersion:   Dev-Rendering (12F88B9F-8875-4AFC-A67C-D90C383ABD29): 26
LogDevObjectVersion:   Dev-Sequencer (7B5AE74C-D270-4C10-A958-57980B212A5A): 9
LogDevObjectVersion:   Dev-VR (D7296918-1DD6-4BDD-9DE2-64A83CC13884): 2
LogDevObjectVersion:   Dev-LoadTimes (C2A15278-BFE7-4AFE-6C17-90FF531DF755): 1
LogDevObjectVersion:   Private-Geometry (6EACA3D4-40EC-4CC1-B786-8BED09428FC5): 3
LogDevObjectVersion:   Dev-AnimPhys (29E575DD-E0A3-4627-9D10-D276232CDCEA): 17
LogDevObjectVersion:   Dev-ReflectionCapture (6B266CEC-1EC7-4B8F-A30B-E4D90942FC07): 1
LogDevObjectVersion:   Dev-Automation (0DF73D61-A23F-47EA-B727-89E90C41499A): 1
LogDevObjectVersion:   FortniteMain (601D1886-AC64-4F84-AA16-D3DE0DEAC7D6): 12
LogDevObjectVersion:   Dev-Enterprise (9DFFBCD6-494F-0158-E221-12823C92A888): 1
LogStreaming: Display: Took  0.016s to delete old logs.
LogInit: Presizing for max 8388607 objects, including 0 objects not considered by GC, pre-allocating 0 bytes for permanent pool.
LogInit: Object subsystem initialized
[2018.10.31-06.10.18:578][  0]LogInit: Selected Device Profile: [Windows]
[2018.10.31-06.10.18:579][  0]LogInit: Applying CVar settings loaded from the selected device profile: [Windows]
[2018.10.31-06.10.18:623][  0]LogHAL: Display: Platform has ~ 8 GB [8473612288 / 8589934592 / 8], which maps to Default [LargestMinGB=32, LargerMinGB=12, DefaultMinGB=8, SmallerMinGB=6, SmallestMinGB=0)
[2018.10.31-06.10.18:623][  0]LogInit: Setting Device Profile CVar: [[r.Vulkan.UseRealUBs:1]]
[2018.10.31-06.10.18:623][  0]LogInit: Going up to parent DeviceProfile []
[2018.10.31-06.10.18:632][  0]LogInit: Computer: THEJUDGEMAFIA
[2018.10.31-06.10.18:632][  0]LogInit: User: Charles
[2018.10.31-06.10.18:632][  0]LogInit: CPU Page size=4096, Cores=4
[2018.10.31-06.10.18:632][  0]LogInit: High frequency timer resolution =2.533208 MHz
[2018.10.31-06.10.18:632][  0]LogMemory: Memory total: Physical=7.9GB (8GB approx)
[2018.10.31-06.10.18:632][  0]LogMemory: Platform Memory Stats for Windows
[2018.10.31-06.10.18:632][  0]LogMemory: Process Physical Memory: 100.54 MB used, 100.54 MB peak
[2018.10.31-06.10.18:632][  0]LogMemory: Process Virtual Memory: 89.50 MB used, 89.50 MB peak
[2018.10.31-06.10.18:632][  0]LogMemory: Physical Memory: 3322.85 MB used,  4758.22 MB free, 8081.07 MB total
[2018.10.31-06.10.18:632][  0]LogMemory: Virtual Memory: 4643.70 MB used,  4758.22 MB free, 134217728.00 MB total
[2018.10.31-06.10.19:030][  0]LogInit: Using OS detected language (en-GB).
[2018.10.31-06.10.19:030][  0]LogInit: Using OS detected locale (en-AU).
[2018.10.31-06.10.19:031][  0]LogTextLocalizationManager: No specific localization for 'en-GB' exists, so the 'en' localization will be used.
[2018.10.31-06.10.20:283][  0]LogStreaming: Display: Took  1.252s to InitEngineTextLocalization.
[2018.10.31-06.10.20:283][  0]LogInit: Setting process to per monitor DPI aware
[2018.10.31-06.10.20:560][  0]LogSlate: New Slate User Created.  User Index 0, Is Virtual User: 0
[2018.10.31-06.10.20:560][  0]LogSlate: Slate User Registered.  User Index 0, Is Virtual User: 0
[2018.10.31-06.10.26:169][  0]LogHMD: Failed to initialize OpenVR with code 110
[2018.10.31-06.10.26:169][  0]LogD3D11RHI: D3D11 adapters:
[2018.10.31-06.10.26:202][  0]LogD3D11RHI:    0. 'NVIDIA GeForce GTX 960M' (Feature Level 11_0)
[2018.10.31-06.10.26:202][  0]LogD3D11RHI:       4064/0/4040 MB DedicatedVideo/DedicatedSystem/SharedSystem, Outputs:1, VendorId:0x10de
[2018.10.31-06.10.26:221][  0]LogD3D11RHI:    1. 'Intel(R) HD Graphics 4600' (Feature Level 11_0)
[2018.10.31-06.10.26:221][  0]LogD3D11RHI:       112/0/2048 MB DedicatedVideo/DedicatedSystem/SharedSystem, Outputs:0, VendorId:0x8086
[2018.10.31-06.10.26:242][  0]LogD3D11RHI:    2. 'Microsoft Basic Render Driver' (Feature Level 11_0)
[2018.10.31-06.10.26:242][  0]LogD3D11RHI:       0/0/4040 MB DedicatedVideo/DedicatedSystem/SharedSystem, Outputs:0, VendorId:0x1414
[2018.10.31-06.10.26:242][  0]LogD3D11RHI: Chosen D3D11 Adapter: 0
[2018.10.31-06.10.26:274][  0]LogD3D11RHI: Creating new Direct3DDevice
[2018.10.31-06.10.26:274][  0]LogD3D11RHI:     GPU DeviceId: 0x139b (for the marketing name, search the web for "GPU Device Id")
[2018.10.31-06.10.26:274][  0]LogWindows: EnumDisplayDevices:
[2018.10.31-06.10.26:274][  0]LogWindows:    0. 'Intel(R) HD Graphics 4600' (P:1 D:1)
[2018.10.31-06.10.26:275][  0]LogWindows:    1. 'Intel(R) HD Graphics 4600' (P:0 D:0)
[2018.10.31-06.10.26:275][  0]LogWindows:    2. 'Intel(R) HD Graphics 4600' (P:0 D:0)
[2018.10.31-06.10.26:275][  0]LogWindows: DebugString: PrimaryIsNotTheChoosenAdapter PrimaryIsNotTheChoosenAdapter PrimaryIsNotTheChoosenAdapter FoundDriverCount:0 
[2018.10.31-06.10.26:275][  0]LogD3D11RHI:     Adapter Name: NVIDIA GeForce GTX 960M
[2018.10.31-06.10.26:275][  0]LogD3D11RHI:   Driver Version: Unknown (internal:Unknown, unified:Unknown)
[2018.10.31-06.10.26:275][  0]LogD3D11RHI:      Driver Date: Unknown
[2018.10.31-06.10.26:275][  0]LogRHI: Texture pool is 2845 MB (70% of 4064 MB)
[2018.10.31-06.10.26:294][  0]LogD3D11RHI: Async texture creation enabled
[2018.10.31-06.10.26:305][  0]LogD3D11RHI: GPU Timing Frequency: 1000.000000 (Debug: 2 1)
[2018.10.31-06.10.26:306][  0]LogShaderCompilers: Guid format shader working directory is -17 characters bigger than the processId version (C:/Users/Charles/Documents/GitHub/Studio2Project/Studio2ProjectT3/Intermediate/Shaders/WorkingDirectory/9400/).
[2018.10.31-06.10.26:306][  0]LogShaderCompilers: Cleaned the shader compiler working directory 'C:/Users/Charles/AppData/Local/Temp/UnrealShaderWorkingDir/1C491B7249938E64740551A12F0FFB25/'.
[2018.10.31-06.10.27:278][  0]LogTemp: Display: Loaded TP AllDesktopTargetPlatform
[2018.10.31-06.10.27:302][  0]LogTemp: Display: Loaded TP MacClientTargetPlatform
[2018.10.31-06.10.27:331][  0]LogTemp: Display: Loaded TP MacNoEditorTargetPlatform
[2018.10.31-06.10.27:346][  0]LogTemp: Display: Loaded TP MacServerTargetPlatform
[2018.10.31-06.10.27:453][  0]LogTemp: Display: Loaded TP MacTargetPlatform
[2018.10.31-06.10.27:501][  0]LogTemp: Display: Loaded TP WindowsClientTargetPlatform
[2018.10.31-06.10.27:521][  0]LogTemp: Display: Loaded TP WindowsNoEditorTargetPlatform
[2018.10.31-06.10.27:536][  0]LogTemp: Display: Loaded TP WindowsServerTargetPlatform
[2018.10.31-06.10.27:594][  0]LogTemp: Display: Loaded TP WindowsTargetPlatform
[2018.10.31-06.10.27:741][  0]LogTemp: Display: Loaded TP AndroidTargetPlatform
[2018.10.31-06.10.27:742][  0]LogTemp: Display: Loaded TP AndroidTargetPlatform
[2018.10.31-06.10.27:742][  0]LogTemp: Display: Loaded TP AndroidTargetPlatform
[2018.10.31-06.10.27:742][  0]LogTemp: Display: Loaded TP AndroidTargetPlatform
[2018.10.31-06.10.27:742][  0]LogTemp: Display: Loaded TP AndroidTargetPlatform
[2018.10.31-06.10.27:742][  0]LogTemp: Display: Loaded TP AndroidTargetPlatform
[2018.10.31-06.10.27:742][  0]LogTemp: Display: Loaded TP AndroidTargetPlatform
[2018.10.31-06.10.27:742][  0]LogTemp: Display: Loaded TP AndroidTargetPlatform
[2018.10.31-06.10.27:742][  0]LogTemp: Display: Loaded TP AndroidTargetPlatform
[2018.10.31-06.10.27:742][  0]LogTemp: Display: Loaded TP AndroidTargetPlatform
[2018.10.31-06.10.27:742][  0]LogTemp: Display: Loaded TP AndroidTargetPlatform
[2018.10.31-06.10.27:742][  0]LogTemp: Display: Loaded TP AndroidTargetPlatform
[2018.10.31-06.10.27:742][  0]LogTemp: Display: Loaded TP AndroidTargetPlatform
[2018.10.31-06.10.27:742][  0]LogTemp: Display: Loaded TP AndroidTargetPlatform
[2018.10.31-06.10.27:742][  0]LogTemp: Display: Loaded TP AndroidTargetPlatform
[2018.10.31-06.10.27:742][  0]LogTemp: Display: Loaded TP AndroidTargetPlatform
[2018.10.31-06.10.27:742][  0]LogTemp: Display: Loaded TP AndroidTargetPlatform
[2018.10.31-06.10.27:742][  0]LogTemp: Display: Loaded TP AndroidTargetPlatform
[2018.10.31-06.10.27:753][  0]LogTemp: Display: Loaded TP HTML5TargetPlatform
[2018.10.31-06.10.27:928][  0]LogTemp: Display: Loaded TP IOSTargetPlatform
[2018.10.31-06.10.27:928][  0]LogTemp: Display: Loaded TP IOSTargetPlatform
[2018.10.31-06.10.28:003][  0]LogTemp: Display: Loaded TP TVOSTargetPlatform
[2018.10.31-06.10.28:003][  0]LogTemp: Display: Loaded TP TVOSTargetPlatform
[2018.10.31-06.10.28:029][  0]LogTemp: Display: Loaded TP LinuxClientTargetPlatform
[2018.10.31-06.10.28:099][  0]LogTemp: Display: Loaded TP LinuxNoEditorTargetPlatform
[2018.10.31-06.10.28:133][  0]LogTemp: Display: Loaded TP LinuxServerTargetPlatform
[2018.10.31-06.10.28:173][  0]LogTemp: Display: Loaded TP LinuxTargetPlatform
[2018.10.31-06.10.28:218][  0]LogTemp: Display: Loaded TP LuminTargetPlatform
[2018.10.31-06.10.28:218][  0]LogTargetPlatformManager: Display: Building Assets For Windows
[2018.10.31-06.10.28:945][  0]LogXGEController: Cleaning working directory: C:/Users/Charles/AppData/Local/Temp/UnrealXGEWorkingDir/
[2018.10.31-06.10.28:946][  0]LogXGEController: Cannot use XGE Controller as Incredibuild is not installed on this machine.
[2018.10.31-06.10.28:946][  0]LogShaderCompilers: Cannot use XGE Shader Compiler as Incredibuild is not installed on this machine.
[2018.10.31-06.10.28:946][  0]LogShaderCompilers: Display: Using Local Shader Compiler.
[2018.10.31-06.10.33:004][  0]LogDerivedDataCache: Display: Max Cache Size: 512 MB
[2018.10.31-06.10.33:432][  0]LogDerivedDataCache: Loaded boot cache 0.43s 71MB C:/Users/Charles/AppData/Local/UnrealEngine/4.20/DerivedDataCache/Boot.ddc.
[2018.10.31-06.10.33:435][  0]LogDerivedDataCache: Display: Loaded Boot cache: C:/Users/Charles/AppData/Local/UnrealEngine/4.20/DerivedDataCache/Boot.ddc
[2018.10.31-06.10.33:436][  0]LogDerivedDataCache: FDerivedDataBackendGraph:  Pak pak cache file C:/Users/Charles/Documents/GitHub/Studio2Project/Studio2ProjectT3/DerivedDataCache/DDC.ddp not found, will not use a pak cache.
[2018.10.31-06.10.33:436][  0]LogDerivedDataCache: Unable to find inner node Pak for hierarchical cache Hierarchy.
[2018.10.31-06.10.33:436][  0]LogDerivedDataCache: FDerivedDataBackendGraph:  CompressedPak pak cache file C:/Users/Charles/Documents/GitHub/Studio2Project/Studio2ProjectT3/DerivedDataCache/Compressed.ddp not found, will not use a pak cache.
[2018.10.31-06.10.33:436][  0]LogDerivedDataCache: Unable to find inner node CompressedPak for hierarchical cache Hierarchy.
[2018.10.31-06.10.33:503][  0]LogDerivedDataCache: Display: Pak cache opened for reading ../../../Engine/DerivedDataCache/Compressed.ddp.
[2018.10.31-06.10.33:516][  0]LogDerivedDataCache: Using Local data cache path C:/Users/Charles/AppData/Local/UnrealEngine/Common/DerivedDataCache: Writable
[2018.10.31-06.10.33:516][  0]LogDerivedDataCache: Shared data cache path not found in *engine.ini, will not use an Shared cache.
[2018.10.31-06.10.33:516][  0]LogDerivedDataCache: Unable to find inner node Shared for hierarchical cache Hierarchy.
[2018.10.31-06.10.33:543][  0]LogMaterial: Verifying Global Shaders for PCD3D_SM5
[2018.10.31-06.10.33:545][  0]LogSlate: Using FreeType 2.6.0
[2018.10.31-06.10.33:565][  0]LogSlate: SlateFontServices - WITH_FREETYPE: 1, WITH_HARFBUZZ: 1
[2018.10.31-06.10.35:866][  0]LogAssetRegistry: FAssetRegistry took 0.0313 seconds to start up
[2018.10.31-06.10.36:251][  0]LogInit: Selected Device Profile: [Windows]
[2018.10.31-06.10.36:811][  0]LogSimplygon: Simplygon DLL not present - disabling.
[2018.10.31-06.10.36:876][  0]LogMeshReduction: Using SimplygonSwarm for distributed automatic mesh merging
[2018.10.31-06.10.36:876][  0]LogMeshReduction: Using ProxyLODMeshReduction for automatic mesh merging
[2018.10.31-06.10.36:876][  0]LogMeshReduction: Using QuadricMeshReduction for automatic static mesh reduction
[2018.10.31-06.10.36:876][  0]LogMeshReduction: No automatic skeletal mesh reduction module available
[2018.10.31-06.10.36:981][  0]LogNetVersion: Studio2ProjectT3 1.0.0, NetCL: 4212847, EngineNetVer: 5, GameNetVer: 0 (Checksum: 167173112)
[2018.10.31-06.10.40:540][  0]LogPackageLocalizationCache: Processed 11 localized package path(s) for 2 prioritized culture(s) in 0.149714 seconds
[2018.10.31-06.10.40:547][  0]LogUObjectArray: 38425 objects as part of root set at end of initial load.
[2018.10.31-06.10.40:547][  0]LogUObjectAllocator: 6690864 out of 0 bytes used by permanent object pool.
[2018.10.31-06.10.40:547][  0]LogUObjectArray: CloseDisregardForGC: 0/0 objects in disregard for GC pool
[2018.10.31-06.11.00:913][  0]LogTcpMessaging: Initializing TcpMessaging bridge
[2018.10.31-06.11.00:947][  0]LogUdpMessaging: Initializing bridge on interface 0.0.0.0:0 to multicast group 230.0.0.1:6666.
[2018.10.31-06.11.01:946][  0]SourceControl: Source control is disabled
[2018.10.31-06.11.01:946][  0]SourceControl: Source control is disabled
[2018.10.31-06.11.01:972][  0]SourceControl: Source control is disabled
[2018.10.31-06.11.01:997][  0]SourceControl: Source control is disabled
[2018.10.31-06.11.02:910][  0]LogAndroidPermission: UAndroidPermissionCallbackProxy::GetInstance
[2018.10.31-06.11.03:112][  0]LogOcInput: OculusInput pre-init called
[2018.10.31-06.11.03:467][  0]LogEngine: Initializing Engine...
[2018.10.31-06.11.03:468][  0]LogHMD: Failed to initialize OpenVR with code 110
[2018.10.31-06.11.03:470][  0]LogStats: UGameplayTagsManager::ConstructGameplayTagTree: ImportINI prefixes -  0.000 s
[2018.10.31-06.11.03:470][  0]LogStats: UGameplayTagsManager::ConstructGameplayTagTree: Construct from data asset -  0.000 s
[2018.10.31-06.11.03:471][  0]LogStats: UGameplayTagsManager::ConstructGameplayTagTree: ImportINI -  0.000 s
[2018.10.31-06.11.03:471][  0]LogStats: UGameplayTagsManager::ConstructGameplayTagTree: GameplayTagTreeChangedEvent.Broadcast -  0.000 s
[2018.10.31-06.11.04:523][  0]LogInit: Initializing FReadOnlyCVARCache
[2018.10.31-06.11.04:846][  0]LogAIModule: Creating AISystem for world Untitled
[2018.10.31-06.11.04:875][  0]LogInit: XAudio2 using 'Speakers (Realtek High Definition Audio)' : 2 channels at 48 kHz using 32 bits per sample (channel mask 0x3)
[2018.10.31-06.11.05:119][  0]LogInit: FAudioDevice initialized.
[2018.10.31-06.11.05:119][  0]LogNetVersion: Set ProjectVersion to 1.0.0.0. Version Checksum will be recalculated on next use.
[2018.10.31-06.11.05:226][  0]LogDerivedDataCache: Saved boot cache 0.11s 71MB C:/Users/Charles/AppData/Local/UnrealEngine/4.20/DerivedDataCache/Boot.ddc.
[2018.10.31-06.11.05:247][  0]LogInit: Texture streaming: Enabled
[2018.10.31-06.11.05:328][  0]LogEngineSessionManager: EngineSessionManager initialized
[2018.10.31-06.11.05:426][  0]LogInit: Transaction tracking system initialized
[2018.10.31-06.11.05:537][  0]BlueprintLog: New page: Editor Load
[2018.10.31-06.11.06:324][  0]LocalizationService: Localization service is disabled
[2018.10.31-06.11.06:665][  0]LogLinker: Warning: Can't find file '/Game/ThirdPersonBP/ThirdPersonOverview'
[2018.10.31-06.11.06:666][  0]LogLinker: Warning: Can't find file '/Game/ThirdPersonBP/ThirdPersonOverview'
[2018.10.31-06.11.06:666][  0]LogUObjectGlobals: Warning: Failed to find object 'Class /Game/ThirdPersonBP/ThirdPersonOverview.ThirdPersonOverview_C'
[2018.10.31-06.11.08:998][  0]LogCook: Display: Max memory allowance for cook 16384mb min free memory 0mb
[2018.10.31-06.11.08:998][  0]LogCook: Display: Mobile HDR setting 1
[2018.10.31-06.11.08:998][  0]LogGameplayTags: Display: UGameplayTagsManager::DoneAddingNativeTags. DelegateIsBound: 0
[2018.10.31-06.11.08:998][  0]LogStats: UGameplayTagsManager::ConstructGameplayTagTree: ImportINI prefixes -  0.000 s
[2018.10.31-06.11.08:998][  0]LogStats: UGameplayTagsManager::ConstructGameplayTagTree: Construct from data asset -  0.000 s
[2018.10.31-06.11.08:998][  0]LogStats: UGameplayTagsManager::ConstructGameplayTagTree: ImportINI -  0.000 s
[2018.10.31-06.11.08:998][  0]LogStats: UGameplayTagsManager::ConstructGameplayTagTree: GameplayTagTreeChangedEvent.Broadcast -  0.000 s
[2018.10.31-06.11.09:934][  0]LogFileCache: Scanning file cache for directory 'C:/Users/Charles/Documents/GitHub/Studio2Project/Studio2ProjectT3/Content/' took 0.06s
[2018.10.31-06.11.10:701][  0]SourceControl: Source control is disabled
[2018.10.31-06.11.10:702][  0]Cmd: MAP LOAD FILE="C:/Users/Charles/Documents/GitHub/Studio2Project/Studio2ProjectT3/Content/FirstPersonBP/Maps/FirstPersonExampleMap.umap" TEMPLATE=0 SHOWPROGRESS=1 FEATURELEVEL=3
[2018.10.31-06.11.10:703][  0]LightingResults: New page: Lighting Build
[2018.10.31-06.11.10:710][  0]MapCheck: New page: Map Check
[2018.10.31-06.11.10:710][  0]LightingResults: New page: Lighting Build
[2018.10.31-06.11.12:271][  0]LogAIModule: Creating AISystem for world FirstPersonExampleMap
[2018.10.31-06.11.12:317][  0]LogEditorServer: Finished looking for orphan Actors (0.000 secs)
[2018.10.31-06.11.12:340][  0]Cmd: MAP CHECKDEP NOCLEARLOG
[2018.10.31-06.11.12:415][  0]MapCheck: Map check complete: 0 Error(s), 0 Warning(s), took 74.678ms to complete.
[2018.10.31-06.11.12:415][  0]LogFileHelpers: Loading map 'FirstPersonExampleMap' took 1.713
[2018.10.31-06.11.12:606][  0]LogSlate: Updating window title bar state: overlay mode, drag disabled, window buttons hidden, title bar hidden
[2018.10.31-06.11.12:615][  0]LogSlate: Updating window title bar state: overlay mode, drag disabled, window buttons hidden, title bar hidden
[2018.10.31-06.11.12:623][  0]LogSlate: Updating window title bar state: overlay mode, drag disabled, window buttons hidden, title bar hidden
[2018.10.31-06.11.12:633][  0]LogSlate: Updating window title bar state: overlay mode, drag disabled, window buttons hidden, title bar hidden
[2018.10.31-06.11.12:686][  0]LogCollectionManager: Loaded 0 collections in 0.005784 seconds
[2018.10.31-06.11.12:740][  0]LogFileCache: Scanning file cache for directory 'C:/Users/Charles/Documents/GitHub/Studio2Project/Studio2ProjectT3/Saved/Collections/' took 0.01s
[2018.10.31-06.11.12:741][  0]LogFileCache: Scanning file cache for directory 'C:/Users/Charles/Documents/GitHub/Studio2Project/Studio2ProjectT3/Content/Developers/Charles/Collections/' took 0.01s
[2018.10.31-06.11.12:741][  0]LogFileCache: Scanning file cache for directory 'C:/Users/Charles/Documents/GitHub/Studio2Project/Studio2ProjectT3/Content/Collections/' took 0.01s
[2018.10.31-06.11.12:741][  0]LogCollectionManager: Rebuilt the GUID cache for 0 collections in 0.000001 seconds
[2018.10.31-06.11.12:765][  0]LogContentBrowser: Native class hierarchy populated in 0.0241 seconds. Added 2572 classes and 603 folders.
[2018.10.31-06.11.12:772][  0]LogContentBrowser: Native class hierarchy updated for 'WidgetCarousel' in 0.0003 seconds. Added 0 classes and 0 folders.
[2018.10.31-06.11.14:605][  0]LogContentBrowser: Native class hierarchy updated for 'AddContentDialog' in 0.0006 seconds. Added 0 classes and 0 folders.
[2018.10.31-06.11.14:631][  0]LogContentBrowser: Native class hierarchy updated for 'SceneOutliner' in 0.0007 seconds. Added 1 classes and 2 folders.
[2018.10.31-06.11.14:686][  0]LogSlate: Took 0.020133 seconds to synchronously load lazily loaded font '../../../Engine/Content/Slate/Fonts/Roboto-Regular.ttf' (155K)
[2018.10.31-06.11.14:718][  0]LogSlate: Took 0.029623 seconds to synchronously load lazily loaded font '../../../Engine/Content/Slate/Fonts/Roboto-Bold.ttf' (160K)
[2018.10.31-06.11.14:747][  0]LogSlate: Took 0.021172 seconds to synchronously load lazily loaded font '../../../Engine/Content/Editor/Slate/Fonts/FontAwesome.ttf' (139K)
[2018.10.31-06.11.15:160][  0]LogRenderer: Reallocating scene render targets to support 1208x576 Format 10 NumSamples 1 (Frame:1).
[2018.10.31-06.11.15:662][  0]LogContentBrowser: Native class hierarchy updated for 'HierarchicalLODOutliner' in 0.0009 seconds. Added 0 classes and 0 folders.
[2018.10.31-06.11.15:663][  0]LogLoad: (Engine Initialization) Total time: 71.73 seconds
[2018.10.31-06.11.15:663][  0]LogLoad: (Engine Initialization) Total Blueprint compile time: 0.00 seconds
[2018.10.31-06.11.15:686][  0]LogWindowsTextInputMethodSystem: Display: IME system now deactivated.
[2018.10.31-06.11.15:725][  0]LogContentStreaming: Texture pool size now 1000 MB
[2018.10.31-06.11.15:808][  1]LogFileCache: Retrieving MD5 hashes for directory 'C:/Users/Charles/Documents/GitHub/Studio2Project/Studio2ProjectT3/Content/' took 0.10s
[2018.10.31-06.11.15:881][  1]LogSlate: Took 0.038947 seconds to synchronously load lazily loaded font '../../../Engine/Content/Slate/Fonts/Roboto-Light.ttf' (167K)
[2018.10.31-06.11.16:160][  3]LogAssetRegistry: Asset discovery search completed in 40.3169 seconds
[2018.10.31-06.11.16:164][  3]LogCollectionManager: Rebuilt the object cache for 0 collections in 0.000000 seconds (found 0 objects)
[2018.10.31-06.11.16:164][  3]LogCollectionManager: Fixed up redirectors for 0 collections in 0.000068 seconds (updated 0 objects)
[2018.10.31-06.11.16:706][ 34]LogSlate: Took 0.000264 seconds to synchronously load lazily loaded font '../../../Engine/Content/Slate/Fonts/Roboto-Light.ttf' (167K)
[2018.10.31-06.11.19:752][216]LogSlate: FSceneViewport::OnFocusLost() reason 0
[2018.10.31-06.11.21:087][224]LogAIModule: Creating AISystem for world MainMenu
[2018.10.31-06.11.21:090][224]LogMaterial: Warning: Material /Game/SoulCave/Environment/Materials/Foliage/M_Aspen_Tree_Bark.M_Aspen_Tree_Bark needed to have new flag set bUsedWithInstancedStaticMeshes !
[2018.10.31-06.11.21:094][224]LogMaterial: Display: Missing cached shader map for material M_Aspen_Tree_Bark, compiling. 
[2018.10.31-06.11.21:175][224]MapCheck: Warning: M_Aspen_Tree_Bark Material /Game/SoulCave/Environment/Materials/Foliage/M_Aspen_Tree_Bark.M_Aspen_Tree_Bark was missing the usage flag bUsedWithInstancedStaticMeshes. If the material asset is not re-saved, it may not render correctly when run outside the editor. Fix
[2018.10.31-06.11.21:181][224]LogShaderCompilers: Display: Shaders left to compile 61
[2018.10.31-06.11.21:181][224]LogShaderCompilers: Display: Shaders left to compile 51
[2018.10.31-06.11.21:181][224]LogShaderCompilers: Display: Shaders left to compile 41
[2018.10.31-06.11.21:181][224]LogShaderCompilers: Display: Shaders left to compile 31
[2018.10.31-06.11.21:185][224]LogMaterial: Warning: Material /Game/SoulCave/Environment/Materials/Foliage/M_Aspen_Tree_Unlit_Blowing.M_Aspen_Tree_Unlit_Blowing needed to have new flag set bUsedWithInstancedStaticMeshes !
[2018.10.31-06.11.21:188][224]LogMaterial: Display: Missing cached shader map for material M_Aspen_Tree_Unlit_Blowing, compiling. 
[2018.10.31-06.11.21:219][224]MapCheck: Warning: M_Aspen_Tree_Unlit_Blowing Material /Game/SoulCave/Environment/Materials/Foliage/M_Aspen_Tree_Unlit_Blowing.M_Aspen_Tree_Unlit_Blowing was missing the usage flag bUsedWithInstancedStaticMeshes. If the material asset is not re-saved, it may not render correctly when run outside the editor. Fix
[2018.10.31-06.11.21:220][224]LogMaterial: Warning: Material /Game/SoulCave/Environment/Materials/Nature/M_Soul_Tree02.M_Soul_Tree02 needed to have new flag set bUsedWithInstancedStaticMeshes !
[2018.10.31-06.11.21:222][224]LogMaterial: Display: Missing cached shader map for material M_Soul_Tree02, compiling. 
[2018.10.31-06.11.21:287][224]MapCheck: Warning: M_Soul_Tree02 Material /Game/SoulCave/Environment/Materials/Nature/M_Soul_Tree02.M_Soul_Tree02 was missing the usage flag bUsedWithInstancedStaticMeshes. If the material asset is not re-saved, it may not render correctly when run outside the editor. Fix
[2018.10.31-06.11.21:287][224]LogMaterial: Warning: Material /Game/SoulCave/Environment/Materials/Nature/M_Soul_TwistedTree.M_Soul_TwistedTree needed to have new flag set bUsedWithInstancedStaticMeshes !
[2018.10.31-06.11.21:289][224]LogMaterial: Display: Missing cached shader map for material M_Soul_TwistedTree, compiling. 
[2018.10.31-06.11.21:322][224]MapCheck: Warning: M_Soul_TwistedTree Material /Game/SoulCave/Environment/Materials/Nature/M_Soul_TwistedTree.M_Soul_TwistedTree was missing the usage flag bUsedWithInstancedStaticMeshes. If the material asset is not re-saved, it may not render correctly when run outside the editor. Fix
[2018.10.31-06.11.21:323][224]LogMaterial: Warning: Material /Game/InfinityBladeGrassLands/Environments/Plains/Env_Plains_Flora/Materials/M_Plains_Tree_Stump01.M_Plains_Tree_Stump01 needed to have new flag set bUsedWithInstancedStaticMeshes !
[2018.10.31-06.11.21:328][224]LogMaterial: Display: Missing cached shader map for material M_Plains_Tree_Stump01, compiling. 
[2018.10.31-06.11.21:389][224]MapCheck: Warning: M_Plains_Tree_Stump01 Material /Game/InfinityBladeGrassLands/Environments/Plains/Env_Plains_Flora/Materials/M_Plains_Tree_Stump01.M_Plains_Tree_Stump01 was missing the usage flag bUsedWithInstancedStaticMeshes. If the material asset is not re-saved, it may not render correctly when run outside the editor. Fix
[2018.10.31-06.11.21:390][224]LogMaterial: Warning: Material /Game/SoulCave/Environment/Materials/Foliage/M_Cave_Grass.M_Cave_Grass needed to have new flag set bUsedWithInstancedStaticMeshes !
[2018.10.31-06.11.21:393][224]LogMaterial: Display: Missing cached shader map for material M_Cave_Grass, compiling. 
[2018.10.31-06.11.21:452][224]MapCheck: Warning: M_Cave_Grass Material /Game/SoulCave/Environment/Materials/Foliage/M_Cave_Grass.M_Cave_Grass was missing the usage flag bUsedWithInstancedStaticMeshes. If the material asset is not re-saved, it may not render correctly when run outside the editor. Fix
[2018.10.31-06.11.21:456][224]LogMaterial: Display: Missing cached shader map for material M_Cave_Grass, compiling. 
[2018.10.31-06.11.21:517][224]LogMaterial: Warning: Material /Game/InfinityBladeGrassLands/Environments/Plains/Env_Plains_Flora/Materials/M_PLains_Fern01.M_PLains_Fern01 needed to have new flag set bUsedWithInstancedStaticMeshes !
[2018.10.31-06.11.21:519][224]LogMaterial: Display: Missing cached shader map for material M_PLains_Fern01, compiling. 
[2018.10.31-06.11.21:567][224]MapCheck: Warning: M_PLains_Fern01 Material /Game/InfinityBladeGrassLands/Environments/Plains/Env_Plains_Flora/Materials/M_PLains_Fern01.M_PLains_Fern01 was missing the usage flag bUsedWithInstancedStaticMeshes. If the material asset is not re-saved, it may not render correctly when run outside the editor. Fix
[2018.10.31-06.11.21:568][224]LogMaterial: Warning: Material /Game/InfinityBladeGrassLands/Environments/Earth/Materials/M_Exo_Generic_Plants.M_Exo_Generic_Plants needed to have new flag set bUsedWithInstancedStaticMeshes !
[2018.10.31-06.11.21:570][224]LogMaterial: Display: Missing cached shader map for material M_Exo_Generic_Plants, compiling. 
[2018.10.31-06.11.21:617][224]MapCheck: Warning: M_Exo_Generic_Plants Material /Game/InfinityBladeGrassLands/Environments/Earth/Materials/M_Exo_Generic_Plants.M_Exo_Generic_Plants was missing the usage flag bUsedWithInstancedStaticMeshes. If the material asset is not re-saved, it may not render correctly when run outside the editor. Fix
[2018.10.31-06.11.21:634][224]LogAssetEditorManager: Opening Asset editor for World /Game/Maps/MainMenu.MainMenu
[2018.10.31-06.11.21:662][224]Cmd: MAP LOAD FILE="C:/Users/Charles/Documents/GitHub/Studio2Project/Studio2ProjectT3/Content/Maps/MainMenu.umap" TEMPLATE=0 SHOWPROGRESS=1 FEATURELEVEL=3
[2018.10.31-06.11.21:662][224]LightingResults: New page: Lighting Build
[2018.10.31-06.11.21:663][224]LoadErrors: New page: Loading map: MainMenu.umap
[2018.10.31-06.11.21:664][224]MapCheck: New page: Map Check
[2018.10.31-06.11.21:664][224]LightingResults: New page: Lighting Build
[2018.10.31-06.11.21:802][224]LogEditorServer: Finished looking for orphan Actors (0.000 secs)
[2018.10.31-06.11.21:887][224]Cmd: MAP CHECKDEP NOCLEARLOG
[2018.10.31-06.11.22:045][224]MapCheck: Map check complete: 0 Error(s), 0 Warning(s), took 157.77ms to complete.
[2018.10.31-06.11.22:048][224]LogFileHelpers: Loading map 'MainMenu' took 0.387
[2018.10.31-06.11.23:663][288]LogSlate: Window 'Message Log' being destroyed
[2018.10.31-06.11.23:679][288]LogSlate: Window 'Message Log' being destroyed
[2018.10.31-06.11.26:633][442]LogBlueprintUserMessages: Early PlayInEditor Detection: Level '/Game/Maps/MainMenu.MainMenu:PersistentLevel' has LevelScriptBlueprint '/Game/Maps/MainMenu.MainMenu:PersistentLevel.MainMenu' with GeneratedClass '/Game/Maps/MainMenu.MainMenu_C' with ClassGeneratedBy '/Game/Maps/MainMenu.MainMenu:PersistentLevel.MainMenu'
[2018.10.31-06.11.26:633][442]LogPlayLevel: PlayLevel: No blueprints needed recompiling
[2018.10.31-06.11.26:651][442]PIE: New page: PIE session: MainMenu (1 Nov 2018 4:11:26 am)
[2018.10.31-06.11.26:651][442]LogPlayLevel: Creating play world package: /Game/Maps/UEDPIE_0_MainMenu
[2018.10.31-06.11.26:669][442]LogPlayLevel: PIE: StaticDuplicateObject took: (0.017015s)
[2018.10.31-06.11.26:670][442]LogAIModule: Creating AISystem for world MainMenu
[2018.10.31-06.11.26:670][442]LogPlayLevel: PIE: World Init took: (0.001498s)
[2018.10.31-06.11.26:670][442]LogPlayLevel: PIE: Created PIE world by copying editor world from /Game/Maps/MainMenu.MainMenu to /Game/Maps/UEDPIE_0_MainMenu.MainMenu (0.018833s)
[2018.10.31-06.11.26:704][442]LogInit: XAudio2 using 'Speakers (Realtek High Definition Audio)' : 2 channels at 48 kHz using 32 bits per sample (channel mask 0x3)
[2018.10.31-06.11.26:804][442]LogInit: FAudioDevice initialized.
[2018.10.31-06.11.26:818][442]LogSlate: Updating window title bar state: overlay mode, drag disabled, window buttons hidden, title bar hidden
[2018.10.31-06.11.26:884][442]LogLoad: Game class is 'FirstPersonGameMode_C'
[2018.10.31-06.11.26:889][442]LogWorld: Bringing World /Game/Maps/UEDPIE_0_MainMenu.MainMenu up for play (max tick rate 60) at 2018.10.31-17.11.26
[2018.10.31-06.11.26:890][442]LogWorld: Bringing up level for play took: 0.002609
[2018.10.31-06.11.26:911][442]LogShaderCompilers: Display: Shaders left to compile 769
[2018.10.31-06.11.26:911][442]LogContentBrowser: Native class hierarchy updated for 'MovieSceneCapture' in 0.0006 seconds. Added 10 classes and 0 folders.
[2018.10.31-06.11.26:929][442]PIE: Play in editor start time for /Game/Maps/UEDPIE_0_MainMenu 0.375
[2018.10.31-06.11.26:929][442]LogBlueprintUserMessages: Late PlayInEditor Detection: Level '/Game/Maps/MainMenu.MainMenu:PersistentLevel' has LevelScriptBlueprint '/Game/Maps/MainMenu.MainMenu:PersistentLevel.MainMenu' with GeneratedClass '/Game/Maps/MainMenu.MainMenu_C' with ClassGeneratedBy '/Game/Maps/MainMenu.MainMenu:PersistentLevel.MainMenu'
[2018.10.31-06.11.27:002][442]LogRenderer: Reallocating scene render targets to support 1292x756 Format 10 NumSamples 1 (Frame:1).
[2018.10.31-06.11.27:672][459]LogShaderCompilers: Display: Shaders left to compile 759
[2018.10.31-06.11.28:818][507]LogNet: Browse: /Game/FirstPersonBP/Levels/OneTrueLevel
[2018.10.31-06.11.28:822][507]LogLoad: LoadMap: /Game/FirstPersonBP/Levels/OneTrueLevel
[2018.10.31-06.11.29:991][507]LogShaderCompilers: Display: Shaders left to compile 749
[2018.10.31-06.11.29:992][507]LogShaderCompilers: Display: Shaders left to compile 739
[2018.10.31-06.11.32:527][507]LogShaderCompilers: Display: Shaders left to compile 729
[2018.10.31-06.11.33:106][507]LogShaderCompilers: Display: Shaders left to compile 719
[2018.10.31-06.11.33:403][507]LogShaderCompilers: Display: Shaders left to compile 709
[2018.10.31-06.11.34:564][507]LogAIModule: Creating AISystem for world OneTrueLevel
[2018.10.31-06.11.34:565][507]LogLoad: Game class is 'CameronMTestScene_GameMode_C'
[2018.10.31-06.11.34:777][507]LogWorld: Bringing World /Game/FirstPersonBP/Levels/UEDPIE_0_OneTrueLevel.OneTrueLevel up for play (max tick rate 60) at 2018.10.31-17.11.34
[2018.10.31-06.11.34:779][507]LogWorld: Bringing up level for play took: 0.171958
[2018.10.31-06.11.34:785][507]LogLoad: Took 5.962386 seconds to LoadMap(/Game/FirstPersonBP/Levels/OneTrueLevel)
[2018.10.31-06.11.35:136][510]LogShaderCompilers: Display: Shaders left to compile 699
[2018.10.31-06.11.36:909][554]LogShaderCompilers: Display: Shaders left to compile 689
[2018.10.31-06.11.37:143][562]LogShaderCompilers: Display: Shaders left to compile 679
[2018.10.31-06.11.39:997][649]LogShaderCompilers: Display: Shaders left to compile 669
[2018.10.31-06.11.40:773][672]LogMaterial: Display: Missing cached shader map for material M_Plains_Cliff1, compiling. 
[2018.10.31-06.11.41:826][697]LogShaderCompilers: Display: Shaders left to compile 690
[2018.10.31-06.11.41:826][697]LogMaterial: Display: Missing cached shader map for material LandscapeMaterial_2, compiling. 
[2018.10.31-06.11.42:015][700]LogShaderCompilers: Display: Shaders left to compile 740
[2018.10.31-06.11.42:366][707]LogSlate: FSceneViewport::OnFocusLost() reason 0
[2018.10.31-06.11.42:518][711]LogNet: Browse: /Game/Maps/MainMenu
[2018.10.31-06.11.42:519][711]LogStreaming: Display: Flushing async loaders.
[2018.10.31-06.11.42:708][711]LogShaderCompilers: Display: Shaders left to compile 730
[2018.10.31-06.11.43:053][711]LogLoad: LoadMap: /Game/Maps/MainMenu
[2018.10.31-06.11.43:155][711]LogPlayLevel: Creating play world package: /Game/Maps/UEDPIE_0_MainMenu
[2018.10.31-06.11.43:167][711]LogPlayLevel: PIE: StaticDuplicateObject took: (0.011787s)
[2018.10.31-06.11.43:168][711]LogAIModule: Creating AISystem for world MainMenu
[2018.10.31-06.11.43:170][711]LogPlayLevel: PIE: World Init took: (0.001591s)
[2018.10.31-06.11.43:170][711]LogPlayLevel: PIE: Created PIE world by copying editor world from /Game/Maps/MainMenu.MainMenu to /Game/Maps/UEDPIE_0_MainMenu.MainMenu (0.013768s)
[2018.10.31-06.11.43:170][711]LogLoad: Game class is 'FirstPersonGameMode_C'
[2018.10.31-06.11.43:173][711]LogWorld: Bringing World /Game/Maps/UEDPIE_0_MainMenu.MainMenu up for play (max tick rate 60) at 2018.10.31-17.11.43
[2018.10.31-06.11.43:173][711]LogWorld: Bringing up level for play took: 0.003003
[2018.10.31-06.11.43:174][711]LogGameMode: FindPlayerStart: PATHS NOT DEFINED or NO PLAYERSTART with positive rating
[2018.10.31-06.11.43:181][711]LogLoad: Took 0.128436 seconds to LoadMap(/Game/Maps/UEDPIE_0_MainMenu)
[2018.10.31-06.11.45:593][811]LogNet: Browse: /Game/FirstPersonBP/Levels/OneTrueLevel
[2018.10.31-06.11.45:599][811]LogLoad: LoadMap: /Game/FirstPersonBP/Levels/OneTrueLevel
[2018.10.31-06.11.46:989][811]LogShaderCompilers: Display: Shaders left to compile 720
[2018.10.31-06.11.47:584][811]LogShaderCompilers: Display: Shaders left to compile 710
[2018.10.31-06.11.48:031][811]LogShaderCompilers: Display: Shaders left to compile 700
[2018.10.31-06.11.48:714][811]LogAIModule: Creating AISystem for world OneTrueLevel
[2018.10.31-06.11.48:714][811]LogLoad: Game class is 'CameronMTestScene_GameMode_C'
[2018.10.31-06.11.48:888][811]LogWorld: Bringing World /Game/FirstPersonBP/Levels/UEDPIE_0_OneTrueLevel.OneTrueLevel up for play (max tick rate 60) at 2018.10.31-17.11.48
[2018.10.31-06.11.48:889][811]LogWorld: Bringing up level for play took: 0.173296
[2018.10.31-06.11.48:893][811]LogLoad: Took 3.294011 seconds to LoadMap(/Game/FirstPersonBP/Levels/OneTrueLevel)
[2018.10.31-06.11.48:925][812]LogShaderCompilers: Display: Shaders left to compile 690
[2018.10.31-06.11.51:087][858]LogShaderCompilers: Display: Shaders left to compile 680
[2018.10.31-06.11.54:106][940]LogShaderCompilers: Display: Shaders left to compile 670
[2018.10.31-06.11.56:762][ 17]LogShaderCompilers: Display: Shaders left to compile 660
[2018.10.31-06.11.57:410][ 38]LogShaderCompilers: Display: Shaders left to compile 650
[2018.10.31-06.11.57:875][ 53]LogShaderCompilers: Display: Shaders left to compile 640
[2018.10.31-06.12.02:494][205]LogShaderCompilers: Display: Shaders left to compile 630
[2018.10.31-06.12.03:203][228]LogShaderCompilers: Display: Shaders left to compile 620
[2018.10.31-06.12.04:569][271]LogShaderCompilers: Display: Shaders left to compile 610
[2018.10.31-06.12.06:438][332]LogShaderCompilers: Display: Shaders left to compile 600
[2018.10.31-06.12.08:057][382]LogShaderCompilers: Display: Shaders left to compile 590
[2018.10.31-06.12.11:046][481]LogShaderCompilers: Display: Shaders left to compile 580
[2018.10.31-06.12.13:204][549]LogShaderCompilers: Display: Shaders left to compile 570
[2018.10.31-06.12.13:877][568]LogShaderCompilers: Display: Shaders left to compile 560
[2018.10.31-06.12.14:774][597]LogShaderCompilers: Display: Shaders left to compile 550
[2018.10.31-06.12.18:676][710]LogShaderCompilers: Display: Shaders left to compile 540
[2018.10.31-06.12.20:169][755]LogShaderCompilers: Display: Shaders left to compile 530
[2018.10.31-06.12.21:085][783]LogShaderCompilers: Display: Shaders left to compile 520
[2018.10.31-06.12.23:234][850]LogShaderCompilers: Display: Shaders left to compile 510
[2018.10.31-06.12.23:516][858]LogShaderCompilers: Display: Shaders left to compile 500
[2018.10.31-06.12.28:118][991]LogShaderCompilers: Display: Shaders left to compile 490
[2018.10.31-06.12.30:076][ 49]LogShaderCompilers: Display: Shaders left to compile 480
[2018.10.31-06.12.31:220][ 83]LogShaderCompilers: Display: Shaders left to compile 470
[2018.10.31-06.12.33:827][157]LogShaderCompilers: Display: Shaders left to compile 460
[2018.10.31-06.12.35:781][211]LogShaderCompilers: Display: Shaders left to compile 450
[2018.10.31-06.12.36:859][241]LogShaderCompilers: Display: Shaders left to compile 440
[2018.10.31-06.12.42:623][394]LogShaderCompilers: Display: Shaders left to compile 430
[2018.10.31-06.12.44:053][432]LogShaderCompilers: Display: Shaders left to compile 420
[2018.10.31-06.12.47:337][518]LogShaderCompilers: Display: Shaders left to compile 410
[2018.10.31-06.12.48:839][554]LogShaderCompilers: Display: Shaders left to compile 400
[2018.10.31-06.12.50:808][604]LogShaderCompilers: Display: Shaders left to compile 390
[2018.10.31-06.12.51:330][617]LogShaderCompilers: Display: Shaders left to compile 380
[2018.10.31-06.13.00:499][844]LogShaderCompilers: Display: Shaders left to compile 370
[2018.10.31-06.13.00:991][857]LogShaderCompilers: Display: Shaders left to compile 360
[2018.10.31-06.13.03:252][909]LogShaderCompilers: Display: Shaders left to compile 350
[2018.10.31-06.13.03:489][915]LogShaderCompilers: Display: Shaders left to compile 340
[2018.10.31-06.13.09:593][ 62]LogShaderCompilers: Display: Shaders left to compile 330
[2018.10.31-06.13.10:734][ 91]LogShaderCompilers: Display: Shaders left to compile 320
[2018.10.31-06.13.19:407][302]LogShaderCompilers: Display: Shaders left to compile 310
[2018.10.31-06.13.19:920][316]LogShaderCompilers: Display: Shaders left to compile 300
[2018.10.31-06.13.19:988][317]LogBlueprintUserMessages: Early EndPlayMap Detection: Level '/Game/Maps/MainMenu.MainMenu:PersistentLevel' has LevelScriptBlueprint '/Game/Maps/MainMenu.MainMenu:PersistentLevel.MainMenu' with GeneratedClass '/Game/Maps/MainMenu.MainMenu_C' with ClassGeneratedBy '/Game/Maps/MainMenu.MainMenu:PersistentLevel.MainMenu'
[2018.10.31-06.13.20:038][317]LogSlate: Updating window title bar state: overlay mode, drag disabled, window buttons hidden, title bar hidden
[2018.10.31-06.13.20:115][317]LogSlate: Window 'Studio2ProjectT3 Game Preview Standalone (64-bit/PCD3D_SM5)' being destroyed
[2018.10.31-06.13.20:230][317]LogPlayLevel: Display: Shutting down PIE online subsystems
[2018.10.31-06.13.20:231][317]LogBlueprintUserMessages: Late EndPlayMap Detection: Level '/Game/Maps/MainMenu.MainMenu:PersistentLevel' has LevelScriptBlueprint '/Game/Maps/MainMenu.MainMenu:PersistentLevel.MainMenu' with GeneratedClass '/Game/Maps/MainMenu.MainMenu_C' with ClassGeneratedBy '/Game/Maps/MainMenu.MainMenu:PersistentLevel.MainMenu'
[2018.10.31-06.13.20:355][317]LogShaderCompilers: Display: Shaders left to compile 290
[2018.10.31-06.13.20:422][318]LogPlayLevel: Display: Destroying online subsystem :Context_1
[2018.10.31-06.13.21:546][354]LogShaderCompilers: Display: Shaders left to compile 280
[2018.10.31-06.13.24:241][459]LogBlueprintUserMessages: Early PlayInEditor Detection: Level '/Game/Maps/MainMenu.MainMenu:PersistentLevel' has LevelScriptBlueprint '/Game/Maps/MainMenu.MainMenu:PersistentLevel.MainMenu' with GeneratedClass '/Game/Maps/MainMenu.MainMenu_C' with ClassGeneratedBy '/Game/Maps/MainMenu.MainMenu:PersistentLevel.MainMenu'
[2018.10.31-06.13.24:242][459]LogPlayLevel: PlayLevel: No blueprints needed recompiling
[2018.10.31-06.13.24:242][459]PIE: New page: PIE session: MainMenu (1 Nov 2018 4:13:24 am)
[2018.10.31-06.13.24:242][459]LogPlayLevel: Creating play world package: /Game/Maps/UEDPIE_0_MainMenu
[2018.10.31-06.13.24:262][459]LogPlayLevel: PIE: StaticDuplicateObject took: (0.019507s)
[2018.10.31-06.13.24:263][459]LogAIModule: Creating AISystem for world MainMenu
[2018.10.31-06.13.24:264][459]LogPlayLevel: PIE: World Init took: (0.001982s)
[2018.10.31-06.13.24:264][459]LogPlayLevel: PIE: Created PIE world by copying editor world from /Game/Maps/MainMenu.MainMenu to /Game/Maps/UEDPIE_0_MainMenu.MainMenu (0.021818s)
[2018.10.31-06.13.24:344][459]LogInit: XAudio2 using 'Speakers (Realtek High Definition Audio)' : 2 channels at 48 kHz using 32 bits per sample (channel mask 0x3)
[2018.10.31-06.13.24:559][459]LogInit: FAudioDevice initialized.
[2018.10.31-06.13.24:590][459]LogSlate: Updating window title bar state: overlay mode, drag disabled, window buttons hidden, title bar hidden
[2018.10.31-06.13.24:655][459]LogLoad: Game class is 'FirstPersonGameMode_C'
[2018.10.31-06.13.24:661][459]LogWorld: Bringing World /Game/Maps/UEDPIE_0_MainMenu.MainMenu up for play (max tick rate 60) at 2018.10.31-17.13.24
[2018.10.31-06.13.24:662][459]LogWorld: Bringing up level for play took: 0.005427
[2018.10.31-06.13.24:699][459]PIE: Play in editor start time for /Game/Maps/UEDPIE_0_MainMenu 0.145
[2018.10.31-06.13.24:700][459]LogBlueprintUserMessages: Late PlayInEditor Detection: Level '/Game/Maps/MainMenu.MainMenu:PersistentLevel' has LevelScriptBlueprint '/Game/Maps/MainMenu.MainMenu:PersistentLevel.MainMenu' with GeneratedClass '/Game/Maps/MainMenu.MainMenu_C' with ClassGeneratedBy '/Game/Maps/MainMenu.MainMenu:PersistentLevel.MainMenu'
[2018.10.31-06.13.27:199][536]LogNet: Browse: /Game/FirstPersonBP/Levels/OneTrueLevel
[2018.10.31-06.13.27:205][536]LogLoad: LoadMap: /Game/FirstPersonBP/Levels/OneTrueLevel
[2018.10.31-06.13.28:290][536]LogAIModule: Creating AISystem for world OneTrueLevel
[2018.10.31-06.13.28:290][536]LogLoad: Game class is 'CameronMTestScene_GameMode_C'
[2018.10.31-06.13.28:552][536]LogShaderCompilers: Display: Shaders left to compile 270
[2018.10.31-06.13.28:552][536]LogWorld: Bringing World /Game/FirstPersonBP/Levels/UEDPIE_0_OneTrueLevel.OneTrueLevel up for play (max tick rate 60) at 2018.10.31-17.13.28
[2018.10.31-06.13.28:554][536]LogWorld: Bringing up level for play took: 0.262098
[2018.10.31-06.13.28:560][536]LogLoad: Took 1.354993 seconds to LoadMap(/Game/FirstPersonBP/Levels/OneTrueLevel)
[2018.10.31-06.13.29:027][539]LogShaderCompilers: Display: Shaders left to compile 260
[2018.10.31-06.13.33:755][656]LogSlate: FSceneViewport::OnFocusLost() reason 0
[2018.10.31-06.13.34:103][659]LogSlate: Updating window title bar state: overlay mode, drag disabled, window buttons hidden, title bar hidden
[2018.10.31-06.13.34:331][664]LogShaderCompilers: Display: Shaders left to compile 250
[2018.10.31-06.13.34:853][677]LogShaderCompilers: Display: Shaders left to compile 240
[2018.10.31-06.13.37:845][740]LogShaderCompilers: Display: Shaders left to compile 230
[2018.10.31-06.13.38:268][751]LogShaderCompilers: Display: Shaders left to compile 220
[2018.10.31-06.13.40:074][793]LogSlate: FSceneViewport::OnFocusLost() reason 0
[2018.10.31-06.13.40:249][797]LogSlate: Updating window title bar state: overlay mode, drag disabled, window buttons hidden, title bar hidden
[2018.10.31-06.13.43:536][874]LogShaderCompilers: Display: Shaders left to compile 210
[2018.10.31-06.13.44:817][908]LogShaderCompilers: Display: Shaders left to compile 200
[2018.10.31-06.13.50:076][ 30]LogShaderCompilers: Display: Shaders left to compile 190
[2018.10.31-06.13.52:255][ 83]LogShaderCompilers: Display: Shaders left to compile 180
[2018.10.31-06.13.52:426][ 88]LogShaderCompilers: Display: Shaders left to compile 170
[2018.10.31-06.13.53:947][127]LogShaderCompilers: Display: Shaders left to compile 160
[2018.10.31-06.13.57:827][214]LogShaderCompilers: Display: Shaders left to compile 150
[2018.10.31-06.13.58:440][227]LogSlate: FSceneViewport::OnFocusLost() reason 0
[2018.10.31-06.13.58:535][229]LogSlate: Updating window title bar state: overlay mode, drag disabled, window buttons hidden, title bar hidden
[2018.10.31-06.14.01:985][308]LogShaderCompilers: Display: Shaders left to compile 140
[2018.10.31-06.14.06:629][416]LogShaderCompilers: Display: Shaders left to compile 130
[2018.10.31-06.14.06:889][422]LogShaderCompilers: Display: Shaders left to compile 120
[2018.10.31-06.14.08:606][464]LogShaderCompilers: Display: Shaders left to compile 110
[2018.10.31-06.14.13:382][574]LogShaderCompilers: Display: Shaders left to compile 100
[2018.10.31-06.14.16:290][641]LogShaderCompilers: Display: Shaders left to compile 90
[2018.10.31-06.14.20:291][734]LogShaderCompilers: Display: Shaders left to compile 80
[2018.10.31-06.14.25:310][836]LogShaderCompilers: Display: Shaders left to compile 70
[2018.10.31-06.14.25:403][838]LogShaderCompilers: Display: Shaders left to compile 60
[2018.10.31-06.14.28:733][904]LogShaderCompilers: Display: Shaders left to compile 50
[2018.10.31-06.14.33:373][  3]LogShaderCompilers: Display: Shaders left to compile 40
[2018.10.31-06.14.35:160][ 41]LogShaderCompilers: Display: Shaders left to compile 30
[2018.10.31-06.14.37:860][ 98]LogShaderCompilers: Display: Shaders left to compile 20
[2018.10.31-06.14.42:090][192]LogSlate: FSceneViewport::OnFocusLost() reason 0
[2018.10.31-06.14.42:230][194]LogSlate: Updating window title bar state: overlay mode, drag disabled, window buttons hidden, title bar hidden
[2018.10.31-06.14.44:728][250]LogShaderCompilers: Display: Shaders left to compile 10
[2018.10.31-06.15.36:976][999]LogSlate: FSceneViewport::OnFocusLost() reason 0
[2018.10.31-06.15.37:146][  4]LogSlate: Updating window title bar state: overlay mode, drag disabled, window buttons hidden, title bar hidden
[2018.10.31-06.15.37:146][  4]LogBlueprintUserMessages: Early EndPlayMap Detection: Level '/Game/Maps/MainMenu.MainMenu:PersistentLevel' has LevelScriptBlueprint '/Game/Maps/MainMenu.MainMenu:PersistentLevel.MainMenu' with GeneratedClass '/Game/Maps/MainMenu.MainMenu_C' with ClassGeneratedBy '/Game/Maps/MainMenu.MainMenu:PersistentLevel.MainMenu'
[2018.10.31-06.15.37:189][  4]LogSlate: Window 'Studio2ProjectT3 Game Preview Standalone (64-bit/PCD3D_SM5)' being destroyed
[2018.10.31-06.15.37:247][  4]LogPlayLevel: Display: Shutting down PIE online subsystems
[2018.10.31-06.15.37:248][  4]LogBlueprintUserMessages: Late EndPlayMap Detection: Level '/Game/Maps/MainMenu.MainMenu:PersistentLevel' has LevelScriptBlueprint '/Game/Maps/MainMenu.MainMenu:PersistentLevel.MainMenu' with GeneratedClass '/Game/Maps/MainMenu.MainMenu_C' with ClassGeneratedBy '/Game/Maps/MainMenu.MainMenu:PersistentLevel.MainMenu'
[2018.10.31-06.15.37:410][  5]LogPlayLevel: Display: Destroying online subsystem :Context_2
[2018.10.31-06.15.53:767][809]LogAssetEditorManager: Opening Asset editor for WidgetBlueprint /Game/_BluePrints/Menus/PauseMenu/PauseMenu.PauseMenu
[2018.10.31-06.15.56:117][809]LogContentBrowser: Native class hierarchy updated for 'BlueprintGraph' in 0.0024 seconds. Added 116 classes and 0 folders.
[2018.10.31-06.16.00:083][809]LogSlate: Took 0.042303 seconds to synchronously load lazily loaded font '../../../Engine/Content/Slate/Fonts/Roboto-BoldCondensed.ttf' (158K)
[2018.10.31-06.16.04:437][978]LogSlate: Took 0.085224 seconds to synchronously load lazily loaded font '../../../Engine/Content/Slate/Fonts/DroidSansFallback.ttf' (3848K)
[2018.10.31-06.16.10:333][222]LogSlate: Took 0.017876 seconds to synchronously load lazily loaded font '../../../Engine/Content/Slate/Fonts/Roboto-Italic.ttf' (157K)
[2018.10.31-06.18.24:318][122]BlueprintLog: New page: Compile PauseMenu
[2018.10.31-06.18.24:438][122]LogBlueprint: Error: [Compiler PauseMenu] This blueprint (self) is not a Player_Character_C, therefore ' Target ' must have a connection.
[2018.10.31-06.18.24:519][122]LogBlueprint: Warning: [Compiler PauseMenu] [0500.59] Compile of PauseMenu failed. 1 Fatal Issue(s) 0 Warning(s) [in 200 ms] (/Game/_BluePrints/Menus/PauseMenu/PauseMenu.PauseMenu)
[2018.10.31-06.18.53:410][851]BlueprintLog: New page: Compile PauseMenu
[2018.10.31-06.18.55:698][958]LogSavePackage: Moving 'C:/Users/Charles/Documents/GitHub/Studio2Project/Studio2ProjectT3/Saved/PauseMenuAB171C724C2BA7A7AF17C8BEE407B022.tmp' to 'C:/Users/Charles/Documents/GitHub/Studio2Project/Studio2ProjectT3/Content/_BluePrints/Menus/PauseMenu/PauseMenu.uasset'
[2018.10.31-06.19.01:633][299]LogBlueprintUserMessages: Early PlayInEditor Detection: Level '/Game/Maps/MainMenu.MainMenu:PersistentLevel' has LevelScriptBlueprint '/Game/Maps/MainMenu.MainMenu:PersistentLevel.MainMenu' with GeneratedClass '/Game/Maps/MainMenu.MainMenu_C' with ClassGeneratedBy '/Game/Maps/MainMenu.MainMenu:PersistentLevel.MainMenu'
[2018.10.31-06.19.01:633][299]LogPlayLevel: PlayLevel: No blueprints needed recompiling
[2018.10.31-06.19.01:633][299]PIE: New page: PIE session: MainMenu (1 Nov 2018 4:19:01 am)
[2018.10.31-06.19.01:633][299]LogPlayLevel: Creating play world package: /Game/Maps/UEDPIE_0_MainMenu
[2018.10.31-06.19.01:641][299]LogPlayLevel: PIE: StaticDuplicateObject took: (0.007384s)
[2018.10.31-06.19.01:641][299]LogAIModule: Creating AISystem for world MainMenu
[2018.10.31-06.19.01:642][299]LogPlayLevel: PIE: World Init took: (0.000812s)
[2018.10.31-06.19.01:642][299]LogPlayLevel: PIE: Created PIE world by copying editor world from /Game/Maps/MainMenu.MainMenu to /Game/Maps/UEDPIE_0_MainMenu.MainMenu (0.008342s)
[2018.10.31-06.19.01:681][299]LogInit: XAudio2 using 'Speakers (Realtek High Definition Audio)' : 2 channels at 48 kHz using 32 bits per sample (channel mask 0x3)
[2018.10.31-06.19.01:749][299]LogInit: FAudioDevice initialized.
[2018.10.31-06.19.01:759][299]LogSlate: Updating window title bar state: overlay mode, drag disabled, window buttons hidden, title bar hidden
[2018.10.31-06.19.01:800][299]LogLoad: Game class is 'FirstPersonGameMode_C'
[2018.10.31-06.19.01:802][299]LogWorld: Bringing World /Game/Maps/UEDPIE_0_MainMenu.MainMenu up for play (max tick rate 60) at 2018.10.31-17.19.01
[2018.10.31-06.19.01:802][299]LogWorld: Bringing up level for play took: 0.001035
[2018.10.31-06.19.01:824][299]PIE: Play in editor start time for /Game/Maps/UEDPIE_0_MainMenu -0.73
[2018.10.31-06.19.01:824][299]LogBlueprintUserMessages: Late PlayInEditor Detection: Level '/Game/Maps/MainMenu.MainMenu:PersistentLevel' has LevelScriptBlueprint '/Game/Maps/MainMenu.MainMenu:PersistentLevel.MainMenu' with GeneratedClass '/Game/Maps/MainMenu.MainMenu_C' with ClassGeneratedBy '/Game/Maps/MainMenu.MainMenu:PersistentLevel.MainMenu'
[2018.10.31-06.19.03:236][365]LogNet: Browse: /Game/FirstPersonBP/Levels/OneTrueLevel
[2018.10.31-06.19.03:236][365]LogLoad: LoadMap: /Game/FirstPersonBP/Levels/OneTrueLevel
[2018.10.31-06.19.03:582][365]LogAIModule: Creating AISystem for world OneTrueLevel
[2018.10.31-06.19.03:582][365]LogLoad: Game class is 'CameronMTestScene_GameMode_C'
[2018.10.31-06.19.03:638][365]LogWorld: Bringing World /Game/FirstPersonBP/Levels/UEDPIE_0_OneTrueLevel.OneTrueLevel up for play (max tick rate 60) at 2018.10.31-17.19.03
[2018.10.31-06.19.03:639][365]LogWorld: Bringing up level for play took: 0.056329
[2018.10.31-06.19.03:640][365]LogLoad: Took 0.404478 seconds to LoadMap(/Game/FirstPersonBP/Levels/OneTrueLevel)
[2018.10.31-06.19.08:243][533]LogSlate: FSceneViewport::OnFocusLost() reason 0
[2018.10.31-06.19.08:372][538]LogSlate: Updating window title bar state: overlay mode, drag disabled, window buttons hidden, title bar hidden
[2018.10.31-06.19.08:373][538]LogNet: Browse: /Game/Maps/MainMenu
[2018.10.31-06.19.08:399][538]LogLoad: LoadMap: /Game/Maps/MainMenu
[2018.10.31-06.19.08:457][538]LogPlayLevel: Creating play world package: /Game/Maps/UEDPIE_0_MainMenu
[2018.10.31-06.19.08:463][538]LogPlayLevel: PIE: StaticDuplicateObject took: (0.005613s)
[2018.10.31-06.19.08:464][538]LogAIModule: Creating AISystem for world MainMenu
[2018.10.31-06.19.08:464][538]LogPlayLevel: PIE: World Init took: (0.000748s)
[2018.10.31-06.19.08:464][538]LogPlayLevel: PIE: Created PIE world by copying editor world from /Game/Maps/MainMenu.MainMenu to /Game/Maps/UEDPIE_0_MainMenu.MainMenu (0.006538s)
[2018.10.31-06.19.08:464][538]LogLoad: Game class is 'FirstPersonGameMode_C'
[2018.10.31-06.19.08:465][538]LogWorld: Bringing World /Game/Maps/UEDPIE_0_MainMenu.MainMenu up for play (max tick rate 60) at 2018.10.31-17.19.08
[2018.10.31-06.19.08:466][538]LogWorld: Bringing up level for play took: 0.000967
[2018.10.31-06.19.08:466][538]LogGameMode: FindPlayerStart: PATHS NOT DEFINED or NO PLAYERSTART with positive rating
[2018.10.31-06.19.08:469][538]LogLoad: Took 0.070301 seconds to LoadMap(/Game/Maps/UEDPIE_0_MainMenu)
[2018.10.31-06.19.11:633][689]LogSlate: FSceneViewport::OnFocusLost() reason 0
[2018.10.31-06.19.11:750][696]LogNet: Browse: /Game/FirstPersonBP/Levels/OneTrueLevel
[2018.10.31-06.19.11:751][696]LogLoad: LoadMap: /Game/FirstPersonBP/Levels/OneTrueLevel
[2018.10.31-06.19.12:100][696]LogAIModule: Creating AISystem for world OneTrueLevel
[2018.10.31-06.19.12:100][696]LogLoad: Game class is 'CameronMTestScene_GameMode_C'
[2018.10.31-06.19.12:161][696]LogWorld: Bringing World /Game/FirstPersonBP/Levels/UEDPIE_0_OneTrueLevel.OneTrueLevel up for play (max tick rate 60) at 2018.10.31-17.19.12
[2018.10.31-06.19.12:161][696]LogWorld: Bringing up level for play took: 0.060424
[2018.10.31-06.19.12:163][696]LogLoad: Took 0.412205 seconds to LoadMap(/Game/FirstPersonBP/Levels/OneTrueLevel)
[2018.10.31-06.20.10:560][927]LogSlate: FSceneViewport::OnFocusLost() reason 0
[2018.10.31-06.20.10:681][930]LogSlate: Window 'Studio2ProjectT3 Game Preview Standalone (64-bit/PCD3D_SM5)' being destroyed
[2018.10.31-06.20.10:692][930]LogBlueprintUserMessages: Early EndPlayMap Detection: Level '/Game/Maps/MainMenu.MainMenu:PersistentLevel' has LevelScriptBlueprint '/Game/Maps/MainMenu.MainMenu:PersistentLevel.MainMenu' with GeneratedClass '/Game/Maps/MainMenu.MainMenu_C' with ClassGeneratedBy '/Game/Maps/MainMenu.MainMenu:PersistentLevel.MainMenu'
[2018.10.31-06.20.10:758][930]LogPlayLevel: Display: Shutting down PIE online subsystems
[2018.10.31-06.20.10:759][930]LogBlueprintUserMessages: Late EndPlayMap Detection: Level '/Game/Maps/MainMenu.MainMenu:PersistentLevel' has LevelScriptBlueprint '/Game/Maps/MainMenu.MainMenu:PersistentLevel.MainMenu' with GeneratedClass '/Game/Maps/MainMenu.MainMenu_C' with ClassGeneratedBy '/Game/Maps/MainMenu.MainMenu:PersistentLevel.MainMenu'
[2018.10.31-06.20.10:902][931]LogPlayLevel: Display: Destroying online subsystem :Context_8
[2018.10.31-06.20.31:088][111]Cmd: OBJ SAVEPACKAGE PACKAGE="/Game/Maps/MainMenu" FILE="C:/Users/Charles/Documents/GitHub/Studio2Project/Studio2ProjectT3/Content/Maps/MainMenu.umap" SILENT=true AUTOSAVING=false KEEPDIRTY=false
[2018.10.31-06.20.32:059][111]LogSavePackage: Moving 'C:/Users/Charles/Documents/GitHub/Studio2Project/Studio2ProjectT3/Saved/MainMenu34AA113242FDEAF99FCBEDACCCDED0B1.tmp' to 'C:/Users/Charles/Documents/GitHub/Studio2Project/Studio2ProjectT3/Content/Maps/MainMenu.umap'
[2018.10.31-06.20.34:175][204]LogSlate: Window 'Studio2ProjectT3 - Unreal Editor' being destroyed
[2018.10.31-06.20.34:633][205]Cmd: QUIT_EDITOR
[2018.10.31-06.20.35:687][205]LogWindowsTextInputMethodSystem: Display: IME system now deactivated.
[2018.10.31-06.20.35:791][205]LogExit: Preparing to exit.
[2018.10.31-06.20.36:790][205]LogExit: Editor shut down
[2018.10.31-06.20.36:790][205]LogExit: Transaction tracking system shut down
[2018.10.31-06.20.39:022][205]LogExit: Object subsystem successfully closed.
[2018.10.31-06.20.39:167][205]LogShaderCompilers: Display: Shaders left to compile 0
[2018.10.31-06.20.39:206][205]LogD3D11RHI: Shutdown
[2018.10.31-06.20.39:206][205]LogD3D11RHI: CleanupD3DDevice
[2018.10.31-06.20.39:263][205]LogD3D11RHI: ~FD3D11DynamicRHI
[2018.10.31-06.20.40:073][205]LogModuleManager: Shutting down and abandoning module SequencerWidgets (618)
[2018.10.31-06.20.40:073][205]LogModuleManager: Shutting down and abandoning module BlueprintGraph (616)
[2018.10.31-06.20.40:073][205]LogModuleManager: Shutting down and abandoning module MovieSceneCapture (614)
[2018.10.31-06.20.40:073][205]LogModuleManager: Shutting down and abandoning module Voice (612)
[2018.10.31-06.20.40:081][205]LogModuleManager: Shutting down and abandoning module HierarchicalLODOutliner (610)
[2018.10.31-06.20.40:082][205]LogModuleManager: Shutting down and abandoning module SceneOutliner (608)
[2018.10.31-06.20.40:082][205]LogModuleManager: Shutting down and abandoning module AddContentDialog (606)
[2018.10.31-06.20.40:116][205]LogModuleManager: Shutting down and abandoning module WidgetCarousel (605)
[2018.10.31-06.20.40:116][205]LogModuleManager: Shutting down and abandoning module EditorWidgets (602)
[2018.10.31-06.20.40:116][205]LogModuleManager: Shutting down and abandoning module CollectionManager (600)
[2018.10.31-06.20.40:117][205]LogModuleManager: Shutting down and abandoning module StatsViewer (598)
[2018.10.31-06.20.40:131][205]LogModuleManager: Shutting down and abandoning module FoliageEdit (596)
[2018.10.31-06.20.40:131][205]LogModuleManager: Shutting down and abandoning module LandscapeEditor (594)
[2018.10.31-06.20.40:132][205]LogModuleManager: Shutting down and abandoning module MeshPaintMode (592)
[2018.10.31-06.20.40:132][205]LogModuleManager: Shutting down and abandoning module SceneDepthPickerMode (590)
[2018.10.31-06.20.40:132][205]LogModuleManager: Shutting down and abandoning module ActorPickerMode (588)
[2018.10.31-06.20.40:132][205]LogModuleManager: Shutting down and abandoning module GeometryMode (586)
[2018.10.31-06.20.40:132][205]LogModuleManager: Shutting down and abandoning module TextureAlignMode (584)
[2018.10.31-06.20.40:132][205]LogModuleManager: Shutting down and abandoning module BspMode (582)
[2018.10.31-06.20.40:132][205]LogModuleManager: Shutting down and abandoning module PIEPreviewDeviceProfileSelector (580)
[2018.10.31-06.20.40:142][205]LogModuleManager: Shutting down and abandoning module SequenceRecorderSections (578)
[2018.10.31-06.20.40:142][205]LogModuleManager: Shutting down and abandoning module AutomationWorker (576)
[2018.10.31-06.20.40:142][205]LogModuleManager: Shutting down and abandoning module AudioCaptureEditor (574)
[2018.10.31-06.20.40:142][205]LogModuleManager: Shutting down and abandoning module SequenceRecorder (573)
[2018.10.31-06.20.40:143][205]LogModuleManager: Shutting down and abandoning module MatineeToLevelSequence (570)
[2018.10.31-06.20.40:143][205]LogModuleManager: Shutting down and abandoning module LevelSequenceEditor (568)
[2018.10.31-06.20.40:143][205]LogModuleManager: Shutting down and abandoning module PlacementMode (567)
[2018.10.31-06.20.40:143][205]LogModuleManager: Shutting down and abandoning module MaterialEditor (566)
[2018.10.31-06.20.40:174][205]LogModuleManager: Shutting down and abandoning module WmfMediaFactory (562)
[2018.10.31-06.20.40:174][205]LogModuleManager: Shutting down and abandoning module WmfMediaEditor (560)
[2018.10.31-06.20.40:174][205]LogModuleManager: Shutting down and abandoning module MediaPlayerEditor (558)
[2018.10.31-06.20.40:174][205]LogModuleManager: Shutting down and abandoning module OpenExrWrapper (556)
[2018.10.31-06.20.40:174][205]LogModuleManager: Shutting down and abandoning module ImgMediaFactory (554)
[2018.10.31-06.20.40:174][205]LogModuleManager: Shutting down and abandoning module ImgMediaEditor (552)
[2018.10.31-06.20.40:174][205]LogModuleManager: Shutting down and abandoning module AvfMediaFactory (550)
[2018.10.31-06.20.40:175][205]LogModuleManager: Shutting down and abandoning module AvfMediaEditor (548)
[2018.10.31-06.20.40:175][205]LogModuleManager: Shutting down and abandoning module AndroidMediaFactory (546)
[2018.10.31-06.20.40:175][205]LogModuleManager: Shutting down and abandoning module AndroidMediaEditor (544)
[2018.10.31-06.20.40:175][205]LogModuleManager: Shutting down and abandoning module MagicLeapCameraPreviewFactory (542)
[2018.10.31-06.20.40:175][205]LogModuleManager: Shutting down and abandoning module MagicLeapMediaFactory (540)
[2018.10.31-06.20.40:175][205]LogModuleManager: Shutting down and abandoning module MagicLeapMediaEditor (538)
[2018.10.31-06.20.40:175][205]LogModuleManager: Shutting down and abandoning module CharacterAI (536)
[2018.10.31-06.20.40:175][205]LogModuleManager: Shutting down and abandoning module SmartSnapping (534)
[2018.10.31-06.20.40:175][205]LogModuleManager: Shutting down and abandoning module SessionServices (532)
[2018.10.31-06.20.40:175][205]LogModuleManager: Shutting down and abandoning module ViewportSnapping (530)
[2018.10.31-06.20.40:175][205]LogModuleManager: Shutting down and abandoning module ViewportInteraction (528)
[2018.10.31-06.20.40:175][205]LogModuleManager: Shutting down and abandoning module ClothPainter (526)
[2018.10.31-06.20.40:176][205]LogModuleManager: Shutting down and abandoning module SkeletalMeshEditor (525)
[2018.10.31-06.20.40:176][205]LogModuleManager: Shutting down and abandoning module LogVisualizer (522)
[2018.10.31-06.20.40:176][205]LogModuleManager: Shutting down and abandoning module IntroTutorials (520)
[2018.10.31-06.20.40:186][205]LogModuleManager: Shutting down and abandoning module GameProjectGeneration (519)
[2018.10.31-06.20.40:199][205]LogModuleManager: Shutting down and abandoning module LuminPlatformEditor (516)
[2018.10.31-06.20.40:199][205]LogModuleManager: Shutting down and abandoning module IOSPlatformEditor (514)
[2018.10.31-06.20.40:199][205]LogModuleManager: Shutting down and abandoning module HTML5PlatformEditor (512)
[2018.10.31-06.20.40:199][205]LogModuleManager: Shutting down and abandoning module AndroidPlatformEditor (510)
[2018.10.31-06.20.40:199][205]LogModuleManager: Shutting down and abandoning module AndroidDeviceDetection (509)
[2018.10.31-06.20.40:840][205]LogModuleManager: Shutting down and abandoning module WindowsPlatformEditor (506)
[2018.10.31-06.20.40:840][205]LogModuleManager: Shutting down and abandoning module LuminRuntimeSettings (504)
[2018.10.31-06.20.40:840][205]LogModuleManager: Shutting down and abandoning module IOSRuntimeSettings (502)
[2018.10.31-06.20.40:840][205]LogModuleManager: Shutting down and abandoning module AndroidRuntimeSettings (500)
[2018.10.31-06.20.40:840][205]LogModuleManager: Shutting down and abandoning module InputBindingEditor (498)
[2018.10.31-06.20.40:840][205]LogModuleManager: Shutting down and abandoning module MergeActors (496)
[2018.10.31-06.20.40:840][205]LogModuleManager: Shutting down and abandoning module LocalizationDashboard (494)
[2018.10.31-06.20.40:840][205]LogModuleManager: Shutting down and abandoning module LocalizationService (493)
[2018.10.31-06.20.40:840][205]LogModuleManager: Shutting down and abandoning module HardwareTargeting (490)
[2018.10.31-06.20.40:840][205]LogModuleManager: Shutting down and abandoning module DeviceProfileEditor (488)
[2018.10.31-06.20.40:840][205]LogModuleManager: Shutting down and abandoning module UndoHistory (486)
[2018.10.31-06.20.40:840][205]LogModuleManager: Shutting down and abandoning module XmlParser (484)
[2018.10.31-06.20.40:840][205]LogModuleManager: Shutting down and abandoning module Blutility (482)
[2018.10.31-06.20.40:840][205]LogModuleManager: Shutting down and abandoning module ProjectSettingsViewer (480)
[2018.10.31-06.20.40:841][205]LogModuleManager: Shutting down and abandoning module ProjectTargetPlatformEditor (479)
[2018.10.31-06.20.40:841][205]LogModuleManager: Shutting down and abandoning module EditorSettingsViewer (476)
[2018.10.31-06.20.40:841][205]LogModuleManager: Shutting down and abandoning module SettingsEditor (474)
[2018.10.31-06.20.40:865][205]LogModuleManager: Shutting down and abandoning module ProjectLauncher (472)
[2018.10.31-06.20.40:865][205]LogModuleManager: Shutting down and abandoning module SessionFrontend (470)
[2018.10.31-06.20.40:865][205]LogModuleManager: Shutting down and abandoning module ProfilerClient (468)
[2018.10.31-06.20.40:865][205]LogModuleManager: Shutting down and abandoning module DeviceManager (466)
[2018.10.31-06.20.40:865][205]LogModuleManager: Shutting down and abandoning module TargetDeviceServices (465)
[2018.10.31-06.20.40:920][205]LogModuleManager: Shutting down and abandoning module AutomationController (462)
[2018.10.31-06.20.40:920][205]LogModuleManager: Shutting down and abandoning module AutomationWindow (460)
[2018.10.31-06.20.40:920][205]LogModuleManager: Shutting down and abandoning module Layers (458)
[2018.10.31-06.20.40:920][205]LogModuleManager: Shutting down and abandoning module ComponentVisualizers (456)
[2018.10.31-06.20.40:920][205]LogModuleManager: Shutting down and abandoning module DetailCustomizations (454)
[2018.10.31-06.20.40:921][205]LogModuleManager: Shutting down and abandoning module PackagesDialog (452)
[2018.10.31-06.20.40:921][205]LogModuleManager: Shutting down and abandoning module Persona (450)
[2018.10.31-06.20.40:921][205]LogModuleManager: Shutting down and abandoning module AdvancedPreviewScene (449)
[2018.10.31-06.20.40:921][205]LogModuleManager: Shutting down and abandoning module AnimGraph (447)
[2018.10.31-06.20.40:921][205]LogModuleManager: Shutting down and abandoning module Kismet (444)
[2018.10.31-06.20.40:954][205]LogModuleManager: Shutting down and abandoning module GraphEditor (442)
[2018.10.31-06.20.40:954][205]LogModuleManager: Shutting down and abandoning module ClassViewer (440)
[2018.10.31-06.20.40:954][205]LogModuleManager: Shutting down and abandoning module Toolbox (438)
[2018.10.31-06.20.40:954][205]LogModuleManager: Shutting down and abandoning module ModuleUI (436)
[2018.10.31-06.20.40:954][205]LogModuleManager: Shutting down and abandoning module MovieSceneTools (434)
[2018.10.31-06.20.40:963][205]LogModuleManager: Shutting down and abandoning module OutputLog (432)
[2018.10.31-06.20.40:963][205]LogModuleManager: Shutting down and abandoning module GammaUI (430)
[2018.10.31-06.20.40:963][205]LogModuleManager: Shutting down and abandoning module Documentation (428)
[2018.10.31-06.20.40:963][205]LogModuleManager: Shutting down and abandoning module MovieSceneTracks (426)
[2018.10.31-06.20.40:963][205]LogModuleManager: Shutting down and abandoning module MovieScene (424)
[2018.10.31-06.20.40:964][205]LogModuleManager: Shutting down and abandoning module StreamingPauseRendering (422)
[2018.10.31-06.20.40:964][205]LogModuleManager: Shutting down and abandoning module LauncherPlatform (420)
[2018.10.31-06.20.40:964][205]LogModuleManager: Shutting down and abandoning module AnalyticsET (418)
[2018.10.31-06.20.40:964][205]LogModuleManager: Shutting down and abandoning module PortalServices (416)
[2018.10.31-06.20.40:964][205]LogModuleManager: Shutting down and abandoning module PortalRpc (414)
[2018.10.31-06.20.40:964][205]LogModuleManager: Shutting down and abandoning module MessagingRpc (412)
[2018.10.31-06.20.40:964][205]LogModuleManager: Shutting down and abandoning module AIModule (410)
[2018.10.31-06.20.40:972][205]LogModuleManager: Shutting down and abandoning module GameplayDebugger (409)
[2018.10.31-06.20.40:979][205]LogModuleManager: Shutting down and abandoning module AITestSuite (407)
[2018.10.31-06.20.40:992][205]LogModuleManager: Shutting down and abandoning module NavigationSystem (405)
[2018.10.31-06.20.40:993][205]LogModuleManager: Shutting down and abandoning module DesktopPlatform (402)
[2018.10.31-06.20.40:993][205]LogModuleManager: Shutting down and abandoning module ProfilerService (400)
[2018.10.31-06.20.41:105][205]LogModuleManager: Shutting down and abandoning module TaskGraph (398)
[2018.10.31-06.20.41:121][205]LogModuleManager: Shutting down and abandoning module SteamVRController (396)
[2018.10.31-06.20.41:121][205]LogModuleManager: Shutting down and abandoning module ProceduralMeshComponentEditor (394)
[2018.10.31-06.20.41:121][205]LogModuleManager: Shutting down and abandoning module ProceduralMeshComponent (392)
[2018.10.31-06.20.41:129][205]LogModuleManager: Shutting down and abandoning module OculusInput (390)
[2018.10.31-06.20.41:129][205]LogModuleManager: Shutting down and abandoning module MobilePatchingUtils (388)
[2018.10.31-06.20.41:129][205]LogModuleManager: Shutting down and abandoning module EditableMesh (386)
[2018.10.31-06.20.41:129][205]LogModuleManager: Shutting down and abandoning module CustomMeshComponent (384)
[2018.10.31-06.20.41:129][205]LogModuleManager: Shutting down and abandoning module CableComponent (382)
[2018.10.31-06.20.41:129][205]LogModuleManager: Shutting down and abandoning module AudioCapture (380)
[2018.10.31-06.20.41:129][205]LogModuleManager: Shutting down and abandoning module ArchVisCharacter (378)
[2018.10.31-06.20.41:129][205]LogModuleManager: Shutting down and abandoning module AndroidPermission (376)
[2018.10.31-06.20.41:129][205]LogModuleManager: Shutting down and abandoning module NUTUnrealEngine4 (374)
[2018.10.31-06.20.41:129][205]LogModuleManager: Shutting down and abandoning module NetcodeUnitTest (372)
[2018.10.31-06.20.41:160][205]LogModuleManager: Shutting down and abandoning module MediaCompositingEditor (370)
[2018.10.31-06.20.41:160][205]LogModuleManager: Shutting down and abandoning module MediaCompositing (368)
[2018.10.31-06.20.41:160][205]LogModuleManager: Shutting down and abandoning module LinearTimecode (366)
[2018.10.31-06.20.41:160][205]LogModuleManager: Shutting down and abandoning module ImgMedia (364)
[2018.10.31-06.20.41:177][205]LogModuleManager: Shutting down and abandoning module HTML5Networking (362)
[2018.10.31-06.20.41:177][205]LogModuleManager: Shutting down and abandoning module GeometryCacheTracks (360)
[2018.10.31-06.20.41:177][205]LogModuleManager: Shutting down and abandoning module GeometryCacheSequencer (358)
[2018.10.31-06.20.41:177][205]LogModuleManager: Shutting down and abandoning module BackChannel (356)
[2018.10.31-06.20.41:189][205]LogModuleManager: Shutting down and abandoning module AppleVision (354)
[2018.10.31-06.20.41:189][205]LogModuleManager: Shutting down and abandoning module AppleImageUtils (352)
[2018.10.31-06.20.41:190][205]LogModuleManager: Shutting down and abandoning module AlembicImporter (350)
[2018.10.31-06.20.41:190][205]LogModuleManager: Shutting down and abandoning module AlembicLibrary (349)
[2018.10.31-06.20.41:190][205]LogModuleManager: Shutting down and abandoning module GeometryCache (348)
[2018.10.31-06.20.41:190][205]LogModuleManager: Shutting down and abandoning module GeometryCacheEd (347)
[2018.10.31-06.20.41:190][205]LogModuleManager: Shutting down and abandoning module DatasmithContentEditor (342)
[2018.10.31-06.20.41:203][205]LogModuleManager: Shutting down and abandoning module DatasmithContent (340)
[2018.10.31-06.20.41:204][205]LogModuleManager: Shutting down and abandoning module SpeedTreeImporter (338)
[2018.10.31-06.20.41:205][205]LogModuleManager: Shutting down and abandoning module PluginBrowser (336)
[2018.10.31-06.20.41:237][205]LogModuleManager: Shutting down and abandoning module MobileLauncherProfileWizard (334)
[2018.10.31-06.20.41:242][205]LogModuleManager: Shutting down and abandoning module PolygonModeling (332)
[2018.10.31-06.20.41:242][205]LogModuleManager: Shutting down and abandoning module MeshEditor (330)
[2018.10.31-06.20.41:249][205]LogModuleManager: Shutting down and abandoning module CryptoKeysOpenSSL (328)
[2018.10.31-06.20.41:260][205]LogModuleManager: Shutting down and abandoning module CryptoKeys (326)
[2018.10.31-06.20.41:260][205]LogModuleManager: Shutting down and abandoning module VisualStudioSourceCodeAccess (324)
[2018.10.31-06.20.41:261][205]LogModuleManager: Shutting down and abandoning module VisualStudioCodeSourceCodeAccess (322)
[2018.10.31-06.20.41:261][205]LogModuleManager: Shutting down and abandoning module UObjectPlugin (320)
[2018.10.31-06.20.41:261][205]LogModuleManager: Shutting down and abandoning module SubversionSourceControl (318)
[2018.10.31-06.20.41:267][205]LogModuleManager: Shutting down and abandoning module PerforceSourceControl (316)
[2018.10.31-06.20.41:277][205]LogModuleManager: Shutting down and abandoning module GitSourceControl (314)
[2018.10.31-06.20.41:288][205]LogModuleManager: Shutting down and abandoning module SourceControl (313)
[2018.10.31-06.20.41:292][205]LogModuleManager: Shutting down and abandoning module CLionSourceCodeAccess (310)
[2018.10.31-06.20.41:292][205]LogModuleManager: Shutting down and abandoning module LightPropagationVolumeEditor (308)
[2018.10.31-06.20.41:292][205]LogModuleManager: Shutting down and abandoning module PaperTiledImporter (306)
[2018.10.31-06.20.41:293][205]LogModuleManager: Shutting down and abandoning module PaperSpriteSheetImporter (304)
[2018.10.31-06.20.41:293][205]LogModuleManager: Shutting down and abandoning module Paper2DEditor (302)
[2018.10.31-06.20.41:314][205]LogModuleManager: Shutting down and abandoning module MeshPaint (301)
[2018.10.31-06.20.41:320][205]LogModuleManager: Shutting down and abandoning module RuntimePhysXCooking (298)
[2018.10.31-06.20.41:320][205]LogModuleManager: Shutting down and abandoning module PhysXVehiclesEditor (296)
[2018.10.31-06.20.41:320][205]LogModuleManager: Shutting down and abandoning module PhysXVehicles (294)
[2018.10.31-06.20.41:321][205]LogModuleManager: Shutting down and abandoning module OculusEditor (292)
[2018.10.31-06.20.41:335][205]LogModuleManager: Shutting down and abandoning module LocationServicesBPLibrary (290)
[2018.10.31-06.20.41:335][205]LogModuleManager: Shutting down and abandoning module ImmediatePhysicsEditor (288)
[2018.10.31-06.20.41:335][205]LogModuleManager: Shutting down and abandoning module ImmediatePhysics (286)
[2018.10.31-06.20.41:339][205]LogModuleManager: Shutting down and abandoning module ActorSequence (284)
[2018.10.31-06.20.41:339][205]LogModuleManager: Shutting down and abandoning module UdpMessaging (282)
[2018.10.31-06.20.41:440][205]LogModuleManager: Shutting down and abandoning module TcpMessaging (280)
[2018.10.31-06.20.41:548][205]LogModuleManager: Shutting down and abandoning module MagicLeapAudio (278)
[2018.10.31-06.20.41:548][205]LogModuleManager: Shutting down and abandoning module GameplayTagsEditor (276)
[2018.10.31-06.20.41:565][205]LogModuleManager: Shutting down and abandoning module FacialAnimationEditor (274)
[2018.10.31-06.20.41:565][205]LogModuleManager: Shutting down and abandoning module FacialAnimation (272)
[2018.10.31-06.20.41:565][205]LogModuleManager: Shutting down and abandoning module DataValidation (270)
[2018.10.31-06.20.41:565][205]LogModuleManager: Shutting down and abandoning module AssetManagerEditor (268)
[2018.10.31-06.20.41:573][205]LogModuleManager: Shutting down and abandoning module LevelEditor (267)
[2018.10.31-06.20.41:612][205]LogModuleManager: Shutting down and abandoning module PixelInspectorModule (266)
[2018.10.31-06.20.41:622][205]LogModuleManager: Shutting down and abandoning module CommonMenuExtensions (264)
[2018.10.31-06.20.41:623][205]LogModuleManager: Shutting down and abandoning module MainFrame (262)
[2018.10.31-06.20.41:631][205]LogModuleManager: Shutting down and abandoning module HotReload (261)
[2018.10.31-06.20.41:641][205]LogModuleManager: Shutting down and abandoning module ContentBrowser (257)
[2018.10.31-06.20.41:644][205]LogModuleManager: Shutting down and abandoning module TreeMap (255)
[2018.10.31-06.20.41:656][205]LogModuleManager: Shutting down and abandoning module LightPropagationVolumeRuntime (252)
[2018.10.31-06.20.41:656][205]LogModuleManager: Shutting down and abandoning module AISupportModule (250)
[2018.10.31-06.20.41:656][205]LogModuleManager: Shutting down and abandoning module Paper2D (248)
[2018.10.31-06.20.41:656][205]LogModuleManager: Shutting down and abandoning module WindowsMoviePlayer (246)
[2018.10.31-06.20.41:660][205]LogModuleManager: Shutting down and abandoning module WmfMedia (244)
[2018.10.31-06.20.41:669][205]LogModuleManager: Shutting down and abandoning module Media (243)
[2018.10.31-06.20.41:676][205]LogModuleManager: Shutting down and abandoning module PacketHandler (240)
[2018.10.31-06.20.41:676][205]LogModuleManager: Shutting down and abandoning module ClothingSystemEditor (238)
[2018.10.31-06.20.41:676][205]LogModuleManager: Shutting down and abandoning module ClothingSystemRuntime (236)
[2018.10.31-06.20.41:702][205]LogModuleManager: Shutting down and abandoning module MediaAssets (234)
[2018.10.31-06.20.41:702][205]LogModuleManager: Shutting down and abandoning module Overlay (232)
[2018.10.31-06.20.41:702][205]LogModuleManager: Shutting down and abandoning module OverlayEditor (231)
[2018.10.31-06.20.41:702][205]LogModuleManager: Shutting down and abandoning module VREditor (228)
[2018.10.31-06.20.41:709][205]LogModuleManager: Shutting down and abandoning module StringTableEditor (226)
[2018.10.31-06.20.41:721][205]LogModuleManager: Shutting down and abandoning module GameplayTasksEditor (224)
[2018.10.31-06.20.41:721][205]LogModuleManager: Shutting down and abandoning module BehaviorTreeEditor (222)
[2018.10.31-06.20.41:749][205]LogModuleManager: Shutting down and abandoning module FunctionalTesting (220)
[2018.10.31-06.20.41:754][205]LogModuleManager: Shutting down and abandoning module CollisionAnalyzer (218)
[2018.10.31-06.20.41:769][205]LogModuleManager: Shutting down and abandoning module WorkspaceMenuStructure (217)
[2018.10.31-06.20.41:769][205]LogModuleManager: Shutting down and abandoning module UMG (214)
[2018.10.31-06.20.41:769][205]LogModuleManager: Shutting down and abandoning module UMGEditor (213)
[2018.10.31-06.20.41:769][205]LogModuleManager: Shutting down and abandoning module Sequencer (212)
[2018.10.31-06.20.41:770][205]LogModuleManager: Shutting down and abandoning module MessageLog (209)
[2018.10.31-06.20.41:770][205]LogModuleManager: Shutting down and abandoning module SlateReflector (204)
[2018.10.31-06.20.41:799][205]LogModuleManager: Shutting down and abandoning module Slate (202)
[2018.10.31-06.20.41:799][205]LogModuleManager: Shutting down and abandoning module EditorStyle (200)
[2018.10.31-06.20.41:805][205]LogModuleManager: Shutting down and abandoning module MRMesh (198)
[2018.10.31-06.20.41:818][205]LogModuleManager: Shutting down and abandoning module SourceCodeAccess (196)
[2018.10.31-06.20.41:818][205]LogModuleManager: Shutting down and abandoning module HeadMountedDisplay (194)
[2018.10.31-06.20.41:818][205]LogModuleManager: Shutting down and abandoning module XAudio2 (192)
[2018.10.31-06.20.41:818][205]LogModuleManager: Shutting down and abandoning module Networking (190)
[2018.10.31-06.20.41:818][205]LogModuleManager: Shutting down and abandoning module Core (188)
[2018.10.31-06.20.41:819][205]LogModuleManager: Shutting down and abandoning module LevelSequence (186)
[2018.10.31-06.20.41:819][205]LogModuleManager: Shutting down and abandoning module KismetCompiler (184)
[2018.10.31-06.20.41:819][205]LogModuleManager: Shutting down and abandoning module MeshUtilities (182)
[2018.10.31-06.20.41:834][205]LogModuleManager: Shutting down and abandoning module MeshMergeUtilities (181)
[2018.10.31-06.20.41:843][205]LogModuleManager: Shutting down and abandoning module MeshReductionInterface (180)
[2018.10.31-06.20.41:843][205]LogModuleManager: Shutting down and abandoning module SimplygonSwarm (179)
[2018.10.31-06.20.41:848][205]LogModuleManager: Shutting down and abandoning module ProxyLODMeshReduction (177)
[2018.10.31-06.20.41:859][205]LogModuleManager: Shutting down and abandoning module SimplygonMeshReduction (175)
[2018.10.31-06.20.41:859][205]LogModuleManager: Shutting down and abandoning module QuadricMeshReduction (173)
[2018.10.31-06.20.41:873][205]LogModuleManager: Shutting down and abandoning module MaterialBaking (169)
[2018.10.31-06.20.41:885][205]LogModuleManager: Shutting down and abandoning module DirectoryWatcher (165)
[2018.10.31-06.20.41:886][205]LogModuleManager: Shutting down and abandoning module DerivedDataCache (162)
[2018.10.31-06.20.41:959][205]LogDerivedDataCache: Shutdown
[2018.10.31-06.20.41:959][205]LogModuleManager: Shutting down and abandoning module XGEController (160)
[2018.10.31-06.20.41:960][205]LogXGEController: Cleaning working directory: C:/Users/Charles/AppData/Local/Temp/UnrealXGEWorkingDir/
[2018.10.31-06.20.41:972][205]LogModuleManager: Shutting down and abandoning module TargetPlatform (158)
[2018.10.31-06.20.41:972][205]LogModuleManager: Shutting down and abandoning module VulkanShaderFormat (157)
[2018.10.31-06.20.41:987][205]LogModuleManager: Shutting down and abandoning module ShaderFormatVectorVM (155)
[2018.10.31-06.20.41:992][205]LogModuleManager: Shutting down and abandoning module ShaderFormatOpenGL (153)
[2018.10.31-06.20.42:012][205]LogModuleManager: Shutting down and abandoning module ShaderFormatD3D (151)
[2018.10.31-06.20.42:012][205]LogModuleManager: Shutting down and abandoning module MetalShaderFormat (149)
[2018.10.31-06.20.42:029][205]LogModuleManager: Shutting down and abandoning module TextureFormatUncompressed (147)
[2018.10.31-06.20.42:029][205]LogModuleManager: Shutting down and abandoning module TextureFormatPVR (145)
[2018.10.31-06.20.42:029][205]LogModuleManager: Shutting down and abandoning module TextureFormatDXT (143)
[2018.10.31-06.20.42:036][205]LogModuleManager: Shutting down and abandoning module TextureFormatIntelISPCTexComp (141)
[2018.10.31-06.20.42:037][205]LogModuleManager: Shutting down and abandoning module TextureFormatASTC (139)
[2018.10.31-06.20.42:037][205]LogModuleManager: Shutting down and abandoning module ImageWrapper (138)
[2018.10.31-06.20.42:037][205]LogModuleManager: Shutting down and abandoning module TextureFormatAndroid (135)
[2018.10.31-06.20.42:038][205]LogModuleManager: Shutting down and abandoning module AudioFormatOpus (133)
[2018.10.31-06.20.42:038][205]LogModuleManager: Shutting down and abandoning module AudioFormatOgg (131)
[2018.10.31-06.20.42:038][205]LogModuleManager: Shutting down and abandoning module AudioFormatADPCM (129)
[2018.10.31-06.20.42:038][205]LogModuleManager: Shutting down and abandoning module LuminTargetPlatform (127)
[2018.10.31-06.20.42:038][205]LogModuleManager: Shutting down and abandoning module LinuxTargetPlatform (125)
[2018.10.31-06.20.42:038][205]LogModuleManager: Shutting down and abandoning module LinuxServerTargetPlatform (123)
[2018.10.31-06.20.42:038][205]LogModuleManager: Shutting down and abandoning module LinuxNoEditorTargetPlatform (121)
[2018.10.31-06.20.42:040][205]LogModuleManager: Shutting down and abandoning module LinuxClientTargetPlatform (119)
[2018.10.31-06.20.42:042][205]LogModuleManager: Shutting down and abandoning module TVOSTargetPlatform (117)
[2018.10.31-06.20.42:044][205]LogModuleManager: Shutting down and abandoning module Messaging (115)
[2018.10.31-06.20.42:044][205]LogModuleManager: Shutting down and abandoning module IOSTargetPlatform (113)
[2018.10.31-06.20.42:047][205]LogModuleManager: Shutting down and abandoning module HTML5TargetPlatform (111)
[2018.10.31-06.20.42:047][205]LogModuleManager: Shutting down and abandoning module AndroidTargetPlatform (109)
[2018.10.31-06.20.42:081][205]LogModuleManager: Shutting down and abandoning module WindowsTargetPlatform (107)
[2018.10.31-06.20.42:081][205]LogModuleManager: Shutting down and abandoning module WindowsServerTargetPlatform (105)
[2018.10.31-06.20.42:081][205]LogModuleManager: Shutting down and abandoning module WindowsNoEditorTargetPlatform (103)
[2018.10.31-06.20.42:081][205]LogModuleManager: Shutting down and abandoning module WindowsClientTargetPlatform (101)
[2018.10.31-06.20.42:081][205]LogModuleManager: Shutting down and abandoning module MacTargetPlatform (99)
[2018.10.31-06.20.42:081][205]LogModuleManager: Shutting down and abandoning module MacServerTargetPlatform (97)
[2018.10.31-06.20.42:081][205]LogModuleManager: Shutting down and abandoning module MacNoEditorTargetPlatform (95)
[2018.10.31-06.20.42:081][205]LogModuleManager: Shutting down and abandoning module MacClientTargetPlatform (93)
[2018.10.31-06.20.42:081][205]LogModuleManager: Shutting down and abandoning module AllDesktopTargetPlatform (91)
[2018.10.31-06.20.42:081][205]LogModuleManager: Shutting down and abandoning module InputCore (88)
[2018.10.31-06.20.42:081][205]LogModuleManager: Shutting down and abandoning module Settings (86)
[2018.10.31-06.20.42:082][205]LogModuleManager: Shutting down and abandoning module PhysXCooking (84)
[2018.10.31-06.20.42:082][205]LogModuleManager: Shutting down and abandoning module SteamVR (82)
[2018.10.31-06.20.42:082][205]LogModuleManager: Shutting down and abandoning module OculusHMD (80)
[2018.10.31-06.20.42:091][205]LogModuleManager: Shutting down and abandoning module ExampleDeviceProfileSelector (78)
[2018.10.31-06.20.42:091][205]LogModuleManager: Shutting down and abandoning module LauncherChunkInstaller (76)
[2018.10.31-06.20.42:091][205]LogModuleManager: Shutting down and abandoning module OnlineBlueprintSupport (74)
[2018.10.31-06.20.42:091][205]LogModuleManager: Shutting down and abandoning module OnlineSubsystem (70)
[2018.10.31-06.20.42:103][205]LogModuleManager: Shutting down and abandoning module XMPP (65)
[2018.10.31-06.20.42:129][205]LogModuleManager: Shutting down and abandoning module WebSockets (64)
[2018.10.31-06.20.42:178][205]LogModuleManager: Shutting down and abandoning module HTTP (61)
[2018.10.31-06.20.42:187][205]LogHttp: Display: Http module shutting down, but needs to wait on 1 outstanding Http requests:
[2018.10.31-06.20.42:187][205]LogHttp: Display: 	verb=[POST] url=[https://datarouter.ol.epicgames.com/datarouter/api/v1/public/data?SessionID=%7BBB0BBCD4-4E38-768B-BBD2-7CB165F496EC%7D&AppID=UEEditor.Rocket.Release&AppVersion=4.20.3-4369336%2B%2B%2BUE4%2BRelease-4.20&UserID=099bd1f247436c9bdde1bd9d862a75ea%7C785ee7b5fb654b87b50b91109a3ca005%7C4ad5bd78-1511-4641-a0cc-0e004db6e94b&AppEnvironment=datacollector-binary&UploadType=eteventstream] status=Processing
[2018.10.31-06.20.42:204][205]LogModuleManager: Shutting down and abandoning module SSL (60)
[2018.10.31-06.20.42:220][205]LogModuleManager: Shutting down and abandoning module MagicLeapEmulator (56)
[2018.10.31-06.20.42:220][205]LogModuleManager: Shutting down and abandoning module MagicLeapPrivileges (54)
[2018.10.31-06.20.42:221][205]LogModuleManager: Shutting down and abandoning module MagicLeapIdentity (52)
[2018.10.31-06.20.42:221][205]LogModuleManager: Shutting down and abandoning module MagicLeapHelperVulkan (50)
[2018.10.31-06.20.42:221][205]LogModuleManager: Shutting down and abandoning module MagicLeapHelperOpenGL (48)
[2018.10.31-06.20.42:221][205]LogModuleManager: Shutting down and abandoning module MagicLeapSecureStorage (46)
[2018.10.31-06.20.42:221][205]LogModuleManager: Shutting down and abandoning module MagicLeapGestures (44)
[2018.10.31-06.20.42:221][205]LogModuleManager: Shutting down and abandoning module MagicLeapEyeTracker (42)
[2018.10.31-06.20.42:221][205]LogModuleManager: Shutting down and abandoning module MagicLeapController (40)
[2018.10.31-06.20.42:221][205]LogSlate: Slate User Destroyed.  User Index 0, Is Virtual User: 0
[2018.10.31-06.20.42:221][205]LogModuleManager: Shutting down and abandoning module MagicLeap (38)
[2018.10.31-06.20.42:222][205]LogModuleManager: Shutting down and abandoning module AnimationModifiers (36)
[2018.10.31-06.20.42:231][205]LogModuleManager: Shutting down and abandoning module PropertyEditor (35)
[2018.10.31-06.20.42:231][205]LogModuleManager: Shutting down and abandoning module AudioEditor (32)
[2018.10.31-06.20.42:256][205]LogModuleManager: Shutting down and abandoning module TextureCompressor (30)
[2018.10.31-06.20.42:271][205]LogModuleManager: Shutting down and abandoning module ShaderCore (28)
[2018.10.31-06.20.42:271][205]LogModuleManager: Shutting down and abandoning module Landscape (26)
[2018.10.31-06.20.42:271][205]LogModuleManager: Shutting down and abandoning module SlateRHIRenderer (24)
[2018.10.31-06.20.42:297][205]LogModuleManager: Shutting down and abandoning module OpenGLDrv (22)
[2018.10.31-06.20.42:301][205]LogModuleManager: Shutting down and abandoning module D3D11RHI (20)
[2018.10.31-06.20.42:301][205]LogModuleManager: Shutting down and abandoning module AnimGraphRuntime (18)
[2018.10.31-06.20.42:301][205]LogModuleManager: Shutting down and abandoning module Renderer (16)
[2018.10.31-06.20.42:301][205]LogModuleManager: Shutting down and abandoning module Engine (14)
[2018.10.31-06.20.42:301][205]LogModuleManager: Shutting down and abandoning module CoreUObject (12)
[2018.10.31-06.20.42:301][205]LogModuleManager: Shutting down and abandoning module NetworkFile (10)
[2018.10.31-06.20.42:310][205]LogModuleManager: Shutting down and abandoning module CookedIterativeFile (8)
[2018.10.31-06.20.42:310][205]LogModuleManager: Shutting down and abandoning module StreamingFile (6)
[2018.10.31-06.20.42:321][205]LogModuleManager: Shutting down and abandoning module SandboxFile (4)
[2018.10.31-06.20.42:321][205]LogModuleManager: Shutting down and abandoning module PakFile (2)
[2018.10.31-06.20.42:364][205]LogExit: Exiting.
[2018.10.31-06.20.42:379][205]Log file closed, 10/31/18 17:20:42
