Log file open, 11/08/18 15:30:22
LogWindows: Failed to load 'aqProf.dll' (GetLastError=126)
LogWindows: File 'aqProf.dll' does not exist
LogWindows: Failed to load 'VSPerf140.dll' (GetLastError=126)
LogWindows: File 'VSPerf140.dll' does not exist
LogWindows: Failed to load 'VtuneApi.dll' (GetLastError=126)
LogWindows: File 'VtuneApi.dll' does not exist
LogWindows: Failed to load 'VtuneApi32e.dll' (GetLastError=126)
LogWindows: File 'VtuneApi32e.dll' does not exist
LogInit: Display: Running engine for game: Studio2ProjectT3
LogPlatformFile: Not using cached read wrapper
LogTaskGraph: Started task graph with 5 named threads and 23 total threads with 3 sets of task threads.
LogStats: Stats thread started at 0.278108
LogD3D11RHI: Loaded GFSDK_Aftermath_Lib.x64.dll
LogICUInternationalization: Display: ICU TimeZone Detection - Raw Offset: +10:00, Platform Override: ''
LogPluginManager: Mounting plugin Paper2D
LogPluginManager: Mounting plugin AISupport
LogPluginManager: Mounting plugin LightPropagationVolume
LogPluginManager: Mounting plugin CLionSourceCodeAccess
LogPluginManager: Mounting plugin CodeLiteSourceCodeAccess
LogPluginManager: Mounting plugin GitSourceControl
LogPluginManager: Mounting plugin KDevelopSourceCodeAccess
LogPluginManager: Mounting plugin NullSourceCodeAccess
LogPluginManager: Mounting plugin PerforceSourceControl
LogPluginManager: Mounting plugin SubversionSourceControl
LogPluginManager: Mounting plugin UObjectPlugin
LogPluginManager: Mounting plugin VisualStudioCodeSourceCodeAccess
LogPluginManager: Mounting plugin VisualStudioSourceCodeAccess
LogPluginManager: Mounting plugin XCodeSourceCodeAccess
LogPluginManager: Mounting plugin AssetManagerEditor
LogPluginManager: Mounting plugin CryptoKeys
LogPluginManager: Mounting plugin DataValidation
LogPluginManager: Mounting plugin EditorScriptingUtilities
LogPluginManager: Mounting plugin FacialAnimation
LogPluginManager: Mounting plugin GameplayTagsEditor
LogPluginManager: Mounting plugin MacGraphicsSwitching
LogPluginManager: Mounting plugin MeshEditor
LogPluginManager: Mounting plugin MobileLauncherProfileWizard
LogPluginManager: Mounting plugin PluginBrowser
LogPluginManager: Mounting plugin SpeedTreeImporter
LogPluginManager: Mounting plugin DatasmithContent
LogPluginManager: Mounting plugin AlembicImporter
LogPluginManager: Mounting plugin AppleImageUtils
LogPluginManager: Mounting plugin AppleVision
LogPluginManager: Mounting plugin BackChannel
LogPluginManager: Mounting plugin CharacterAI
LogPluginManager: Mounting plugin GeometryCache
LogPluginManager: Mounting plugin HTML5Networking
LogPluginManager: Mounting plugin ProxyLODPlugin
LogPluginManager: Mounting plugin MagicLeap
LogPluginManager: Mounting plugin MagicLeapEmulator
LogPluginManager: Mounting plugin MagicLeapMedia
LogPluginManager: Mounting plugin AndroidMedia
LogPluginManager: Mounting plugin AvfMedia
LogPluginManager: Mounting plugin ImgMedia
LogPluginManager: Mounting plugin LinearTimecode
LogPluginManager: Mounting plugin MediaCompositing
LogPluginManager: Mounting plugin MediaPlayerEditor
LogPluginManager: Mounting plugin WmfMedia
LogPluginManager: Mounting plugin TcpMessaging
LogPluginManager: Mounting plugin UdpMessaging
LogPluginManager: Mounting plugin ActorSequence
LogPluginManager: Mounting plugin LevelSequenceEditor
LogPluginManager: Mounting plugin MatineeToLevelSequence
LogPluginManager: Mounting plugin NetcodeUnitTest
LogPluginManager: Mounting plugin NUTUnrealEngine4
LogPluginManager: Mounting plugin OnlineSubsystemGooglePlay
LogPluginManager: Mounting plugin OnlineSubsystemIOS
LogPluginManager: Mounting plugin OnlineSubsystem
LogPluginManager: Mounting plugin OnlineSubsystemNull
LogPluginManager: Mounting plugin OnlineSubsystemUtils
LogPluginManager: Mounting plugin LauncherChunkInstaller
LogPluginManager: Mounting plugin AndroidDeviceProfileSelector
LogPluginManager: Mounting plugin AndroidMoviePlayer
LogPluginManager: Mounting plugin AndroidPermission
LogPluginManager: Mounting plugin AppleMoviePlayer
LogPluginManager: Mounting plugin ArchVisCharacter
LogPluginManager: Mounting plugin AudioCapture
LogPluginManager: Mounting plugin CableComponent
LogPluginManager: Mounting plugin CustomMeshComponent
LogPluginManager: Mounting plugin EditableMesh
LogPluginManager: Mounting plugin ExampleDeviceProfileSelector
LogPluginManager: Mounting plugin GoogleCloudMessaging
LogPluginManager: Mounting plugin ImmediatePhysics
LogPluginManager: Mounting plugin IOSDeviceProfileSelector
LogPluginManager: Mounting plugin LinuxDeviceProfileSelector
LogPluginManager: Mounting plugin LocationServicesBPLibrary
LogPluginManager: Mounting plugin MobilePatchingUtils
LogPluginManager: Mounting plugin OculusVR
LogPluginManager: Plugin shader directory ../../../Engine/Plugins/Runtime/Oculus/OculusVR/Shaders found
LogPluginManager: Mapping shader source directory ../../../Engine/Plugins/Runtime/Oculus/OculusVR/Shaders to virtual directory /Plugin/OculusVR
LogPluginManager: Mounting plugin PhysXVehicles
LogPluginManager: Mounting plugin ProceduralMeshComponent
LogPluginManager: Mounting plugin RuntimePhysXCooking
LogPluginManager: Mounting plugin SteamVR
LogPluginManager: Mounting plugin WindowsMoviePlayer
LogPluginManager: Mounting plugin DatasmithCADImporter
LogPluginManager: Mounting plugin DatasmithFBXImporter
LogPluginManager: Mounting plugin DatasmithImporter
LogPluginManager: Mounting plugin DatasmithMDLImporter
LogPluginManager: Mounting plugin StaticMeshEditorExtension
LogStreaming: Display: Took  0.090s to configure plugins.
LogInit: Using libcurl 7.55.1-DEV
LogInit:  - built for x86_64-pc-win32
LogInit:  - supports SSL with OpenSSL/1.0.2h
LogInit:  - supports HTTP deflate (compression) using libz 1.2.8
LogInit:  - other features:
LogInit:      CURL_VERSION_SSL
LogInit:      CURL_VERSION_LIBZ
LogInit:      CURL_VERSION_IPV6
LogInit:      CURL_VERSION_ASYNCHDNS
LogInit:      CURL_VERSION_LARGEFILE
LogInit:      CURL_VERSION_IDN
LogInit:  CurlRequestOptions (configurable via config and command line):
LogInit:  - bVerifyPeer = false  - Libcurl will NOT verify peer certificate
LogInit:  - bUseHttpProxy = false  - Libcurl will NOT use HTTP proxy
LogInit:  - bDontReuseConnections = false  - Libcurl will reuse connections
LogInit:  - CertBundlePath = nullptr  - Libcurl will use whatever was configured at build time.
LogInit:  - MaxHostConnections = 16  - Libcurl will limit the number of connections to a host
LogInit:  - LocalHostAddr = Default
LogInit:  - BufferSize = 65536
LogInit: WinSock: version 1.1 (2.2), MaxSocks=32767, MaxUdp=65467
LogHMD: Failed initializing OVRPlugin 1.25.0
LogInit: Build: ++UE4+Release-4.20-CL-4302132
LogInit: Engine Version: 4.20.2-4302132+++UE4+Release-4.20
LogInit: Compatible Engine Version: 4.20.0-4212847+++UE4+Release-4.20
LogInit: Net CL: 4212847
LogInit: OS: Windows 10 (), CPU: Intel(R) Core(TM) i7-6700 CPU @ 3.40GHz, GPU: NVIDIA GeForce GTX 980
LogInit: Compiled (64-bit): Aug 21 2018 02:06:06
LogInit: Compiled with Visual C++: 19.13.26129.00
LogInit: Build Configuration: Development
LogInit: Branch Name: ++UE4+Release-4.20
LogInit: Command Line:  
LogInit: Base Directory: C:/Program Files/Epic Games/UE_4.20/Engine/Binaries/Win64/
LogInit: Installed Engine Build: 1
LogDevObjectVersion: Number of dev versions registered: 20
LogDevObjectVersion:   Dev-Blueprints (B0D832E4-1F89-4F0D-ACCF-7EB736FD4AA2): 10
LogDevObjectVersion:   Dev-Build (E1C64328-A22C-4D53-A36C-8E866417BD8C): 0
LogDevObjectVersion:   Dev-Core (375EC13C-06E4-48FB-B500-84F0262A717E): 2
LogDevObjectVersion:   Dev-Editor (E4B068ED-F494-42E9-A231-DA0B2E46BB41): 24
LogDevObjectVersion:   Dev-Framework (CFFC743F-43B0-4480-9391-14DF171D2073): 34
LogDevObjectVersion:   Dev-Mobile (B02B49B5-BB20-44E9-A304-32B752E40360): 2
LogDevObjectVersion:   Dev-Networking (A4E4105C-59A1-49B5-A7C5-40C4547EDFEE): 0
LogDevObjectVersion:   Dev-Online (39C831C9-5AE6-47DC-9A44-9C173E1C8E7C): 0
LogDevObjectVersion:   Dev-Physics (78F01B33-EBEA-4F98-B9B4-84EACCB95AA2): 0
LogDevObjectVersion:   Dev-Platform (6631380F-2D4D-43E0-8009-CF276956A95A): 0
LogDevObjectVersion:   Dev-Rendering (12F88B9F-8875-4AFC-A67C-D90C383ABD29): 26
LogDevObjectVersion:   Dev-Sequencer (7B5AE74C-D270-4C10-A958-57980B212A5A): 9
LogDevObjectVersion:   Dev-VR (D7296918-1DD6-4BDD-9DE2-64A83CC13884): 2
LogDevObjectVersion:   Dev-LoadTimes (C2A15278-BFE7-4AFE-6C17-90FF531DF755): 1
LogDevObjectVersion:   Private-Geometry (6EACA3D4-40EC-4CC1-B786-8BED09428FC5): 3
LogDevObjectVersion:   Dev-AnimPhys (29E575DD-E0A3-4627-9D10-D276232CDCEA): 17
LogDevObjectVersion:   Dev-ReflectionCapture (6B266CEC-1EC7-4B8F-A30B-E4D90942FC07): 1
LogDevObjectVersion:   Dev-Automation (0DF73D61-A23F-47EA-B727-89E90C41499A): 1
LogDevObjectVersion:   FortniteMain (601D1886-AC64-4F84-AA16-D3DE0DEAC7D6): 12
LogDevObjectVersion:   Dev-Enterprise (9DFFBCD6-494F-0158-E221-12823C92A888): 1
LogStreaming: Display: Took  0.002s to delete old logs.
LogInit: Presizing for max 8388607 objects, including 0 objects not considered by GC, pre-allocating 0 bytes for permanent pool.
LogInit: Object subsystem initialized
[2018.11.08-04.30.23:228][  0]LogInit: Selected Device Profile: [Windows]
[2018.11.08-04.30.23:228][  0]LogInit: Applying CVar settings loaded from the selected device profile: [Windows]
[2018.11.08-04.30.23:240][  0]LogHAL: Display: Platform has ~ 32 GB [34270711808 / 34359738368 / 32], which maps to Largest [LargestMinGB=32, LargerMinGB=12, DefaultMinGB=8, SmallerMinGB=6, SmallestMinGB=0)
[2018.11.08-04.30.23:240][  0]LogInit: Setting Device Profile CVar: [[r.Vulkan.UseRealUBs:1]]
[2018.11.08-04.30.23:240][  0]LogInit: Going up to parent DeviceProfile []
[2018.11.08-04.30.23:241][  0]LogInit: Computer: SYD-R101-PC04
[2018.11.08-04.30.23:241][  0]LogInit: User: cdavis13
[2018.11.08-04.30.23:241][  0]LogInit: CPU Page size=4096, Cores=4
[2018.11.08-04.30.23:241][  0]LogInit: High frequency timer resolution =3.328122 MHz
[2018.11.08-04.30.23:241][  0]LogMemory: Memory total: Physical=31.9GB (32GB approx)
[2018.11.08-04.30.23:241][  0]LogMemory: Platform Memory Stats for Windows
[2018.11.08-04.30.23:241][  0]LogMemory: Process Physical Memory: 102.34 MB used, 102.34 MB peak
[2018.11.08-04.30.23:241][  0]LogMemory: Process Virtual Memory: 94.36 MB used, 94.36 MB peak
[2018.11.08-04.30.23:241][  0]LogMemory: Physical Memory: 5826.98 MB used,  26856.12 MB free, 32683.10 MB total
[2018.11.08-04.30.23:241][  0]LogMemory: Virtual Memory: 4655.37 MB used,  26856.12 MB free, 134217728.00 MB total
[2018.11.08-04.30.23:264][  0]LogInit: Using OS detected language (en-US).
[2018.11.08-04.30.23:264][  0]LogInit: Using OS detected locale (en-AU).
[2018.11.08-04.30.23:265][  0]LogTextLocalizationManager: No specific localization for 'en-US' exists, so the 'en' localization will be used.
[2018.11.08-04.30.23:570][  0]LogStreaming: Display: Took  0.306s to InitEngineTextLocalization.
[2018.11.08-04.30.23:570][  0]LogInit: Setting process to per monitor DPI aware
[2018.11.08-04.30.23:606][  0]LogSlate: New Slate User Created.  User Index 0, Is Virtual User: 0
[2018.11.08-04.30.23:606][  0]LogSlate: Slate User Registered.  User Index 0, Is Virtual User: 0
[2018.11.08-04.30.23:773][  0]LogHMD: Failed to initialize OpenVR with code 110
[2018.11.08-04.30.23:773][  0]LogD3D11RHI: D3D11 adapters:
[2018.11.08-04.30.23:828][  0]LogD3D11RHI:    0. 'NVIDIA GeForce GTX 980' (Feature Level 11_0)
[2018.11.08-04.30.23:828][  0]LogD3D11RHI:       4053/0/16341 MB DedicatedVideo/DedicatedSystem/SharedSystem, Outputs:1, VendorId:0x10de
[2018.11.08-04.30.23:830][  0]LogD3D11RHI:    1. 'Microsoft Basic Render Driver' (Feature Level 11_0)
[2018.11.08-04.30.23:830][  0]LogD3D11RHI:       0/0/16341 MB DedicatedVideo/DedicatedSystem/SharedSystem, Outputs:0, VendorId:0x1414
[2018.11.08-04.30.23:830][  0]LogD3D11RHI: Chosen D3D11 Adapter: 0
[2018.11.08-04.30.23:835][  0]LogD3D11RHI: Creating new Direct3DDevice
[2018.11.08-04.30.23:835][  0]LogD3D11RHI:     GPU DeviceId: 0x13c0 (for the marketing name, search the web for "GPU Device Id")
[2018.11.08-04.30.23:835][  0]LogWindows: EnumDisplayDevices:
[2018.11.08-04.30.23:835][  0]LogWindows:    0. 'NVIDIA GeForce GTX 980' (P:1 D:1)
[2018.11.08-04.30.23:835][  0]LogWindows:    1. 'NVIDIA GeForce GTX 980' (P:0 D:0)
[2018.11.08-04.30.23:835][  0]LogWindows:    2. 'NVIDIA GeForce GTX 980' (P:0 D:0)
[2018.11.08-04.30.23:836][  0]LogWindows:    3. 'NVIDIA GeForce GTX 980' (P:0 D:0)
[2018.11.08-04.30.23:836][  0]LogWindows: DebugString: FoundDriverCount:4 
[2018.11.08-04.30.23:836][  0]LogD3D11RHI:     Adapter Name: NVIDIA GeForce GTX 980
[2018.11.08-04.30.23:836][  0]LogD3D11RHI:   Driver Version: 398.82 (internal:24.21.13.9882, unified:398.82)
[2018.11.08-04.30.23:836][  0]LogD3D11RHI:      Driver Date: 7-30-2018
[2018.11.08-04.30.23:836][  0]LogRHI: Texture pool is 2837 MB (70% of 4053 MB)
[2018.11.08-04.30.23:868][  0]LogD3D11RHI: Async texture creation enabled
[2018.11.08-04.30.23:884][  0]LogD3D11RHI: GPU Timing Frequency: 1000.000000 (Debug: 2 2)
[2018.11.08-04.30.23:926][  0]LogShaderCompilers: Guid format shader working directory is -48 characters bigger than the processId version (../../../../../../Users/cdavis13/Documents/GitHub/Studio2Project/Studio2Project/Studio2ProjectT3/Intermediate/Shaders/WorkingDirectory/57440/).
[2018.11.08-04.30.23:927][  0]LogShaderCompilers: Cleaned the shader compiler working directory 'C:/Users/cdavis13/AppData/Local/Temp/UnrealShaderWorkingDir/055F5EBE410D1FC98D47B592FA138684/'.
[2018.11.08-04.30.24:250][  0]LogTemp: Display: Loaded TP AllDesktopTargetPlatform
[2018.11.08-04.30.24:262][  0]LogTemp: Display: Loaded TP MacClientTargetPlatform
[2018.11.08-04.30.24:274][  0]LogTemp: Display: Loaded TP MacNoEditorTargetPlatform
[2018.11.08-04.30.24:285][  0]LogTemp: Display: Loaded TP MacServerTargetPlatform
[2018.11.08-04.30.24:298][  0]LogTemp: Display: Loaded TP MacTargetPlatform
[2018.11.08-04.30.24:310][  0]LogTemp: Display: Loaded TP WindowsClientTargetPlatform
[2018.11.08-04.30.24:322][  0]LogTemp: Display: Loaded TP WindowsNoEditorTargetPlatform
[2018.11.08-04.30.24:335][  0]LogTemp: Display: Loaded TP WindowsServerTargetPlatform
[2018.11.08-04.30.24:341][  0]LogTemp: Display: Loaded TP WindowsTargetPlatform
[2018.11.08-04.30.24:409][  0]LogTemp: Display: Loaded TP AndroidTargetPlatform
[2018.11.08-04.30.24:409][  0]LogTemp: Display: Loaded TP AndroidTargetPlatform
[2018.11.08-04.30.24:409][  0]LogTemp: Display: Loaded TP AndroidTargetPlatform
[2018.11.08-04.30.24:409][  0]LogTemp: Display: Loaded TP AndroidTargetPlatform
[2018.11.08-04.30.24:409][  0]LogTemp: Display: Loaded TP AndroidTargetPlatform
[2018.11.08-04.30.24:409][  0]LogTemp: Display: Loaded TP AndroidTargetPlatform
[2018.11.08-04.30.24:409][  0]LogTemp: Display: Loaded TP AndroidTargetPlatform
[2018.11.08-04.30.24:409][  0]LogTemp: Display: Loaded TP AndroidTargetPlatform
[2018.11.08-04.30.24:409][  0]LogTemp: Display: Loaded TP AndroidTargetPlatform
[2018.11.08-04.30.24:409][  0]LogTemp: Display: Loaded TP AndroidTargetPlatform
[2018.11.08-04.30.24:409][  0]LogTemp: Display: Loaded TP AndroidTargetPlatform
[2018.11.08-04.30.24:409][  0]LogTemp: Display: Loaded TP AndroidTargetPlatform
[2018.11.08-04.30.24:409][  0]LogTemp: Display: Loaded TP AndroidTargetPlatform
[2018.11.08-04.30.24:409][  0]LogTemp: Display: Loaded TP AndroidTargetPlatform
[2018.11.08-04.30.24:409][  0]LogTemp: Display: Loaded TP AndroidTargetPlatform
[2018.11.08-04.30.24:409][  0]LogTemp: Display: Loaded TP AndroidTargetPlatform
[2018.11.08-04.30.24:409][  0]LogTemp: Display: Loaded TP AndroidTargetPlatform
[2018.11.08-04.30.24:409][  0]LogTemp: Display: Loaded TP AndroidTargetPlatform
[2018.11.08-04.30.24:411][  0]LogTemp: Display: Loaded TP HTML5TargetPlatform
[2018.11.08-04.30.24:468][  0]LogTemp: Display: Loaded TP IOSTargetPlatform
[2018.11.08-04.30.24:468][  0]LogTemp: Display: Loaded TP IOSTargetPlatform
[2018.11.08-04.30.24:530][  0]LogTemp: Display: Loaded TP TVOSTargetPlatform
[2018.11.08-04.30.24:530][  0]LogTemp: Display: Loaded TP TVOSTargetPlatform
[2018.11.08-04.30.24:549][  0]LogTemp: Display: Loaded TP LinuxClientTargetPlatform
[2018.11.08-04.30.24:562][  0]LogTemp: Display: Loaded TP LinuxNoEditorTargetPlatform
[2018.11.08-04.30.24:573][  0]LogTemp: Display: Loaded TP LinuxServerTargetPlatform
[2018.11.08-04.30.24:586][  0]LogTemp: Display: Loaded TP LinuxTargetPlatform
[2018.11.08-04.30.24:596][  0]LogTemp: Display: Loaded TP LuminTargetPlatform
[2018.11.08-04.30.24:596][  0]LogTargetPlatformManager: Display: Building Assets For Windows
[2018.11.08-04.30.24:666][  0]LogXGEController: Cleaning working directory: C:/Users/cdavis13/AppData/Local/Temp/UnrealXGEWorkingDir/
[2018.11.08-04.30.24:667][  0]LogXGEController: Cannot use XGE Controller as Incredibuild is not installed on this machine.
[2018.11.08-04.30.24:667][  0]LogShaderCompilers: Cannot use XGE Shader Compiler as Incredibuild is not installed on this machine.
[2018.11.08-04.30.24:667][  0]LogShaderCompilers: Display: Using Local Shader Compiler.
[2018.11.08-04.30.25:262][  0]LogDerivedDataCache: Display: Max Cache Size: 512 MB
[2018.11.08-04.30.25:306][  0]LogDerivedDataCache: Loaded boot cache 0.04s 72MB C:/Users/cdavis13/AppData/Local/UnrealEngine/4.20/DerivedDataCache/Boot.ddc.
[2018.11.08-04.30.25:307][  0]LogDerivedDataCache: Display: Loaded Boot cache: C:/Users/cdavis13/AppData/Local/UnrealEngine/4.20/DerivedDataCache/Boot.ddc
[2018.11.08-04.30.25:307][  0]LogDerivedDataCache: FDerivedDataBackendGraph:  Pak pak cache file ../../../../../../Users/cdavis13/Documents/GitHub/Studio2Project/Studio2Project/Studio2ProjectT3/DerivedDataCache/DDC.ddp not found, will not use a pak cache.
[2018.11.08-04.30.25:307][  0]LogDerivedDataCache: Unable to find inner node Pak for hierarchical cache Hierarchy.
[2018.11.08-04.30.25:307][  0]LogDerivedDataCache: FDerivedDataBackendGraph:  CompressedPak pak cache file ../../../../../../Users/cdavis13/Documents/GitHub/Studio2Project/Studio2Project/Studio2ProjectT3/DerivedDataCache/Compressed.ddp not found, will not use a pak cache.
[2018.11.08-04.30.25:307][  0]LogDerivedDataCache: Unable to find inner node CompressedPak for hierarchical cache Hierarchy.
[2018.11.08-04.30.25:318][  0]LogDerivedDataCache: Display: Pak cache opened for reading ../../../Engine/DerivedDataCache/Compressed.ddp.
[2018.11.08-04.30.25:331][  0]LogDerivedDataCache: Using Local data cache path C:/Users/cdavis13/AppData/Local/UnrealEngine/Common/DerivedDataCache: Writable
[2018.11.08-04.30.25:331][  0]LogDerivedDataCache: Shared data cache path not found in *engine.ini, will not use an Shared cache.
[2018.11.08-04.30.25:331][  0]LogDerivedDataCache: Unable to find inner node Shared for hierarchical cache Hierarchy.
[2018.11.08-04.30.25:346][  0]LogMaterial: Verifying Global Shaders for PCD3D_SM5
[2018.11.08-04.30.25:347][  0]LogSlate: Using FreeType 2.6.0
[2018.11.08-04.30.25:348][  0]LogSlate: SlateFontServices - WITH_FREETYPE: 1, WITH_HARFBUZZ: 1
[2018.11.08-04.30.25:419][  0]LogAssetRegistry: FAssetRegistry took 0.0255 seconds to start up
[2018.11.08-04.30.25:722][  0]LogPackageName: Warning: String asset reference "S_ClothTarps_03.SM.Mesh.S_ClothTarps_03" is in short form, which is unsupported and -- even if valid -- resolving it will be really slow.
[2018.11.08-04.30.25:722][  0]LogPackageName: Warning: Please consider resaving package in order to speed-up loading.
[2018.11.08-04.30.25:722][  0]LogInit: Selected Device Profile: [Windows]
[2018.11.08-04.30.25:867][  0]LogPackageName: SearchForPackageOnDisk took   0.185s, but failed to resolve S_ClothTarps_03.
[2018.11.08-04.30.25:867][  0]LogPackageName: Warning: String asset reference "S_ClothTarps_03.SM.Mesh.S_ClothTarps_03" could not be resolved.
[2018.11.08-04.30.25:867][  0]LogSimplygon: Simplygon DLL not present - disabling.
[2018.11.08-04.30.25:872][  0]LogMeshReduction: Using SimplygonSwarm for distributed automatic mesh merging
[2018.11.08-04.30.25:872][  0]LogMeshReduction: Using ProxyLODMeshReduction for automatic mesh merging
[2018.11.08-04.30.25:872][  0]LogMeshReduction: Using QuadricMeshReduction for automatic static mesh reduction
[2018.11.08-04.30.25:872][  0]LogMeshReduction: No automatic skeletal mesh reduction module available
[2018.11.08-04.30.25:887][  0]LogNetVersion: Studio2ProjectT3 1.0.0, NetCL: 4212847, EngineNetVer: 5, GameNetVer: 0 (Checksum: 167173112)
[2018.11.08-04.30.26:377][  0]LogPackageLocalizationCache: Processed 13 localized package path(s) for 2 prioritized culture(s) in 0.110707 seconds
[2018.11.08-04.30.26:382][  0]LogUObjectArray: 38425 objects as part of root set at end of initial load.
[2018.11.08-04.30.26:382][  0]LogUObjectAllocator: 6690864 out of 0 bytes used by permanent object pool.
[2018.11.08-04.30.26:382][  0]LogUObjectArray: CloseDisregardForGC: 0/0 objects in disregard for GC pool
[2018.11.08-04.30.27:229][  0]LogTcpMessaging: Initializing TcpMessaging bridge
[2018.11.08-04.30.27:243][  0]LogUdpMessaging: Initializing bridge on interface 0.0.0.0:0 to multicast group 230.0.0.1:6666.
[2018.11.08-04.30.27:464][  0]SourceControl: Source control is disabled
[2018.11.08-04.30.27:465][  0]SourceControl: Source control is disabled
[2018.11.08-04.30.27:466][  0]SourceControl: Source control is disabled
[2018.11.08-04.30.27:467][  0]SourceControl: Source control is disabled
[2018.11.08-04.30.27:675][  0]LogAndroidPermission: UAndroidPermissionCallbackProxy::GetInstance
[2018.11.08-04.30.27:835][  0]LogOcInput: OculusInput pre-init called
[2018.11.08-04.30.29:602][  0]LogEngine: Initializing Engine...
[2018.11.08-04.30.29:603][  0]LogHMD: Failed to initialize OpenVR with code 110
[2018.11.08-04.30.29:604][  0]LogStats: UGameplayTagsManager::ConstructGameplayTagTree: ImportINI prefixes -  0.000 s
[2018.11.08-04.30.29:604][  0]LogStats: UGameplayTagsManager::ConstructGameplayTagTree: Construct from data asset -  0.000 s
[2018.11.08-04.30.29:604][  0]LogStats: UGameplayTagsManager::ConstructGameplayTagTree: ImportINI -  0.000 s
[2018.11.08-04.30.29:604][  0]LogStats: UGameplayTagsManager::ConstructGameplayTagTree: GameplayTagTreeChangedEvent.Broadcast -  0.000 s
[2018.11.08-04.30.29:799][  0]LogInit: Initializing FReadOnlyCVARCache
[2018.11.08-04.30.29:812][  0]LogAIModule: Creating AISystem for world Untitled
[2018.11.08-04.30.29:837][  0]LogInit: XAudio2 using 'U28E850 (2- NVIDIA High Definition Audio)' : 2 channels at 48 kHz using 16 bits per sample (channel mask 0x3)
[2018.11.08-04.30.29:993][  0]LogInit: FAudioDevice initialized.
[2018.11.08-04.30.29:994][  0]LogNetVersion: Set ProjectVersion to 1.0.0.0. Version Checksum will be recalculated on next use.
[2018.11.08-04.30.30:109][  0]LogDerivedDataCache: Saved boot cache 0.11s 72MB C:/Users/cdavis13/AppData/Local/UnrealEngine/4.20/DerivedDataCache/Boot.ddc.
[2018.11.08-04.30.30:133][  0]LogInit: Texture streaming: Enabled
[2018.11.08-04.30.30:154][  0]LogEngineSessionManager: EngineSessionManager initialized
[2018.11.08-04.30.30:167][  0]LogInit: Transaction tracking system initialized
[2018.11.08-04.30.30:194][  0]BlueprintLog: New page: Editor Load
[2018.11.08-04.30.30:262][  0]LocalizationService: Localization service is disabled
[2018.11.08-04.30.30:506][  0]LogCook: Display: Max memory allowance for cook 16384mb min free memory 0mb
[2018.11.08-04.30.30:506][  0]LogCook: Display: Mobile HDR setting 1
[2018.11.08-04.30.30:506][  0]LogGameplayTags: Display: UGameplayTagsManager::DoneAddingNativeTags. DelegateIsBound: 0
[2018.11.08-04.30.30:506][  0]LogStats: UGameplayTagsManager::ConstructGameplayTagTree: ImportINI prefixes -  0.000 s
[2018.11.08-04.30.30:506][  0]LogStats: UGameplayTagsManager::ConstructGameplayTagTree: Construct from data asset -  0.000 s
[2018.11.08-04.30.30:506][  0]LogStats: UGameplayTagsManager::ConstructGameplayTagTree: ImportINI -  0.000 s
[2018.11.08-04.30.30:506][  0]LogStats: UGameplayTagsManager::ConstructGameplayTagTree: GameplayTagTreeChangedEvent.Broadcast -  0.000 s
[2018.11.08-04.30.31:776][  0]SourceControl: Source control is disabled
[2018.11.08-04.30.31:777][  0]LightingResults: New page: Lighting Build
[2018.11.08-04.30.31:779][  0]MapCheck: New page: Map Check
[2018.11.08-04.30.31:779][  0]LightingResults: New page: Lighting Build
[2018.11.08-04.30.32:205][  0]LogAIModule: Creating AISystem for world FirstPersonExampleMap
[2018.11.08-04.30.32:215][  0]LogEditorServer: Finished looking for orphan Actors (0.000 secs)
[2018.11.08-04.30.32:240][  0]Cmd: MAP CHECKDEP NOCLEARLOG
[2018.11.08-04.30.32:325][  0]MapCheck: Map check complete: 0 Error(s), 0 Warning(s), took 84.521ms to complete.
[2018.11.08-04.30.32:325][  0]LogFileHelpers: Loading map 'FirstPersonExampleMap' took 0.548
[2018.11.08-04.30.32:458][  0]LogSlate: Updating window title bar state: overlay mode, drag disabled, window buttons hidden, title bar hidden
[2018.11.08-04.30.32:465][  0]LogSlate: Updating window title bar state: overlay mode, drag disabled, window buttons hidden, title bar hidden
[2018.11.08-04.30.32:471][  0]LogSlate: Updating window title bar state: overlay mode, drag disabled, window buttons hidden, title bar hidden
[2018.11.08-04.30.32:477][  0]LogSlate: Updating window title bar state: overlay mode, drag disabled, window buttons hidden, title bar hidden
[2018.11.08-04.30.32:483][  0]LogCollectionManager: Loaded 0 collections in 0.001562 seconds
[2018.11.08-04.30.32:532][  0]LogFileCache: Scanning file cache for directory 'C:/Users/cdavis13/Documents/GitHub/Studio2Project/Studio2Project/Studio2ProjectT3/Saved/Collections/' took 0.01s
[2018.11.08-04.30.32:532][  0]LogFileCache: Scanning file cache for directory 'C:/Users/cdavis13/Documents/GitHub/Studio2Project/Studio2Project/Studio2ProjectT3/Content/Developers/cdavis13/Collections/' took 0.01s
[2018.11.08-04.30.32:532][  0]LogFileCache: Scanning file cache for directory 'C:/Users/cdavis13/Documents/GitHub/Studio2Project/Studio2Project/Studio2ProjectT3/Content/Collections/' took 0.01s
[2018.11.08-04.30.32:532][  0]LogCollectionManager: Rebuilt the GUID cache for 0 collections in 0.000001 seconds
[2018.11.08-04.30.32:548][  0]LogContentBrowser: Native class hierarchy populated in 0.0154 seconds. Added 2621 classes and 629 folders.
[2018.11.08-04.30.32:555][  0]LogContentBrowser: Native class hierarchy updated for 'WidgetCarousel' in 0.0003 seconds. Added 0 classes and 0 folders.
[2018.11.08-04.30.32:625][  0]LogContentBrowser: Native class hierarchy updated for 'AddContentDialog' in 0.0004 seconds. Added 0 classes and 0 folders.
[2018.11.08-04.30.32:633][  0]LogContentBrowser: Native class hierarchy updated for 'SceneOutliner' in 0.0003 seconds. Added 1 classes and 2 folders.
[2018.11.08-04.30.32:644][  0]LogContentBrowser: Native class hierarchy updated for 'WorldBrowser' in 0.0003 seconds. Added 2 classes and 3 folders.
[2018.11.08-04.30.32:707][  0]LogSlate: Took 0.000216 seconds to synchronously load lazily loaded font '../../../Engine/Content/Slate/Fonts/Roboto-Regular.ttf' (155K)
[2018.11.08-04.30.32:709][  0]LogSlate: Took 0.000259 seconds to synchronously load lazily loaded font '../../../Engine/Content/Slate/Fonts/Roboto-Bold.ttf' (160K)
[2018.11.08-04.30.32:714][  0]LogSlate: Took 0.000177 seconds to synchronously load lazily loaded font '../../../Engine/Content/Editor/Slate/Fonts/FontAwesome.ttf' (139K)
[2018.11.08-04.30.32:804][  0]LogRenderer: Reallocating scene render targets to support 1676x880 Format 10 NumSamples 1 (Frame:1).
[2018.11.08-04.30.33:001][  0]LogContentBrowser: Native class hierarchy updated for 'HierarchicalLODOutliner' in 0.0008 seconds. Added 0 classes and 0 folders.
[2018.11.08-04.30.33:001][  0]LogLoad: (Engine Initialization) Total time: 12.11 seconds
[2018.11.08-04.30.33:001][  0]LogLoad: (Engine Initialization) Total Blueprint compile time: 0.00 seconds
[2018.11.08-04.30.33:016][  0]LogWindowsTextInputMethodSystem: Display: IME system now deactivated.
[2018.11.08-04.30.33:049][  0]LogContentStreaming: Texture pool size now 1000 MB
[2018.11.08-04.30.33:153][  3]LogAssetRegistry: Asset discovery search completed in 7.7559 seconds
[2018.11.08-04.30.33:154][  3]LogCollectionManager: Rebuilt the object cache for 0 collections in 0.000000 seconds (found 0 objects)
[2018.11.08-04.30.33:154][  3]LogCollectionManager: Fixed up redirectors for 0 collections in 0.000040 seconds (updated 0 objects)
[2018.11.08-04.30.36:821][439]LogSlate: FSceneViewport::OnFocusLost() reason 0
[2018.11.08-04.30.39:877][802]LogSlate: Took 0.000216 seconds to synchronously load lazily loaded font '../../../Engine/Content/Slate/Fonts/Roboto-Light.ttf' (167K)
[2018.11.08-04.30.40:462][802]LogAIModule: Creating AISystem for world OneTrueLevel
[2018.11.08-04.30.40:464][802]LogMaterial: Warning: Material /Game/InfinityBladeGrassLands/Environments/Plains/Env_Plains_Flora/Materials/M_PLains_Fern01.M_PLains_Fern01 needed to have new flag set bUsedWithInstancedStaticMeshes !
[2018.11.08-04.30.40:467][802]LogMaterial: Display: Missing cached shader map for material M_PLains_Fern01, compiling. 
[2018.11.08-04.30.40:565][802]MapCheck: Warning: M_PLains_Fern01 Material /Game/InfinityBladeGrassLands/Environments/Plains/Env_Plains_Flora/Materials/M_PLains_Fern01.M_PLains_Fern01 was missing the usage flag bUsedWithInstancedStaticMeshes. If the material asset is not re-saved, it may not render correctly when run outside the editor. Fix
[2018.11.08-04.30.40:573][802]LogShaderCompilers: Display: Shaders left to compile 117
[2018.11.08-04.30.40:573][802]LogShaderCompilers: Display: Shaders left to compile 107
[2018.11.08-04.30.40:573][802]LogShaderCompilers: Display: Shaders left to compile 97
[2018.11.08-04.30.40:573][802]LogShaderCompilers: Display: Shaders left to compile 87
[2018.11.08-04.30.40:574][802]LogMaterial: Warning: Material /Game/SoulCave/Environment/Materials/Nature/M_Soul_Tree02.M_Soul_Tree02 needed to have new flag set bUsedWithInstancedStaticMeshes !
[2018.11.08-04.30.40:576][802]LogMaterial: Display: Missing cached shader map for material M_Soul_Tree02, compiling. 
[2018.11.08-04.30.40:622][802]MapCheck: Warning: M_Soul_Tree02 Material /Game/SoulCave/Environment/Materials/Nature/M_Soul_Tree02.M_Soul_Tree02 was missing the usage flag bUsedWithInstancedStaticMeshes. If the material asset is not re-saved, it may not render correctly when run outside the editor. Fix
[2018.11.08-04.30.40:705][802]LogAssetEditorManager: Opening Asset editor for World /Game/FirstPersonBP/Levels/Level1/OneTrueLevel.OneTrueLevel
[2018.11.08-04.30.40:729][802]LightingResults: New page: Lighting Build
[2018.11.08-04.30.40:730][802]LoadErrors: New page: Loading map: OneTrueLevel.umap
[2018.11.08-04.30.40:731][802]MapCheck: New page: Map Check
[2018.11.08-04.30.40:731][802]LightingResults: New page: Lighting Build
[2018.11.08-04.30.40:896][802]LogEditorServer: Finished looking for orphan Actors (0.000 secs)
[2018.11.08-04.30.40:951][802]Cmd: MAP CHECKDEP NOCLEARLOG
[2018.11.08-04.30.41:108][802]MapCheck: Map check complete: 0 Error(s), 0 Warning(s), took 157.831ms to complete.
[2018.11.08-04.30.41:109][802]LogFileHelpers: Loading map 'OneTrueLevel' took 0.380
[2018.11.08-04.30.42:434][937]LogSlate: Window 'Message Log' being destroyed
[2018.11.08-04.30.42:437][937]LogSlate: Window 'Message Log' being destroyed
[2018.11.08-04.30.42:723][968]LogShaderCompilers: Display: Shaders left to compile 194
[2018.11.08-04.30.42:823][980]LogShaderCompilers: Display: Shaders left to compile 184
[2018.11.08-04.30.43:113][ 15]LogShaderCompilers: Display: Shaders left to compile 174
[2018.11.08-04.30.43:580][ 71]LogShaderCompilers: Display: Shaders left to compile 164
[2018.11.08-04.30.45:078][250]LogShaderCompilers: Display: Shaders left to compile 154
[2018.11.08-04.30.45:810][338]LogShaderCompilers: Display: Shaders left to compile 144
[2018.11.08-04.30.45:876][346]LogShaderCompilers: Display: Shaders left to compile 134
[2018.11.08-04.30.45:910][350]LogShaderCompilers: Display: Shaders left to compile 124
[2018.11.08-04.30.46:255][391]LogTemp: Repeating last play command: Selected Viewport
[2018.11.08-04.30.46:275][391]LogPlayLevel: PlayLevel: No blueprints needed recompiling
[2018.11.08-04.30.46:288][391]PIE: New page: PIE session: OneTrueLevel (9 Nov 2018 2:30:46 am)
[2018.11.08-04.30.46:288][391]LogPlayLevel: Creating play world package: /Game/FirstPersonBP/Levels/Level1/UEDPIE_0_OneTrueLevel
[2018.11.08-04.30.46:309][391]LogPlayLevel: PIE: StaticDuplicateObject took: (0.020756s)
[2018.11.08-04.30.46:310][391]LogAIModule: Creating AISystem for world OneTrueLevel
[2018.11.08-04.30.46:310][391]LogPlayLevel: PIE: World Init took: (0.000773s)
[2018.11.08-04.30.46:310][391]LogPlayLevel: PIE: Created PIE world by copying editor world from /Game/FirstPersonBP/Levels/Level1/OneTrueLevel.OneTrueLevel to /Game/FirstPersonBP/Levels/Level1/UEDPIE_0_OneTrueLevel.OneTrueLevel (0.021691s)
[2018.11.08-04.30.46:357][391]LogInit: XAudio2 using 'U28E850 (2- NVIDIA High Definition Audio)' : 2 channels at 48 kHz using 16 bits per sample (channel mask 0x3)
[2018.11.08-04.30.46:370][391]LogInit: FAudioDevice initialized.
[2018.11.08-04.30.46:418][391]LogLoad: Game class is 'CameronMTestScene_GameMode_C'
[2018.11.08-04.30.46:425][391]LogWorld: Bringing World /Game/FirstPersonBP/Levels/Level1/UEDPIE_0_OneTrueLevel.OneTrueLevel up for play (max tick rate 0) at 2018.11.08-15.30.46
[2018.11.08-04.30.46:426][391]LogWorld: Bringing up level for play took: 0.007363
[2018.11.08-04.30.46:447][391]LogContentBrowser: Native class hierarchy updated for 'MovieSceneCapture' in 0.0003 seconds. Added 10 classes and 0 folders.
[2018.11.08-04.30.46:482][391]LogStreaming: Display: Flushing async loaders.
[2018.11.08-04.30.47:065][391]LogShaderCompilers: Display: Shaders left to compile 114
[2018.11.08-04.30.47:846][391]LogMaterial: Warning: Material /Game/SoulCave/Environment/Materials/Foliage/M_Aspen_Tree_Bark.M_Aspen_Tree_Bark missing bUsedWithInstancedStaticMeshes=True! Default Material will be used in game.
[2018.11.08-04.30.47:846][391]LogMaterial: Warning:      The material will recompile every editor launch until resaved.
[2018.11.08-04.30.47:846][391]LogMaterial: Warning: Material /Game/SoulCave/Environment/Materials/Foliage/M_Aspen_Tree_Unlit_Blowing.M_Aspen_Tree_Unlit_Blowing missing bUsedWithInstancedStaticMeshes=True! Default Material will be used in game.
[2018.11.08-04.30.47:846][391]LogMaterial: Warning:      The material will recompile every editor launch until resaved.
[2018.11.08-04.30.47:846][391]LogMaterial: Warning: Material /Game/SoulCave/Environment/Materials/Foliage/M_Cave_Grass.M_Cave_Grass missing bUsedWithInstancedStaticMeshes=True! Default Material will be used in game.
[2018.11.08-04.30.47:846][391]LogMaterial: Warning:      The material will recompile every editor launch until resaved.
[2018.11.08-04.30.47:846][391]LogMaterial: Warning: Material /Game/InfinityBladeGrassLands/Environments/Earth/Materials/M_Exo_Generic_Plants.M_Exo_Generic_Plants missing bUsedWithInstancedStaticMeshes=True! Default Material will be used in game.
[2018.11.08-04.30.47:846][391]LogMaterial: Warning:      The material will recompile every editor launch until resaved.
[2018.11.08-04.30.47:850][391]LogMaterial: Warning: Material /Game/InfinityBladeGrassLands/Environments/Plains/Env_Plains_Flora/Materials/M_Plains_Tree_Stump01.M_Plains_Tree_Stump01 missing bUsedWithInstancedStaticMeshes=True! Default Material will be used in game.
[2018.11.08-04.30.47:850][391]LogMaterial: Warning:      The material will recompile every editor launch until resaved.
[2018.11.08-04.30.47:850][391]LogMaterial: Warning: Material /Game/SoulCave/Environment/Materials/Nature/M_Soul_TwistedTree.M_Soul_TwistedTree missing bUsedWithInstancedStaticMeshes=True! Default Material will be used in game.
[2018.11.08-04.30.47:850][391]LogMaterial: Warning:      The material will recompile every editor launch until resaved.
[2018.11.08-04.30.47:889][391]PIE: Play in editor start time for /Game/FirstPersonBP/Levels/Level1/UEDPIE_0_OneTrueLevel 2.131
[2018.11.08-04.30.48:737][462]LogShaderCompilers: Display: Shaders left to compile 104
[2018.11.08-04.30.48:847][475]LogShaderCompilers: Display: Shaders left to compile 94
[2018.11.08-04.30.48:888][480]LogShaderCompilers: Display: Shaders left to compile 84
[2018.11.08-04.30.49:347][535]LogShaderCompilers: Display: Shaders left to compile 74
[2018.11.08-04.30.50:566][677]LogShaderCompilers: Display: Shaders left to compile 64
[2018.11.08-04.30.50:610][682]LogSlate: Updating window title bar state: overlay mode, drag disabled, window buttons hidden, title bar hidden
[2018.11.08-04.30.50:649][682]LogPlayLevel: Display: Shutting down PIE online subsystems
[2018.11.08-04.30.50:677][682]LogSlate: Updating window title bar state: overlay mode, drag disabled, window buttons hidden, title bar hidden
[2018.11.08-04.30.50:713][685]LogPlayLevel: Display: Destroying online subsystem :Context_1
[2018.11.08-04.30.50:761][691]LogShaderCompilers: Display: Shaders left to compile 54
[2018.11.08-04.30.51:891][825]LogShaderCompilers: Display: Shaders left to compile 44
[2018.11.08-04.30.52:669][918]LogShaderCompilers: Display: Shaders left to compile 34
[2018.11.08-04.30.52:838][938]LogTemp: Repeating last play command: Selected Viewport
[2018.11.08-04.30.52:858][938]LogPlayLevel: PlayLevel: No blueprints needed recompiling
[2018.11.08-04.30.52:858][938]PIE: New page: PIE session: OneTrueLevel (9 Nov 2018 2:30:52 am)
[2018.11.08-04.30.52:858][938]LogPlayLevel: Creating play world package: /Game/FirstPersonBP/Levels/Level1/UEDPIE_0_OneTrueLevel
[2018.11.08-04.30.52:880][938]LogPlayLevel: PIE: StaticDuplicateObject took: (0.021548s)
[2018.11.08-04.30.52:880][938]LogAIModule: Creating AISystem for world OneTrueLevel
[2018.11.08-04.30.52:881][938]LogPlayLevel: PIE: World Init took: (0.000636s)
[2018.11.08-04.30.52:881][938]LogPlayLevel: PIE: Created PIE world by copying editor world from /Game/FirstPersonBP/Levels/Level1/OneTrueLevel.OneTrueLevel to /Game/FirstPersonBP/Levels/Level1/UEDPIE_0_OneTrueLevel.OneTrueLevel (0.022318s)
[2018.11.08-04.30.52:932][938]LogInit: XAudio2 using 'U28E850 (2- NVIDIA High Definition Audio)' : 2 channels at 48 kHz using 16 bits per sample (channel mask 0x3)
[2018.11.08-04.30.52:943][938]LogInit: FAudioDevice initialized.
[2018.11.08-04.30.52:973][938]LogLoad: Game class is 'CameronMTestScene_GameMode_C'
[2018.11.08-04.30.52:980][938]LogWorld: Bringing World /Game/FirstPersonBP/Levels/Level1/UEDPIE_0_OneTrueLevel.OneTrueLevel up for play (max tick rate 0) at 2018.11.08-15.30.52
[2018.11.08-04.30.52:980][938]LogWorld: Bringing up level for play took: 0.006510
[2018.11.08-04.30.53:017][938]LogShaderCompilers: Display: Shaders left to compile 24
[2018.11.08-04.30.53:029][938]LogStreaming: Display: Flushing async loaders.
[2018.11.08-04.30.53:327][938]LogShaderCompilers: Display: Shaders left to compile 14
[2018.11.08-04.30.53:565][938]PIE: Play in editor start time for /Game/FirstPersonBP/Levels/Level1/UEDPIE_0_OneTrueLevel -0.193
[2018.11.08-04.30.54:249][ 18]LogShaderCompilers: Display: Shaders left to compile 4
[2018.11.08-04.31.05:234][333]LogSlate: Updating window title bar state: overlay mode, drag disabled, window buttons hidden, title bar hidden
[2018.11.08-04.31.05:269][333]LogPlayLevel: Display: Shutting down PIE online subsystems
[2018.11.08-04.31.05:312][333]LogSlate: Updating window title bar state: overlay mode, drag disabled, window buttons hidden, title bar hidden
[2018.11.08-04.31.05:337][334]LogPlayLevel: Display: Destroying online subsystem :Context_2
[2018.11.08-04.32.08:260][ 40]LogSlate: FSceneViewport::OnFocusLost() reason 0
[2018.11.08-04.32.08:369][ 53]LogTemp: Repeating last play command: Selected Viewport
[2018.11.08-04.32.08:383][ 53]LogPlayLevel: PlayLevel: No blueprints needed recompiling
[2018.11.08-04.32.08:383][ 53]PIE: New page: PIE session: OneTrueLevel (9 Nov 2018 2:32:08 am)
[2018.11.08-04.32.08:383][ 53]LogPlayLevel: Creating play world package: /Game/FirstPersonBP/Levels/Level1/UEDPIE_0_OneTrueLevel
[2018.11.08-04.32.08:399][ 53]LogPlayLevel: PIE: StaticDuplicateObject took: (0.015569s)
[2018.11.08-04.32.08:399][ 53]LogAIModule: Creating AISystem for world OneTrueLevel
[2018.11.08-04.32.08:400][ 53]LogPlayLevel: PIE: World Init took: (0.000851s)
[2018.11.08-04.32.08:400][ 53]LogPlayLevel: PIE: Created PIE world by copying editor world from /Game/FirstPersonBP/Levels/Level1/OneTrueLevel.OneTrueLevel to /Game/FirstPersonBP/Levels/Level1/UEDPIE_0_OneTrueLevel.OneTrueLevel (0.016528s)
[2018.11.08-04.32.08:437][ 53]LogInit: XAudio2 using 'U28E850 (2- NVIDIA High Definition Audio)' : 2 channels at 48 kHz using 16 bits per sample (channel mask 0x3)
[2018.11.08-04.32.08:447][ 53]LogInit: FAudioDevice initialized.
[2018.11.08-04.32.08:474][ 53]LogLoad: Game class is 'CameronMTestScene_GameMode_C'
[2018.11.08-04.32.08:480][ 53]LogWorld: Bringing World /Game/FirstPersonBP/Levels/Level1/UEDPIE_0_OneTrueLevel.OneTrueLevel up for play (max tick rate 0) at 2018.11.08-15.32.08
[2018.11.08-04.32.08:480][ 53]LogWorld: Bringing up level for play took: 0.004344
[2018.11.08-04.32.08:525][ 53]LogStreaming: Display: Flushing async loaders.
[2018.11.08-04.32.09:032][ 53]PIE: Play in editor start time for /Game/FirstPersonBP/Levels/Level1/UEDPIE_0_OneTrueLevel 1.273
[2018.11.08-04.32.15:299][803]LogSlate: Updating window title bar state: overlay mode, drag disabled, window buttons hidden, title bar hidden
[2018.11.08-04.32.15:338][803]LogPlayLevel: Display: Shutting down PIE online subsystems
[2018.11.08-04.32.15:363][803]LogSlate: Updating window title bar state: overlay mode, drag disabled, window buttons hidden, title bar hidden
[2018.11.08-04.32.15:405][806]LogPlayLevel: Display: Destroying online subsystem :Context_3
[2018.11.08-04.32.17:181][ 18]LogSlate: FSceneViewport::OnFocusLost() reason 0
[2018.11.08-04.32.19:703][313]LogAIModule: Creating AISystem for world NewWorld
[2018.11.08-04.32.19:707][313]LogAssetEditorManager: Opening Asset editor for World /Game/FirstPersonBP/Levels/Level2/NewWorld.NewWorld
[2018.11.08-04.32.19:728][313]LightingResults: New page: Lighting Build
[2018.11.08-04.32.19:729][313]LoadErrors: New page: Loading map: NewWorld.umap
[2018.11.08-04.32.19:732][313]MapCheck: New page: Map Check
[2018.11.08-04.32.19:732][313]LightingResults: New page: Lighting Build
[2018.11.08-04.32.19:759][313]LogStreaming: Display: ULevelStreaming::RequestLevel(/Game/FirstPersonBP/Levels/Level2/StephenLakeLevel2) is flushing async loading
[2018.11.08-04.32.19:759][313]LogStreaming: Display: Flushing async loaders.
[2018.11.08-04.32.19:919][313]LogStreaming: Display: ULevelStreaming::RequestLevel(/Game/FirstPersonBP/Levels/Level2/DavisPlainsLevel2) is flushing async loading
[2018.11.08-04.32.19:927][313]LogLinker: Warning: Can't find file '/Game/KiteDemo/Environments/Trees/Tree_Stump_01/D_Tree_Stump_01_D_R'
[2018.11.08-04.32.19:927][313]LogLinker: Warning: Can't find file for asset '/Game/KiteDemo/Environments/Trees/Tree_Stump_01/D_Tree_Stump_01_D_R' while loading ../../../../../../Users/cdavis13/Documents/GitHub/Studio2Project/Studio2Project/Studio2ProjectT3/Content/KiteDemo/Environments/Trees/Tree_Stump_01/MI_Tree_Stump_01.uasset.
[2018.11.08-04.32.19:927][313]LoadErrors: Error: /Game/KiteDemo/Environments/Trees/Tree_Stump_01/MI_Tree_Stump_01 : Can't find file for asset. /Game/KiteDemo/Environments/Trees/Tree_Stump_01/D_Tree_Stump_01_D_R
[2018.11.08-04.32.19:929][313]LogLinker: Warning: Can't find file '/Game/KiteDemo/Environments/Trees/Tree_Stump_01/D_Tree_Stump_01_D_R'
[2018.11.08-04.32.19:929][313]LogLinker: Warning: Can't find file for asset '/Game/KiteDemo/Environments/Trees/Tree_Stump_01/D_Tree_Stump_01_D_R' while loading ../../../../../../Users/cdavis13/Documents/GitHub/Studio2Project/Studio2Project/Studio2ProjectT3/Content/KiteDemo/Environments/Trees/Tree_Stump_01/MI_Tree_Stump_01.uasset.
[2018.11.08-04.32.20:065][313]LogLinker: Warning: Can't find file '/Game/KiteDemo/Environments/Trees/Tree_Stump_01/D_Tree_Stump_01_D_R'
[2018.11.08-04.32.20:065][313]LoadErrors: Failed to load /Game/KiteDemo/Environments/Trees/Tree_Stump_01/D_Tree_Stump_01_D_R.D_Tree_Stump_01_D_R Referenced by MI_Tree_Stump_01
[2018.11.08-04.32.20:065][313]LogLinker: Warning: Can't find file for asset '/Game/KiteDemo/Environments/Trees/Tree_Stump_01/D_Tree_Stump_01_D_R' while loading NULL.
[2018.11.08-04.32.20:461][313]LogMaterial: Warning: Material /Game/SoulCave/Environment/Materials/Rocks/M_Cave_Rock_MASTER_VertexPaint_MOSS.M_Cave_Rock_MASTER_VertexPaint_Moss needed to have new flag set bUsedWithInstancedStaticMeshes !
[2018.11.08-04.32.20:463][313]LogMaterial: Display: Missing cached shader map for material M_Cave_Rock_MASTER_VertexPaint_Moss, compiling. 
[2018.11.08-04.32.20:490][313]MapCheck: Warning: M_Cave_Rock_MASTER_VertexPaint_Moss Material /Game/SoulCave/Environment/Materials/Rocks/M_Cave_Rock_MASTER_VertexPaint_MOSS.M_Cave_Rock_MASTER_VertexPaint_Moss was missing the usage flag bUsedWithInstancedStaticMeshes. If the material asset is not re-saved, it may not render correctly when run outside the editor. Fix
[2018.11.08-04.32.20:495][313]LogShaderCompilers: Display: Shaders left to compile 61
[2018.11.08-04.32.20:495][313]LogShaderCompilers: Display: Shaders left to compile 51
[2018.11.08-04.32.20:495][313]LogShaderCompilers: Display: Shaders left to compile 41
[2018.11.08-04.32.20:495][313]LogShaderCompilers: Display: Shaders left to compile 31
[2018.11.08-04.32.20:500][313]LogMaterial: Display: Missing cached shader map for material M_Cave_Rock_MASTER_VertexPaint_Moss, compiling. 
[2018.11.08-04.32.20:533][313]LogStreaming: Display: ULevelStreaming::RequestLevel(/Game/FirstPersonBP/Levels/Level2/Mountains2Stephen) is flushing async loading
[2018.11.08-04.32.20:790][313]LogStreaming: Display: ULevelStreaming::RequestLevel(/Game/FirstPersonBP/Levels/Level2/Mountains2Davis) is flushing async loading
[2018.11.08-04.32.20:932][313]LogEditorServer: Finished looking for orphan Actors (0.000 secs)
[2018.11.08-04.32.20:993][313]Cmd: MAP CHECKDEP NOCLEARLOG
[2018.11.08-04.32.21:280][313]MapCheck: Map check complete: 0 Error(s), 1 Warning(s), took 286.905ms to complete.
[2018.11.08-04.32.21:287][313]LogFileHelpers: Loading map 'NewWorld' took 1.560
[2018.11.08-04.32.22:695][400]LogSlate: Window 'Message Log' being destroyed
[2018.11.08-04.32.22:707][400]LogSlate: Window 'Message Log' being destroyed
[2018.11.08-04.32.22:968][420]LogShaderCompilers: Display: Shaders left to compile 82
[2018.11.08-04.32.23:178][432]LogShaderCompilers: Display: Shaders left to compile 72
[2018.11.08-04.32.23:633][458]LogTemp: Repeating last play command: Selected Viewport
[2018.11.08-04.32.23:656][458]LogPlayLevel: PlayLevel: No blueprints needed recompiling
[2018.11.08-04.32.23:656][458]PIE: New page: PIE session: NewWorld (9 Nov 2018 2:32:23 am)
[2018.11.08-04.32.23:656][458]LogPlayLevel: Creating play world package: /Game/FirstPersonBP/Levels/Level2/UEDPIE_0_NewWorld
[2018.11.08-04.32.23:659][458]LogPlayLevel: PIE: StaticDuplicateObject took: (0.003433s)
[2018.11.08-04.32.23:660][458]LogAIModule: Creating AISystem for world NewWorld
[2018.11.08-04.32.23:660][458]LogPlayLevel: PIE: World Init took: (0.000830s)
[2018.11.08-04.32.23:660][458]LogPlayLevel: PIE: Created PIE world by copying editor world from /Game/FirstPersonBP/Levels/Level2/NewWorld.NewWorld to /Game/FirstPersonBP/Levels/Level2/UEDPIE_0_NewWorld.NewWorld (0.004406s)
[2018.11.08-04.32.23:707][458]LogInit: XAudio2 using 'U28E850 (2- NVIDIA High Definition Audio)' : 2 channels at 48 kHz using 16 bits per sample (channel mask 0x3)
[2018.11.08-04.32.23:719][458]LogInit: FAudioDevice initialized.
[2018.11.08-04.32.23:754][458]LogLoad: Game class is 'FirstPersonGameMode_C'
[2018.11.08-04.32.23:755][458]LogWorld: Bringing World /Game/FirstPersonBP/Levels/Level2/UEDPIE_0_NewWorld.NewWorld up for play (max tick rate 0) at 2018.11.08-15.32.23
[2018.11.08-04.32.23:755][458]LogWorld: Bringing up level for play took: 0.000795
[2018.11.08-04.32.23:770][458]PIE: Play in editor start time for /Game/FirstPersonBP/Levels/Level2/UEDPIE_0_NewWorld 0.012
[2018.11.08-04.32.24:107][492]LogShaderCompilers: Display: Shaders left to compile 62
[2018.11.08-04.32.24:347][521]LogShaderCompilers: Display: Shaders left to compile 52
[2018.11.08-04.32.24:668][559]LogSlate: Updating window title bar state: overlay mode, drag disabled, window buttons hidden, title bar hidden
[2018.11.08-04.32.24:707][559]LogPlayLevel: Display: Shutting down PIE online subsystems
[2018.11.08-04.32.24:731][559]LogSlate: Updating window title bar state: overlay mode, drag disabled, window buttons hidden, title bar hidden
[2018.11.08-04.32.24:769][563]LogPlayLevel: Display: Destroying online subsystem :Context_4
[2018.11.08-04.32.25:915][651]LogShaderCompilers: Display: Shaders left to compile 42
[2018.11.08-04.32.26:543][723]LogShaderCompilers: Display: Shaders left to compile 32
[2018.11.08-04.32.26:589][727]LogShaderCompilers: Display: Shaders left to compile 22
[2018.11.08-04.32.27:670][832]LogShaderCompilers: Display: Shaders left to compile 12
[2018.11.08-04.32.28:384][832]LogShaderCompilers: Display: Shaders left to compile 2
[2018.11.08-04.32.30:070][832]LogSlate: Window 'Remove Level' being destroyed
[2018.11.08-04.32.30:212][832]MapCheck: New page: Map Check
[2018.11.08-04.32.30:212][832]LightingResults: New page: Lighting Build
[2018.11.08-04.32.32:872][ 35]LogSlate: Window 'Remove Level' being destroyed
[2018.11.08-04.32.32:946][ 35]MapCheck: New page: Map Check
[2018.11.08-04.32.32:946][ 35]LightingResults: New page: Lighting Build
[2018.11.08-04.32.35:677][241]LogSlate: Window 'Remove Level' being destroyed
[2018.11.08-04.32.35:758][241]MapCheck: New page: Map Check
[2018.11.08-04.32.35:758][241]LightingResults: New page: Lighting Build
[2018.11.08-04.32.38:434][450]LogSlate: Window 'Remove Level' being destroyed
[2018.11.08-04.32.38:567][450]MapCheck: New page: Map Check
[2018.11.08-04.32.38:567][450]LightingResults: New page: Lighting Build
[2018.11.08-04.32.42:657][665]LogSlate: Window 'Message' being destroyed
[2018.11.08-04.32.48:120][311]LogTemp: Repeating last play command: Selected Viewport
[2018.11.08-04.32.48:133][311]LogPlayLevel: PlayLevel: No blueprints needed recompiling
[2018.11.08-04.32.48:133][311]PIE: New page: PIE session: NewWorld (9 Nov 2018 2:32:48 am)
[2018.11.08-04.32.48:134][311]LogPlayLevel: Creating play world package: /Game/FirstPersonBP/Levels/Level2/UEDPIE_0_NewWorld
[2018.11.08-04.32.48:136][311]LogPlayLevel: PIE: StaticDuplicateObject took: (0.002005s)
[2018.11.08-04.32.48:136][311]LogAIModule: Creating AISystem for world NewWorld
[2018.11.08-04.32.48:136][311]LogPlayLevel: PIE: World Init took: (0.000512s)
[2018.11.08-04.32.48:136][311]LogPlayLevel: PIE: Created PIE world by copying editor world from /Game/FirstPersonBP/Levels/Level2/NewWorld.NewWorld to /Game/FirstPersonBP/Levels/Level2/UEDPIE_0_NewWorld.NewWorld (0.002622s)
[2018.11.08-04.32.48:177][311]LogInit: XAudio2 using 'U28E850 (2- NVIDIA High Definition Audio)' : 2 channels at 48 kHz using 16 bits per sample (channel mask 0x3)
[2018.11.08-04.32.48:186][311]LogInit: FAudioDevice initialized.
[2018.11.08-04.32.48:215][311]LogLoad: Game class is 'CameronMTestScene_GameMode_C'
[2018.11.08-04.32.48:218][311]LogWorld: Bringing World /Game/FirstPersonBP/Levels/Level2/UEDPIE_0_NewWorld.NewWorld up for play (max tick rate 0) at 2018.11.08-15.32.48
[2018.11.08-04.32.48:218][311]LogWorld: Bringing up level for play took: 0.000620
[2018.11.08-04.32.48:265][311]LogStreaming: Display: Flushing async loaders.
[2018.11.08-04.32.48:766][311]PIE: Play in editor start time for /Game/FirstPersonBP/Levels/Level2/UEDPIE_0_NewWorld 1.008
[2018.11.08-04.32.55:641][963]LogSlate: Updating window title bar state: overlay mode, drag disabled, window buttons hidden, title bar hidden
[2018.11.08-04.32.55:684][963]LogPlayLevel: Display: Shutting down PIE online subsystems
[2018.11.08-04.32.55:707][963]LogSlate: Updating window title bar state: overlay mode, drag disabled, window buttons hidden, title bar hidden
[2018.11.08-04.32.55:744][965]LogPlayLevel: Display: Destroying online subsystem :Context_5
[2018.11.08-04.32.58:503][294]LogSlate: FSceneViewport::OnFocusLost() reason 2
[2018.11.08-04.32.58:594][294]LogSavePackage: Moving '../../../../../../Users/cdavis13/Documents/GitHub/Studio2Project/Studio2Project/Studio2ProjectT3/Saved/NewWorld1F582B8F4958593DE14BECBDFE0ACF9A.tmp' to '../../../../../../Users/cdavis13/Documents/GitHub/Studio2Project/Studio2Project/Studio2ProjectT3/Content/FirstPersonBP/Levels/Level2/NewWorld.umap'
[2018.11.08-04.33.02:629][760]LogSlate: Window 'Studio2ProjectT3 - Unreal Editor' being destroyed
[2018.11.08-04.33.02:630][760]LogWindowsTextInputMethodSystem: Display: IME system now deactivated.
[2018.11.08-04.33.02:881][761]Cmd: QUIT_EDITOR
[2018.11.08-04.33.03:376][761]LogExit: Preparing to exit.
[2018.11.08-04.33.04:419][761]LogExit: Editor shut down
[2018.11.08-04.33.04:420][761]LogExit: Transaction tracking system shut down
[2018.11.08-04.33.04:957][761]LogExit: Object subsystem successfully closed.
[2018.11.08-04.33.04:971][761]LogShaderCompilers: Display: Shaders left to compile 0
[2018.11.08-04.33.04:976][761]LogD3D11RHI: Shutdown
[2018.11.08-04.33.04:977][761]LogD3D11RHI: CleanupD3DDevice
[2018.11.08-04.33.04:979][761]LogD3D11RHI: ~FD3D11DynamicRHI
[2018.11.08-04.33.05:008][761]LogModuleManager: Shutting down and abandoning module MovieSceneCapture (634)
[2018.11.08-04.33.05:008][761]LogModuleManager: Shutting down and abandoning module Voice (632)
[2018.11.08-04.33.05:008][761]LogModuleManager: Shutting down and abandoning module HierarchicalLODOutliner (630)
[2018.11.08-04.33.05:008][761]LogModuleManager: Shutting down and abandoning module WorldBrowser (628)
[2018.11.08-04.33.05:008][761]LogModuleManager: Shutting down and abandoning module SceneOutliner (626)
[2018.11.08-04.33.05:008][761]LogModuleManager: Shutting down and abandoning module AddContentDialog (624)
[2018.11.08-04.33.05:009][761]LogModuleManager: Shutting down and abandoning module WidgetCarousel (623)
[2018.11.08-04.33.05:009][761]LogModuleManager: Shutting down and abandoning module EditorWidgets (620)
[2018.11.08-04.33.05:009][761]LogModuleManager: Shutting down and abandoning module CollectionManager (618)
[2018.11.08-04.33.05:009][761]LogModuleManager: Shutting down and abandoning module StatsViewer (616)
[2018.11.08-04.33.05:009][761]LogModuleManager: Shutting down and abandoning module FoliageEdit (614)
[2018.11.08-04.33.05:009][761]LogModuleManager: Shutting down and abandoning module LandscapeEditor (612)
[2018.11.08-04.33.05:009][761]LogModuleManager: Shutting down and abandoning module MeshPaintMode (610)
[2018.11.08-04.33.05:009][761]LogModuleManager: Shutting down and abandoning module SceneDepthPickerMode (608)
[2018.11.08-04.33.05:009][761]LogModuleManager: Shutting down and abandoning module ActorPickerMode (606)
[2018.11.08-04.33.05:009][761]LogModuleManager: Shutting down and abandoning module GeometryMode (604)
[2018.11.08-04.33.05:009][761]LogModuleManager: Shutting down and abandoning module TextureAlignMode (602)
[2018.11.08-04.33.05:009][761]LogModuleManager: Shutting down and abandoning module BspMode (600)
[2018.11.08-04.33.05:009][761]LogModuleManager: Shutting down and abandoning module PIEPreviewDeviceProfileSelector (598)
[2018.11.08-04.33.05:009][761]LogModuleManager: Shutting down and abandoning module SequenceRecorderSections (596)
[2018.11.08-04.33.05:009][761]LogModuleManager: Shutting down and abandoning module AutomationWorker (594)
[2018.11.08-04.33.05:009][761]LogModuleManager: Shutting down and abandoning module DatasmithFBXImporter (592)
[2018.11.08-04.33.05:009][761]LogModuleManager: Shutting down and abandoning module DatasmithDeltaGenImporter (590)
[2018.11.08-04.33.05:009][761]LogModuleManager: Shutting down and abandoning module DatasmithVREDImporter (588)
[2018.11.08-04.33.05:009][761]LogModuleManager: Shutting down and abandoning module AudioCaptureEditor (586)
[2018.11.08-04.33.05:009][761]LogModuleManager: Shutting down and abandoning module SequenceRecorder (585)
[2018.11.08-04.33.05:009][761]LogModuleManager: Shutting down and abandoning module MatineeToLevelSequence (582)
[2018.11.08-04.33.05:009][761]LogModuleManager: Shutting down and abandoning module LevelSequenceEditor (580)
[2018.11.08-04.33.05:009][761]LogModuleManager: Shutting down and abandoning module PlacementMode (579)
[2018.11.08-04.33.05:009][761]LogModuleManager: Shutting down and abandoning module MaterialEditor (578)
[2018.11.08-04.33.05:009][761]LogModuleManager: Shutting down and abandoning module WmfMediaFactory (574)
[2018.11.08-04.33.05:009][761]LogModuleManager: Shutting down and abandoning module WmfMediaEditor (572)
[2018.11.08-04.33.05:009][761]LogModuleManager: Shutting down and abandoning module MediaPlayerEditor (570)
[2018.11.08-04.33.05:009][761]LogModuleManager: Shutting down and abandoning module OpenExrWrapper (568)
[2018.11.08-04.33.05:009][761]LogModuleManager: Shutting down and abandoning module ImgMediaFactory (566)
[2018.11.08-04.33.05:009][761]LogModuleManager: Shutting down and abandoning module ImgMediaEditor (564)
[2018.11.08-04.33.05:009][761]LogModuleManager: Shutting down and abandoning module AvfMediaFactory (562)
[2018.11.08-04.33.05:009][761]LogModuleManager: Shutting down and abandoning module AvfMediaEditor (560)
[2018.11.08-04.33.05:009][761]LogModuleManager: Shutting down and abandoning module AndroidMediaFactory (558)
[2018.11.08-04.33.05:009][761]LogModuleManager: Shutting down and abandoning module AndroidMediaEditor (556)
[2018.11.08-04.33.05:009][761]LogModuleManager: Shutting down and abandoning module MagicLeapCameraPreviewFactory (554)
[2018.11.08-04.33.05:010][761]LogModuleManager: Shutting down and abandoning module MagicLeapMediaFactory (552)
[2018.11.08-04.33.05:010][761]LogModuleManager: Shutting down and abandoning module MagicLeapMediaEditor (550)
[2018.11.08-04.33.05:010][761]LogModuleManager: Shutting down and abandoning module CharacterAI (548)
[2018.11.08-04.33.05:010][761]LogModuleManager: Shutting down and abandoning module SmartSnapping (546)
[2018.11.08-04.33.05:010][761]LogModuleManager: Shutting down and abandoning module SessionServices (544)
[2018.11.08-04.33.05:010][761]LogModuleManager: Shutting down and abandoning module ViewportSnapping (542)
[2018.11.08-04.33.05:010][761]LogModuleManager: Shutting down and abandoning module ViewportInteraction (540)
[2018.11.08-04.33.05:010][761]LogModuleManager: Shutting down and abandoning module ClothPainter (538)
[2018.11.08-04.33.05:010][761]LogModuleManager: Shutting down and abandoning module SkeletalMeshEditor (537)
[2018.11.08-04.33.05:010][761]LogModuleManager: Shutting down and abandoning module LogVisualizer (534)
[2018.11.08-04.33.05:010][761]LogModuleManager: Shutting down and abandoning module IntroTutorials (532)
[2018.11.08-04.33.05:010][761]LogModuleManager: Shutting down and abandoning module GameProjectGeneration (531)
[2018.11.08-04.33.05:010][761]LogModuleManager: Shutting down and abandoning module LuminPlatformEditor (528)
[2018.11.08-04.33.05:010][761]LogModuleManager: Shutting down and abandoning module IOSPlatformEditor (526)
[2018.11.08-04.33.05:010][761]LogModuleManager: Shutting down and abandoning module HTML5PlatformEditor (524)
[2018.11.08-04.33.05:010][761]LogModuleManager: Shutting down and abandoning module AndroidPlatformEditor (522)
[2018.11.08-04.33.05:010][761]LogModuleManager: Shutting down and abandoning module AndroidDeviceDetection (521)
[2018.11.08-04.33.05:385][761]LogModuleManager: Shutting down and abandoning module WindowsPlatformEditor (518)
[2018.11.08-04.33.05:385][761]LogModuleManager: Shutting down and abandoning module LuminRuntimeSettings (516)
[2018.11.08-04.33.05:385][761]LogModuleManager: Shutting down and abandoning module IOSRuntimeSettings (514)
[2018.11.08-04.33.05:385][761]LogModuleManager: Shutting down and abandoning module AndroidRuntimeSettings (512)
[2018.11.08-04.33.05:385][761]LogModuleManager: Shutting down and abandoning module InputBindingEditor (510)
[2018.11.08-04.33.05:385][761]LogModuleManager: Shutting down and abandoning module MergeActors (508)
[2018.11.08-04.33.05:385][761]LogModuleManager: Shutting down and abandoning module LocalizationDashboard (506)
[2018.11.08-04.33.05:385][761]LogModuleManager: Shutting down and abandoning module LocalizationService (505)
[2018.11.08-04.33.05:385][761]LogModuleManager: Shutting down and abandoning module HardwareTargeting (502)
[2018.11.08-04.33.05:385][761]LogModuleManager: Shutting down and abandoning module DeviceProfileEditor (500)
[2018.11.08-04.33.05:385][761]LogModuleManager: Shutting down and abandoning module UndoHistory (498)
[2018.11.08-04.33.05:385][761]LogModuleManager: Shutting down and abandoning module XmlParser (496)
[2018.11.08-04.33.05:385][761]LogModuleManager: Shutting down and abandoning module Blutility (494)
[2018.11.08-04.33.05:385][761]LogModuleManager: Shutting down and abandoning module ProjectSettingsViewer (492)
[2018.11.08-04.33.05:385][761]LogModuleManager: Shutting down and abandoning module ProjectTargetPlatformEditor (491)
[2018.11.08-04.33.05:386][761]LogModuleManager: Shutting down and abandoning module EditorSettingsViewer (488)
[2018.11.08-04.33.05:386][761]LogModuleManager: Shutting down and abandoning module SettingsEditor (486)
[2018.11.08-04.33.05:386][761]LogModuleManager: Shutting down and abandoning module ProjectLauncher (484)
[2018.11.08-04.33.05:386][761]LogModuleManager: Shutting down and abandoning module SessionFrontend (482)
[2018.11.08-04.33.05:386][761]LogModuleManager: Shutting down and abandoning module ProfilerClient (480)
[2018.11.08-04.33.05:386][761]LogModuleManager: Shutting down and abandoning module DeviceManager (478)
[2018.11.08-04.33.05:386][761]LogModuleManager: Shutting down and abandoning module TargetDeviceServices (477)
[2018.11.08-04.33.05:452][761]LogModuleManager: Shutting down and abandoning module AutomationController (474)
[2018.11.08-04.33.05:452][761]LogModuleManager: Shutting down and abandoning module AutomationWindow (472)
[2018.11.08-04.33.05:452][761]LogModuleManager: Shutting down and abandoning module Layers (470)
[2018.11.08-04.33.05:452][761]LogModuleManager: Shutting down and abandoning module ComponentVisualizers (468)
[2018.11.08-04.33.05:452][761]LogModuleManager: Shutting down and abandoning module DetailCustomizations (466)
[2018.11.08-04.33.05:452][761]LogModuleManager: Shutting down and abandoning module PackagesDialog (464)
[2018.11.08-04.33.05:452][761]LogModuleManager: Shutting down and abandoning module Persona (462)
[2018.11.08-04.33.05:452][761]LogModuleManager: Shutting down and abandoning module AnimGraph (461)
[2018.11.08-04.33.05:452][761]LogModuleManager: Shutting down and abandoning module Kismet (458)
[2018.11.08-04.33.05:452][761]LogModuleManager: Shutting down and abandoning module GraphEditor (456)
[2018.11.08-04.33.05:452][761]LogModuleManager: Shutting down and abandoning module ClassViewer (454)
[2018.11.08-04.33.05:454][761]LogModuleManager: Shutting down and abandoning module Toolbox (452)
[2018.11.08-04.33.05:454][761]LogModuleManager: Shutting down and abandoning module ModuleUI (450)
[2018.11.08-04.33.05:454][761]LogModuleManager: Shutting down and abandoning module MovieSceneTools (448)
[2018.11.08-04.33.05:454][761]LogModuleManager: Shutting down and abandoning module OutputLog (446)
[2018.11.08-04.33.05:454][761]LogModuleManager: Shutting down and abandoning module GammaUI (444)
[2018.11.08-04.33.05:454][761]LogModuleManager: Shutting down and abandoning module Documentation (442)
[2018.11.08-04.33.05:454][761]LogModuleManager: Shutting down and abandoning module MovieSceneTracks (440)
[2018.11.08-04.33.05:454][761]LogModuleManager: Shutting down and abandoning module MovieScene (438)
[2018.11.08-04.33.05:454][761]LogModuleManager: Shutting down and abandoning module StreamingPauseRendering (436)
[2018.11.08-04.33.05:454][761]LogModuleManager: Shutting down and abandoning module LauncherPlatform (434)
[2018.11.08-04.33.05:454][761]LogModuleManager: Shutting down and abandoning module AnalyticsET (432)
[2018.11.08-04.33.05:454][761]LogModuleManager: Shutting down and abandoning module PortalServices (430)
[2018.11.08-04.33.05:454][761]LogModuleManager: Shutting down and abandoning module PortalRpc (428)
[2018.11.08-04.33.05:454][761]LogModuleManager: Shutting down and abandoning module MessagingRpc (426)
[2018.11.08-04.33.05:454][761]LogModuleManager: Shutting down and abandoning module AIModule (424)
[2018.11.08-04.33.05:454][761]LogModuleManager: Shutting down and abandoning module GameplayDebugger (423)
[2018.11.08-04.33.05:454][761]LogModuleManager: Shutting down and abandoning module AITestSuite (421)
[2018.11.08-04.33.05:454][761]LogModuleManager: Shutting down and abandoning module NavigationSystem (419)
[2018.11.08-04.33.05:454][761]LogModuleManager: Shutting down and abandoning module DesktopPlatform (416)
[2018.11.08-04.33.05:454][761]LogModuleManager: Shutting down and abandoning module ProfilerService (414)
[2018.11.08-04.33.05:589][761]LogModuleManager: Shutting down and abandoning module TaskGraph (412)
[2018.11.08-04.33.05:589][761]LogModuleManager: Shutting down and abandoning module DatasmithCADImporter (410)
[2018.11.08-04.33.05:590][761]LogModuleManager: Shutting down and abandoning module StaticMeshEditorExtension (408)
[2018.11.08-04.33.05:590][761]LogModuleManager: Shutting down and abandoning module StaticMeshEditor (407)
[2018.11.08-04.33.05:590][761]LogModuleManager: Shutting down and abandoning module AdvancedPreviewScene (406)
[2018.11.08-04.33.05:590][761]LogModuleManager: Shutting down and abandoning module DatasmithMDLImporter (402)
[2018.11.08-04.33.05:591][761]LogModuleManager: Shutting down and abandoning module DatasmithImporter (400)
[2018.11.08-04.33.05:591][761]LogModuleManager: Shutting down and abandoning module SteamVRController (398)
[2018.11.08-04.33.05:591][761]LogModuleManager: Shutting down and abandoning module ProceduralMeshComponentEditor (396)
[2018.11.08-04.33.05:591][761]LogModuleManager: Shutting down and abandoning module ProceduralMeshComponent (394)
[2018.11.08-04.33.05:591][761]LogModuleManager: Shutting down and abandoning module OculusInput (392)
[2018.11.08-04.33.05:591][761]LogModuleManager: Shutting down and abandoning module MobilePatchingUtils (390)
[2018.11.08-04.33.05:591][761]LogModuleManager: Shutting down and abandoning module EditableMesh (388)
[2018.11.08-04.33.05:591][761]LogModuleManager: Shutting down and abandoning module CustomMeshComponent (386)
[2018.11.08-04.33.05:591][761]LogModuleManager: Shutting down and abandoning module CableComponent (384)
[2018.11.08-04.33.05:591][761]LogModuleManager: Shutting down and abandoning module AudioCapture (382)
[2018.11.08-04.33.05:591][761]LogModuleManager: Shutting down and abandoning module ArchVisCharacter (380)
[2018.11.08-04.33.05:591][761]LogModuleManager: Shutting down and abandoning module AndroidPermission (378)
[2018.11.08-04.33.05:591][761]LogModuleManager: Shutting down and abandoning module NUTUnrealEngine4 (376)
[2018.11.08-04.33.05:591][761]LogModuleManager: Shutting down and abandoning module NetcodeUnitTest (374)
[2018.11.08-04.33.05:591][761]LogModuleManager: Shutting down and abandoning module MediaCompositingEditor (372)
[2018.11.08-04.33.05:591][761]LogModuleManager: Shutting down and abandoning module MediaCompositing (370)
[2018.11.08-04.33.05:591][761]LogModuleManager: Shutting down and abandoning module LinearTimecode (368)
[2018.11.08-04.33.05:591][761]LogModuleManager: Shutting down and abandoning module ImgMedia (366)
[2018.11.08-04.33.05:595][761]LogModuleManager: Shutting down and abandoning module HTML5Networking (364)
[2018.11.08-04.33.05:595][761]LogModuleManager: Shutting down and abandoning module GeometryCacheTracks (362)
[2018.11.08-04.33.05:595][761]LogModuleManager: Shutting down and abandoning module GeometryCacheSequencer (360)
[2018.11.08-04.33.05:595][761]LogModuleManager: Shutting down and abandoning module BackChannel (358)
[2018.11.08-04.33.05:595][761]LogModuleManager: Shutting down and abandoning module AppleVision (356)
[2018.11.08-04.33.05:595][761]LogModuleManager: Shutting down and abandoning module AppleImageUtils (354)
[2018.11.08-04.33.05:595][761]LogModuleManager: Shutting down and abandoning module AlembicImporter (352)
[2018.11.08-04.33.05:595][761]LogModuleManager: Shutting down and abandoning module AlembicLibrary (351)
[2018.11.08-04.33.05:595][761]LogModuleManager: Shutting down and abandoning module GeometryCache (350)
[2018.11.08-04.33.05:595][761]LogModuleManager: Shutting down and abandoning module GeometryCacheEd (349)
[2018.11.08-04.33.05:595][761]LogModuleManager: Shutting down and abandoning module DatasmithContentEditor (344)
[2018.11.08-04.33.05:595][761]LogModuleManager: Shutting down and abandoning module DatasmithContent (342)
[2018.11.08-04.33.05:595][761]LogModuleManager: Shutting down and abandoning module SpeedTreeImporter (340)
[2018.11.08-04.33.05:595][761]LogModuleManager: Shutting down and abandoning module PluginBrowser (338)
[2018.11.08-04.33.05:595][761]LogModuleManager: Shutting down and abandoning module MobileLauncherProfileWizard (336)
[2018.11.08-04.33.05:595][761]LogModuleManager: Shutting down and abandoning module PolygonModeling (334)
[2018.11.08-04.33.05:595][761]LogModuleManager: Shutting down and abandoning module MeshEditor (332)
[2018.11.08-04.33.05:595][761]LogModuleManager: Shutting down and abandoning module EditorScriptingUtilities (330)
[2018.11.08-04.33.05:596][761]LogModuleManager: Shutting down and abandoning module CryptoKeysOpenSSL (328)
[2018.11.08-04.33.05:596][761]LogModuleManager: Shutting down and abandoning module CryptoKeys (326)
[2018.11.08-04.33.05:596][761]LogModuleManager: Shutting down and abandoning module VisualStudioSourceCodeAccess (324)
[2018.11.08-04.33.05:596][761]LogModuleManager: Shutting down and abandoning module VisualStudioCodeSourceCodeAccess (322)
[2018.11.08-04.33.05:596][761]LogModuleManager: Shutting down and abandoning module UObjectPlugin (320)
[2018.11.08-04.33.05:596][761]LogModuleManager: Shutting down and abandoning module SubversionSourceControl (318)
[2018.11.08-04.33.05:596][761]LogModuleManager: Shutting down and abandoning module PerforceSourceControl (316)
[2018.11.08-04.33.05:596][761]LogModuleManager: Shutting down and abandoning module GitSourceControl (314)
[2018.11.08-04.33.05:596][761]LogModuleManager: Shutting down and abandoning module SourceControl (313)
[2018.11.08-04.33.05:596][761]LogModuleManager: Shutting down and abandoning module CLionSourceCodeAccess (310)
[2018.11.08-04.33.05:596][761]LogModuleManager: Shutting down and abandoning module LightPropagationVolumeEditor (308)
[2018.11.08-04.33.05:596][761]LogModuleManager: Shutting down and abandoning module PaperTiledImporter (306)
[2018.11.08-04.33.05:596][761]LogModuleManager: Shutting down and abandoning module PaperSpriteSheetImporter (304)
[2018.11.08-04.33.05:596][761]LogModuleManager: Shutting down and abandoning module Paper2DEditor (302)
[2018.11.08-04.33.05:596][761]LogModuleManager: Shutting down and abandoning module MeshPaint (301)
[2018.11.08-04.33.05:596][761]LogModuleManager: Shutting down and abandoning module RuntimePhysXCooking (298)
[2018.11.08-04.33.05:596][761]LogModuleManager: Shutting down and abandoning module PhysXVehiclesEditor (296)
[2018.11.08-04.33.05:596][761]LogModuleManager: Shutting down and abandoning module PhysXVehicles (294)
[2018.11.08-04.33.05:596][761]LogModuleManager: Shutting down and abandoning module OculusEditor (292)
[2018.11.08-04.33.05:596][761]LogModuleManager: Shutting down and abandoning module LocationServicesBPLibrary (290)
[2018.11.08-04.33.05:596][761]LogModuleManager: Shutting down and abandoning module ImmediatePhysicsEditor (288)
[2018.11.08-04.33.05:596][761]LogModuleManager: Shutting down and abandoning module ImmediatePhysics (286)
[2018.11.08-04.33.05:596][761]LogModuleManager: Shutting down and abandoning module ActorSequence (284)
[2018.11.08-04.33.05:596][761]LogModuleManager: Shutting down and abandoning module UdpMessaging (282)
[2018.11.08-04.33.05:696][761]LogModuleManager: Shutting down and abandoning module TcpMessaging (280)
[2018.11.08-04.33.05:797][761]LogModuleManager: Shutting down and abandoning module MagicLeapAudio (278)
[2018.11.08-04.33.05:797][761]LogModuleManager: Shutting down and abandoning module GameplayTagsEditor (276)
[2018.11.08-04.33.05:797][761]LogModuleManager: Shutting down and abandoning module FacialAnimationEditor (274)
[2018.11.08-04.33.05:797][761]LogModuleManager: Shutting down and abandoning module FacialAnimation (272)
[2018.11.08-04.33.05:797][761]LogModuleManager: Shutting down and abandoning module DataValidation (270)
[2018.11.08-04.33.05:797][761]LogModuleManager: Shutting down and abandoning module AssetManagerEditor (268)
[2018.11.08-04.33.05:797][761]LogModuleManager: Shutting down and abandoning module LevelEditor (267)
[2018.11.08-04.33.05:797][761]LogModuleManager: Shutting down and abandoning module PixelInspectorModule (266)
[2018.11.08-04.33.05:798][761]LogModuleManager: Shutting down and abandoning module CommonMenuExtensions (264)
[2018.11.08-04.33.05:798][761]LogModuleManager: Shutting down and abandoning module MainFrame (262)
[2018.11.08-04.33.05:798][761]LogModuleManager: Shutting down and abandoning module HotReload (261)
[2018.11.08-04.33.05:798][761]LogModuleManager: Shutting down and abandoning module ContentBrowser (257)
[2018.11.08-04.33.05:799][761]LogModuleManager: Shutting down and abandoning module TreeMap (255)
[2018.11.08-04.33.05:799][761]LogModuleManager: Shutting down and abandoning module LightPropagationVolumeRuntime (252)
[2018.11.08-04.33.05:799][761]LogModuleManager: Shutting down and abandoning module AISupportModule (250)
[2018.11.08-04.33.05:799][761]LogModuleManager: Shutting down and abandoning module Paper2D (248)
[2018.11.08-04.33.05:799][761]LogModuleManager: Shutting down and abandoning module WindowsMoviePlayer (246)
[2018.11.08-04.33.05:799][761]LogModuleManager: Shutting down and abandoning module WmfMedia (244)
[2018.11.08-04.33.05:801][761]LogModuleManager: Shutting down and abandoning module Media (243)
[2018.11.08-04.33.05:807][761]LogModuleManager: Shutting down and abandoning module PacketHandler (240)
[2018.11.08-04.33.05:807][761]LogModuleManager: Shutting down and abandoning module ClothingSystemEditor (238)
[2018.11.08-04.33.05:807][761]LogModuleManager: Shutting down and abandoning module ClothingSystemRuntime (236)
[2018.11.08-04.33.05:807][761]LogModuleManager: Shutting down and abandoning module MediaAssets (234)
[2018.11.08-04.33.05:807][761]LogModuleManager: Shutting down and abandoning module Overlay (232)
[2018.11.08-04.33.05:807][761]LogModuleManager: Shutting down and abandoning module OverlayEditor (231)
[2018.11.08-04.33.05:808][761]LogModuleManager: Shutting down and abandoning module VREditor (228)
[2018.11.08-04.33.05:808][761]LogModuleManager: Shutting down and abandoning module StringTableEditor (226)
[2018.11.08-04.33.05:808][761]LogModuleManager: Shutting down and abandoning module GameplayTasksEditor (224)
[2018.11.08-04.33.05:808][761]LogModuleManager: Shutting down and abandoning module BehaviorTreeEditor (222)
[2018.11.08-04.33.05:808][761]LogModuleManager: Shutting down and abandoning module FunctionalTesting (220)
[2018.11.08-04.33.05:808][761]LogModuleManager: Shutting down and abandoning module CollisionAnalyzer (218)
[2018.11.08-04.33.05:808][761]LogModuleManager: Shutting down and abandoning module WorkspaceMenuStructure (217)
[2018.11.08-04.33.05:808][761]LogModuleManager: Shutting down and abandoning module UMG (214)
[2018.11.08-04.33.05:808][761]LogModuleManager: Shutting down and abandoning module UMGEditor (213)
[2018.11.08-04.33.05:808][761]LogModuleManager: Shutting down and abandoning module Sequencer (212)
[2018.11.08-04.33.05:808][761]LogModuleManager: Shutting down and abandoning module MessageLog (209)
[2018.11.08-04.33.05:808][761]LogModuleManager: Shutting down and abandoning module SlateReflector (204)
[2018.11.08-04.33.05:808][761]LogModuleManager: Shutting down and abandoning module Slate (202)
[2018.11.08-04.33.05:808][761]LogModuleManager: Shutting down and abandoning module EditorStyle (200)
[2018.11.08-04.33.05:809][761]LogModuleManager: Shutting down and abandoning module MRMesh (198)
[2018.11.08-04.33.05:809][761]LogModuleManager: Shutting down and abandoning module SourceCodeAccess (196)
[2018.11.08-04.33.05:809][761]LogModuleManager: Shutting down and abandoning module HeadMountedDisplay (194)
[2018.11.08-04.33.05:809][761]LogModuleManager: Shutting down and abandoning module XAudio2 (192)
[2018.11.08-04.33.05:809][761]LogModuleManager: Shutting down and abandoning module Networking (190)
[2018.11.08-04.33.05:809][761]LogModuleManager: Shutting down and abandoning module Core (188)
[2018.11.08-04.33.05:809][761]LogModuleManager: Shutting down and abandoning module LevelSequence (186)
[2018.11.08-04.33.05:809][761]LogModuleManager: Shutting down and abandoning module KismetCompiler (184)
[2018.11.08-04.33.05:809][761]LogModuleManager: Shutting down and abandoning module MeshUtilities (182)
[2018.11.08-04.33.05:809][761]LogModuleManager: Shutting down and abandoning module MeshMergeUtilities (181)
[2018.11.08-04.33.05:809][761]LogModuleManager: Shutting down and abandoning module MeshReductionInterface (180)
[2018.11.08-04.33.05:810][761]LogModuleManager: Shutting down and abandoning module SimplygonSwarm (179)
[2018.11.08-04.33.05:810][761]LogModuleManager: Shutting down and abandoning module ProxyLODMeshReduction (177)
[2018.11.08-04.33.05:810][761]LogModuleManager: Shutting down and abandoning module SimplygonMeshReduction (175)
[2018.11.08-04.33.05:810][761]LogModuleManager: Shutting down and abandoning module QuadricMeshReduction (173)
[2018.11.08-04.33.05:810][761]LogModuleManager: Shutting down and abandoning module MaterialBaking (169)
[2018.11.08-04.33.05:810][761]LogModuleManager: Shutting down and abandoning module DirectoryWatcher (165)
[2018.11.08-04.33.05:810][761]LogModuleManager: Shutting down and abandoning module DerivedDataCache (162)
[2018.11.08-04.33.05:832][761]LogDerivedDataCache: Shutdown
[2018.11.08-04.33.05:832][761]LogModuleManager: Shutting down and abandoning module XGEController (160)
[2018.11.08-04.33.05:832][761]LogXGEController: Cleaning working directory: C:/Users/cdavis13/AppData/Local/Temp/UnrealXGEWorkingDir/
[2018.11.08-04.33.05:832][761]LogModuleManager: Shutting down and abandoning module TargetPlatform (158)
[2018.11.08-04.33.05:832][761]LogModuleManager: Shutting down and abandoning module VulkanShaderFormat (157)
[2018.11.08-04.33.05:832][761]LogModuleManager: Shutting down and abandoning module ShaderFormatVectorVM (155)
[2018.11.08-04.33.05:832][761]LogModuleManager: Shutting down and abandoning module ShaderFormatOpenGL (153)
[2018.11.08-04.33.05:832][761]LogModuleManager: Shutting down and abandoning module ShaderFormatD3D (151)
[2018.11.08-04.33.05:832][761]LogModuleManager: Shutting down and abandoning module MetalShaderFormat (149)
[2018.11.08-04.33.05:832][761]LogModuleManager: Shutting down and abandoning module TextureFormatUncompressed (147)
[2018.11.08-04.33.05:832][761]LogModuleManager: Shutting down and abandoning module TextureFormatPVR (145)
[2018.11.08-04.33.05:832][761]LogModuleManager: Shutting down and abandoning module TextureFormatDXT (143)
[2018.11.08-04.33.05:832][761]LogModuleManager: Shutting down and abandoning module TextureFormatIntelISPCTexComp (141)
[2018.11.08-04.33.05:833][761]LogModuleManager: Shutting down and abandoning module TextureFormatASTC (139)
[2018.11.08-04.33.05:833][761]LogModuleManager: Shutting down and abandoning module ImageWrapper (138)
[2018.11.08-04.33.05:833][761]LogModuleManager: Shutting down and abandoning module TextureFormatAndroid (135)
[2018.11.08-04.33.05:833][761]LogModuleManager: Shutting down and abandoning module AudioFormatOpus (133)
[2018.11.08-04.33.05:833][761]LogModuleManager: Shutting down and abandoning module AudioFormatOgg (131)
[2018.11.08-04.33.05:833][761]LogModuleManager: Shutting down and abandoning module AudioFormatADPCM (129)
[2018.11.08-04.33.05:833][761]LogModuleManager: Shutting down and abandoning module LuminTargetPlatform (127)
[2018.11.08-04.33.05:833][761]LogModuleManager: Shutting down and abandoning module LinuxTargetPlatform (125)
[2018.11.08-04.33.05:833][761]LogModuleManager: Shutting down and abandoning module LinuxServerTargetPlatform (123)
[2018.11.08-04.33.05:833][761]LogModuleManager: Shutting down and abandoning module LinuxNoEditorTargetPlatform (121)
[2018.11.08-04.33.05:833][761]LogModuleManager: Shutting down and abandoning module LinuxClientTargetPlatform (119)
[2018.11.08-04.33.05:833][761]LogModuleManager: Shutting down and abandoning module TVOSTargetPlatform (117)
[2018.11.08-04.33.05:834][761]LogModuleManager: Shutting down and abandoning module Messaging (115)
[2018.11.08-04.33.05:834][761]LogModuleManager: Shutting down and abandoning module IOSTargetPlatform (113)
[2018.11.08-04.33.05:834][761]LogModuleManager: Shutting down and abandoning module HTML5TargetPlatform (111)
[2018.11.08-04.33.05:835][761]LogModuleManager: Shutting down and abandoning module AndroidTargetPlatform (109)
[2018.11.08-04.33.05:842][761]LogModuleManager: Shutting down and abandoning module WindowsTargetPlatform (107)
[2018.11.08-04.33.05:842][761]LogModuleManager: Shutting down and abandoning module WindowsServerTargetPlatform (105)
[2018.11.08-04.33.05:842][761]LogModuleManager: Shutting down and abandoning module WindowsNoEditorTargetPlatform (103)
[2018.11.08-04.33.05:842][761]LogModuleManager: Shutting down and abandoning module WindowsClientTargetPlatform (101)
[2018.11.08-04.33.05:842][761]LogModuleManager: Shutting down and abandoning module MacTargetPlatform (99)
[2018.11.08-04.33.05:842][761]LogModuleManager: Shutting down and abandoning module MacServerTargetPlatform (97)
[2018.11.08-04.33.05:842][761]LogModuleManager: Shutting down and abandoning module MacNoEditorTargetPlatform (95)
[2018.11.08-04.33.05:842][761]LogModuleManager: Shutting down and abandoning module MacClientTargetPlatform (93)
[2018.11.08-04.33.05:842][761]LogModuleManager: Shutting down and abandoning module AllDesktopTargetPlatform (91)
[2018.11.08-04.33.05:842][761]LogModuleManager: Shutting down and abandoning module InputCore (88)
[2018.11.08-04.33.05:842][761]LogModuleManager: Shutting down and abandoning module Settings (86)
[2018.11.08-04.33.05:842][761]LogModuleManager: Shutting down and abandoning module PhysXCooking (84)
[2018.11.08-04.33.05:842][761]LogModuleManager: Shutting down and abandoning module SteamVR (82)
[2018.11.08-04.33.05:842][761]LogModuleManager: Shutting down and abandoning module OculusHMD (80)
[2018.11.08-04.33.05:842][761]LogModuleManager: Shutting down and abandoning module ExampleDeviceProfileSelector (78)
[2018.11.08-04.33.05:842][761]LogModuleManager: Shutting down and abandoning module LauncherChunkInstaller (76)
[2018.11.08-04.33.05:842][761]LogModuleManager: Shutting down and abandoning module OnlineBlueprintSupport (74)
[2018.11.08-04.33.05:842][761]LogModuleManager: Shutting down and abandoning module OnlineSubsystem (70)
[2018.11.08-04.33.05:843][761]LogModuleManager: Shutting down and abandoning module XMPP (65)
[2018.11.08-04.33.05:843][761]LogModuleManager: Shutting down and abandoning module WebSockets (64)
[2018.11.08-04.33.05:855][761]LogModuleManager: Shutting down and abandoning module HTTP (61)
[2018.11.08-04.33.05:855][761]LogHttp: Display: Http module shutting down, but needs to wait on 1 outstanding Http requests:
[2018.11.08-04.33.05:855][761]LogHttp: Display: 	verb=[POST] url=[https://datarouter.ol.epicgames.com/datarouter/api/v1/public/data?SessionID=%7BAB080296-415F-9D16-58D8-FF8AA8E047FA%7D&AppID=UEEditor.Rocket.Release&AppVersion=4.20.2-4302132%2B%2B%2BUE4%2BRelease-4.20&UserID=2ba5431747a834301a5ac6b7755eddc9%7C27cea6e5595d47ecbbc13c52eabc7706%7C8f7ca108-0e80-45bf-b167-f38aa5d91da3&AppEnvironment=datacollector-binary&UploadType=eteventstream] status=Processing
[2018.11.08-04.33.05:882][761]LogModuleManager: Shutting down and abandoning module SSL (60)
[2018.11.08-04.33.05:884][761]LogModuleManager: Shutting down and abandoning module MagicLeapEmulator (56)
[2018.11.08-04.33.05:884][761]LogModuleManager: Shutting down and abandoning module MagicLeapPrivileges (54)
[2018.11.08-04.33.05:884][761]LogModuleManager: Shutting down and abandoning module MagicLeapIdentity (52)
[2018.11.08-04.33.05:885][761]LogModuleManager: Shutting down and abandoning module MagicLeapHelperVulkan (50)
[2018.11.08-04.33.05:885][761]LogModuleManager: Shutting down and abandoning module MagicLeapHelperOpenGL (48)
[2018.11.08-04.33.05:885][761]LogModuleManager: Shutting down and abandoning module MagicLeapSecureStorage (46)
[2018.11.08-04.33.05:885][761]LogModuleManager: Shutting down and abandoning module MagicLeapGestures (44)
[2018.11.08-04.33.05:885][761]LogModuleManager: Shutting down and abandoning module MagicLeapEyeTracker (42)
[2018.11.08-04.33.05:885][761]LogModuleManager: Shutting down and abandoning module MagicLeapController (40)
[2018.11.08-04.33.05:885][761]LogSlate: Slate User Destroyed.  User Index 0, Is Virtual User: 0
[2018.11.08-04.33.05:885][761]LogModuleManager: Shutting down and abandoning module MagicLeap (38)
[2018.11.08-04.33.05:885][761]LogModuleManager: Shutting down and abandoning module AnimationModifiers (36)
[2018.11.08-04.33.05:885][761]LogModuleManager: Shutting down and abandoning module PropertyEditor (35)
[2018.11.08-04.33.05:885][761]LogModuleManager: Shutting down and abandoning module AudioEditor (32)
[2018.11.08-04.33.05:885][761]LogModuleManager: Shutting down and abandoning module TextureCompressor (30)
[2018.11.08-04.33.05:885][761]LogModuleManager: Shutting down and abandoning module ShaderCore (28)
[2018.11.08-04.33.05:885][761]LogModuleManager: Shutting down and abandoning module Landscape (26)
[2018.11.08-04.33.05:886][761]LogModuleManager: Shutting down and abandoning module SlateRHIRenderer (24)
[2018.11.08-04.33.05:891][761]LogModuleManager: Shutting down and abandoning module OpenGLDrv (22)
[2018.11.08-04.33.05:891][761]LogModuleManager: Shutting down and abandoning module D3D11RHI (20)
[2018.11.08-04.33.05:891][761]LogModuleManager: Shutting down and abandoning module AnimGraphRuntime (18)
[2018.11.08-04.33.05:891][761]LogModuleManager: Shutting down and abandoning module Renderer (16)
[2018.11.08-04.33.05:891][761]LogModuleManager: Shutting down and abandoning module Engine (14)
[2018.11.08-04.33.05:891][761]LogModuleManager: Shutting down and abandoning module CoreUObject (12)
[2018.11.08-04.33.05:891][761]LogModuleManager: Shutting down and abandoning module NetworkFile (10)
[2018.11.08-04.33.05:891][761]LogModuleManager: Shutting down and abandoning module CookedIterativeFile (8)
[2018.11.08-04.33.05:891][761]LogModuleManager: Shutting down and abandoning module StreamingFile (6)
[2018.11.08-04.33.05:891][761]LogModuleManager: Shutting down and abandoning module SandboxFile (4)
[2018.11.08-04.33.05:891][761]LogModuleManager: Shutting down and abandoning module PakFile (2)
[2018.11.08-04.33.05:903][761]LogExit: Exiting.
[2018.11.08-04.33.05:929][761]Log file closed, 11/08/18 15:33:05
